
================================================================
======== txAdmin v7.1.0 atop fxserver 8052 Starting - 7/1/2024, 12:00:17 AM
================================================================

================================================================
======== Log Rotated - 7/1/2024, 12:00:17 AM                    
================================================================

================================================================
======== txAdmin v7.1.0 atop fxserver 8052 Starting - 7/1/2024, 6:00:32 AM
================================================================

================================================================
======== txAdmin v7.1.0 atop fxserver 8052 Starting - 7/1/2024, 10:08:49 AM
================================================================

================================================================
======== txAdmin v7.1.0 atop fxserver 8052 Starting - 7/1/2024, 10:09:02 AM
================================================================
[12:00:05][SCHEDULER] Restarting server (scheduled restart at 12:00).

================================================================
======== txAdmin v7.1.0 atop fxserver 8052 Starting - 7/1/2024, 12:00:17 PM
================================================================

================================================================
======== txAdmin v7.1.0 atop fxserver 8052 Starting - 7/1/2024, 2:42:20 PM
================================================================

================================================================
======== txAdmin v7.1.0 atop fxserver 8052 Starting - 7/1/2024, 6:00:16 PM
================================================================
