
================================================================
======== txAdmin v7.1.0 atop fxserver 8052 Starting - 5/18/2024, 12:00:17 AM
================================================================

================================================================
======== Log Rotated - 5/18/2024, 12:00:18 AM                   
================================================================

================================================================
======== txAdmin v7.1.0 atop fxserver 8052 Starting - 5/18/2024, 6:00:17 AM
================================================================

================================================================
======== txAdmin v7.1.0 atop fxserver 8052 Starting - 5/18/2024, 12:00:16 PM
================================================================
[12:22:45][sunnless] executed "combatlogboete 33f7db513430a4f8db9686848fdbf437fa541725"
[12:22:47][sunnless] executed "combatlogboete 33f7db513430a4f8db9686848fdbf437fa541725"
[12:22:48][sunnless] executed "combatlogboete 33f7db513430a4f8db9686848fdbf437fa541725"
[12:22:48][sunnless] executed "combatlogboete 33f7db513430a4f8db9686848fdbf437fa541725"
[12:22:49][sunnless] executed "combatlogboete 33f7db513430a4f8db9686848fdbf437fa541725"
[12:22:49][sunnless] executed "combatlogboete 33f7db513430a4f8db9686848fdbf437fa541725"
[12:24:40][sunnless] Banned player keanogame: Combatlog + Nvol en niet willen meewerken met politie. MELDEN IN TICKET
[12:33:02][rvhdccianhogendijk] logged in from 104.28.30.74 via password
[13:13:11][notfietsendief] Banned player Ryan: combatloggen, melden in ticket
[13:19:50][sunnless] Banned player Mo Ali: yo
[13:20:41][notfietsendief] Revoked ban id B98P-WGVP from Ryan
[13:29:08][jamie] logged in from 88.159.244.69 via cfxre
[13:33:32][jamie] Revoked ban id BB9B-N9VY from sjoerd2010
[13:33:45][jamie] executed "combatlogboete 1a08859e918e3e0ff3ea464af2ff070c4bba4e77"
[13:33:49][jamie] executed "clearoffinv 1a08859e918e3e0ff3ea464af2ff070c4bba4e77"
[14:24:16][matthijs] logged in from 89.99.67.196 via cfxre
[14:24:53][matthijs] executed "wipe license:b1d372db53b45991b01c8ff438f6e1b17c81aa5c"
[15:32:54][sunnless] Sending announcement: nog 30 min tot eiland royale
[15:44:55][sunnless] Sending announcement: 15 minuten tot eiland royale
[15:56:33][sunnless] Sending announcement: nog 10 minuten! Neem je eigen wapens mee!
[15:59:49][sunnless] Sending announcement: iedereen die tp nodig heeft maak report aan
[16:00:02][jaybully] Banned player bamistick69: report spam
[16:05:30][sunnless] Sending announcement: wacht nog ff op het eiland
[16:05:45][milann] Banned player ONE1Two2: safeban, meerdere clips gezien. melden in ticket voor pc check
[16:06:38][sunnless] Sending announcement: iedereen mag nu weg rijden en een plek zoeken op het eiland. teamen is verboden. er  gaan crikels komen hou event kanaal in de gaten
[16:06:41][milann] Banned player biggie: massa rdm op event
[16:09:16][sunnless] Sending announcement: IEDEREEN MAG NU SCHIETEN SUCCES
[16:10:16][sunnless] Sending announcement: iedereen die in porto zit moet eruit gaan!
[16:10:37][jaybully] Banned player wassi: Combatlog - melden in ticket
[16:12:06][sunnless] Sending announcement: we zijn met weinig mensen. dus eerste cirkel staat in event kanaal!
[16:14:26][sunnless] Sending announcement: volgende cirkel staat er ook in! Kijk in event kanaal!
[16:19:49][sunnless] Sending announcement: volgende cirkel staat erin! Kijk event kanaal
[16:36:36][sunnless] Warned player [91] Ryan: combatloggen tijdens event

================================================================
======== txAdmin v7.1.0 atop fxserver 8052 Starting - 5/18/2024, 6:00:23 PM
================================================================
[18:59:36][mats] Banned player appelflapje: Combatloggen en niet werken als je word gehandsupped. Je mag je melden in ticket en je meske inleveren.
[19:04:11][degangster] Banned player Binnenlander: combat loggen + ticket maken
[19:04:58][degangster] Banned player ZakelijkeDDosser: combat loggen +ticket maken
[19:07:26][notfietsendief] Banned player kleine.gg: combatloggen , melden in ticket
[19:16:03][jesse] logged in from 84.82.187.23 via password
[19:16:09][notfietsendief] Banned player Vluchteling🚢: combatloggen,  melden in ticket
[19:17:47][degangster] Warned player [46] ZTM Henkie: politie auto pakken en mensen vdm
[19:20:22][notfietsendief] Banned player BruceLee: combatloggen, melden in ticket
[19:24:06][mats] DM to #de gangster: wachtkamer komen!
[19:29:20][fahraw] Revoked ban id BD1N-TTPK from Vluchteling🚢
[19:32:33][jamie] logged in from 88.159.244.69 via cfxre
[19:33:37][jesse] executed "giverefund steam:11000015e478b6f WEAPON_M1911 2"
[19:34:30][degangster] Revoked warn id WZMV-88S5 from ZTM Henkie
[19:34:53][matthijs] logged in from 89.99.67.196 via cfxre
[19:35:34][jesse] executed "giverefund steam:11000015aeb5d12 WEAPON_UMP45 1"
[19:40:41][matthijs] executed "cfx_tebexwrapper:addCoins steam:11000014c91b5a3 5 limboland"
[19:48:33][jesse] executed "giverefund steam:11000015aeb5d12 WEAPON_MEOS45 1"
[19:48:43][jesse] executed "giverefund steam:11000015aeb5d12 ammo_9 200"
[19:49:02][jesse] executed "giverefund steam:11000015aeb5d12 ammo_9 200"
[19:49:25][jesse] executed "giverefund steam:11000015aeb5d12 ammo-9 1"
[19:49:30][jesse] executed "giverefund steam:11000015aeb5d12 ammo-9 199"
[19:49:45][jesse] executed "giverefund steam:11000015aeb5d12 ammo-45 200"
[19:51:18][notfietsendief] Revoked ban id BM5X-2EJ1 from kleine.gg
[19:52:49][notfietsendief] Warned player [72] kleine.gg: combatloggen , is besproken in ticket
[19:59:03][jamie] executed "cfx_tebexwrapper:addCoins steam:1100001582810df 30 limboland"
[20:04:00][jesse] executed "revive 17"
[20:04:57][mats] DM to #stxcs: Nu wachtkamer komen
[20:05:33][mats] DM to #stxcs: Anders sanctie
[20:07:10][mats] Banned player stxcs: NVOL melden in ticket
[20:08:51][jaybully] Revoked ban id B8P2-M2R8 from stxcs
[20:17:07][matthijs] executed "giveaccountmoney 81 bank 6000000"
[20:24:29][mats] Sending announcement: Het event gaat binnen 5 minuten van start!
[20:26:48][mats] DM to #Niks: je moet zelf naar hier komen. Kijk in de discord waar je moet zijn
[20:27:59][mats] DM to #Niks: Als je niets hebt van auto of wapens heb je vrijwel geen kans om te winnen
[20:29:53][mats] Sending announcement: De truck moet naar observatory gebracht worden! NIET naar human labs
[20:30:41][mats] Sending announcement: De truck gaat nu vertrekken naar de eindbestemming
[20:31:32][mats] Sending announcement: EINDBESTEMMING IS OBERVATORY
[20:37:27][mats] Sending announcement: De truck rijd in villawijk. Het is NIET de bedoeling dat je de bestuurder doodschiet!
[20:38:35][mats] Sending announcement: De driver mag je doodschieten. De persoon die er naast zit NIET
[20:39:02][mats] Sending announcement: Het busje is bijna op zijn bestemming!
[20:40:10][mats] Sending announcement: Nog 750m
[20:41:20][mats] Sending announcement: Het busje heeft momenteel geen bestuurder meer!
[20:42:46][mats] Sending announcement: De mule word gerepaired
[20:46:02][mats] Sending announcement: Het busje is terug op weg
[20:46:54][mats] Sending announcement: Het event is gedaan!
[20:52:17][mats] Sending announcement: Voor diegene die niet hebben gewonnen, niet getreurd. Er komt snel een nieuw event!
[20:52:30][jaybully] Kicked #Mats.W: rdm
[21:07:18][lilfish] Kicked #kalebatsbak: cheat
[21:10:08][lilfish] Banned player kalebatsbak: cheater
[21:10:40][jaybully] Banned player Thomas: safeban
[21:15:02][jaybully] Banned player SchoolExamens: safeban
[21:22:06][jaybully] Revoked ban id B59L-VKXT from Thomas
[21:27:23][jamie] executed "fg help"
[21:27:29][jamie] executed "fg clearobj"
[21:28:23][jamie] executed "fg clearpeds"
[21:28:25][jamie] executed "fg clearped"
[21:29:45][lilfish] Banned player Raymond: cheater
[21:30:42][jaybully] Banned player Thomas: cheats - jammer dat je liegt
[21:31:58][fahraw] Banned player thibovg1: SAFEBAN
[21:32:06][jaybully] Revoked ban id BT3M-XXA9 from thibovg1
[21:32:10][jaybully] Revoked ban id BPNK-5Q8S from Thomas
[21:32:23][lilfish] Warned player [87] stiffa: Emote Abuse
[21:32:45][jaybully] Banned player jan: safeban
[21:33:45][fahraw] Banned player JJ: SAFEBAN PC CHECK
[21:42:16][jamie] Revoked ban id BMBF-AL67 from Raymond
[21:42:34][fahraw] Revoked ban id BMBF-AL67 from Raymond
[21:43:18][jamie] Revoked ban id BA39-HDR5 from kalebatsbak
[22:02:55][notfietsendief] Revoked ban id BGX4-UG86 from jens
[22:10:37][jaybully] Revoked ban id BLFN-D5KU from wassi
[22:12:06][jaybully] Banned player kleine.gg: Emote abuse - Het gebruik maken van emotes om een voorsprong op andere spelers te krijgen
[23:02:14][mats] Banned player thibovg1: Schelden met hedendaagse ziektes
[23:07:48][mats] Banned player bullet: Kloten
[23:11:36][jaybully] Warned player [170] FN: bombaclat
[23:12:56][lilfish] Warned player [172] Jan Bomboclat: mij
[23:20:58][mats] Warned player [171] heady niffo: Reportspam ( 5 binnen 1 minuut )
[23:22:08][mats] Kicked #heady niffo: Reportspam
[23:28:25][jamie] executed "ensure "frp-staffdienst""
[23:28:36][notfietsendief] Banned player Makja.777: safe ban
[23:28:58][jamie] executed "setgroup 172 managementteam"
[23:29:33][jamie] Editing user 'jaybully'.
[23:30:06][mats] Banned player Menno: Combatloggen
[23:30:26][jaybully] Sending announcement: cheater is gebanned
[23:32:16][mats] Banned player Ricket: VDM
[23:32:24][jaybully] executed "cfx_tebexwrapper:addCoins steam:1100001582810df 30 limboland"
[23:32:53][mats] Revoked ban id BRX8-B9X7 from Ricket
[23:37:03][notfietsendief] Warned player [179] ¦The Dark Horror: vdm
[23:37:07][jamie] Warned player [179] ¦The Dark Horror: VDM
[23:38:40][jaybully] executed "giverefund steam:11000015e478b6f weapon_m1911 1"
[23:38:55][sunnless] Revoked ban id BYRE-Q5HD from kleine.gg
[23:40:22][jaybully] executed "giverefund steam:11000015e478b6f w_pi_m1911_blue 1"
[23:40:44][jaybully] executed "giverefund steam:11000015e478b6f ammo-9 120"
[23:45:42][lilfish] Warned player [182] Sunnless: Schiet op
[23:46:03][sunnless] Revoked warn id WP9A-NNC6 from Sunnless
[23:46:39][jamie] Sending announcement: Check allemaal ff #giveaways!!!!
[23:46:41][jaybully] executed "spelerinfo 172"
