
================================================================
======== txAdmin v7.1.0 atop fxserver 8052 Starting - 6/1/2024, 12:00:17 AM
================================================================

================================================================
======== Log Rotated - 6/1/2024, 12:00:17 AM                    
================================================================

================================================================
======== txAdmin v7.1.0 atop fxserver 8052 Starting - 6/1/2024, 6:00:16 AM
================================================================

================================================================
======== txAdmin v7.1.0 atop fxserver 8052 Starting - 6/1/2024, 12:00:16 PM
================================================================
[15:45:04][jamie] logged in from 88.159.244.69 via cfxre

================================================================
======== txAdmin v7.1.0 atop fxserver 8052 Starting - 6/1/2024, 3:46:58 PM
================================================================
[18:00:02][SCHEDULER] Restarting server (scheduled restart at 18:00).

================================================================
======== txAdmin v7.1.0 atop fxserver 8052 Starting - 6/1/2024, 6:00:15 PM
================================================================
[20:09:19][jesse] logged in from 84.82.187.23 via password
