
================================================================
======== txAdmin v7.1.0 atop fxserver 8052 Starting - 6/23/2024, 8:25:55 PM
================================================================

================================================================
======== Log Rotated - 6/23/2024, 8:25:55 PM                    
================================================================
[20:26:55][MONITOR] Restarting server (server close detected).
[20:28:02][MONITOR] Restarting server (server close detected).
[20:29:07][MONITOR] Restarting server (server close detected).
[20:30:14][MONITOR] Restarting server (server close detected).
[20:31:19][MONITOR] Restarting server (server close detected).
[20:32:26][MONITOR] Restarting server (server close detected).
[20:33:31][MONITOR] Restarting server (server close detected).
[20:34:38][MONITOR] Restarting server (server close detected).
[20:35:43][MONITOR] Restarting server (server close detected).
[20:36:50][MONITOR] Restarting server (server close detected).
[20:37:55][MONITOR] Restarting server (server close detected).
[20:39:02][MONITOR] Restarting server (server close detected).
[20:40:07][MONITOR] Restarting server (server close detected).
[20:41:14][MONITOR] Restarting server (server close detected).
[20:42:19][MONITOR] Restarting server (server close detected).
[20:43:26][MONITOR] Restarting server (server close detected).
[20:44:33][MONITOR] Restarting server (server close detected).
[20:45:38][MONITOR] Restarting server (server close detected).
[20:46:45][MONITOR] Restarting server (server close detected).
[20:47:50][MONITOR] Restarting server (server close detected).
[20:48:57][MONITOR] Restarting server (server close detected).
[20:50:02][MONITOR] Restarting server (server close detected).
[20:51:09][MONITOR] Restarting server (server close detected).
[20:52:14][MONITOR] Restarting server (server close detected).
[20:53:21][MONITOR] Restarting server (server close detected).
[20:54:26][MONITOR] Restarting server (server close detected).
[20:55:32][MONITOR] Restarting server (server close detected).
[20:56:39][MONITOR] Restarting server (server close detected).
[20:57:44][MONITOR] Restarting server (server close detected).
[20:58:51][MONITOR] Restarting server (server close detected).
[20:59:56][MONITOR] Restarting server (server close detected).
[21:01:03][MONITOR] Restarting server (server close detected).
[21:02:08][MONITOR] Restarting server (server close detected).
[21:03:15][MONITOR] Restarting server (server close detected).
[21:04:20][MONITOR] Restarting server (server close detected).
[21:05:27][MONITOR] Restarting server (server close detected).
[21:06:32][MONITOR] Restarting server (server close detected).
[21:07:39][MONITOR] Restarting server (server close detected).
[21:08:44][MONITOR] Restarting server (server close detected).
[21:09:51][MONITOR] Restarting server (server close detected).
[21:10:56][MONITOR] Restarting server (server close detected).
[21:12:03][MONITOR] Restarting server (server close detected).
[21:13:08][MONITOR] Restarting server (server close detected).
[21:14:15][MONITOR] Restarting server (server close detected).
[21:15:20][MONITOR] Restarting server (server close detected).
[21:16:27][MONITOR] Restarting server (server close detected).
[21:17:32][MONITOR] Restarting server (server close detected).
[21:18:39][MONITOR] Restarting server (server close detected).
[21:19:44][MONITOR] Restarting server (server close detected).
[21:20:51][MONITOR] Restarting server (server close detected).
[21:21:56][MONITOR] Restarting server (server close detected).
[21:23:03][MONITOR] Restarting server (server close detected).
[21:24:09][MONITOR] Restarting server (server close detected).
[21:25:15][MONITOR] Restarting server (server close detected).
[21:26:22][MONITOR] Restarting server (server close detected).
[21:27:27][MONITOR] Restarting server (server close detected).
[21:28:34][MONITOR] Restarting server (server close detected).
[21:29:39][MONITOR] Restarting server (server close detected).
[21:30:46][MONITOR] Restarting server (server close detected).
[21:31:51][MONITOR] Restarting server (server close detected).
[21:32:58][MONITOR] Restarting server (server close detected).
[21:34:03][MONITOR] Restarting server (server close detected).
[21:35:10][MONITOR] Restarting server (server close detected).
[21:36:15][MONITOR] Restarting server (server close detected).
[21:37:22][MONITOR] Restarting server (server close detected).
[21:38:27][MONITOR] Restarting server (server close detected).
[21:39:34][MONITOR] Restarting server (server close detected).
[21:40:39][MONITOR] Restarting server (server close detected).
[21:41:46][MONITOR] Restarting server (server close detected).
[21:42:51][MONITOR] Restarting server (server close detected).
[21:43:58][MONITOR] Restarting server (server close detected).
[21:45:03][MONITOR] Restarting server (server close detected).
[21:46:10][MONITOR] Restarting server (server close detected).
[21:47:15][MONITOR] Restarting server (server close detected).
[21:48:22][MONITOR] Restarting server (server close detected).
[21:49:27][MONITOR] Restarting server (server close detected).
[21:50:34][MONITOR] Restarting server (server close detected).
[21:51:39][MONITOR] Restarting server (server close detected).
[21:52:46][MONITOR] Restarting server (server close detected).
[21:53:51][MONITOR] Restarting server (server close detected).
[21:54:57][MONITOR] Restarting server (server close detected).
[21:56:04][MONITOR] Restarting server (server close detected).
[21:57:10][MONITOR] Restarting server (server close detected).
[21:58:17][MONITOR] Restarting server (server close detected).
[21:59:23][MONITOR] Restarting server (server close detected).
[22:00:30][MONITOR] Restarting server (server close detected).
[22:01:37][MONITOR] Restarting server (server close detected).
[22:02:43][MONITOR] Restarting server (server close detected).
[22:03:49][MONITOR] Restarting server (server close detected).
[22:04:55][MONITOR] Restarting server (server close detected).
[22:06:02][MONITOR] Restarting server (server close detected).
[22:07:07][MONITOR] Restarting server (server close detected).
[22:08:14][MONITOR] Restarting server (server close detected).
[22:09:19][MONITOR] Restarting server (server close detected).
[22:10:26][MONITOR] Restarting server (server close detected).
[22:11:31][MONITOR] Restarting server (server close detected).
[22:12:38][MONITOR] Restarting server (server close detected).
[22:13:43][MONITOR] Restarting server (server close detected).
[22:14:50][MONITOR] Restarting server (server close detected).
[22:15:55][MONITOR] Restarting server (server close detected).
[22:17:02][MONITOR] Restarting server (server close detected).
[22:18:07][MONITOR] Restarting server (server close detected).
[22:19:13][MONITOR] Restarting server (server close detected).
[22:20:20][MONITOR] Restarting server (server close detected).
[22:21:25][MONITOR] Restarting server (server close detected).
[22:22:32][MONITOR] Restarting server (server close detected).
[22:23:37][MONITOR] Restarting server (server close detected).
[22:24:44][MONITOR] Restarting server (server close detected).
[22:25:49][MONITOR] Restarting server (server close detected).
[22:26:56][MONITOR] Restarting server (server close detected).
[22:28:01][MONITOR] Restarting server (server close detected).
[22:29:08][MONITOR] Restarting server (server close detected).
[22:30:13][MONITOR] Restarting server (server close detected).
[22:31:20][MONITOR] Restarting server (server close detected).
[22:32:25][MONITOR] Restarting server (server close detected).
[22:33:32][MONITOR] Restarting server (server close detected).
[22:34:37][MONITOR] Restarting server (server close detected).
[22:35:44][MONITOR] Restarting server (server close detected).
[22:36:49][MONITOR] Restarting server (server close detected).
[22:37:56][MONITOR] Restarting server (server close detected).
[22:39:01][MONITOR] Restarting server (server close detected).
[22:40:08][MONITOR] Restarting server (server close detected).
[22:41:13][MONITOR] Restarting server (server close detected).
[22:42:20][MONITOR] Restarting server (server close detected).
[22:43:25][MONITOR] Restarting server (server close detected).
[22:44:32][MONITOR] Restarting server (server close detected).
[22:45:37][MONITOR] Restarting server (server close detected).
[22:46:44][MONITOR] Restarting server (server close detected).
[22:47:49][MONITOR] Restarting server (server close detected).
[22:48:56][MONITOR] Restarting server (server close detected).
[22:50:01][MONITOR] Restarting server (server close detected).
[22:51:08][MONITOR] Restarting server (server close detected).
[22:52:13][MONITOR] Restarting server (server close detected).
[22:53:20][MONITOR] Restarting server (server close detected).
[22:54:25][MONITOR] Restarting server (server close detected).
[22:55:32][MONITOR] Restarting server (server close detected).
[22:56:37][MONITOR] Restarting server (server close detected).
[22:57:44][MONITOR] Restarting server (server close detected).
[22:58:49][MONITOR] Restarting server (server close detected).
[22:59:56][MONITOR] Restarting server (server close detected).
[23:01:01][MONITOR] Restarting server (server close detected).
[23:02:08][MONITOR] Restarting server (server close detected).
[23:03:14][MONITOR] Restarting server (server close detected).
[23:04:20][MONITOR] Restarting server (server close detected).
[23:05:27][MONITOR] Restarting server (server close detected).
[23:06:32][MONITOR] Restarting server (server close detected).
[23:07:39][MONITOR] Restarting server (server close detected).
[23:08:44][MONITOR] Restarting server (server close detected).
[23:09:51][MONITOR] Restarting server (server close detected).
[23:10:56][MONITOR] Restarting server (server close detected).
[23:12:03][MONITOR] Restarting server (server close detected).
[23:13:08][MONITOR] Restarting server (server close detected).
[23:14:15][MONITOR] Restarting server (server close detected).
[23:15:20][MONITOR] Restarting server (server close detected).
[23:16:27][MONITOR] Restarting server (server close detected).
[23:17:32][MONITOR] Restarting server (server close detected).
[23:18:39][MONITOR] Restarting server (server close detected).
[23:19:44][MONITOR] Restarting server (server close detected).
[23:20:51][MONITOR] Restarting server (server close detected).
[23:21:56][MONITOR] Restarting server (server close detected).
[23:23:03][MONITOR] Restarting server (server close detected).
[23:24:08][MONITOR] Restarting server (server close detected).
[23:25:15][MONITOR] Restarting server (server close detected).
[23:26:20][MONITOR] Restarting server (server close detected).
[23:27:27][MONITOR] Restarting server (server close detected).
[23:28:32][MONITOR] Restarting server (server close detected).
[23:29:39][MONITOR] Restarting server (server close detected).
[23:30:44][MONITOR] Restarting server (server close detected).
[23:31:51][MONITOR] Restarting server (server close detected).
[23:32:56][MONITOR] Restarting server (server close detected).
[23:34:03][MONITOR] Restarting server (server close detected).
[23:35:08][MONITOR] Restarting server (server close detected).
[23:36:15][MONITOR] Restarting server (server close detected).
[23:37:20][MONITOR] Restarting server (server close detected).
[23:38:26][MONITOR] Restarting server (server close detected).
[23:39:33][MONITOR] Restarting server (server close detected).
[23:40:38][MONITOR] Restarting server (server close detected).
[23:41:45][MONITOR] Restarting server (server close detected).
[23:42:50][MONITOR] Restarting server (server close detected).
[23:43:57][MONITOR] Restarting server (server close detected).
[23:45:02][MONITOR] Restarting server (server close detected).
[23:46:09][MONITOR] Restarting server (server close detected).
[23:47:14][MONITOR] Restarting server (server close detected).
[23:48:21][MONITOR] Restarting server (server close detected).
[23:49:26][MONITOR] Restarting server (server close detected).
[23:50:33][MONITOR] Restarting server (server close detected).
[23:51:38][MONITOR] Restarting server (server close detected).
[23:52:45][MONITOR] Restarting server (server close detected).
[23:53:50][MONITOR] Restarting server (server close detected).
[23:54:57][MONITOR] Restarting server (server close detected).
[23:56:03][MONITOR] Restarting server (server close detected).
[23:57:08][MONITOR] Restarting server (server close detected).
[23:58:15][MONITOR] Restarting server (server close detected).
[23:59:20][MONITOR] Restarting server (server close detected).
[00:00:01][SCHEDULER] Restarting server (scheduled restart at 00:00).

================================================================
======== txAdmin v7.1.0 atop fxserver 8052 Starting - 6/24/2024, 12:00:17 AM
================================================================
[00:01:17][MONITOR] Restarting server (server close detected).
[00:02:22][MONITOR] Restarting server (server close detected).
[00:03:29][MONITOR] Restarting server (server close detected).
[00:04:34][MONITOR] Restarting server (server close detected).
[00:05:41][MONITOR] Restarting server (server close detected).
[00:06:46][MONITOR] Restarting server (server close detected).
[00:07:53][MONITOR] Restarting server (server close detected).
[00:08:58][MONITOR] Restarting server (server close detected).
[00:10:05][MONITOR] Restarting server (server close detected).
[00:11:10][MONITOR] Restarting server (server close detected).
[00:12:17][MONITOR] Restarting server (server close detected).
[00:13:22][MONITOR] Restarting server (server close detected).
[00:14:29][MONITOR] Restarting server (server close detected).
[00:15:34][MONITOR] Restarting server (server close detected).
[00:16:41][MONITOR] Restarting server (server close detected).
[00:17:46][MONITOR] Restarting server (server close detected).
[00:18:53][MONITOR] Restarting server (server close detected).
[00:19:58][MONITOR] Restarting server (server close detected).
[00:21:05][MONITOR] Restarting server (server close detected).
[00:22:10][MONITOR] Restarting server (server close detected).
[00:23:17][MONITOR] Restarting server (server close detected).
[00:24:22][MONITOR] Restarting server (server close detected).
[00:25:29][MONITOR] Restarting server (server close detected).
[00:26:34][MONITOR] Restarting server (server close detected).
[00:27:41][MONITOR] Restarting server (server close detected).
[00:28:47][MONITOR] Restarting server (server close detected).
[00:29:53][MONITOR] Restarting server (server close detected).
[00:30:59][MONITOR] Restarting server (server close detected).
[00:32:05][MONITOR] Restarting server (server close detected).
[00:33:12][MONITOR] Restarting server (server close detected).
[00:34:17][MONITOR] Restarting server (server close detected).
[00:35:24][MONITOR] Restarting server (server close detected).
[00:36:29][MONITOR] Restarting server (server close detected).
[00:37:36][MONITOR] Restarting server (server close detected).
[00:38:41][MONITOR] Restarting server (server close detected).
[00:39:48][MONITOR] Restarting server (server close detected).
[00:40:53][MONITOR] Restarting server (server close detected).
[00:42:00][MONITOR] Restarting server (server close detected).
[00:43:05][MONITOR] Restarting server (server close detected).
[00:44:12][MONITOR] Restarting server (server close detected).
[00:45:17][MONITOR] Restarting server (server close detected).
[00:46:24][MONITOR] Restarting server (server close detected).
[00:47:29][MONITOR] Restarting server (server close detected).
[00:48:36][MONITOR] Restarting server (server close detected).
[00:49:41][MONITOR] Restarting server (server close detected).
[00:50:48][MONITOR] Restarting server (server close detected).
[00:51:53][MONITOR] Restarting server (server close detected).
[00:53:00][MONITOR] Restarting server (server close detected).
[00:54:05][MONITOR] Restarting server (server close detected).
[00:55:12][MONITOR] Restarting server (server close detected).
[00:56:17][MONITOR] Restarting server (server close detected).
[00:57:24][MONITOR] Restarting server (server close detected).
[00:58:29][MONITOR] Restarting server (server close detected).
[00:59:36][MONITOR] Restarting server (server close detected).
[01:00:41][MONITOR] Restarting server (server close detected).
[01:01:48][MONITOR] Restarting server (server close detected).
[01:02:53][MONITOR] Restarting server (server close detected).
[01:04:00][MONITOR] Restarting server (server close detected).
[01:05:06][MONITOR] Restarting server (server close detected).
[01:06:12][MONITOR] Restarting server (server close detected).
[01:07:19][MONITOR] Restarting server (server close detected).
[01:08:24][MONITOR] Restarting server (server close detected).
[01:09:31][MONITOR] Restarting server (server close detected).
[01:10:36][MONITOR] Restarting server (server close detected).
[01:11:43][MONITOR] Restarting server (server close detected).
[01:12:48][MONITOR] Restarting server (server close detected).
[01:13:55][MONITOR] Restarting server (server close detected).
[01:15:00][MONITOR] Restarting server (server close detected).
[01:16:07][MONITOR] Restarting server (server close detected).
[01:17:12][MONITOR] Restarting server (server close detected).
[01:18:19][MONITOR] Restarting server (server close detected).
[01:19:24][MONITOR] Restarting server (server close detected).
[01:20:31][MONITOR] Restarting server (server close detected).
[01:21:36][MONITOR] Restarting server (server close detected).
[01:22:43][MONITOR] Restarting server (server close detected).
[01:23:48][MONITOR] Restarting server (server close detected).
[01:24:55][MONITOR] Restarting server (server close detected).
[01:26:00][MONITOR] Restarting server (server close detected).
[01:27:07][MONITOR] Restarting server (server close detected).
[01:28:12][MONITOR] Restarting server (server close detected).
[01:29:19][MONITOR] Restarting server (server close detected).
[01:30:24][MONITOR] Restarting server (server close detected).
[01:31:31][MONITOR] Restarting server (server close detected).
[01:32:36][MONITOR] Restarting server (server close detected).
[01:33:43][MONITOR] Restarting server (server close detected).
[01:34:48][MONITOR] Restarting server (server close detected).
[01:35:55][MONITOR] Restarting server (server close detected).
[01:37:00][MONITOR] Restarting server (server close detected).
[01:38:07][MONITOR] Restarting server (server close detected).
[01:39:12][MONITOR] Restarting server (server close detected).
[01:40:19][MONITOR] Restarting server (server close detected).
[01:41:24][MONITOR] Restarting server (server close detected).
[01:42:31][MONITOR] Restarting server (server close detected).
[01:43:36][MONITOR] Restarting server (server close detected).
[01:44:43][MONITOR] Restarting server (server close detected).
[01:45:48][MONITOR] Restarting server (server close detected).
[01:46:55][MONITOR] Restarting server (server close detected).
[01:48:00][MONITOR] Restarting server (server close detected).
[01:49:07][MONITOR] Restarting server (server close detected).
[01:50:12][MONITOR] Restarting server (server close detected).
[01:51:19][MONITOR] Restarting server (server close detected).
[01:52:24][MONITOR] Restarting server (server close detected).
[01:53:31][MONITOR] Restarting server (server close detected).
[01:54:36][MONITOR] Restarting server (server close detected).
[01:55:43][MONITOR] Restarting server (server close detected).
[01:56:48][MONITOR] Restarting server (server close detected).
[01:57:54][MONITOR] Restarting server (server close detected).
[01:59:01][MONITOR] Restarting server (server close detected).
[02:00:06][MONITOR] Restarting server (server close detected).
[02:01:13][MONITOR] Restarting server (server close detected).
[02:02:18][MONITOR] Restarting server (server close detected).
[02:03:25][MONITOR] Restarting server (server close detected).
[02:04:30][MONITOR] Restarting server (server close detected).
[02:05:37][MONITOR] Restarting server (server close detected).
[02:06:42][MONITOR] Restarting server (server close detected).
[02:07:49][MONITOR] Restarting server (server close detected).
[02:08:54][MONITOR] Restarting server (server close detected).
[02:10:01][MONITOR] Restarting server (server close detected).
[02:11:06][MONITOR] Restarting server (server close detected).
[02:12:13][MONITOR] Restarting server (server close detected).
[02:13:18][MONITOR] Restarting server (server close detected).
[02:14:25][MONITOR] Restarting server (server close detected).
[02:15:30][MONITOR] Restarting server (server close detected).
[02:16:37][MONITOR] Restarting server (server close detected).
[02:17:42][MONITOR] Restarting server (server close detected).
[02:18:49][MONITOR] Restarting server (server close detected).
[02:19:54][MONITOR] Restarting server (server close detected).
[02:21:01][MONITOR] Restarting server (server close detected).
[02:22:06][MONITOR] Restarting server (server close detected).
[02:23:13][MONITOR] Restarting server (server close detected).
[02:24:19][MONITOR] Restarting server (server close detected).
[02:25:26][MONITOR] Restarting server (server close detected).
[02:26:32][MONITOR] Restarting server (server close detected).
[02:27:37][MONITOR] Restarting server (server close detected).
[02:28:44][MONITOR] Restarting server (server close detected).
[02:29:49][MONITOR] Restarting server (server close detected).
[02:30:56][MONITOR] Restarting server (server close detected).
[02:32:01][MONITOR] Restarting server (server close detected).
[02:33:08][MONITOR] Restarting server (server close detected).
[02:34:13][MONITOR] Restarting server (server close detected).
[02:35:20][MONITOR] Restarting server (server close detected).
[02:36:25][MONITOR] Restarting server (server close detected).
[02:37:32][MONITOR] Restarting server (server close detected).
[02:38:37][MONITOR] Restarting server (server close detected).
[02:39:44][MONITOR] Restarting server (server close detected).
[02:40:49][MONITOR] Restarting server (server close detected).
[02:41:56][MONITOR] Restarting server (server close detected).
[02:43:01][MONITOR] Restarting server (server close detected).
[02:44:08][MONITOR] Restarting server (server close detected).
[02:45:13][MONITOR] Restarting server (server close detected).
[02:46:20][MONITOR] Restarting server (server close detected).
[02:47:25][MONITOR] Restarting server (server close detected).
[02:48:32][MONITOR] Restarting server (server close detected).
[02:49:38][MONITOR] Restarting server (server close detected).
[02:50:44][MONITOR] Restarting server (server close detected).
[02:51:51][MONITOR] Restarting server (server close detected).
[02:52:56][MONITOR] Restarting server (server close detected).
[02:54:03][MONITOR] Restarting server (server close detected).
[02:55:08][MONITOR] Restarting server (server close detected).
[02:56:15][MONITOR] Restarting server (server close detected).
[02:57:20][MONITOR] Restarting server (server close detected).
[02:58:27][MONITOR] Restarting server (server close detected).
[02:59:32][MONITOR] Restarting server (server close detected).
[03:00:39][MONITOR] Restarting server (server close detected).
[03:01:44][MONITOR] Restarting server (server close detected).
[03:02:51][MONITOR] Restarting server (server close detected).
[03:03:56][MONITOR] Restarting server (server close detected).
[03:05:03][MONITOR] Restarting server (server close detected).
[03:06:08][MONITOR] Restarting server (server close detected).
[03:07:15][MONITOR] Restarting server (server close detected).
[03:08:20][MONITOR] Restarting server (server close detected).
[03:09:27][MONITOR] Restarting server (server close detected).
[03:10:32][MONITOR] Restarting server (server close detected).
[03:11:39][MONITOR] Restarting server (server close detected).
[03:12:44][MONITOR] Restarting server (server close detected).
[03:13:51][MONITOR] Restarting server (server close detected).
[03:14:56][MONITOR] Restarting server (server close detected).
[03:16:02][MONITOR] Restarting server (server close detected).
[03:17:09][MONITOR] Restarting server (server close detected).
[03:18:15][MONITOR] Restarting server (server close detected).
[03:19:22][MONITOR] Restarting server (server close detected).
[03:20:27][MONITOR] Restarting server (server close detected).
[03:21:34][MONITOR] Restarting server (server close detected).
[03:22:39][MONITOR] Restarting server (server close detected).
[03:23:46][MONITOR] Restarting server (server close detected).
[03:24:51][MONITOR] Restarting server (server close detected).
[03:25:58][MONITOR] Restarting server (server close detected).
[03:27:03][MONITOR] Restarting server (server close detected).
[03:28:10][MONITOR] Restarting server (server close detected).
[03:29:15][MONITOR] Restarting server (server close detected).
[03:30:22][MONITOR] Restarting server (server close detected).
[03:31:27][MONITOR] Restarting server (server close detected).
[03:32:34][MONITOR] Restarting server (server close detected).
[03:33:39][MONITOR] Restarting server (server close detected).
[03:34:46][MONITOR] Restarting server (server close detected).
[03:35:51][MONITOR] Restarting server (server close detected).
[03:36:58][MONITOR] Restarting server (server close detected).
[03:38:03][MONITOR] Restarting server (server close detected).
[03:39:10][MONITOR] Restarting server (server close detected).
[03:40:15][MONITOR] Restarting server (server close detected).
[03:41:22][MONITOR] Restarting server (server close detected).
[03:42:27][MONITOR] Restarting server (server close detected).
[03:43:34][MONITOR] Restarting server (server close detected).
[03:44:39][MONITOR] Restarting server (server close detected).
[03:45:46][MONITOR] Restarting server (server close detected).
[03:46:51][MONITOR] Restarting server (server close detected).
[03:47:58][MONITOR] Restarting server (server close detected).
[03:49:03][MONITOR] Restarting server (server close detected).
[03:50:09][MONITOR] Restarting server (server close detected).
[03:51:16][MONITOR] Restarting server (server close detected).
[03:52:22][MONITOR] Restarting server (server close detected).
[03:53:29][MONITOR] Restarting server (server close detected).
[03:54:34][MONITOR] Restarting server (server close detected).
[03:55:41][MONITOR] Restarting server (server close detected).
[03:56:46][MONITOR] Restarting server (server close detected).
[03:57:53][MONITOR] Restarting server (server close detected).
[03:58:58][MONITOR] Restarting server (server close detected).
[04:00:05][MONITOR] Restarting server (server close detected).
[04:01:10][MONITOR] Restarting server (server close detected).
[04:02:17][MONITOR] Restarting server (server close detected).
[04:03:22][MONITOR] Restarting server (server close detected).
[04:04:29][MONITOR] Restarting server (server close detected).
[04:05:34][MONITOR] Restarting server (server close detected).
[04:06:41][MONITOR] Restarting server (server close detected).
[04:07:46][MONITOR] Restarting server (server close detected).
[04:08:53][MONITOR] Restarting server (server close detected).
[04:09:58][MONITOR] Restarting server (server close detected).
[04:11:05][MONITOR] Restarting server (server close detected).
[04:12:10][MONITOR] Restarting server (server close detected).
[04:13:17][MONITOR] Restarting server (server close detected).
[04:14:22][MONITOR] Restarting server (server close detected).
[04:15:29][MONITOR] Restarting server (server close detected).
[04:16:34][MONITOR] Restarting server (server close detected).
[04:17:41][MONITOR] Restarting server (server close detected).
[04:18:46][MONITOR] Restarting server (server close detected).
[04:19:53][MONITOR] Restarting server (server close detected).
[04:20:58][MONITOR] Restarting server (server close detected).
[04:22:04][MONITOR] Restarting server (server close detected).
[04:23:11][MONITOR] Restarting server (server close detected).
[04:24:16][MONITOR] Restarting server (server close detected).
[04:25:23][MONITOR] Restarting server (server close detected).
[04:26:28][MONITOR] Restarting server (server close detected).
[04:27:35][MONITOR] Restarting server (server close detected).
[04:28:40][MONITOR] Restarting server (server close detected).
[04:29:47][MONITOR] Restarting server (server close detected).
[04:30:52][MONITOR] Restarting server (server close detected).
[04:31:59][MONITOR] Restarting server (server close detected).
[04:33:04][MONITOR] Restarting server (server close detected).
[04:34:11][MONITOR] Restarting server (server close detected).
[04:35:16][MONITOR] Restarting server (server close detected).
[04:36:23][MONITOR] Restarting server (server close detected).
[04:37:28][MONITOR] Restarting server (server close detected).
[04:38:35][MONITOR] Restarting server (server close detected).
[04:39:40][MONITOR] Restarting server (server close detected).
[04:40:47][MONITOR] Restarting server (server close detected).
[04:41:52][MONITOR] Restarting server (server close detected).
[04:42:59][MONITOR] Restarting server (server close detected).
[04:44:04][MONITOR] Restarting server (server close detected).
[04:45:11][MONITOR] Restarting server (server close detected).
[04:46:16][MONITOR] Restarting server (server close detected).
[04:47:23][MONITOR] Restarting server (server close detected).
[04:48:28][MONITOR] Restarting server (server close detected).
[04:49:35][MONITOR] Restarting server (server close detected).
[04:50:40][MONITOR] Restarting server (server close detected).
[04:51:47][MONITOR] Restarting server (server close detected).
[04:52:52][MONITOR] Restarting server (server close detected).
[04:53:59][MONITOR] Restarting server (server close detected).
[04:55:04][MONITOR] Restarting server (server close detected).
[04:56:10][MONITOR] Restarting server (server close detected).
[04:57:17][MONITOR] Restarting server (server close detected).
[04:58:22][MONITOR] Restarting server (server close detected).
[04:59:29][MONITOR] Restarting server (server close detected).
[05:00:34][MONITOR] Restarting server (server close detected).
[05:01:41][MONITOR] Restarting server (server close detected).
[05:02:46][MONITOR] Restarting server (server close detected).
[05:03:53][MONITOR] Restarting server (server close detected).
[05:04:58][MONITOR] Restarting server (server close detected).
[05:06:05][MONITOR] Restarting server (server close detected).
[05:07:10][MONITOR] Restarting server (server close detected).
[05:08:17][MONITOR] Restarting server (server close detected).
[05:09:22][MONITOR] Restarting server (server close detected).
[05:10:29][MONITOR] Restarting server (server close detected).
[05:11:34][MONITOR] Restarting server (server close detected).
[05:12:41][MONITOR] Restarting server (server close detected).
[05:13:46][MONITOR] Restarting server (server close detected).
[05:14:53][MONITOR] Restarting server (server close detected).
[05:15:58][MONITOR] Restarting server (server close detected).
[05:17:05][MONITOR] Restarting server (server close detected).
[05:18:10][MONITOR] Restarting server (server close detected).
[05:19:17][MONITOR] Restarting server (server close detected).
[05:20:22][MONITOR] Restarting server (server close detected).
[05:21:29][MONITOR] Restarting server (server close detected).
[05:22:34][MONITOR] Restarting server (server close detected).
[05:23:41][MONITOR] Restarting server (server close detected).
[05:24:46][MONITOR] Restarting server (server close detected).
[05:25:53][MONITOR] Restarting server (server close detected).
[05:26:58][MONITOR] Restarting server (server close detected).
[05:28:04][MONITOR] Restarting server (server close detected).
[05:29:11][MONITOR] Restarting server (server close detected).
[05:30:16][MONITOR] Restarting server (server close detected).
[05:31:23][MONITOR] Restarting server (server close detected).
[05:32:28][MONITOR] Restarting server (server close detected).
[05:33:35][MONITOR] Restarting server (server close detected).
[05:34:40][MONITOR] Restarting server (server close detected).
[05:35:47][MONITOR] Restarting server (server close detected).
[05:36:52][MONITOR] Restarting server (server close detected).
[05:37:59][MONITOR] Restarting server (server close detected).
[05:39:04][MONITOR] Restarting server (server close detected).
[05:40:11][MONITOR] Restarting server (server close detected).
[05:41:16][MONITOR] Restarting server (server close detected).
[05:42:23][MONITOR] Restarting server (server close detected).
[05:43:28][MONITOR] Restarting server (server close detected).
[05:44:35][MONITOR] Restarting server (server close detected).
[05:45:40][MONITOR] Restarting server (server close detected).
[05:46:47][MONITOR] Restarting server (server close detected).
[05:47:52][MONITOR] Restarting server (server close detected).
[05:48:59][MONITOR] Restarting server (server close detected).
[05:50:04][MONITOR] Restarting server (server close detected).
[05:51:11][MONITOR] Restarting server (server close detected).
[05:52:16][MONITOR] Restarting server (server close detected).
[05:53:23][MONITOR] Restarting server (server close detected).
[05:54:28][MONITOR] Restarting server (server close detected).
[05:55:35][MONITOR] Restarting server (server close detected).
[05:56:41][MONITOR] Restarting server (server close detected).
[05:57:47][MONITOR] Restarting server (server close detected).
[05:58:54][MONITOR] Restarting server (server close detected).
[05:59:59][MONITOR] Restarting server (server close detected).

================================================================
======== txAdmin v7.1.0 atop fxserver 8052 Starting - 6/24/2024, 6:00:31 AM
================================================================
[06:01:31][MONITOR] Restarting server (server close detected).
[06:02:38][MONITOR] Restarting server (server close detected).
[06:03:43][MONITOR] Restarting server (server close detected).
[06:04:50][MONITOR] Restarting server (server close detected).
[06:05:55][MONITOR] Restarting server (server close detected).
[06:07:02][MONITOR] Restarting server (server close detected).
[06:08:07][MONITOR] Restarting server (server close detected).
[06:09:14][MONITOR] Restarting server (server close detected).
[06:10:19][MONITOR] Restarting server (server close detected).
[06:11:26][MONITOR] Restarting server (server close detected).
[06:12:31][MONITOR] Restarting server (server close detected).
[06:13:38][MONITOR] Restarting server (server close detected).
[06:14:43][MONITOR] Restarting server (server close detected).
[06:15:50][MONITOR] Restarting server (server close detected).
[06:16:55][MONITOR] Restarting server (server close detected).
[06:18:02][MONITOR] Restarting server (server close detected).
[06:19:08][MONITOR] Restarting server (server close detected).
[06:20:15][MONITOR] Restarting server (server close detected).
[06:21:21][MONITOR] Restarting server (server close detected).
[06:22:26][MONITOR] Restarting server (server close detected).
[06:23:33][MONITOR] Restarting server (server close detected).
[06:24:38][MONITOR] Restarting server (server close detected).
[06:25:45][MONITOR] Restarting server (server close detected).
[06:26:50][MONITOR] Restarting server (server close detected).
[06:27:57][MONITOR] Restarting server (server close detected).
[06:29:02][MONITOR] Restarting server (server close detected).
[06:30:09][MONITOR] Restarting server (server close detected).
[06:31:14][MONITOR] Restarting server (server close detected).
[06:32:21][MONITOR] Restarting server (server close detected).
[06:33:26][MONITOR] Restarting server (server close detected).
[06:34:33][MONITOR] Restarting server (server close detected).
[06:35:39][MONITOR] Restarting server (server close detected).
[06:36:45][MONITOR] Restarting server (server close detected).
[06:37:52][MONITOR] Restarting server (server close detected).
[06:38:57][MONITOR] Restarting server (server close detected).
[06:40:04][MONITOR] Restarting server (server close detected).
[06:41:09][MONITOR] Restarting server (server close detected).
[06:42:16][MONITOR] Restarting server (server close detected).
[06:43:21][MONITOR] Restarting server (server close detected).
[06:44:28][MONITOR] Restarting server (server close detected).
[06:45:33][MONITOR] Restarting server (server close detected).
[06:46:40][MONITOR] Restarting server (server close detected).
[06:47:45][MONITOR] Restarting server (server close detected).
[06:48:52][MONITOR] Restarting server (server close detected).
[06:49:57][MONITOR] Restarting server (server close detected).
[06:51:04][MONITOR] Restarting server (server close detected).
[06:52:09][MONITOR] Restarting server (server close detected).
[06:53:16][MONITOR] Restarting server (server close detected).
[06:54:21][MONITOR] Restarting server (server close detected).
[06:55:28][MONITOR] Restarting server (server close detected).
[06:56:33][MONITOR] Restarting server (server close detected).
[06:57:40][MONITOR] Restarting server (server close detected).
[06:58:45][MONITOR] Restarting server (server close detected).
[06:59:52][MONITOR] Restarting server (server close detected).
[07:00:57][MONITOR] Restarting server (server close detected).
[07:02:03][MONITOR] Restarting server (server close detected).
[07:03:10][MONITOR] Restarting server (server close detected).
[07:04:16][MONITOR] Restarting server (server close detected).
[07:05:23][MONITOR] Restarting server (server close detected).
[07:06:28][MONITOR] Restarting server (server close detected).
[07:07:35][MONITOR] Restarting server (server close detected).
[07:08:40][MONITOR] Restarting server (server close detected).
[07:09:47][MONITOR] Restarting server (server close detected).
[07:10:52][MONITOR] Restarting server (server close detected).
[07:11:59][MONITOR] Restarting server (server close detected).
[07:13:04][MONITOR] Restarting server (server close detected).
[07:14:11][MONITOR] Restarting server (server close detected).
[07:15:16][MONITOR] Restarting server (server close detected).
[07:16:23][MONITOR] Restarting server (server close detected).
[07:17:28][MONITOR] Restarting server (server close detected).
[07:18:35][MONITOR] Restarting server (server close detected).
[07:19:41][MONITOR] Restarting server (server close detected).
[07:20:47][MONITOR] Restarting server (server close detected).
[07:21:54][MONITOR] Restarting server (server close detected).
[07:22:59][MONITOR] Restarting server (server close detected).
[07:24:06][MONITOR] Restarting server (server close detected).
[07:25:11][MONITOR] Restarting server (server close detected).
[07:26:18][MONITOR] Restarting server (server close detected).
[07:27:23][MONITOR] Restarting server (server close detected).
[07:28:30][MONITOR] Restarting server (server close detected).
[07:29:35][MONITOR] Restarting server (server close detected).
[07:30:42][MONITOR] Restarting server (server close detected).
[07:31:47][MONITOR] Restarting server (server close detected).
[07:32:54][MONITOR] Restarting server (server close detected).
[07:33:59][MONITOR] Restarting server (server close detected).
[07:35:06][MONITOR] Restarting server (server close detected).
[07:36:11][MONITOR] Restarting server (server close detected).
[07:37:18][MONITOR] Restarting server (server close detected).
[07:38:24][MONITOR] Restarting server (server close detected).
[07:39:29][MONITOR] Restarting server (server close detected).
[07:40:36][MONITOR] Restarting server (server close detected).
[07:41:41][MONITOR] Restarting server (server close detected).
[07:42:48][MONITOR] Restarting server (server close detected).
[07:43:53][MONITOR] Restarting server (server close detected).
[07:45:00][MONITOR] Restarting server (server close detected).
[07:46:05][MONITOR] Restarting server (server close detected).
[07:47:12][MONITOR] Restarting server (server close detected).
[07:48:17][MONITOR] Restarting server (server close detected).
[07:49:23][MONITOR] Restarting server (server close detected).
[07:50:30][MONITOR] Restarting server (server close detected).
[07:51:35][MONITOR] Restarting server (server close detected).
[07:52:42][MONITOR] Restarting server (server close detected).
[07:53:47][MONITOR] Restarting server (server close detected).
[07:54:54][MONITOR] Restarting server (server close detected).
[07:55:59][MONITOR] Restarting server (server close detected).
[07:57:06][MONITOR] Restarting server (server close detected).
[07:58:11][MONITOR] Restarting server (server close detected).
[07:59:18][MONITOR] Restarting server (server close detected).
[08:00:23][MONITOR] Restarting server (server close detected).
[08:01:30][MONITOR] Restarting server (server close detected).
[08:02:35][MONITOR] Restarting server (server close detected).
[08:03:41][MONITOR] Restarting server (server close detected).
[08:04:48][MONITOR] Restarting server (server close detected).
[08:05:53][MONITOR] Restarting server (server close detected).
[08:07:00][MONITOR] Restarting server (server close detected).
[08:08:05][MONITOR] Restarting server (server close detected).
[08:09:12][MONITOR] Restarting server (server close detected).
[08:10:17][MONITOR] Restarting server (server close detected).
[08:11:24][MONITOR] Restarting server (server close detected).
[08:12:29][MONITOR] Restarting server (server close detected).
[08:13:36][MONITOR] Restarting server (server close detected).
[08:14:41][MONITOR] Restarting server (server close detected).
[08:15:47][MONITOR] Restarting server (server close detected).
[08:16:54][MONITOR] Restarting server (server close detected).
[08:17:59][MONITOR] Restarting server (server close detected).
[08:19:06][MONITOR] Restarting server (server close detected).
[08:20:11][MONITOR] Restarting server (server close detected).
[08:21:18][MONITOR] Restarting server (server close detected).
[08:22:23][MONITOR] Restarting server (server close detected).
[08:23:30][MONITOR] Restarting server (server close detected).
[08:24:35][MONITOR] Restarting server (server close detected).
[08:25:42][MONITOR] Restarting server (server close detected).
[08:26:47][MONITOR] Restarting server (server close detected).
[08:27:54][MONITOR] Restarting server (server close detected).
[08:28:59][MONITOR] Restarting server (server close detected).
[08:30:06][MONITOR] Restarting server (server close detected).
[08:31:11][MONITOR] Restarting server (server close detected).
[08:32:17][MONITOR] Restarting server (server close detected).
[08:33:24][MONITOR] Restarting server (server close detected).
[08:34:29][MONITOR] Restarting server (server close detected).
[08:35:36][MONITOR] Restarting server (server close detected).
[08:36:41][MONITOR] Restarting server (server close detected).
[08:37:48][MONITOR] Restarting server (server close detected).
[08:38:53][MONITOR] Restarting server (server close detected).
[08:40:00][MONITOR] Restarting server (server close detected).
[08:41:05][MONITOR] Restarting server (server close detected).
[08:42:12][MONITOR] Restarting server (server close detected).
[08:43:17][MONITOR] Restarting server (server close detected).
[08:44:24][MONITOR] Restarting server (server close detected).
[08:45:29][MONITOR] Restarting server (server close detected).
[08:46:36][MONITOR] Restarting server (server close detected).
[08:47:41][MONITOR] Restarting server (server close detected).
[08:48:48][MONITOR] Restarting server (server close detected).
[08:49:53][MONITOR] Restarting server (server close detected).
[08:51:00][MONITOR] Restarting server (server close detected).
[08:52:05][MONITOR] Restarting server (server close detected).
[08:53:12][MONITOR] Restarting server (server close detected).
[08:54:17][MONITOR] Restarting server (server close detected).
[08:55:24][MONITOR] Restarting server (server close detected).
[08:56:29][MONITOR] Restarting server (server close detected).
[08:57:36][MONITOR] Restarting server (server close detected).
[08:58:41][MONITOR] Restarting server (server close detected).
[08:59:48][MONITOR] Restarting server (server close detected).
[09:00:54][MONITOR] Restarting server (server close detected).
[09:02:00][MONITOR] Restarting server (server close detected).
[09:03:07][MONITOR] Restarting server (server close detected).
[09:04:12][MONITOR] Restarting server (server close detected).
[09:05:19][MONITOR] Restarting server (server close detected).
[09:06:24][MONITOR] Restarting server (server close detected).
[09:07:31][MONITOR] Restarting server (server close detected).
[09:08:36][MONITOR] Restarting server (server close detected).
[09:09:43][MONITOR] Restarting server (server close detected).
[09:10:48][MONITOR] Restarting server (server close detected).
[09:11:55][MONITOR] Restarting server (server close detected).
[09:13:00][MONITOR] Restarting server (server close detected).
[09:14:07][MONITOR] Restarting server (server close detected).
[09:15:12][MONITOR] Restarting server (server close detected).
[09:16:19][MONITOR] Restarting server (server close detected).
[09:17:24][MONITOR] Restarting server (server close detected).
[09:18:31][MONITOR] Restarting server (server close detected).
[09:19:36][MONITOR] Restarting server (server close detected).
[09:20:43][MONITOR] Restarting server (server close detected).
[09:21:48][MONITOR] Restarting server (server close detected).
[09:22:55][MONITOR] Restarting server (server close detected).
[09:24:00][MONITOR] Restarting server (server close detected).
[09:25:06][MONITOR] Restarting server (server close detected).
[09:26:12][MONITOR] Restarting server (server close detected).
[09:27:19][MONITOR] Restarting server (server close detected).
[09:28:24][MONITOR] Restarting server (server close detected).
[09:29:31][MONITOR] Restarting server (server close detected).
[09:30:37][MONITOR] Restarting server (server close detected).
[09:31:43][MONITOR] Restarting server (server close detected).
[09:32:50][MONITOR] Restarting server (server close detected).
[09:33:55][MONITOR] Restarting server (server close detected).
[09:35:02][MONITOR] Restarting server (server close detected).
[09:36:07][MONITOR] Restarting server (server close detected).
[09:37:14][MONITOR] Restarting server (server close detected).
[09:38:19][MONITOR] Restarting server (server close detected).
[09:39:26][MONITOR] Restarting server (server close detected).
[09:40:31][MONITOR] Restarting server (server close detected).
[09:41:38][MONITOR] Restarting server (server close detected).
[09:42:43][MONITOR] Restarting server (server close detected).
[09:43:50][MONITOR] Restarting server (server close detected).
[09:44:55][MONITOR] Restarting server (server close detected).
[09:46:02][MONITOR] Restarting server (server close detected).
[09:47:07][MONITOR] Restarting server (server close detected).
[09:48:14][MONITOR] Restarting server (server close detected).
[09:49:19][MONITOR] Restarting server (server close detected).
[09:50:26][MONITOR] Restarting server (server close detected).
[09:51:31][MONITOR] Restarting server (server close detected).
[09:52:38][MONITOR] Restarting server (server close detected).
[09:53:43][MONITOR] Restarting server (server close detected).
[09:54:50][MONITOR] Restarting server (server close detected).
[09:55:55][MONITOR] Restarting server (server close detected).
[09:57:02][MONITOR] Restarting server (server close detected).
[09:58:07][MONITOR] Restarting server (server close detected).
[09:59:14][MONITOR] Restarting server (server close detected).
[10:00:19][MONITOR] Restarting server (server close detected).
[10:01:26][MONITOR] Restarting server (server close detected).
[10:02:31][MONITOR] Restarting server (server close detected).
[10:03:38][MONITOR] Restarting server (server close detected).
[10:04:43][MONITOR] Restarting server (server close detected).
[10:05:50][MONITOR] Restarting server (server close detected).
[10:06:55][MONITOR] Restarting server (server close detected).
[10:08:02][MONITOR] Restarting server (server close detected).
[10:09:07][MONITOR] Restarting server (server close detected).
[10:10:13][MONITOR] Restarting server (server close detected).
[10:11:20][MONITOR] Restarting server (server close detected).
[10:12:25][MONITOR] Restarting server (server close detected).
[10:13:32][MONITOR] Restarting server (server close detected).
[10:14:37][MONITOR] Restarting server (server close detected).
[10:15:44][MONITOR] Restarting server (server close detected).
[10:16:49][MONITOR] Restarting server (server close detected).
[10:17:56][MONITOR] Restarting server (server close detected).
[10:19:01][MONITOR] Restarting server (server close detected).

================================================================
======== txAdmin v7.1.0 atop fxserver 8052 Starting - 6/24/2024, 10:19:40 AM
================================================================
[10:25:31][jamie] logged in from 88.159.244.69 via cfxre
[10:25:57][jamie] Deleting user 'gayniggapornleaked'.
[10:26:02][jamie] Deleting user 'jerrythuis'.
[10:26:05][jamie] Deleting user 'nielstaghi2'.
[10:26:08][jamie] Deleting user 'nielstaghi'.
[10:26:10][jamie] Deleting user 'sander'.
[10:26:13][jamie] Deleting user 'rvhdccianhogendijk'.
[10:26:15][jamie] Deleting user 'Niels'.
[10:26:18][jamie] Deleting user 'roxyro'.
[10:26:20][jamie] Deleting user 'sunlees'.
[10:26:22][jamie] Deleting user 'sunnless'.
[10:26:25][jamie] Deleting user 'jaybully'.
[10:26:28][jamie] Deleting user 'Sam'.
[10:26:31][jamie] Deleting user 'scloop'.
[10:26:34][jamie] Deleting user 'notfietsendief'.
[10:26:37][jamie] Deleting user 'Thomas'.
[10:26:39][jamie] Deleting user 'jesse'.
[10:26:41][jamie] Deleting user 'lilfish'.
[10:26:42][jamie] Deleting user 'helios'.
[10:26:44][jamie] Deleting user 'mats'.
[10:26:46][jamie] Deleting user 'luka'.
[10:26:48][jamie] Deleting user 'milann'.
[10:26:50][jamie] Deleting user 'fahraw'.
[10:26:52][jamie] Deleting user 'hugodejong'.
[10:28:27][jamie] Changing discordBot settings.
[10:28:47][jamie] Changing Player Manager settings.
[10:28:49][jamie] Changing Player Manager settings.
[10:28:52][matthijs] logged in from 89.99.67.196 via cfxre
[10:39:45][matthijs] Changing Player Manager settings.
[10:39:50][matthijs] Kicked #2649: f
[10:40:11][matthijs] Changing Player Manager settings.
[10:40:40][matthijs] Changing Player Manager settings.
[10:40:40][matthijs] Changing Player Manager settings.
[10:45:18][jamie] executed "ensure "FIVEGUARD""
[10:45:51][jamie] executed "fg-unban 1"
[10:45:55][jamie] executed "fg unban 2"
[10:45:56][jamie] executed "fg unban 3"
[10:45:57][jamie] executed "fg unban 1"
[10:48:00][jamie] executed "setgroup 4 admin"
[10:49:01][jamie] executed "RESTART SERVER"

================================================================
======== txAdmin v7.1.0 atop fxserver 8052 Starting - 6/24/2024, 12:00:16 PM
================================================================

================================================================
======== txAdmin v7.1.0 atop fxserver 8052 Starting - 6/24/2024, 6:00:19 PM
================================================================
