
================================================================
======== txAdmin v7.1.0 atop fxserver 8052 Starting - 5/21/2024, 12:01:03 AM
================================================================

================================================================
======== Log Rotated - 5/21/2024, 12:01:03 AM                   
================================================================

================================================================
======== txAdmin v7.1.0 atop fxserver 8052 Starting - 5/21/2024, 6:00:22 AM
================================================================

================================================================
======== txAdmin v7.1.0 atop fxserver 8052 Starting - 5/21/2024, 12:00:19 PM
================================================================
[15:01:10][lilfish] Warned player [12] stxcs: stop

================================================================
======== txAdmin v7.1.0 atop fxserver 8052 Starting - 5/21/2024, 6:00:18 PM
================================================================
[18:05:36][jesse] logged in from 84.82.187.23 via password
[18:05:55][jesse] executed "giverefund steam:1100001581c35c7 WEAPON_MP5 1"
[18:06:01][jesse] executed "giverefund steam:1100001581c35c7 w_at_scope_mp5 1"
[18:06:08][jesse] executed "giverefund steam:1100001581c35c7 w_at_mp5_supp_02 1"
[18:06:23][jesse] executed "giverefund steam:1100001581c35c7 ammo-45 300"
[18:06:58][jamie] logged in from 88.159.244.69 via cfxre
[18:07:23][jamie] Adding admin 'jerrythuis'.
[18:09:20][jesse] executed "giverefund steam:1100001581c35c7 ammo-rifle 300"
[18:09:23][jesse] executed "giverefund steam:1100001581c35c7 ammo-9 300"
[18:12:22][jesse] executed "revive 5"
[18:22:56][jesse] executed "giverefund steam:1100001581c35c7 weapon_dildo 1"
[18:23:25][jesse] executed "hahahahha"
[19:29:34][jaybully] Sending announcement: niet vergeten jongens! rdm is ook toegestaan!
[19:29:39][jesse] executed "giverefund steam:1100001581c35c7 WEAPON_AK47 1"
[19:29:45][jesse] executed "giverefund steam:1100001581c35c7 at_ak47_scope_1 1"
[19:29:53][jesse] executed "giverefund steam:1100001581c35c7 at_ak47_suppressor 1"
[19:29:59][jesse] executed "giverefund steam:1100001581c35c7 at_ak47_flashlight 1"
[19:30:06][jesse] executed "giverefund steam:1100001581c35c7 at_ak47_grip 1"
[19:30:13][jesse] executed "giverefund steam:1100001581c35c7 at_ak47_clip_extended 1"
[19:30:24][jesse] executed "giverefund steam:1100001581c35c7 at_ak47_camo_redtiger 1"
[19:30:34][jesse] executed "giverefund steam:1100001581c35c7 ammo-ak 500"
[19:30:42][jesse] executed "giverefund steam:1100001581c35c7 ammo-rifle 500"
[19:36:54][jesse] Banned player bumba: Cheaten
[19:37:29][jesse] executed "giverefund steam:11000014654bcd3 WEAPON_AK47 1"
[19:37:36][jesse] executed "giverefund steam:11000014654bcd3 ammo-rifle 500"
[19:46:39][jaybully] Sending announcement: welke goofball heeft lucas kluiver taken gegeven
[19:48:26][Tijntjuh] logged in from 84.80.106.96 via cfxre
[19:49:01][milann] Banned player Kokkie: DOEI, lever die ak maar lekker in
[19:50:13][jesse] executed "giverefund steam:110000159c14efb money 2500000"
[19:52:57][jamie] Sending announcement: /revivemij :)
[19:58:09][jesse] executed "giverefund steam:11000013f2a7824 ammo-9 300"
[19:58:40][jesse] executed "giverefund steam:11000014ab4e48b ammo-45 300"
[19:59:08][jesse] executed "giverefund steam:11000014654bcd3 ammo-rifle 300"
[20:05:41][jesse] Banned player bumba: cheats
[20:21:22][jesse] executed "giverefund steam:110000159c14efb ammo-rifle 300"
[20:21:34][jesse] executed "giverefund steam:11000015aeb5d12 ammo-rifle 300"
[20:53:48][sunnless] Sending announcement: jullie zijn allemaal laag gegaan kusjes
[20:55:16][jesse] executed "setjob 37 police 9"
[20:55:21][jesse] executed "setjob 37 police 8"
[20:55:38][jesse] executed "setjob2 37 dsi 4"
[20:56:12][jamie] executed "ensure "jtm-newlife""
[20:56:44][jamie] executed "ensure "jtm-newlife""
[20:58:00][jamie] executed "ensure "jtm-newlife""
[20:58:35][jesse] executed "giverefund steam:110000159c14efb weapon_dildo 1"
