
================================================================
======== txAdmin v7.1.0 atop fxserver 8052 Starting - 6/30/2024, 12:00:16 AM
================================================================

================================================================
======== Log Rotated - 6/30/2024, 12:00:16 AM                   
================================================================

================================================================
======== txAdmin v7.1.0 atop fxserver 8052 Starting - 6/30/2024, 6:00:18 AM
================================================================

================================================================
======== txAdmin v7.1.0 atop fxserver 8052 Starting - 6/30/2024, 10:05:59 AM
================================================================

================================================================
======== txAdmin v7.1.0 atop fxserver 8052 Starting - 6/30/2024, 10:12:04 AM
================================================================

================================================================
======== txAdmin v7.1.0 atop fxserver 8052 Starting - 6/30/2024, 10:13:50 AM
================================================================
[10:14:33][matthijs] logged in from 89.99.67.196 via cfxre

================================================================
======== txAdmin v7.1.0 atop fxserver 8052 Starting - 6/30/2024, 10:16:56 AM
================================================================

================================================================
======== txAdmin v7.1.0 atop fxserver 8052 Starting - 6/30/2024, 10:17:39 AM
================================================================

================================================================
======== txAdmin v7.1.0 atop fxserver 8052 Starting - 6/30/2024, 10:19:27 AM
================================================================

================================================================
======== txAdmin v7.1.0 atop fxserver 8052 Starting - 6/30/2024, 10:23:37 AM
================================================================

================================================================
======== txAdmin v7.1.0 atop fxserver 8052 Starting - 6/30/2024, 10:28:09 AM
================================================================

================================================================
======== txAdmin v7.1.0 atop fxserver 8052 Starting - 6/30/2024, 10:29:40 AM
================================================================
[10:31:18][matthijs] logged in from 89.99.67.196 via cfxre
[10:31:33][jamie] logged in from 88.159.244.69 via cfxre
[10:31:56][matthijs] Changing fxRunner settings.

================================================================
======== txAdmin v7.1.0 atop fxserver 8052 Starting - 6/30/2024, 10:32:28 AM
================================================================

================================================================
======== txAdmin v7.1.0 atop fxserver 8052 Starting - 6/30/2024, 10:33:49 AM
================================================================

================================================================
======== txAdmin v7.1.0 atop fxserver 8052 Starting - 6/30/2024, 10:34:22 AM
================================================================
[10:56:42][jamie] logged in from 88.159.244.69 via cfxre
[11:48:28][jamie] executed "RESTART SERVER"
[11:50:12][jamie] executed "ensure "jtm-bf900verhuur""

================================================================
======== txAdmin v7.1.0 atop fxserver 8052 Starting - 6/30/2024, 12:00:17 PM
================================================================
[12:02:32][jamie] logged in from 88.159.244.69 via cfxre
[12:02:38][jamie] executed "ensure "jtm-bf900verhuur""
[12:16:21][jamie] executed "stop "Ziekenhuis""
[12:42:35][jamie] executed "fg screenshot 1"
[12:42:39][jamie] executed "fg screen 1"
[13:08:28][jamie] executed "RESTART SERVER"
[13:14:59][jamie] executed "RESTART SERVER"
[13:21:09][jamie] executed "RESTART SERVER"
[13:28:19][jamie] executed "RESTART SERVER"

================================================================
======== txAdmin v7.1.0 atop fxserver 8052 Starting - 6/30/2024, 1:28:28 PM
================================================================
[13:28:57][jamie] logged in from 88.159.244.69 via cfxre

================================================================
======== txAdmin v7.1.0 atop fxserver 8052 Starting - 6/30/2024, 1:35:55 PM
================================================================
[14:01:16][matthijs] executed "RESTART SERVER"
[14:10:50][matthijs] logged in from 89.99.67.196 via cfxre
[14:11:06][matthijs] executed "heal 1"
[16:58:12][matthijs] executed "ensure "frp-cardealer""
[16:58:28][matthijs] executed "ensure "frp-cardealer""

================================================================
======== txAdmin v7.1.0 atop fxserver 8052 Starting - 6/30/2024, 4:59:48 PM
================================================================

================================================================
======== txAdmin v7.1.0 atop fxserver 8052 Starting - 6/30/2024, 5:16:32 PM
================================================================

================================================================
======== txAdmin v7.1.0 atop fxserver 8052 Starting - 6/30/2024, 6:00:15 PM
================================================================
