
================================================================
======== txAdmin v7.1.0 atop fxserver 8052 Starting - 6/29/2024, 12:00:16 AM
================================================================

================================================================
======== Log Rotated - 6/29/2024, 12:00:16 AM                   
================================================================
[00:01:16][MONITOR] Restarting server (server close detected).
[00:02:21][MONITOR] Restarting server (server close detected).
[00:03:28][MONITOR] Restarting server (server close detected).
[00:04:33][MONITOR] Restarting server (server close detected).
[00:05:40][MONITOR] Restarting server (server close detected).
[00:06:45][MONITOR] Restarting server (server close detected).
[00:07:52][MONITOR] Restarting server (server close detected).
[00:08:57][MONITOR] Restarting server (server close detected).
[00:10:04][MONITOR] Restarting server (server close detected).
[00:11:10][MONITOR] Restarting server (server close detected).
[00:12:15][MONITOR] Restarting server (server close detected).
[00:13:22][MONITOR] Restarting server (server close detected).
[00:14:27][MONITOR] Restarting server (server close detected).
[00:15:34][MONITOR] Restarting server (server close detected).
[00:16:39][MONITOR] Restarting server (server close detected).
[00:17:46][MONITOR] Restarting server (server close detected).
[00:18:51][MONITOR] Restarting server (server close detected).
[00:19:58][MONITOR] Restarting server (server close detected).
[00:21:03][MONITOR] Restarting server (server close detected).
[00:22:10][MONITOR] Restarting server (server close detected).
[00:23:15][MONITOR] Restarting server (server close detected).
[00:24:22][MONITOR] Restarting server (server close detected).
[00:25:27][MONITOR] Restarting server (server close detected).
[00:26:33][MONITOR] Restarting server (server close detected).
[00:27:40][MONITOR] Restarting server (server close detected).
[00:28:45][MONITOR] Restarting server (server close detected).
[00:29:52][MONITOR] Restarting server (server close detected).
[00:30:57][MONITOR] Restarting server (server close detected).
[00:32:04][MONITOR] Restarting server (server close detected).
[00:33:09][MONITOR] Restarting server (server close detected).
[00:34:16][MONITOR] Restarting server (server close detected).
[00:35:21][MONITOR] Restarting server (server close detected).
[00:36:28][MONITOR] Restarting server (server close detected).
[00:37:33][MONITOR] Restarting server (server close detected).
[00:38:40][MONITOR] Restarting server (server close detected).
[00:39:45][MONITOR] Restarting server (server close detected).
[00:40:52][MONITOR] Restarting server (server close detected).
[00:41:57][MONITOR] Restarting server (server close detected).
[00:43:04][MONITOR] Restarting server (server close detected).
[00:44:09][MONITOR] Restarting server (server close detected).
[00:45:16][MONITOR] Restarting server (server close detected).
[00:46:22][MONITOR] Restarting server (server close detected).
[00:47:28][MONITOR] Restarting server (server close detected).
[00:48:35][MONITOR] Restarting server (server close detected).
[00:49:40][MONITOR] Restarting server (server close detected).
[00:50:47][MONITOR] Restarting server (server close detected).
[00:51:52][MONITOR] Restarting server (server close detected).
[00:52:59][MONITOR] Restarting server (server close detected).
[00:54:04][MONITOR] Restarting server (server close detected).
[00:55:11][MONITOR] Restarting server (server close detected).
[00:56:16][MONITOR] Restarting server (server close detected).
[00:57:23][MONITOR] Restarting server (server close detected).
[00:58:28][MONITOR] Restarting server (server close detected).
[00:59:35][MONITOR] Restarting server (server close detected).
[01:00:40][MONITOR] Restarting server (server close detected).
[01:01:47][MONITOR] Restarting server (server close detected).
[01:02:53][MONITOR] Restarting server (server close detected).
[01:03:58][MONITOR] Restarting server (server close detected).
[01:05:05][MONITOR] Restarting server (server close detected).
[01:06:10][MONITOR] Restarting server (server close detected).
[01:07:17][MONITOR] Restarting server (server close detected).
[01:08:22][MONITOR] Restarting server (server close detected).
[01:09:29][MONITOR] Restarting server (server close detected).
[01:10:34][MONITOR] Restarting server (server close detected).
[01:11:41][MONITOR] Restarting server (server close detected).
[01:12:46][MONITOR] Restarting server (server close detected).
[01:13:53][MONITOR] Restarting server (server close detected).
[01:14:59][MONITOR] Restarting server (server close detected).
[01:16:05][MONITOR] Restarting server (server close detected).
[01:17:12][MONITOR] Restarting server (server close detected).
[01:18:17][MONITOR] Restarting server (server close detected).
[01:19:24][MONITOR] Restarting server (server close detected).
[01:20:29][MONITOR] Restarting server (server close detected).
[01:21:36][MONITOR] Restarting server (server close detected).
[01:22:41][MONITOR] Restarting server (server close detected).
[01:23:48][MONITOR] Restarting server (server close detected).
[01:24:53][MONITOR] Restarting server (server close detected).
[01:26:00][MONITOR] Restarting server (server close detected).
[01:27:05][MONITOR] Restarting server (server close detected).
[01:28:12][MONITOR] Restarting server (server close detected).
[01:29:17][MONITOR] Restarting server (server close detected).
[01:30:23][MONITOR] Restarting server (server close detected).
[01:31:30][MONITOR] Restarting server (server close detected).
[01:32:35][MONITOR] Restarting server (server close detected).
[01:33:42][MONITOR] Restarting server (server close detected).
[01:34:47][MONITOR] Restarting server (server close detected).
[01:35:54][MONITOR] Restarting server (server close detected).
[01:36:59][MONITOR] Restarting server (server close detected).
[01:38:06][MONITOR] Restarting server (server close detected).
[01:39:11][MONITOR] Restarting server (server close detected).
[01:40:18][MONITOR] Restarting server (server close detected).
[01:41:24][MONITOR] Restarting server (server close detected).
[01:42:30][MONITOR] Restarting server (server close detected).
[01:43:37][MONITOR] Restarting server (server close detected).
[01:44:42][MONITOR] Restarting server (server close detected).
[01:45:49][MONITOR] Restarting server (server close detected).
[01:46:54][MONITOR] Restarting server (server close detected).
[01:48:01][MONITOR] Restarting server (server close detected).
[01:49:06][MONITOR] Restarting server (server close detected).
[01:50:13][MONITOR] Restarting server (server close detected).
[01:51:18][MONITOR] Restarting server (server close detected).
[01:52:25][MONITOR] Restarting server (server close detected).
[01:53:30][MONITOR] Restarting server (server close detected).
[01:54:37][MONITOR] Restarting server (server close detected).
[01:55:43][MONITOR] Restarting server (server close detected).
[01:56:48][MONITOR] Restarting server (server close detected).
[01:57:55][MONITOR] Restarting server (server close detected).
[01:59:00][MONITOR] Restarting server (server close detected).
[02:00:07][MONITOR] Restarting server (server close detected).
[02:01:12][MONITOR] Restarting server (server close detected).
[02:02:19][MONITOR] Restarting server (server close detected).
[02:03:24][MONITOR] Restarting server (server close detected).
[02:04:31][MONITOR] Restarting server (server close detected).
[02:05:36][MONITOR] Restarting server (server close detected).
[02:06:43][MONITOR] Restarting server (server close detected).
[02:07:48][MONITOR] Restarting server (server close detected).
[02:08:54][MONITOR] Restarting server (server close detected).
[02:10:01][MONITOR] Restarting server (server close detected).
[02:11:06][MONITOR] Restarting server (server close detected).
[02:12:13][MONITOR] Restarting server (server close detected).
[02:13:18][MONITOR] Restarting server (server close detected).
[02:14:25][MONITOR] Restarting server (server close detected).
[02:15:30][MONITOR] Restarting server (server close detected).
[02:16:37][MONITOR] Restarting server (server close detected).
[02:17:42][MONITOR] Restarting server (server close detected).
[02:18:49][MONITOR] Restarting server (server close detected).
[02:19:54][MONITOR] Restarting server (server close detected).
[02:21:01][MONITOR] Restarting server (server close detected).
[02:22:07][MONITOR] Restarting server (server close detected).
[02:23:12][MONITOR] Restarting server (server close detected).
[02:24:19][MONITOR] Restarting server (server close detected).
[02:25:24][MONITOR] Restarting server (server close detected).
[02:26:31][MONITOR] Restarting server (server close detected).
[02:27:36][MONITOR] Restarting server (server close detected).
[02:28:43][MONITOR] Restarting server (server close detected).
[02:29:48][MONITOR] Restarting server (server close detected).
[02:30:55][MONITOR] Restarting server (server close detected).
[02:32:00][MONITOR] Restarting server (server close detected).
[02:33:07][MONITOR] Restarting server (server close detected).
[02:34:12][MONITOR] Restarting server (server close detected).
[02:35:18][MONITOR] Restarting server (server close detected).
[02:36:25][MONITOR] Restarting server (server close detected).
[02:37:30][MONITOR] Restarting server (server close detected).
[02:38:37][MONITOR] Restarting server (server close detected).
[02:39:42][MONITOR] Restarting server (server close detected).
[02:40:49][MONITOR] Restarting server (server close detected).
[02:41:54][MONITOR] Restarting server (server close detected).
[02:43:01][MONITOR] Restarting server (server close detected).
[02:44:06][MONITOR] Restarting server (server close detected).
[02:45:13][MONITOR] Restarting server (server close detected).
[02:46:18][MONITOR] Restarting server (server close detected).
[02:47:25][MONITOR] Restarting server (server close detected).
[02:48:30][MONITOR] Restarting server (server close detected).
[02:49:37][MONITOR] Restarting server (server close detected).
[02:50:42][MONITOR] Restarting server (server close detected).
[02:51:49][MONITOR] Restarting server (server close detected).
[02:52:55][MONITOR] Restarting server (server close detected).
[02:54:01][MONITOR] Restarting server (server close detected).
[02:55:08][MONITOR] Restarting server (server close detected).
[02:56:13][MONITOR] Restarting server (server close detected).
[02:57:20][MONITOR] Restarting server (server close detected).
[02:58:25][MONITOR] Restarting server (server close detected).
[02:59:32][MONITOR] Restarting server (server close detected).
[03:00:37][MONITOR] Restarting server (server close detected).
[03:01:44][MONITOR] Restarting server (server close detected).
[03:02:49][MONITOR] Restarting server (server close detected).
[03:03:56][MONITOR] Restarting server (server close detected).
[03:05:01][MONITOR] Restarting server (server close detected).
[03:06:08][MONITOR] Restarting server (server close detected).
[03:07:14][MONITOR] Restarting server (server close detected).
[03:08:19][MONITOR] Restarting server (server close detected).
[03:09:26][MONITOR] Restarting server (server close detected).
[03:10:31][MONITOR] Restarting server (server close detected).
[03:11:38][MONITOR] Restarting server (server close detected).
[03:12:43][MONITOR] Restarting server (server close detected).
[03:13:50][MONITOR] Restarting server (server close detected).
[03:14:55][MONITOR] Restarting server (server close detected).
[03:16:02][MONITOR] Restarting server (server close detected).
[03:17:08][MONITOR] Restarting server (server close detected).
[03:18:13][MONITOR] Restarting server (server close detected).
[03:19:20][MONITOR] Restarting server (server close detected).
[03:20:25][MONITOR] Restarting server (server close detected).
[03:21:32][MONITOR] Restarting server (server close detected).
[03:22:37][MONITOR] Restarting server (server close detected).
[03:23:44][MONITOR] Restarting server (server close detected).
[03:24:49][MONITOR] Restarting server (server close detected).
[03:25:56][MONITOR] Restarting server (server close detected).
[03:27:01][MONITOR] Restarting server (server close detected).
[03:28:07][MONITOR] Restarting server (server close detected).
[03:29:14][MONITOR] Restarting server (server close detected).
[03:30:19][MONITOR] Restarting server (server close detected).
[03:31:26][MONITOR] Restarting server (server close detected).
[03:32:31][MONITOR] Restarting server (server close detected).
[03:33:38][MONITOR] Restarting server (server close detected).
[03:34:43][MONITOR] Restarting server (server close detected).
[03:35:50][MONITOR] Restarting server (server close detected).
[03:36:56][MONITOR] Restarting server (server close detected).
[03:38:02][MONITOR] Restarting server (server close detected).
[03:39:09][MONITOR] Restarting server (server close detected).
[03:40:14][MONITOR] Restarting server (server close detected).
[03:41:21][MONITOR] Restarting server (server close detected).
[03:42:26][MONITOR] Restarting server (server close detected).
[03:43:33][MONITOR] Restarting server (server close detected).
[03:44:38][MONITOR] Restarting server (server close detected).
[03:45:45][MONITOR] Restarting server (server close detected).
[03:46:50][MONITOR] Restarting server (server close detected).
[03:47:57][MONITOR] Restarting server (server close detected).
[03:49:02][MONITOR] Restarting server (server close detected).
[03:50:09][MONITOR] Restarting server (server close detected).
[03:51:15][MONITOR] Restarting server (server close detected).
[03:52:21][MONITOR] Restarting server (server close detected).
[03:53:28][MONITOR] Restarting server (server close detected).
[03:54:33][MONITOR] Restarting server (server close detected).
[03:55:40][MONITOR] Restarting server (server close detected).
[03:56:45][MONITOR] Restarting server (server close detected).
[03:57:52][MONITOR] Restarting server (server close detected).
[03:58:57][MONITOR] Restarting server (server close detected).
[04:00:04][MONITOR] Restarting server (server close detected).
[04:01:09][MONITOR] Restarting server (server close detected).
[04:02:16][MONITOR] Restarting server (server close detected).
[04:03:22][MONITOR] Restarting server (server close detected).
[04:04:28][MONITOR] Restarting server (server close detected).
[04:05:35][MONITOR] Restarting server (server close detected).
[04:06:40][MONITOR] Restarting server (server close detected).
[04:07:47][MONITOR] Restarting server (server close detected).
[04:08:52][MONITOR] Restarting server (server close detected).
[04:09:59][MONITOR] Restarting server (server close detected).
[04:11:04][MONITOR] Restarting server (server close detected).
[04:12:11][MONITOR] Restarting server (server close detected).
[04:13:16][MONITOR] Restarting server (server close detected).
[04:14:23][MONITOR] Restarting server (server close detected).
[04:15:28][MONITOR] Restarting server (server close detected).
[04:16:34][MONITOR] Restarting server (server close detected).
[04:17:41][MONITOR] Restarting server (server close detected).
[04:18:46][MONITOR] Restarting server (server close detected).
[04:19:53][MONITOR] Restarting server (server close detected).
[04:20:58][MONITOR] Restarting server (server close detected).
[04:22:05][MONITOR] Restarting server (server close detected).
[04:23:10][MONITOR] Restarting server (server close detected).
[04:24:17][MONITOR] Restarting server (server close detected).
[04:25:23][MONITOR] Restarting server (server close detected).
[04:26:28][MONITOR] Restarting server (server close detected).
[04:27:35][MONITOR] Restarting server (server close detected).
[04:28:40][MONITOR] Restarting server (server close detected).
[04:29:47][MONITOR] Restarting server (server close detected).
[04:30:52][MONITOR] Restarting server (server close detected).
[04:31:59][MONITOR] Restarting server (server close detected).
[04:33:04][MONITOR] Restarting server (server close detected).
[04:34:10][MONITOR] Restarting server (server close detected).
[04:35:17][MONITOR] Restarting server (server close detected).
[04:36:22][MONITOR] Restarting server (server close detected).
[04:37:29][MONITOR] Restarting server (server close detected).
[04:38:34][MONITOR] Restarting server (server close detected).
[04:39:41][MONITOR] Restarting server (server close detected).
[04:40:46][MONITOR] Restarting server (server close detected).
[04:41:53][MONITOR] Restarting server (server close detected).
[04:42:58][MONITOR] Restarting server (server close detected).
[04:44:05][MONITOR] Restarting server (server close detected).
[04:45:11][MONITOR] Restarting server (server close detected).
[04:46:16][MONITOR] Restarting server (server close detected).
[04:47:23][MONITOR] Restarting server (server close detected).
[04:48:28][MONITOR] Restarting server (server close detected).
[04:49:35][MONITOR] Restarting server (server close detected).
[04:50:40][MONITOR] Restarting server (server close detected).
[04:51:47][MONITOR] Restarting server (server close detected).
[04:52:52][MONITOR] Restarting server (server close detected).
[04:53:58][MONITOR] Restarting server (server close detected).
[04:55:05][MONITOR] Restarting server (server close detected).
[04:56:10][MONITOR] Restarting server (server close detected).
[04:57:17][MONITOR] Restarting server (server close detected).
[04:58:22][MONITOR] Restarting server (server close detected).
[04:59:29][MONITOR] Restarting server (server close detected).
[05:00:34][MONITOR] Restarting server (server close detected).
[05:01:41][MONITOR] Restarting server (server close detected).
[05:02:46][MONITOR] Restarting server (server close detected).
[05:03:53][MONITOR] Restarting server (server close detected).
[05:04:59][MONITOR] Restarting server (server close detected).
[05:06:05][MONITOR] Restarting server (server close detected).
[05:07:12][MONITOR] Restarting server (server close detected).
[05:08:17][MONITOR] Restarting server (server close detected).
[05:09:24][MONITOR] Restarting server (server close detected).
[05:10:29][MONITOR] Restarting server (server close detected).
[05:11:36][MONITOR] Restarting server (server close detected).
[05:12:41][MONITOR] Restarting server (server close detected).
[05:13:48][MONITOR] Restarting server (server close detected).
[05:14:53][MONITOR] Restarting server (server close detected).
[05:16:00][MONITOR] Restarting server (server close detected).
[05:17:05][MONITOR] Restarting server (server close detected).
[05:18:11][MONITOR] Restarting server (server close detected).
[05:19:18][MONITOR] Restarting server (server close detected).
[05:20:23][MONITOR] Restarting server (server close detected).
[05:21:30][MONITOR] Restarting server (server close detected).
[05:22:35][MONITOR] Restarting server (server close detected).
[05:23:42][MONITOR] Restarting server (server close detected).
[05:24:47][MONITOR] Restarting server (server close detected).
[05:25:54][MONITOR] Restarting server (server close detected).
[05:27:00][MONITOR] Restarting server (server close detected).
[05:28:05][MONITOR] Restarting server (server close detected).
[05:29:12][MONITOR] Restarting server (server close detected).
[05:30:17][MONITOR] Restarting server (server close detected).
[05:31:24][MONITOR] Restarting server (server close detected).
[05:32:29][MONITOR] Restarting server (server close detected).
[05:33:36][MONITOR] Restarting server (server close detected).
[05:34:41][MONITOR] Restarting server (server close detected).
[05:35:48][MONITOR] Restarting server (server close detected).
[05:36:53][MONITOR] Restarting server (server close detected).
[05:38:00][MONITOR] Restarting server (server close detected).
[05:39:06][MONITOR] Restarting server (server close detected).
[05:40:11][MONITOR] Restarting server (server close detected).
[05:41:18][MONITOR] Restarting server (server close detected).
[05:42:23][MONITOR] Restarting server (server close detected).
[05:43:30][MONITOR] Restarting server (server close detected).
[05:44:35][MONITOR] Restarting server (server close detected).
[05:45:41][MONITOR] Restarting server (server close detected).
[05:46:48][MONITOR] Restarting server (server close detected).
[05:47:53][MONITOR] Restarting server (server close detected).
[05:49:00][MONITOR] Restarting server (server close detected).
[05:50:05][MONITOR] Restarting server (server close detected).
[05:51:12][MONITOR] Restarting server (server close detected).
[05:52:17][MONITOR] Restarting server (server close detected).
[05:53:24][MONITOR] Restarting server (server close detected).
[05:54:30][MONITOR] Restarting server (server close detected).
[05:55:35][MONITOR] Restarting server (server close detected).
[05:56:42][MONITOR] Restarting server (server close detected).
[05:57:47][MONITOR] Restarting server (server close detected).
[05:58:54][MONITOR] Restarting server (server close detected).
[05:59:59][MONITOR] Restarting server (server close detected).

================================================================
======== txAdmin v7.1.0 atop fxserver 8052 Starting - 6/29/2024, 6:00:17 AM
================================================================
[06:01:17][MONITOR] Restarting server (server close detected).
[06:02:24][MONITOR] Restarting server (server close detected).
[06:03:29][MONITOR] Restarting server (server close detected).
[06:04:35][MONITOR] Restarting server (server close detected).
[06:05:42][MONITOR] Restarting server (server close detected).
[06:06:47][MONITOR] Restarting server (server close detected).
[06:07:54][MONITOR] Restarting server (server close detected).
[06:08:59][MONITOR] Restarting server (server close detected).
[06:10:06][MONITOR] Restarting server (server close detected).
[06:11:11][MONITOR] Restarting server (server close detected).
[06:12:18][MONITOR] Restarting server (server close detected).
[06:13:23][MONITOR] Restarting server (server close detected).
[06:14:30][MONITOR] Restarting server (server close detected).
[06:15:35][MONITOR] Restarting server (server close detected).
[06:16:41][MONITOR] Restarting server (server close detected).
[06:17:48][MONITOR] Restarting server (server close detected).
[06:18:53][MONITOR] Restarting server (server close detected).
[06:20:00][MONITOR] Restarting server (server close detected).
[06:21:05][MONITOR] Restarting server (server close detected).
[06:22:12][MONITOR] Restarting server (server close detected).
[06:23:17][MONITOR] Restarting server (server close detected).
[06:24:24][MONITOR] Restarting server (server close detected).
[06:25:29][MONITOR] Restarting server (server close detected).
[06:26:36][MONITOR] Restarting server (server close detected).
[06:27:42][MONITOR] Restarting server (server close detected).
[06:28:47][MONITOR] Restarting server (server close detected).
[06:29:54][MONITOR] Restarting server (server close detected).
[06:30:59][MONITOR] Restarting server (server close detected).
[06:32:06][MONITOR] Restarting server (server close detected).
[06:33:11][MONITOR] Restarting server (server close detected).
[06:34:18][MONITOR] Restarting server (server close detected).
[06:35:23][MONITOR] Restarting server (server close detected).
[06:36:30][MONITOR] Restarting server (server close detected).
[06:37:35][MONITOR] Restarting server (server close detected).
[06:38:41][MONITOR] Restarting server (server close detected).
[06:39:48][MONITOR] Restarting server (server close detected).
[06:40:53][MONITOR] Restarting server (server close detected).
[06:42:00][MONITOR] Restarting server (server close detected).
[06:43:05][MONITOR] Restarting server (server close detected).
[06:44:12][MONITOR] Restarting server (server close detected).
[06:45:17][MONITOR] Restarting server (server close detected).
[06:46:24][MONITOR] Restarting server (server close detected).
[06:47:29][MONITOR] Restarting server (server close detected).
[06:48:36][MONITOR] Restarting server (server close detected).
[06:49:41][MONITOR] Restarting server (server close detected).
[06:50:48][MONITOR] Restarting server (server close detected).
[06:51:53][MONITOR] Restarting server (server close detected).
[06:53:00][MONITOR] Restarting server (server close detected).
[06:54:05][MONITOR] Restarting server (server close detected).
[06:55:12][MONITOR] Restarting server (server close detected).
[06:56:18][MONITOR] Restarting server (server close detected).
[06:57:23][MONITOR] Restarting server (server close detected).
[06:58:30][MONITOR] Restarting server (server close detected).
[06:59:35][MONITOR] Restarting server (server close detected).
[07:00:42][MONITOR] Restarting server (server close detected).
[07:01:47][MONITOR] Restarting server (server close detected).
[07:02:54][MONITOR] Restarting server (server close detected).
[07:03:59][MONITOR] Restarting server (server close detected).
[07:05:06][MONITOR] Restarting server (server close detected).
[07:06:11][MONITOR] Restarting server (server close detected).
[07:07:17][MONITOR] Restarting server (server close detected).
[07:08:24][MONITOR] Restarting server (server close detected).
[07:09:29][MONITOR] Restarting server (server close detected).
[07:10:36][MONITOR] Restarting server (server close detected).
[07:11:41][MONITOR] Restarting server (server close detected).
[07:12:48][MONITOR] Restarting server (server close detected).
[07:13:53][MONITOR] Restarting server (server close detected).
[07:15:00][MONITOR] Restarting server (server close detected).
[07:16:05][MONITOR] Restarting server (server close detected).
[07:17:12][MONITOR] Restarting server (server close detected).
[07:18:18][MONITOR] Restarting server (server close detected).
[07:19:23][MONITOR] Restarting server (server close detected).
[07:20:30][MONITOR] Restarting server (server close detected).
[07:21:35][MONITOR] Restarting server (server close detected).
[07:22:42][MONITOR] Restarting server (server close detected).
[07:23:47][MONITOR] Restarting server (server close detected).
[07:24:54][MONITOR] Restarting server (server close detected).
[07:25:59][MONITOR] Restarting server (server close detected).
[07:27:05][MONITOR] Restarting server (server close detected).
[07:28:12][MONITOR] Restarting server (server close detected).
[07:29:17][MONITOR] Restarting server (server close detected).
[07:30:24][MONITOR] Restarting server (server close detected).
[07:31:29][MONITOR] Restarting server (server close detected).
[07:32:36][MONITOR] Restarting server (server close detected).
[07:33:41][MONITOR] Restarting server (server close detected).
[07:34:48][MONITOR] Restarting server (server close detected).
[07:35:54][MONITOR] Restarting server (server close detected).
[07:37:00][MONITOR] Restarting server (server close detected).
[07:38:07][MONITOR] Restarting server (server close detected).
[07:39:12][MONITOR] Restarting server (server close detected).
[07:40:19][MONITOR] Restarting server (server close detected).
[07:41:24][MONITOR] Restarting server (server close detected).
[07:42:31][MONITOR] Restarting server (server close detected).
[07:43:36][MONITOR] Restarting server (server close detected).
[07:44:43][MONITOR] Restarting server (server close detected).
[07:45:49][MONITOR] Restarting server (server close detected).
[07:46:55][MONITOR] Restarting server (server close detected).
[07:48:02][MONITOR] Restarting server (server close detected).
[07:49:07][MONITOR] Restarting server (server close detected).
[07:50:14][MONITOR] Restarting server (server close detected).
[07:51:19][MONITOR] Restarting server (server close detected).
[07:52:26][MONITOR] Restarting server (server close detected).
[07:53:31][MONITOR] Restarting server (server close detected).
[07:54:38][MONITOR] Restarting server (server close detected).
[07:55:43][MONITOR] Restarting server (server close detected).
[07:56:49][MONITOR] Restarting server (server close detected).
[07:57:56][MONITOR] Restarting server (server close detected).
[07:59:01][MONITOR] Restarting server (server close detected).
[08:00:08][MONITOR] Restarting server (server close detected).
[08:01:13][MONITOR] Restarting server (server close detected).
[08:02:20][MONITOR] Restarting server (server close detected).
[08:03:25][MONITOR] Restarting server (server close detected).
[08:04:32][MONITOR] Restarting server (server close detected).
[08:05:37][MONITOR] Restarting server (server close detected).
[08:06:43][MONITOR] Restarting server (server close detected).
[08:07:50][MONITOR] Restarting server (server close detected).
[08:08:55][MONITOR] Restarting server (server close detected).
[08:10:02][MONITOR] Restarting server (server close detected).
[08:11:07][MONITOR] Restarting server (server close detected).
[08:12:14][MONITOR] Restarting server (server close detected).
[08:13:19][MONITOR] Restarting server (server close detected).
[08:14:26][MONITOR] Restarting server (server close detected).
[08:15:31][MONITOR] Restarting server (server close detected).
[08:16:38][MONITOR] Restarting server (server close detected).
[08:17:44][MONITOR] Restarting server (server close detected).
[08:18:49][MONITOR] Restarting server (server close detected).
[08:19:56][MONITOR] Restarting server (server close detected).
[08:21:01][MONITOR] Restarting server (server close detected).
[08:22:08][MONITOR] Restarting server (server close detected).
[08:23:13][MONITOR] Restarting server (server close detected).
[08:24:20][MONITOR] Restarting server (server close detected).
[08:25:25][MONITOR] Restarting server (server close detected).
[08:26:32][MONITOR] Restarting server (server close detected).
[08:27:37][MONITOR] Restarting server (server close detected).
[08:28:43][MONITOR] Restarting server (server close detected).
[08:29:50][MONITOR] Restarting server (server close detected).
[08:30:55][MONITOR] Restarting server (server close detected).
[08:32:02][MONITOR] Restarting server (server close detected).
[08:33:07][MONITOR] Restarting server (server close detected).
[08:34:14][MONITOR] Restarting server (server close detected).
[08:35:19][MONITOR] Restarting server (server close detected).
[08:36:26][MONITOR] Restarting server (server close detected).
[08:37:31][MONITOR] Restarting server (server close detected).
[08:38:37][MONITOR] Restarting server (server close detected).
[08:39:44][MONITOR] Restarting server (server close detected).
[08:40:49][MONITOR] Restarting server (server close detected).
[08:41:56][MONITOR] Restarting server (server close detected).
[08:43:01][MONITOR] Restarting server (server close detected).
[08:44:08][MONITOR] Restarting server (server close detected).
[08:45:13][MONITOR] Restarting server (server close detected).
[08:46:20][MONITOR] Restarting server (server close detected).
[08:47:25][MONITOR] Restarting server (server close detected).
[08:48:31][MONITOR] Restarting server (server close detected).
[08:49:38][MONITOR] Restarting server (server close detected).
[08:50:43][MONITOR] Restarting server (server close detected).
[08:51:50][MONITOR] Restarting server (server close detected).
[08:52:55][MONITOR] Restarting server (server close detected).
[08:54:02][MONITOR] Restarting server (server close detected).
[08:55:07][MONITOR] Restarting server (server close detected).
[08:56:14][MONITOR] Restarting server (server close detected).
[08:57:20][MONITOR] Restarting server (server close detected).
[08:58:25][MONITOR] Restarting server (server close detected).
[08:59:32][MONITOR] Restarting server (server close detected).
[09:00:37][MONITOR] Restarting server (server close detected).
[09:01:44][MONITOR] Restarting server (server close detected).
[09:02:49][MONITOR] Restarting server (server close detected).
[09:03:56][MONITOR] Restarting server (server close detected).
[09:05:01][MONITOR] Restarting server (server close detected).
[09:06:07][MONITOR] Restarting server (server close detected).
[09:07:14][MONITOR] Restarting server (server close detected).
[09:08:19][MONITOR] Restarting server (server close detected).
[09:09:26][MONITOR] Restarting server (server close detected).
[09:10:31][MONITOR] Restarting server (server close detected).
[09:11:38][MONITOR] Restarting server (server close detected).
[09:12:43][MONITOR] Restarting server (server close detected).
[09:13:50][MONITOR] Restarting server (server close detected).
[09:14:56][MONITOR] Restarting server (server close detected).
[09:16:01][MONITOR] Restarting server (server close detected).
[09:17:08][MONITOR] Restarting server (server close detected).
[09:18:13][MONITOR] Restarting server (server close detected).
[09:19:20][MONITOR] Restarting server (server close detected).
[09:20:25][MONITOR] Restarting server (server close detected).
[09:21:32][MONITOR] Restarting server (server close detected).
[09:22:37][MONITOR] Restarting server (server close detected).
[09:23:44][MONITOR] Restarting server (server close detected).
[09:24:50][MONITOR] Restarting server (server close detected).
[09:25:56][MONITOR] Restarting server (server close detected).
[09:27:03][MONITOR] Restarting server (server close detected).
[09:28:08][MONITOR] Restarting server (server close detected).
[09:29:15][MONITOR] Restarting server (server close detected).
[09:30:20][MONITOR] Restarting server (server close detected).
[09:31:27][MONITOR] Restarting server (server close detected).
[09:32:32][MONITOR] Restarting server (server close detected).
[09:33:39][MONITOR] Restarting server (server close detected).
[09:34:44][MONITOR] Restarting server (server close detected).
[09:35:50][MONITOR] Restarting server (server close detected).
[09:36:57][MONITOR] Restarting server (server close detected).
[09:38:02][MONITOR] Restarting server (server close detected).
[09:39:09][MONITOR] Restarting server (server close detected).
[09:40:14][MONITOR] Restarting server (server close detected).
[09:41:21][MONITOR] Restarting server (server close detected).
[09:42:26][MONITOR] Restarting server (server close detected).
[09:43:33][MONITOR] Restarting server (server close detected).
[09:44:38][MONITOR] Restarting server (server close detected).
[09:45:44][MONITOR] Restarting server (server close detected).
[09:46:51][MONITOR] Restarting server (server close detected).
[09:47:56][MONITOR] Restarting server (server close detected).
[09:49:03][MONITOR] Restarting server (server close detected).
[09:50:08][MONITOR] Restarting server (server close detected).
[09:51:15][MONITOR] Restarting server (server close detected).
[09:52:20][MONITOR] Restarting server (server close detected).
[09:53:27][MONITOR] Restarting server (server close detected).
[09:54:32][MONITOR] Restarting server (server close detected).
[09:55:38][MONITOR] Restarting server (server close detected).
[09:56:45][MONITOR] Restarting server (server close detected).
[09:57:50][MONITOR] Restarting server (server close detected).
[09:58:57][MONITOR] Restarting server (server close detected).
[10:00:02][MONITOR] Restarting server (server close detected).
[10:01:09][MONITOR] Restarting server (server close detected).
[10:02:14][MONITOR] Restarting server (server close detected).
[10:03:21][MONITOR] Restarting server (server close detected).
[10:04:26][MONITOR] Restarting server (server close detected).
[10:05:33][MONITOR] Restarting server (server close detected).
[10:06:38][MONITOR] Restarting server (server close detected).
[10:07:44][MONITOR] Restarting server (server close detected).
[10:08:51][MONITOR] Restarting server (server close detected).
[10:09:56][MONITOR] Restarting server (server close detected).
[10:11:03][MONITOR] Restarting server (server close detected).
[10:12:08][MONITOR] Restarting server (server close detected).
[10:13:15][MONITOR] Restarting server (server close detected).
[10:14:20][MONITOR] Restarting server (server close detected).
[10:15:27][MONITOR] Restarting server (server close detected).
[10:16:32][MONITOR] Restarting server (server close detected).
[10:17:38][MONITOR] Restarting server (server close detected).
[10:18:45][MONITOR] Restarting server (server close detected).
[10:19:50][MONITOR] Restarting server (server close detected).
[10:20:57][MONITOR] Restarting server (server close detected).
[10:22:02][MONITOR] Restarting server (server close detected).
[10:23:09][MONITOR] Restarting server (server close detected).
[10:24:14][MONITOR] Restarting server (server close detected).
[10:25:21][MONITOR] Restarting server (server close detected).
[10:26:26][MONITOR] Restarting server (server close detected).
[10:27:32][MONITOR] Restarting server (server close detected).
[10:28:39][MONITOR] Restarting server (server close detected).
[10:29:44][MONITOR] Restarting server (server close detected).
[10:30:51][MONITOR] Restarting server (server close detected).
[10:31:56][MONITOR] Restarting server (server close detected).
[10:33:03][MONITOR] Restarting server (server close detected).
[10:34:08][MONITOR] Restarting server (server close detected).
[10:35:15][MONITOR] Restarting server (server close detected).
[10:36:20][MONITOR] Restarting server (server close detected).
[10:37:27][MONITOR] Restarting server (server close detected).
[10:38:33][MONITOR] Restarting server (server close detected).
[10:39:38][MONITOR] Restarting server (server close detected).
[10:40:45][MONITOR] Restarting server (server close detected).
[10:41:50][MONITOR] Restarting server (server close detected).
[10:42:57][MONITOR] Restarting server (server close detected).
[10:44:02][MONITOR] Restarting server (server close detected).
[10:45:09][MONITOR] Restarting server (server close detected).
[10:46:14][MONITOR] Restarting server (server close detected).
[10:47:20][MONITOR] Restarting server (server close detected).
[10:48:27][MONITOR] Restarting server (server close detected).
[10:49:32][MONITOR] Restarting server (server close detected).
[10:50:39][MONITOR] Restarting server (server close detected).
[10:51:44][MONITOR] Restarting server (server close detected).
[10:52:51][MONITOR] Restarting server (server close detected).
[10:53:56][MONITOR] Restarting server (server close detected).
[10:55:03][MONITOR] Restarting server (server close detected).
[10:56:08][MONITOR] Restarting server (server close detected).
[10:57:15][MONITOR] Restarting server (server close detected).
[10:58:21][MONITOR] Restarting server (server close detected).
[10:59:26][MONITOR] Restarting server (server close detected).
[11:00:33][MONITOR] Restarting server (server close detected).
[11:01:38][MONITOR] Restarting server (server close detected).
[11:02:45][MONITOR] Restarting server (server close detected).
[11:03:50][MONITOR] Restarting server (server close detected).
[11:04:57][MONITOR] Restarting server (server close detected).
[11:06:02][MONITOR] Restarting server (server close detected).
[11:07:08][MONITOR] Restarting server (server close detected).
[11:08:15][MONITOR] Restarting server (server close detected).
[11:09:20][MONITOR] Restarting server (server close detected).
[11:10:27][MONITOR] Restarting server (server close detected).
[11:11:32][MONITOR] Restarting server (server close detected).
[11:12:39][MONITOR] Restarting server (server close detected).
[11:13:44][MONITOR] Restarting server (server close detected).
[11:14:51][MONITOR] Restarting server (server close detected).
[11:15:56][MONITOR] Restarting server (server close detected).
[11:17:02][MONITOR] Restarting server (server close detected).
[11:18:09][MONITOR] Restarting server (server close detected).
[11:19:14][MONITOR] Restarting server (server close detected).
[11:20:21][MONITOR] Restarting server (server close detected).
[11:21:26][MONITOR] Restarting server (server close detected).
[11:22:33][MONITOR] Restarting server (server close detected).
[11:23:38][MONITOR] Restarting server (server close detected).
[11:24:45][MONITOR] Restarting server (server close detected).
[11:25:50][MONITOR] Restarting server (server close detected).
[11:26:57][MONITOR] Restarting server (server close detected).
[11:28:03][MONITOR] Restarting server (server close detected).
[11:29:08][MONITOR] Restarting server (server close detected).
[11:30:15][MONITOR] Restarting server (server close detected).
[11:31:20][MONITOR] Restarting server (server close detected).
[11:32:27][MONITOR] Restarting server (server close detected).
[11:33:32][MONITOR] Restarting server (server close detected).
[11:34:39][MONITOR] Restarting server (server close detected).
[11:35:44][MONITOR] Restarting server (server close detected).
[11:36:51][MONITOR] Restarting server (server close detected).
[11:37:56][MONITOR] Restarting server (server close detected).
[11:39:02][MONITOR] Restarting server (server close detected).
[11:40:09][MONITOR] Restarting server (server close detected).
[11:41:14][MONITOR] Restarting server (server close detected).
[11:42:21][MONITOR] Restarting server (server close detected).
[11:43:26][MONITOR] Restarting server (server close detected).
[11:44:33][MONITOR] Restarting server (server close detected).
[11:45:38][MONITOR] Restarting server (server close detected).
[11:46:45][MONITOR] Restarting server (server close detected).
[11:47:50][MONITOR] Restarting server (server close detected).
[11:48:56][MONITOR] Restarting server (server close detected).
[11:50:03][MONITOR] Restarting server (server close detected).
[11:51:08][MONITOR] Restarting server (server close detected).
[11:52:15][MONITOR] Restarting server (server close detected).
[11:53:20][MONITOR] Restarting server (server close detected).
[11:54:27][MONITOR] Restarting server (server close detected).
[11:55:32][MONITOR] Restarting server (server close detected).
[11:56:39][MONITOR] Restarting server (server close detected).
[11:57:44][MONITOR] Restarting server (server close detected).
[11:58:51][MONITOR] Restarting server (server close detected).
[11:59:57][MONITOR] Restarting server (server close detected).

================================================================
======== txAdmin v7.1.0 atop fxserver 8052 Starting - 6/29/2024, 12:00:16 PM
================================================================
[12:01:17][MONITOR] Restarting server (server close detected).
[12:02:22][MONITOR] Restarting server (server close detected).
[12:03:29][MONITOR] Restarting server (server close detected).
[12:04:34][MONITOR] Restarting server (server close detected).
[12:05:41][MONITOR] Restarting server (server close detected).
[12:06:46][MONITOR] Restarting server (server close detected).
[12:07:53][MONITOR] Restarting server (server close detected).
[12:08:58][MONITOR] Restarting server (server close detected).
[12:10:05][MONITOR] Restarting server (server close detected).
[12:11:10][MONITOR] Restarting server (server close detected).
[12:12:16][MONITOR] Restarting server (server close detected).
[12:13:23][MONITOR] Restarting server (server close detected).
[12:14:28][MONITOR] Restarting server (server close detected).
[12:15:35][MONITOR] Restarting server (server close detected).
[12:16:40][MONITOR] Restarting server (server close detected).
[12:17:47][MONITOR] Restarting server (server close detected).
[12:18:52][MONITOR] Restarting server (server close detected).
[12:19:59][MONITOR] Restarting server (server close detected).
[12:21:05][MONITOR] Restarting server (server close detected).
[12:22:11][MONITOR] Restarting server (server close detected).
[12:23:18][MONITOR] Restarting server (server close detected).
[12:24:23][MONITOR] Restarting server (server close detected).
[12:25:30][MONITOR] Restarting server (server close detected).
[12:26:35][MONITOR] Restarting server (server close detected).
[12:27:42][MONITOR] Restarting server (server close detected).
[12:28:47][MONITOR] Restarting server (server close detected).
[12:29:54][MONITOR] Restarting server (server close detected).
[12:31:00][MONITOR] Restarting server (server close detected).
[12:32:05][MONITOR] Restarting server (server close detected).
[12:33:12][MONITOR] Restarting server (server close detected).
[12:34:17][MONITOR] Restarting server (server close detected).
[12:35:24][MONITOR] Restarting server (server close detected).
[12:36:29][MONITOR] Restarting server (server close detected).
[12:37:36][MONITOR] Restarting server (server close detected).
[12:38:41][MONITOR] Restarting server (server close detected).
[12:39:48][MONITOR] Restarting server (server close detected).
[12:40:53][MONITOR] Restarting server (server close detected).
[12:41:59][MONITOR] Restarting server (server close detected).
[12:43:06][MONITOR] Restarting server (server close detected).
[12:44:11][MONITOR] Restarting server (server close detected).
[12:45:18][MONITOR] Restarting server (server close detected).
[12:46:23][MONITOR] Restarting server (server close detected).
[12:47:30][MONITOR] Restarting server (server close detected).
[12:48:35][MONITOR] Restarting server (server close detected).
[12:49:42][MONITOR] Restarting server (server close detected).
[12:50:47][MONITOR] Restarting server (server close detected).
[12:51:54][MONITOR] Restarting server (server close detected).
[12:53:00][MONITOR] Restarting server (server close detected).
[12:54:05][MONITOR] Restarting server (server close detected).
[12:55:12][MONITOR] Restarting server (server close detected).
[12:56:17][MONITOR] Restarting server (server close detected).
[12:57:24][MONITOR] Restarting server (server close detected).
[12:58:29][MONITOR] Restarting server (server close detected).
[12:59:36][MONITOR] Restarting server (server close detected).
[13:00:41][MONITOR] Restarting server (server close detected).
[13:01:48][MONITOR] Restarting server (server close detected).
[13:02:53][MONITOR] Restarting server (server close detected).
[13:03:59][MONITOR] Restarting server (server close detected).
[13:05:06][MONITOR] Restarting server (server close detected).
[13:06:11][MONITOR] Restarting server (server close detected).
[13:07:18][MONITOR] Restarting server (server close detected).
[13:08:23][MONITOR] Restarting server (server close detected).
[13:09:30][MONITOR] Restarting server (server close detected).
[13:10:35][MONITOR] Restarting server (server close detected).
[13:11:42][MONITOR] Restarting server (server close detected).
[13:12:47][MONITOR] Restarting server (server close detected).
[13:13:54][MONITOR] Restarting server (server close detected).
[13:14:59][MONITOR] Restarting server (server close detected).
[13:16:06][MONITOR] Restarting server (server close detected).
[13:17:11][MONITOR] Restarting server (server close detected).
[13:18:17][MONITOR] Restarting server (server close detected).
[13:19:24][MONITOR] Restarting server (server close detected).
[13:20:29][MONITOR] Restarting server (server close detected).
[13:21:36][MONITOR] Restarting server (server close detected).
[13:22:41][MONITOR] Restarting server (server close detected).
[13:23:48][MONITOR] Restarting server (server close detected).
[13:24:53][MONITOR] Restarting server (server close detected).
[13:26:00][MONITOR] Restarting server (server close detected).
[13:27:05][MONITOR] Restarting server (server close detected).
[13:28:12][MONITOR] Restarting server (server close detected).
[13:29:17][MONITOR] Restarting server (server close detected).
[13:30:24][MONITOR] Restarting server (server close detected).
[13:31:29][MONITOR] Restarting server (server close detected).
[13:32:35][MONITOR] Restarting server (server close detected).
[13:33:42][MONITOR] Restarting server (server close detected).
[13:34:47][MONITOR] Restarting server (server close detected).
[13:35:54][MONITOR] Restarting server (server close detected).
[13:36:59][MONITOR] Restarting server (server close detected).
[13:38:06][MONITOR] Restarting server (server close detected).
[13:39:11][MONITOR] Restarting server (server close detected).
[13:40:18][MONITOR] Restarting server (server close detected).
[13:41:23][MONITOR] Restarting server (server close detected).
[13:42:30][MONITOR] Restarting server (server close detected).
[13:43:35][MONITOR] Restarting server (server close detected).
[13:44:42][MONITOR] Restarting server (server close detected).
[13:45:47][MONITOR] Restarting server (server close detected).
[13:46:54][MONITOR] Restarting server (server close detected).
[13:48:00][MONITOR] Restarting server (server close detected).
[13:49:05][MONITOR] Restarting server (server close detected).
[13:50:12][MONITOR] Restarting server (server close detected).
[13:51:17][MONITOR] Restarting server (server close detected).
[13:52:24][MONITOR] Restarting server (server close detected).
[13:53:29][MONITOR] Restarting server (server close detected).
[13:54:36][MONITOR] Restarting server (server close detected).
[13:55:41][MONITOR] Restarting server (server close detected).
[13:56:48][MONITOR] Restarting server (server close detected).
[13:57:53][MONITOR] Restarting server (server close detected).
[13:59:00][MONITOR] Restarting server (server close detected).
[14:00:05][MONITOR] Restarting server (server close detected).
[14:01:11][MONITOR] Restarting server (server close detected).
[14:02:18][MONITOR] Restarting server (server close detected).
[14:03:23][MONITOR] Restarting server (server close detected).
[14:04:30][MONITOR] Restarting server (server close detected).
[14:05:35][MONITOR] Restarting server (server close detected).
[14:06:42][MONITOR] Restarting server (server close detected).
[14:07:47][MONITOR] Restarting server (server close detected).
[14:08:54][MONITOR] Restarting server (server close detected).
[14:09:59][MONITOR] Restarting server (server close detected).
[14:11:06][MONITOR] Restarting server (server close detected).
[14:12:11][MONITOR] Restarting server (server close detected).
[14:13:17][MONITOR] Restarting server (server close detected).
[14:14:24][MONITOR] Restarting server (server close detected).
[14:15:29][MONITOR] Restarting server (server close detected).
[14:16:36][MONITOR] Restarting server (server close detected).
[14:17:41][MONITOR] Restarting server (server close detected).
[14:18:48][MONITOR] Restarting server (server close detected).
[14:19:53][MONITOR] Restarting server (server close detected).
[14:21:00][MONITOR] Restarting server (server close detected).
[14:22:05][MONITOR] Restarting server (server close detected).
[14:23:11][MONITOR] Restarting server (server close detected).
[14:24:18][MONITOR] Restarting server (server close detected).
[14:25:23][MONITOR] Restarting server (server close detected).
[14:26:30][MONITOR] Restarting server (server close detected).
[14:27:35][MONITOR] Restarting server (server close detected).
[14:28:42][MONITOR] Restarting server (server close detected).
[14:29:47][MONITOR] Restarting server (server close detected).
[14:30:54][MONITOR] Restarting server (server close detected).
[14:31:59][MONITOR] Restarting server (server close detected).
[14:33:06][MONITOR] Restarting server (server close detected).
[14:34:12][MONITOR] Restarting server (server close detected).
[14:35:18][MONITOR] Restarting server (server close detected).
[14:36:25][MONITOR] Restarting server (server close detected).
[14:37:30][MONITOR] Restarting server (server close detected).
[14:38:37][MONITOR] Restarting server (server close detected).
[14:39:42][MONITOR] Restarting server (server close detected).
[14:40:49][MONITOR] Restarting server (server close detected).
[14:41:54][MONITOR] Restarting server (server close detected).
[14:43:01][MONITOR] Restarting server (server close detected).
[14:44:06][MONITOR] Restarting server (server close detected).
[14:45:13][MONITOR] Restarting server (server close detected).
[14:46:19][MONITOR] Restarting server (server close detected).
[14:47:25][MONITOR] Restarting server (server close detected).
[14:48:32][MONITOR] Restarting server (server close detected).
[14:49:37][MONITOR] Restarting server (server close detected).
[14:50:44][MONITOR] Restarting server (server close detected).
[14:51:49][MONITOR] Restarting server (server close detected).
[14:52:56][MONITOR] Restarting server (server close detected).
[14:54:01][MONITOR] Restarting server (server close detected).
[14:55:08][MONITOR] Restarting server (server close detected).
[14:56:13][MONITOR] Restarting server (server close detected).
[14:57:19][MONITOR] Restarting server (server close detected).
[14:58:26][MONITOR] Restarting server (server close detected).
[14:59:31][MONITOR] Restarting server (server close detected).
[15:00:38][MONITOR] Restarting server (server close detected).
[15:01:43][MONITOR] Restarting server (server close detected).
[15:02:50][MONITOR] Restarting server (server close detected).
[15:03:55][MONITOR] Restarting server (server close detected).
[15:05:02][MONITOR] Restarting server (server close detected).
[15:06:07][MONITOR] Restarting server (server close detected).
[15:07:14][MONITOR] Restarting server (server close detected).
[15:08:19][MONITOR] Restarting server (server close detected).
[15:09:25][MONITOR] Restarting server (server close detected).
[15:10:32][MONITOR] Restarting server (server close detected).
[15:11:37][MONITOR] Restarting server (server close detected).
[15:12:44][MONITOR] Restarting server (server close detected).
[15:13:49][MONITOR] Restarting server (server close detected).
[15:14:56][MONITOR] Restarting server (server close detected).
[15:16:01][MONITOR] Restarting server (server close detected).
[15:17:08][MONITOR] Restarting server (server close detected).
[15:18:13][MONITOR] Restarting server (server close detected).
[15:19:20][MONITOR] Restarting server (server close detected).
[15:20:26][MONITOR] Restarting server (server close detected).
[15:21:31][MONITOR] Restarting server (server close detected).
[15:22:38][MONITOR] Restarting server (server close detected).
[15:23:43][MONITOR] Restarting server (server close detected).
[15:24:50][MONITOR] Restarting server (server close detected).
[15:25:55][MONITOR] Restarting server (server close detected).
[15:27:02][MONITOR] Restarting server (server close detected).
[15:28:07][MONITOR] Restarting server (server close detected).
[15:29:14][MONITOR] Restarting server (server close detected).
[15:30:19][MONITOR] Restarting server (server close detected).
[15:31:25][MONITOR] Restarting server (server close detected).
[15:32:32][MONITOR] Restarting server (server close detected).
[15:33:37][MONITOR] Restarting server (server close detected).
[15:34:44][MONITOR] Restarting server (server close detected).
[15:35:49][MONITOR] Restarting server (server close detected).
[15:36:56][MONITOR] Restarting server (server close detected).
[15:38:01][MONITOR] Restarting server (server close detected).
[15:39:08][MONITOR] Restarting server (server close detected).
[15:40:13][MONITOR] Restarting server (server close detected).
[15:41:20][MONITOR] Restarting server (server close detected).
[15:42:25][MONITOR] Restarting server (server close detected).
[15:43:32][MONITOR] Restarting server (server close detected).
[15:44:38][MONITOR] Restarting server (server close detected).
[15:45:44][MONITOR] Restarting server (server close detected).
[15:46:51][MONITOR] Restarting server (server close detected).
[15:47:56][MONITOR] Restarting server (server close detected).
[15:49:03][MONITOR] Restarting server (server close detected).
[15:50:08][MONITOR] Restarting server (server close detected).
[15:51:15][MONITOR] Restarting server (server close detected).
[15:52:20][MONITOR] Restarting server (server close detected).
[15:53:27][MONITOR] Restarting server (server close detected).
[15:54:32][MONITOR] Restarting server (server close detected).
[15:55:39][MONITOR] Restarting server (server close detected).
[15:56:44][MONITOR] Restarting server (server close detected).
[15:57:51][MONITOR] Restarting server (server close detected).
[15:58:57][MONITOR] Restarting server (server close detected).
[16:00:03][MONITOR] Restarting server (server close detected).
[16:01:10][MONITOR] Restarting server (server close detected).
[16:02:15][MONITOR] Restarting server (server close detected).
[16:03:22][MONITOR] Restarting server (server close detected).
[16:04:27][MONITOR] Restarting server (server close detected).
[16:05:34][MONITOR] Restarting server (server close detected).
[16:06:39][MONITOR] Restarting server (server close detected).
[16:07:46][MONITOR] Restarting server (server close detected).
[16:08:51][MONITOR] Restarting server (server close detected).
[16:09:58][MONITOR] Restarting server (server close detected).
[16:11:03][MONITOR] Restarting server (server close detected).
[16:12:10][MONITOR] Restarting server (server close detected).
[16:13:15][MONITOR] Restarting server (server close detected).
[16:14:22][MONITOR] Restarting server (server close detected).
[16:15:28][MONITOR] Restarting server (server close detected).
[16:16:33][MONITOR] Restarting server (server close detected).
[16:17:40][MONITOR] Restarting server (server close detected).
[16:18:45][MONITOR] Restarting server (server close detected).
[16:19:52][MONITOR] Restarting server (server close detected).
[16:20:57][MONITOR] Restarting server (server close detected).
[16:22:04][MONITOR] Restarting server (server close detected).
[16:23:09][MONITOR] Restarting server (server close detected).
[16:24:16][MONITOR] Restarting server (server close detected).
[16:25:21][MONITOR] Restarting server (server close detected).
[16:26:28][MONITOR] Restarting server (server close detected).
[16:27:33][MONITOR] Restarting server (server close detected).
[16:28:40][MONITOR] Restarting server (server close detected).
[16:29:45][MONITOR] Restarting server (server close detected).
[16:30:52][MONITOR] Restarting server (server close detected).
[16:31:58][MONITOR] Restarting server (server close detected).
[16:33:04][MONITOR] Restarting server (server close detected).

================================================================
======== txAdmin v7.1.0 atop fxserver 8052 Starting - 6/29/2024, 4:33:27 PM
================================================================
[16:39:26][jamie] logged in from 88.159.244.69 via cfxre
[16:39:33][jamie] executed "fg unban 1"

================================================================
======== txAdmin v7.1.0 atop fxserver 8052 Starting - 6/29/2024, 4:42:21 PM
================================================================
[16:47:54][jamie] logged in from 88.159.244.69 via cfxre
[16:56:22][jamie] executed "RESTART SERVER"
[17:55:28][jamie] Cancelling next scheduled restart.

================================================================
======== txAdmin v7.1.0 atop fxserver 8052 Starting - 6/29/2024, 6:00:18 PM
================================================================

================================================================
======== txAdmin v7.1.0 atop fxserver 8052 Starting - 6/29/2024, 6:55:48 PM
================================================================
[19:41:38][matthijs] logged in from 89.99.67.196 via cfxre
[19:41:43][matthijs] executed "ensure "carpack""
[19:49:47][matthijs] executed "ensure "overheid""
[20:46:10][jamie] logged in from 88.159.244.69 via cfxre
[21:06:15][jamie] executed "RESTART SERVER"
[21:11:05][jamie] executed "RESTART SERVER"
[21:18:56][jamie] executed "RESTART SERVER"
[21:21:05][jamie] executed "stop "playerhud-v2""
[21:21:15][jamie] executed "stop "playerstatus""
[21:21:29][jamie] executed "ensure "playerstatus""
[21:21:32][jamie] executed "ensure "playerhud-v2""
[21:22:02][matthijs] executed "ensure "playerhud-v2""
[21:22:05][matthijs] executed "refresh"
[21:23:03][jamie] executed "RESTART SERVER"

================================================================
======== txAdmin v7.1.0 atop fxserver 8052 Starting - 6/29/2024, 9:23:17 PM
================================================================
[21:23:46][matthijs] logged in from 89.99.67.196 via cfxre
[21:28:41][jamie] logged in from 88.159.244.69 via cfxre
[21:30:43][jamie] executed "RESTART SERVER"
[21:30:44][matthijs] executed "RESTART SERVER"
[21:36:22][matthijs] executed "RESTART SERVER"
[21:37:49][matthijs] executed "refresh"
[21:37:52][matthijs] executed "ensure "frp-ambulance""
[22:11:59][jamie] executed "stop "playerhud-v2""
[22:12:02][jamie] executed "stop "playerstatus""
[22:13:03][jamie] executed "RESTART SERVER"
[22:18:31][jamie] executed "RESTART SERVER"
[22:46:05][jamie] executed "RESTART SERVER"
[22:48:55][jamie] executed "RESTART SERVER"
[22:55:16][jamie] executed "ensure "dpclothing""
[22:55:22][jamie] executed "RESTART SERVER"
[23:01:23][jamie] executed "fg unban 1"

================================================================
======== txAdmin v7.1.0 atop fxserver 8052 Starting - 6/29/2024, 11:07:07 PM
================================================================

================================================================
======== txAdmin v7.1.0 atop fxserver 8052 Starting - 6/29/2024, 11:08:45 PM
================================================================

================================================================
======== txAdmin v7.1.0 atop fxserver 8052 Starting - 6/29/2024, 11:11:33 PM
================================================================
[23:14:14][jamie] logged in from 88.159.244.69 via cfxre
[23:18:55][jamie] executed "setgroup 1 beheerteam"
[23:24:47][jamie] executed "RESTART SERVER"
[23:54:00][jamie] executed "RESTART SERVER"
[23:54:03][jamie] Cancelling next scheduled restart.
