
================================================================
======== txAdmin v7.1.0 atop fxserver 8052 Starting - 7/7/2024, 12:00:17 AM
================================================================

================================================================
======== Log Rotated - 7/7/2024, 12:00:17 AM                    
================================================================
[00:24:17][jamie] logged in from 88.159.244.69 via cfxre
[00:24:19][jamie] executed "RESTART SERVER"

================================================================
======== txAdmin v7.1.0 atop fxserver 8052 Starting - 7/7/2024, 6:00:18 AM
================================================================
[10:46:34][jamie] logged in from 88.159.244.69 via cfxre
[10:46:36][jamie] executed "RESTART SERVER"
[11:12:45][matthijs] logged in from 89.99.67.196 via cfxre
[11:25:38][jamie] executed "RESTART SERVER"
[11:38:05][jamie] executed "RESTART SERVER"

================================================================
======== txAdmin v7.1.0 atop fxserver 8052 Starting - 7/7/2024, 12:00:16 PM
================================================================
[12:15:58][jamie] logged in from 88.159.244.69 via cfxre
[12:18:44][jamie] Changing Player Manager settings.
[12:19:43][jamie] Approved whitelist request from [LRP] Ice#0.
[12:22:26][jamie] Adding admin 'ice'.
[12:24:02][matthijs] logged in from 89.99.67.196 via cfxre
[12:24:03][ice] Changing own password.
[12:24:04][matthijs] Approved whitelist request from [LRP] !Matthijs#0.
[12:24:04][ice] Changing own identifiers.
[12:32:23][jamie] Approved whitelist request from [LRP] !Jamie#0.
[12:32:58][jamie] Approved whitelist request from [LRP] Ducky#0.
[14:53:04][jamie] Approved whitelist request from [LRP] Sunnless#0.

================================================================
======== txAdmin v7.1.0 atop fxserver 8052 Starting - 7/7/2024, 6:00:16 PM
================================================================
[20:17:21][jamie] logged in from 88.159.244.69 via cfxre
