
================================================================
======== txAdmin v7.1.0 atop fxserver 8052 Starting - 6/4/2024, 12:00:16 AM
================================================================

================================================================
======== Log Rotated - 6/4/2024, 12:00:16 AM                    
================================================================

================================================================
======== txAdmin v7.1.0 atop fxserver 8052 Starting - 6/4/2024, 6:00:16 AM
================================================================

================================================================
======== txAdmin v7.1.0 atop fxserver 8052 Starting - 6/4/2024, 12:00:17 PM
================================================================
[15:00:49][jamie] logged in from 88.159.244.69 via cfxre
[15:01:13][jamie] executed "fg unban 1"
[15:24:07][matthijs] logged in from 89.99.67.196 via cfxre
[15:25:36][jamie] executed "RESTART SERVER"
[15:30:23][matthijs] executed "refresh"
[15:31:50][matthijs] executed "RESTART SERVER"
[15:32:09][jamie] executed "RESTART SERVER"
[16:05:02][jamie] Kicked #Bussdatnut6969: godmode rp

================================================================
======== txAdmin v7.1.0 atop fxserver 8052 Starting - 6/4/2024, 6:00:16 PM
================================================================
[22:01:53][jamie] logged in from 88.159.244.69 via cfxre
