
================================================================
======== txAdmin v7.1.0 atop fxserver 8052 Starting - 5/22/2024, 12:00:17 AM
================================================================

================================================================
======== Log Rotated - 5/22/2024, 12:00:17 AM                   
================================================================

================================================================
======== txAdmin v7.1.0 atop fxserver 8052 Starting - 5/22/2024, 6:00:16 AM
================================================================

================================================================
======== txAdmin v7.1.0 atop fxserver 8052 Starting - 5/22/2024, 12:00:23 PM
================================================================
[12:26:20][Tijntjuh] logged in from 84.80.106.96 via cfxre
[12:26:24][Tijntjuh] executed "fg unban 1"

================================================================
======== txAdmin v7.1.0 atop fxserver 8052 Starting - 5/22/2024, 6:00:27 PM
================================================================
[20:30:10][jaybully] Sending announcement: jullie kunnen /revivemij doen
[21:16:11][jaybully] Sending announcement: willen jullie doorgaan met een klein gevecht op eiland? maak reports
[21:20:20][jaybully] Sending announcement: we zullen zo beginnen
[21:26:40][jaybully] Sending announcement: iedereen die tp wilt moet report aanmaken
