
================================================================
======== txAdmin v7.1.0 atop fxserver 8052 Starting - 7/17/2024, 12:00:17 AM
================================================================

================================================================
======== Log Rotated - 7/17/2024, 12:00:17 AM                   
================================================================

================================================================
======== txAdmin v7.1.0 atop fxserver 8052 Starting - 7/17/2024, 6:00:18 AM
================================================================

================================================================
======== txAdmin v7.1.0 atop fxserver 8052 Starting - 7/17/2024, 10:56:11 AM
================================================================

================================================================
======== txAdmin v7.1.0 atop fxserver 8052 Starting - 7/17/2024, 10:57:59 AM
================================================================

================================================================
======== txAdmin v7.1.0 atop fxserver 8052 Starting - 7/17/2024, 10:59:38 AM
================================================================

================================================================
======== txAdmin v7.1.0 atop fxserver 8052 Starting - 7/17/2024, 11:01:28 AM
================================================================

================================================================
======== txAdmin v7.1.0 atop fxserver 8052 Starting - 7/17/2024, 11:04:07 AM
================================================================
[11:11:14][jamie] logged in from 88.159.244.69 via cfxre
[11:21:28][jamie] executed "cleaoffinv"
[11:21:31][jamie] executed "clearoffinv"
[11:27:20][jamie] executed "check 5a15363e61a94268052e425d9a4c11787722bd09"
[11:44:53][jamie] executed "combatlogboete"
[12:00:08][SCHEDULER] Restarting server (scheduled restart at 12:00).

================================================================
======== txAdmin v7.1.0 atop fxserver 8052 Starting - 7/17/2024, 12:00:19 PM
================================================================
[12:01:35][jamie] logged in from 88.159.244.69 via cfxre
[12:28:13][jamie] executed "giverefund"
[12:28:47][jamie] executed "giverefund 1100001493249e2 weapon_pistol 1"
[12:46:12][Tijntjuh] logged in from 84.80.106.96 via cfxre
[12:46:15][Tijntjuh] executed "refresh"
[12:46:18][Tijntjuh] executed "ensure oxdatacheck"
[12:46:29][Tijntjuh] Kicked #Alakzam Borik: Rejoin
[12:49:40][Tijntjuh] executed "refresh"
[12:49:41][Tijntjuh] executed "ensure oxdatacheck"
[12:50:56][Tijntjuh] executed "refresh"
[12:50:57][Tijntjuh] executed "ensure oxdatacheck"

================================================================
======== txAdmin v7.1.0 atop fxserver 8052 Starting - 7/17/2024, 12:56:05 PM
================================================================
[12:56:22][Tijntjuh] logged in from 84.80.106.96 via cfxre

================================================================
======== txAdmin v7.1.0 atop fxserver 8052 Starting - 7/17/2024, 12:59:16 PM
================================================================
[13:01:02][Tijntjuh] logged in from 84.80.106.96 via cfxre

================================================================
======== txAdmin v6.0.2 atop fxserver 7290 Starting - 7/17/2024, 1:02:48 PM
================================================================
[13:03:01][Tijntjuh] logged in from 84.80.106.96 via citizenfx

================================================================
======== txAdmin v7.2.2 atop fxserver 8965 Starting - 7/17/2024, 1:04:21 PM
================================================================
[13:04:27][Tijntjuh] logged in from 84.80.106.96 via cfxre
[13:38:42][jamie] logged in from 88.159.244.69 via cfxre
[13:39:26][jamie] Changing Player Manager settings.
[13:39:27][jamie] Changing Player Manager settings.
[14:03:04][jamie] logged in from 88.159.244.69 via cfxre
[14:50:52][jamie] executed "giveitem 1 weapon_pistol 1"

================================================================
======== txAdmin v7.2.2 atop fxserver 8965 Starting - 7/17/2024, 3:41:30 PM
================================================================

================================================================
======== txAdmin v7.2.2 atop fxserver 8965 Starting - 7/17/2024, 3:45:31 PM
================================================================

================================================================
======== txAdmin v7.2.2 atop fxserver 8965 Starting - 7/17/2024, 3:47:01 PM
================================================================
[15:47:32][jamie] logged in from 88.159.244.69 via cfxre
[15:48:35][Tijntjuh] logged in from 84.80.106.96 via cfxre
[16:40:48][Tijntjuh] executed "refresh"
[16:40:51][Tijntjuh] executed "ensure oxdatacheck"
[17:06:16][jamie] executed "RESTART SERVER"
[17:10:13][jamie] executed "RESTART SERVER"
[17:10:20][jamie] Deleting user 'daytwo'.
[18:00:04][SCHEDULER] Restarting server (scheduled restart at 18:00).

================================================================
======== txAdmin v7.2.2 atop fxserver 8965 Starting - 7/17/2024, 6:00:17 PM
================================================================
[19:21:02][jamie] logged in from 88.159.244.69 via cfxre
