
================================================================
======== txAdmin v7.1.0 atop fxserver 8052 Starting - 6/14/2024, 12:00:15 AM
================================================================

================================================================
======== Log Rotated - 6/14/2024, 12:00:16 AM                   
================================================================

================================================================
======== txAdmin v7.1.0 atop fxserver 8052 Starting - 6/14/2024, 6:00:15 AM
================================================================

================================================================
======== txAdmin v7.1.0 atop fxserver 8052 Starting - 6/14/2024, 12:00:15 PM
================================================================

================================================================
======== txAdmin v7.1.0 atop fxserver 8052 Starting - 6/14/2024, 6:00:17 PM
================================================================
[19:44:07][Tijntjuh] logged in from 84.80.106.96 via cfxre
[19:44:13][Tijntjuh] executed "checkappa"
[19:44:17][Tijntjuh] executed "refresh"
[19:44:19][Tijntjuh] executed "ensure oxdatacheck"
[19:44:53][Tijntjuh] executed "refresh"
[19:44:53][Tijntjuh] executed "ensure oxdatacheck"
[19:44:55][Tijntjuh] executed "checkappa"
[19:45:21][Tijntjuh] executed "stop oxdatacheck"
[19:45:22][Tijntjuh] executed "refresh"
