
================================================================
======== txAdmin v7.1.0 atop fxserver 8052 Starting - 7/15/2024, 12:00:18 AM
================================================================

================================================================
======== Log Rotated - 7/15/2024, 12:00:18 AM                   
================================================================

================================================================
======== txAdmin v7.1.0 atop fxserver 8052 Starting - 7/15/2024, 6:00:57 AM
================================================================
[12:00:06][SCHEDULER] Restarting server (scheduled restart at 12:00).

================================================================
======== txAdmin v7.1.0 atop fxserver 8052 Starting - 7/15/2024, 12:00:17 PM
================================================================

================================================================
======== txAdmin v7.1.0 atop fxserver 8052 Starting - 7/15/2024, 5:15:20 PM
================================================================
[17:15:25][jamie] logged in from 88.159.244.69 via cfxre

================================================================
======== txAdmin v7.1.0 atop fxserver 8052 Starting - 7/15/2024, 6:00:17 PM
================================================================

================================================================
======== txAdmin v7.1.0 atop fxserver 8052 Starting - 7/15/2024, 6:07:39 PM
================================================================
[18:34:56][jamie] logged in from 88.159.244.69 via cfxre
[18:34:58][jamie] executed "RESTART SERVER"
[20:04:09][jamie] executed "RESTART SERVER"
[20:07:36][jamie] Adding admin 'daytwo'.
