
================================================================
======== txAdmin v7.1.0 atop fxserver 8052 Starting - 7/3/2024, 12:00:16 AM
================================================================

================================================================
======== Log Rotated - 7/3/2024, 12:00:16 AM                    
================================================================

================================================================
======== txAdmin v7.1.0 atop fxserver 8052 Starting - 7/3/2024, 6:00:17 AM
================================================================
[10:56:23][matthijs] logged in from 89.99.67.196 via cfxre
[11:07:23][matthijs] executed "refresh"

================================================================
======== txAdmin v7.1.0 atop fxserver 8052 Starting - 7/3/2024, 12:00:18 PM
================================================================
[13:37:58][matthijs] Kicked #!Jamie: f
[14:04:39][jamie] logged in from 88.159.244.69 via cfxre
[15:28:27][matthijs] logged in from 89.99.67.196 via cfxre
[15:40:21][jamie] executed "refresh"
[15:40:26][jamie] executed "ensure "jtm-gangjob""
[16:00:21][jamie] Warned player [7] Matthijs: nigger
[16:05:16][jamie] executed "RESTART SERVER"
[16:21:32][jamie] executed "RESTART SERVER"
[16:32:14][matthijs] executed "refresh"
[17:38:19][matthijs] executed "RESTART SERVER"

================================================================
======== txAdmin v7.1.0 atop fxserver 8052 Starting - 7/3/2024, 6:00:18 PM
================================================================
