
================================================================
======== txAdmin v7.1.0 atop fxserver 8052 Starting - 5/17/2024, 12:00:18 AM
================================================================

================================================================
======== Log Rotated - 5/17/2024, 12:00:18 AM                   
================================================================

================================================================
======== txAdmin v7.1.0 atop fxserver 8052 Starting - 5/17/2024, 6:00:17 AM
================================================================
[10:38:33][rvhdccianhogendijk] logged in from 83.87.186.82 via password
[11:33:58][rvhdccianhogendijk] Set notes for 40e76bd4daddf4abc660b838968f78f05ffcc5a6
[11:45:13][jesse] logged in from 84.82.187.23 via password

================================================================
======== txAdmin v7.1.0 atop fxserver 8052 Starting - 5/17/2024, 12:00:16 PM
================================================================
[12:00:55][rvhdccianhogendijk] logged in from 83.87.186.82 via password
[12:51:14][jesse] logged in from 84.82.187.23 via password
[13:38:48][hugodejong] Banned player kleine.gg: NVOL
[14:54:47][rvhdccianhogendijk] Banned player milandeboy: Schelden met hedendaagse ziektes [ 5 euro doneren aan kika voor unban ]
[15:24:44][jesse] Warned player [43] Acabouzz: Artikel 10 | Het dragen van de standaard outfit
[16:41:46][jesse] Banned player keanogame: Artikel 7 | RDM
[16:42:22][jesse] executed "giverefund steam:110000149fe5ab9 WEAPON_M1911 1"
[16:42:34][jesse] executed "giverefund steam:110000149fe5ab9 w_pi_m1911_darkmatter 1"
[16:42:45][jesse] executed "giverefund steam:110000149fe5ab9 at_m1911_clip_extended 1"
[16:43:19][jesse] executed "giverefund steam:110000149fe5ab9 at_m1911_suppressor 1"
[16:53:17][jesse] Banned player Appie: Artikel 8 | Combatloggen (ticket aanmaken voor unban - Jesse)
[16:59:12][jesse] executed "giverefund steam:11000014b508321 WEAPON_SMITHWESSON 1"
[17:06:49][jesse] executed "giverefund steam:110000147340400 WEAPON_M1911 1"
[17:07:11][jesse] executed "giverefund steam:110000147340400 ammo-9 100"
[17:27:25][jesse] Banned player De BSO: Artikel 8 | Combatloggen (ticket aanmaken voor wapen inleveren - Jesse)
[17:28:03][jesse] executed "giverefund steam:11000014510be25 WEAPON_M1911 1"
[17:36:32][jesse] Banned player Mauro: Artikel 8 | Combatloggen (ticket aanmaken voor wapen inleveren - Jesse)
[17:37:25][jesse] executed "giverefund steam:11000015e478b6f WEAPON_PISTOL_MK2 1"
[17:41:42][jesse] executed "giverefund steam:11000015aeb5d12 WEAPON_SKORPION 1"
[17:42:52][jesse] executed "giverefund steam:11000015aeb5d12 money 575000"
[17:43:28][jesse] executed "giverefund steam:110000147340400 WEAPON_SMITHWESSON 1"

================================================================
======== txAdmin v7.1.0 atop fxserver 8052 Starting - 5/17/2024, 6:00:16 PM
================================================================
[18:51:41][hugodejong] Warned player [8] RadicaleWill: Rippen zonder rede
[19:19:16][hugodejong] executed "giverefund steam:11000015e478b6f WEAPON_MEOS45 1"
[19:19:32][hugodejong] executed "giverefund steam:11000015e478b6f ammo-45 100"
[19:22:33][hugodejong] Banned player Kareltjuh: NVOL
[19:24:08][hugodejong] executed "giverefund steam:11000015e478b6f weapon_m1911 1"
[19:24:16][hugodejong] executed "giverefund steam:11000015e478b6f ammo-9 100"
[19:36:19][Tijntjuh] logged in from 84.80.106.96 via cfxre
[20:30:24][jesse] logged in from 84.82.187.23 via password
[20:44:30][jesse] executed "giverefund steam:110000147340400 WEAPON_MAC11 1"
[20:44:48][jesse] executed "giverefund steam:110000147340400 ammo-45 220"
[20:49:35][jesse] executed "giverefund steam:110000147340400 WEAPON_AK47 1"
[20:49:45][jesse] executed "giverefund steam:110000147340400 at_ak47_scope_1 1"
[20:49:53][jesse] executed "giverefund steam:110000147340400 at_ak47_suppressor 1"
[20:50:01][jesse] executed "giverefund steam:110000147340400 at_ak47_flashlight 1"
[20:50:09][jesse] executed "giverefund steam:110000147340400 at_ak47_grip 1"
[20:50:15][jesse] executed "giverefund steam:110000147340400 at_ak47_clip_extended 1"
[20:50:35][jesse] executed "giverefund steam:110000147340400 w_ar_ak47_blauw 1"
[20:50:48][jesse] executed "giverefund steam:110000147340400 WEAPON_MEOS45 1"
[20:50:56][jesse] executed "giverefund steam:110000147340400 WEAPON_M1911 1"
[20:51:29][jesse] executed "giverefund steam:110000147340400 ammo-rifle 300"
[20:52:53][jesse] executed "giverefund steam:11000015e478b6f WEAPON_M1911 1"
[20:53:20][jesse] executed "giverefund steam:11000015e478b6f at_m1911_clip_extended 1"
[20:53:30][jesse] executed "giverefund steam:11000015e478b6f w_pi_m1911_blue 1"
[20:54:02][jesse] executed "giverefund steam:11000015e478b6f ammo-9 100"
[20:59:23][mats] DM to #pauxdh: is het al opgelost?
[21:05:01][hugodejong] Warned player [38] Jesse: VDM
[21:05:56][jesse] Revoked warn id WCLQ-KPZN from Jesse
[21:26:30][hugodejong] Sending announcement: ik ga weg dus kijk jesse maar lief aan voor de revives
[21:36:33][jesse] executed "giverefund steam:110000147340400 ammo-rifle 300"
[23:25:10][Sam] Warned player [65] Raymond: toxic + combatstash
[23:25:23][Sam] Warned player [66] mo: toxic gedrag
