
================================================================
======== txAdmin v7.1.0 atop fxserver 8052 Starting - 6/19/2024, 12:00:15 AM
================================================================

================================================================
======== Log Rotated - 6/19/2024, 12:00:15 AM                   
================================================================
[00:01:15][MONITOR] Restarting server (server close detected).
[00:02:21][MONITOR] Restarting server (server close detected).
[00:03:28][MONITOR] Restarting server (server close detected).
[00:04:33][MONITOR] Restarting server (server close detected).
[00:05:40][MONITOR] Restarting server (server close detected).
[00:06:45][MONITOR] Restarting server (server close detected).
[00:07:52][MONITOR] Restarting server (server close detected).
[00:08:57][MONITOR] Restarting server (server close detected).
[00:10:04][MONITOR] Restarting server (server close detected).
[00:11:09][MONITOR] Restarting server (server close detected).
[00:12:16][MONITOR] Restarting server (server close detected).
[00:13:21][MONITOR] Restarting server (server close detected).
[00:14:28][MONITOR] Restarting server (server close detected).
[00:15:33][MONITOR] Restarting server (server close detected).
[00:16:40][MONITOR] Restarting server (server close detected).
[00:17:45][MONITOR] Restarting server (server close detected).
[00:18:52][MONITOR] Restarting server (server close detected).
[00:19:57][MONITOR] Restarting server (server close detected).
[00:21:03][MONITOR] Restarting server (server close detected).
[00:22:10][MONITOR] Restarting server (server close detected).
[00:23:15][MONITOR] Restarting server (server close detected).
[00:24:22][MONITOR] Restarting server (server close detected).
[00:25:27][MONITOR] Restarting server (server close detected).
[00:26:34][MONITOR] Restarting server (server close detected).
[00:27:39][MONITOR] Restarting server (server close detected).
[00:28:46][MONITOR] Restarting server (server close detected).
[00:29:51][MONITOR] Restarting server (server close detected).
[00:30:58][MONITOR] Restarting server (server close detected).
[00:32:03][MONITOR] Restarting server (server close detected).
[00:33:10][MONITOR] Restarting server (server close detected).
[00:34:15][MONITOR] Restarting server (server close detected).
[00:35:22][MONITOR] Restarting server (server close detected).
[00:36:27][MONITOR] Restarting server (server close detected).
[00:37:34][MONITOR] Restarting server (server close detected).
[00:38:39][MONITOR] Restarting server (server close detected).
[00:39:46][MONITOR] Restarting server (server close detected).
[00:40:51][MONITOR] Restarting server (server close detected).
[00:41:58][MONITOR] Restarting server (server close detected).
[00:43:03][MONITOR] Restarting server (server close detected).
[00:44:10][MONITOR] Restarting server (server close detected).
[00:45:15][MONITOR] Restarting server (server close detected).
[00:46:22][MONITOR] Restarting server (server close detected).
[00:47:27][MONITOR] Restarting server (server close detected).
[00:48:34][MONITOR] Restarting server (server close detected).
[00:49:39][MONITOR] Restarting server (server close detected).
[00:50:46][MONITOR] Restarting server (server close detected).
[00:51:51][MONITOR] Restarting server (server close detected).
[00:52:58][MONITOR] Restarting server (server close detected).
[00:54:03][MONITOR] Restarting server (server close detected).
[00:55:10][MONITOR] Restarting server (server close detected).
[00:56:17][MONITOR] Restarting server (server close detected).
[00:57:22][MONITOR] Restarting server (server close detected).
[00:58:29][MONITOR] Restarting server (server close detected).
[00:59:35][MONITOR] Restarting server (server close detected).
[01:00:42][MONITOR] Restarting server (server close detected).
[01:01:47][MONITOR] Restarting server (server close detected).
[01:02:53][MONITOR] Restarting server (server close detected).
[01:04:00][MONITOR] Restarting server (server close detected).
[01:05:05][MONITOR] Restarting server (server close detected).
[01:06:12][MONITOR] Restarting server (server close detected).
[01:07:17][MONITOR] Restarting server (server close detected).
[01:08:24][MONITOR] Restarting server (server close detected).
[01:09:29][MONITOR] Restarting server (server close detected).
[01:10:36][MONITOR] Restarting server (server close detected).
[01:11:41][MONITOR] Restarting server (server close detected).
[01:12:48][MONITOR] Restarting server (server close detected).
[01:13:53][MONITOR] Restarting server (server close detected).
[01:15:00][MONITOR] Restarting server (server close detected).
[01:16:05][MONITOR] Restarting server (server close detected).
[01:17:12][MONITOR] Restarting server (server close detected).
[01:18:17][MONITOR] Restarting server (server close detected).
[01:19:24][MONITOR] Restarting server (server close detected).
[01:20:29][MONITOR] Restarting server (server close detected).
[01:21:36][MONITOR] Restarting server (server close detected).
[01:22:41][MONITOR] Restarting server (server close detected).
[01:23:48][MONITOR] Restarting server (server close detected).
[01:24:53][MONITOR] Restarting server (server close detected).
[01:26:00][MONITOR] Restarting server (server close detected).
[01:27:05][MONITOR] Restarting server (server close detected).
[01:28:12][MONITOR] Restarting server (server close detected).
[01:29:17][MONITOR] Restarting server (server close detected).
[01:30:24][MONITOR] Restarting server (server close detected).
[01:31:29][MONITOR] Restarting server (server close detected).
[01:32:36][MONITOR] Restarting server (server close detected).
[01:33:41][MONITOR] Restarting server (server close detected).
[01:34:48][MONITOR] Restarting server (server close detected).
[01:35:53][MONITOR] Restarting server (server close detected).
[01:37:00][MONITOR] Restarting server (server close detected).
[01:38:05][MONITOR] Restarting server (server close detected).
[01:39:12][MONITOR] Restarting server (server close detected).
[01:40:17][MONITOR] Restarting server (server close detected).
[01:41:24][MONITOR] Restarting server (server close detected).
[01:42:29][MONITOR] Restarting server (server close detected).
[01:43:36][MONITOR] Restarting server (server close detected).
[01:44:41][MONITOR] Restarting server (server close detected).
[01:45:48][MONITOR] Restarting server (server close detected).
[01:46:53][MONITOR] Restarting server (server close detected).
[01:48:00][MONITOR] Restarting server (server close detected).
[01:49:05][MONITOR] Restarting server (server close detected).
[01:50:12][MONITOR] Restarting server (server close detected).
[01:51:17][MONITOR] Restarting server (server close detected).
[01:52:24][MONITOR] Restarting server (server close detected).
[01:53:29][MONITOR] Restarting server (server close detected).
[01:54:35][MONITOR] Restarting server (server close detected).
[01:55:42][MONITOR] Restarting server (server close detected).
[01:56:47][MONITOR] Restarting server (server close detected).
[01:57:54][MONITOR] Restarting server (server close detected).
[01:58:59][MONITOR] Restarting server (server close detected).
[02:00:06][MONITOR] Restarting server (server close detected).
[02:01:11][MONITOR] Restarting server (server close detected).
[02:02:18][MONITOR] Restarting server (server close detected).
[02:03:23][MONITOR] Restarting server (server close detected).
[02:04:30][MONITOR] Restarting server (server close detected).
[02:05:35][MONITOR] Restarting server (server close detected).
[02:06:42][MONITOR] Restarting server (server close detected).
[02:07:47][MONITOR] Restarting server (server close detected).
[02:08:54][MONITOR] Restarting server (server close detected).
[02:09:59][MONITOR] Restarting server (server close detected).
[02:11:06][MONITOR] Restarting server (server close detected).
[02:12:11][MONITOR] Restarting server (server close detected).
[02:13:18][MONITOR] Restarting server (server close detected).
[02:14:23][MONITOR] Restarting server (server close detected).
[02:15:30][MONITOR] Restarting server (server close detected).
[02:16:35][MONITOR] Restarting server (server close detected).
[02:17:42][MONITOR] Restarting server (server close detected).
[02:18:47][MONITOR] Restarting server (server close detected).
[02:19:54][MONITOR] Restarting server (server close detected).
[02:20:59][MONITOR] Restarting server (server close detected).
[02:22:06][MONITOR] Restarting server (server close detected).
[02:23:11][MONITOR] Restarting server (server close detected).
[02:24:18][MONITOR] Restarting server (server close detected).
[02:25:23][MONITOR] Restarting server (server close detected).
[02:26:30][MONITOR] Restarting server (server close detected).
[02:27:35][MONITOR] Restarting server (server close detected).
[02:28:42][MONITOR] Restarting server (server close detected).
[02:29:47][MONITOR] Restarting server (server close detected).
[02:30:54][MONITOR] Restarting server (server close detected).
[02:31:59][MONITOR] Restarting server (server close detected).
[02:33:06][MONITOR] Restarting server (server close detected).
[02:34:11][MONITOR] Restarting server (server close detected).
[02:35:18][MONITOR] Restarting server (server close detected).
[02:36:23][MONITOR] Restarting server (server close detected).
[02:37:30][MONITOR] Restarting server (server close detected).
[02:38:35][MONITOR] Restarting server (server close detected).
[02:39:42][MONITOR] Restarting server (server close detected).
[02:40:47][MONITOR] Restarting server (server close detected).
[02:41:54][MONITOR] Restarting server (server close detected).
[02:42:59][MONITOR] Restarting server (server close detected).
[02:44:06][MONITOR] Restarting server (server close detected).
[02:45:11][MONITOR] Restarting server (server close detected).
[02:46:18][MONITOR] Restarting server (server close detected).
[02:47:23][MONITOR] Restarting server (server close detected).
[02:48:30][MONITOR] Restarting server (server close detected).
[02:49:35][MONITOR] Restarting server (server close detected).
[02:50:42][MONITOR] Restarting server (server close detected).
[02:51:47][MONITOR] Restarting server (server close detected).
[02:52:53][MONITOR] Restarting server (server close detected).
[02:54:00][MONITOR] Restarting server (server close detected).
[02:55:05][MONITOR] Restarting server (server close detected).
[02:56:12][MONITOR] Restarting server (server close detected).
[02:57:17][MONITOR] Restarting server (server close detected).
[02:58:24][MONITOR] Restarting server (server close detected).
[02:59:29][MONITOR] Restarting server (server close detected).
[03:00:36][MONITOR] Restarting server (server close detected).
[03:01:41][MONITOR] Restarting server (server close detected).
[03:02:48][MONITOR] Restarting server (server close detected).
[03:03:53][MONITOR] Restarting server (server close detected).
[03:05:00][MONITOR] Restarting server (server close detected).
[03:06:07][MONITOR] Restarting server (server close detected).
[03:07:13][MONITOR] Restarting server (server close detected).
[03:08:19][MONITOR] Restarting server (server close detected).
[03:09:26][MONITOR] Restarting server (server close detected).
[03:10:33][MONITOR] Restarting server (server close detected).
[03:11:38][MONITOR] Restarting server (server close detected).
[03:12:45][MONITOR] Restarting server (server close detected).
[03:13:50][MONITOR] Restarting server (server close detected).
[03:14:57][MONITOR] Restarting server (server close detected).
[03:16:02][MONITOR] Restarting server (server close detected).
[03:17:09][MONITOR] Restarting server (server close detected).
[03:18:15][MONITOR] Restarting server (server close detected).
[03:19:22][MONITOR] Restarting server (server close detected).
[03:20:28][MONITOR] Restarting server (server close detected).
[03:21:34][MONITOR] Restarting server (server close detected).
[03:22:41][MONITOR] Restarting server (server close detected).
[03:23:48][MONITOR] Restarting server (server close detected).
[03:24:53][MONITOR] Restarting server (server close detected).
[03:25:59][MONITOR] Restarting server (server close detected).
[03:27:06][MONITOR] Restarting server (server close detected).
[03:28:12][MONITOR] Restarting server (server close detected).
[03:29:19][MONITOR] Restarting server (server close detected).
[03:30:25][MONITOR] Restarting server (server close detected).
[03:31:32][MONITOR] Restarting server (server close detected).
[03:32:37][MONITOR] Restarting server (server close detected).
[03:33:44][MONITOR] Restarting server (server close detected).
[03:34:50][MONITOR] Restarting server (server close detected).
[03:35:56][MONITOR] Restarting server (server close detected).
[03:37:02][MONITOR] Restarting server (server close detected).
[03:38:08][MONITOR] Restarting server (server close detected).
[03:39:15][MONITOR] Restarting server (server close detected).
[03:40:21][MONITOR] Restarting server (server close detected).
[03:41:28][MONITOR] Restarting server (server close detected).
[03:42:34][MONITOR] Restarting server (server close detected).
[03:43:41][MONITOR] Restarting server (server close detected).
[03:44:47][MONITOR] Restarting server (server close detected).
[03:45:53][MONITOR] Restarting server (server close detected).
[03:47:00][MONITOR] Restarting server (server close detected).
[03:48:05][MONITOR] Restarting server (server close detected).
[03:49:12][MONITOR] Restarting server (server close detected).
[03:50:17][MONITOR] Restarting server (server close detected).
[03:51:24][MONITOR] Restarting server (server close detected).
[03:52:29][MONITOR] Restarting server (server close detected).
[03:53:36][MONITOR] Restarting server (server close detected).
[03:54:41][MONITOR] Restarting server (server close detected).
[03:55:48][MONITOR] Restarting server (server close detected).
[03:56:53][MONITOR] Restarting server (server close detected).
[03:58:00][MONITOR] Restarting server (server close detected).
[03:59:05][MONITOR] Restarting server (server close detected).
[04:00:12][MONITOR] Restarting server (server close detected).
[04:01:17][MONITOR] Restarting server (server close detected).
[04:02:24][MONITOR] Restarting server (server close detected).
[04:03:29][MONITOR] Restarting server (server close detected).
[04:04:36][MONITOR] Restarting server (server close detected).
[04:05:41][MONITOR] Restarting server (server close detected).
[04:06:48][MONITOR] Restarting server (server close detected).
[04:07:53][MONITOR] Restarting server (server close detected).
[04:09:00][MONITOR] Restarting server (server close detected).
[04:10:05][MONITOR] Restarting server (server close detected).
[04:11:12][MONITOR] Restarting server (server close detected).
[04:12:17][MONITOR] Restarting server (server close detected).
[04:13:24][MONITOR] Restarting server (server close detected).
[04:14:29][MONITOR] Restarting server (server close detected).
[04:15:36][MONITOR] Restarting server (server close detected).
[04:16:41][MONITOR] Restarting server (server close detected).
[04:17:48][MONITOR] Restarting server (server close detected).
[04:18:53][MONITOR] Restarting server (server close detected).
[04:20:00][MONITOR] Restarting server (server close detected).
[04:21:05][MONITOR] Restarting server (server close detected).
[04:22:12][MONITOR] Restarting server (server close detected).
[04:23:18][MONITOR] Restarting server (server close detected).
[04:24:23][MONITOR] Restarting server (server close detected).
[04:25:29][MONITOR] Restarting server (server close detected).
[04:26:35][MONITOR] Restarting server (server close detected).
[04:27:42][MONITOR] Restarting server (server close detected).
[04:28:48][MONITOR] Restarting server (server close detected).
[04:29:55][MONITOR] Restarting server (server close detected).
[04:31:00][MONITOR] Restarting server (server close detected).
[04:32:07][MONITOR] Restarting server (server close detected).
[04:33:12][MONITOR] Restarting server (server close detected).
[04:34:19][MONITOR] Restarting server (server close detected).
[04:35:24][MONITOR] Restarting server (server close detected).
[04:36:31][MONITOR] Restarting server (server close detected).
[04:37:36][MONITOR] Restarting server (server close detected).
[04:38:43][MONITOR] Restarting server (server close detected).
[04:39:48][MONITOR] Restarting server (server close detected).
[04:40:55][MONITOR] Restarting server (server close detected).
[04:42:00][MONITOR] Restarting server (server close detected).
[04:43:07][MONITOR] Restarting server (server close detected).
[04:44:12][MONITOR] Restarting server (server close detected).
[04:45:19][MONITOR] Restarting server (server close detected).
[04:46:24][MONITOR] Restarting server (server close detected).
[04:47:31][MONITOR] Restarting server (server close detected).
[04:48:36][MONITOR] Restarting server (server close detected).
[04:49:43][MONITOR] Restarting server (server close detected).
[04:50:48][MONITOR] Restarting server (server close detected).
[04:51:55][MONITOR] Restarting server (server close detected).
[04:53:00][MONITOR] Restarting server (server close detected).
[04:54:07][MONITOR] Restarting server (server close detected).
[04:55:12][MONITOR] Restarting server (server close detected).
[04:56:19][MONITOR] Restarting server (server close detected).
[04:57:25][MONITOR] Restarting server (server close detected).
[04:58:32][MONITOR] Restarting server (server close detected).
[04:59:38][MONITOR] Restarting server (server close detected).
[05:00:44][MONITOR] Restarting server (server close detected).
[05:01:51][MONITOR] Restarting server (server close detected).
[05:02:57][MONITOR] Restarting server (server close detected).
[05:04:04][MONITOR] Restarting server (server close detected).
[05:05:10][MONITOR] Restarting server (server close detected).
[05:06:17][MONITOR] Restarting server (server close detected).
[05:07:22][MONITOR] Restarting server (server close detected).
[05:08:29][MONITOR] Restarting server (server close detected).
[05:09:34][MONITOR] Restarting server (server close detected).
[05:10:41][MONITOR] Restarting server (server close detected).
[05:11:46][MONITOR] Restarting server (server close detected).
[05:12:53][MONITOR] Restarting server (server close detected).
[05:13:58][MONITOR] Restarting server (server close detected).
[05:15:05][MONITOR] Restarting server (server close detected).
[05:16:10][MONITOR] Restarting server (server close detected).
[05:17:17][MONITOR] Restarting server (server close detected).
[05:18:22][MONITOR] Restarting server (server close detected).
[05:19:29][MONITOR] Restarting server (server close detected).
[05:20:34][MONITOR] Restarting server (server close detected).
[05:21:41][MONITOR] Restarting server (server close detected).
[05:22:46][MONITOR] Restarting server (server close detected).
[05:23:53][MONITOR] Restarting server (server close detected).
[05:24:58][MONITOR] Restarting server (server close detected).
[05:26:05][MONITOR] Restarting server (server close detected).
[05:27:10][MONITOR] Restarting server (server close detected).
[05:28:17][MONITOR] Restarting server (server close detected).
[05:29:22][MONITOR] Restarting server (server close detected).
[05:30:29][MONITOR] Restarting server (server close detected).
[05:31:34][MONITOR] Restarting server (server close detected).
[05:32:41][MONITOR] Restarting server (server close detected).
[05:33:46][MONITOR] Restarting server (server close detected).
[05:34:53][MONITOR] Restarting server (server close detected).
[05:35:58][MONITOR] Restarting server (server close detected).
[05:37:05][MONITOR] Restarting server (server close detected).
[05:38:10][MONITOR] Restarting server (server close detected).
[05:39:17][MONITOR] Restarting server (server close detected).
[05:40:22][MONITOR] Restarting server (server close detected).
[05:41:29][MONITOR] Restarting server (server close detected).
[05:42:34][MONITOR] Restarting server (server close detected).
[05:43:41][MONITOR] Restarting server (server close detected).
[05:44:46][MONITOR] Restarting server (server close detected).
[05:45:53][MONITOR] Restarting server (server close detected).
[05:46:58][MONITOR] Restarting server (server close detected).
[05:48:05][MONITOR] Restarting server (server close detected).
[05:49:10][MONITOR] Restarting server (server close detected).
[05:50:17][MONITOR] Restarting server (server close detected).
[05:51:22][MONITOR] Restarting server (server close detected).
[05:52:29][MONITOR] Restarting server (server close detected).
[05:53:34][MONITOR] Restarting server (server close detected).
[05:54:41][MONITOR] Restarting server (server close detected).
[05:55:46][MONITOR] Restarting server (server close detected).
[05:56:53][MONITOR] Restarting server (server close detected).
[05:57:58][MONITOR] Restarting server (server close detected).
[05:59:05][MONITOR] Restarting server (server close detected).
[06:00:10][MONITOR] Restarting server (server close detected).

================================================================
======== txAdmin v7.1.0 atop fxserver 8052 Starting - 6/19/2024, 6:00:17 AM
================================================================
[06:01:18][MONITOR] Restarting server (server close detected).
[06:02:23][MONITOR] Restarting server (server close detected).
[06:03:30][MONITOR] Restarting server (server close detected).
[06:04:35][MONITOR] Restarting server (server close detected).
[06:05:42][MONITOR] Restarting server (server close detected).
[06:06:47][MONITOR] Restarting server (server close detected).
[06:07:54][MONITOR] Restarting server (server close detected).
[06:08:59][MONITOR] Restarting server (server close detected).
[06:10:06][MONITOR] Restarting server (server close detected).
[06:11:11][MONITOR] Restarting server (server close detected).
[06:12:18][MONITOR] Restarting server (server close detected).
[06:13:23][MONITOR] Restarting server (server close detected).
[06:14:30][MONITOR] Restarting server (server close detected).
[06:15:35][MONITOR] Restarting server (server close detected).
[06:16:42][MONITOR] Restarting server (server close detected).
[06:17:47][MONITOR] Restarting server (server close detected).
[06:18:54][MONITOR] Restarting server (server close detected).
[06:19:59][MONITOR] Restarting server (server close detected).
[06:21:06][MONITOR] Restarting server (server close detected).
[06:22:11][MONITOR] Restarting server (server close detected).
[06:23:17][MONITOR] Restarting server (server close detected).
[06:24:24][MONITOR] Restarting server (server close detected).
[06:25:29][MONITOR] Restarting server (server close detected).
[06:26:36][MONITOR] Restarting server (server close detected).
[06:27:41][MONITOR] Restarting server (server close detected).
[06:28:48][MONITOR] Restarting server (server close detected).
[06:29:53][MONITOR] Restarting server (server close detected).
[06:31:00][MONITOR] Restarting server (server close detected).
[06:32:05][MONITOR] Restarting server (server close detected).
[06:33:12][MONITOR] Restarting server (server close detected).
[06:34:17][MONITOR] Restarting server (server close detected).
[06:35:24][MONITOR] Restarting server (server close detected).
[06:36:29][MONITOR] Restarting server (server close detected).
[06:37:36][MONITOR] Restarting server (server close detected).
[06:38:41][MONITOR] Restarting server (server close detected).
[06:39:48][MONITOR] Restarting server (server close detected).
[06:40:53][MONITOR] Restarting server (server close detected).
[06:42:00][MONITOR] Restarting server (server close detected).
[06:43:05][MONITOR] Restarting server (server close detected).
[06:44:12][MONITOR] Restarting server (server close detected).
[06:45:17][MONITOR] Restarting server (server close detected).
[06:46:24][MONITOR] Restarting server (server close detected).
[06:47:29][MONITOR] Restarting server (server close detected).
[06:48:36][MONITOR] Restarting server (server close detected).
[06:49:41][MONITOR] Restarting server (server close detected).
[06:50:48][MONITOR] Restarting server (server close detected).
[06:51:53][MONITOR] Restarting server (server close detected).
[06:53:00][MONITOR] Restarting server (server close detected).
[06:54:05][MONITOR] Restarting server (server close detected).
[06:55:12][MONITOR] Restarting server (server close detected).
[06:56:17][MONITOR] Restarting server (server close detected).
[06:57:24][MONITOR] Restarting server (server close detected).
[06:58:29][MONITOR] Restarting server (server close detected).
[06:59:36][MONITOR] Restarting server (server close detected).
[07:00:41][MONITOR] Restarting server (server close detected).
[07:01:48][MONITOR] Restarting server (server close detected).
[07:02:53][MONITOR] Restarting server (server close detected).
[07:04:00][MONITOR] Restarting server (server close detected).
[07:05:05][MONITOR] Restarting server (server close detected).
[07:06:12][MONITOR] Restarting server (server close detected).
[07:07:17][MONITOR] Restarting server (server close detected).
[07:08:24][MONITOR] Restarting server (server close detected).
[07:09:29][MONITOR] Restarting server (server close detected).
[07:10:36][MONITOR] Restarting server (server close detected).
[07:11:41][MONITOR] Restarting server (server close detected).
[07:12:48][MONITOR] Restarting server (server close detected).
[07:13:53][MONITOR] Restarting server (server close detected).
[07:15:00][MONITOR] Restarting server (server close detected).
[07:16:05][MONITOR] Restarting server (server close detected).
[07:17:12][MONITOR] Restarting server (server close detected).
[07:18:17][MONITOR] Restarting server (server close detected).
[07:19:24][MONITOR] Restarting server (server close detected).
[07:20:29][MONITOR] Restarting server (server close detected).
[07:21:36][MONITOR] Restarting server (server close detected).
[07:22:41][MONITOR] Restarting server (server close detected).
[07:23:48][MONITOR] Restarting server (server close detected).
[07:24:53][MONITOR] Restarting server (server close detected).
[07:26:00][MONITOR] Restarting server (server close detected).
[07:27:06][MONITOR] Restarting server (server close detected).
[07:28:12][MONITOR] Restarting server (server close detected).
[07:29:19][MONITOR] Restarting server (server close detected).
[07:30:24][MONITOR] Restarting server (server close detected).
[07:31:31][MONITOR] Restarting server (server close detected).
[07:32:36][MONITOR] Restarting server (server close detected).
[07:33:43][MONITOR] Restarting server (server close detected).
[07:34:48][MONITOR] Restarting server (server close detected).
[07:35:55][MONITOR] Restarting server (server close detected).
[07:37:00][MONITOR] Restarting server (server close detected).
[07:38:07][MONITOR] Restarting server (server close detected).
[07:39:12][MONITOR] Restarting server (server close detected).
[07:40:19][MONITOR] Restarting server (server close detected).
[07:41:24][MONITOR] Restarting server (server close detected).
[07:42:31][MONITOR] Restarting server (server close detected).
[07:43:36][MONITOR] Restarting server (server close detected).
[07:44:43][MONITOR] Restarting server (server close detected).
[07:45:48][MONITOR] Restarting server (server close detected).
[07:46:54][MONITOR] Restarting server (server close detected).
[07:48:01][MONITOR] Restarting server (server close detected).
[07:49:06][MONITOR] Restarting server (server close detected).
[07:50:13][MONITOR] Restarting server (server close detected).
[07:51:18][MONITOR] Restarting server (server close detected).
[07:52:25][MONITOR] Restarting server (server close detected).
[07:53:30][MONITOR] Restarting server (server close detected).
[07:54:37][MONITOR] Restarting server (server close detected).
[07:55:42][MONITOR] Restarting server (server close detected).
[07:56:49][MONITOR] Restarting server (server close detected).
[07:57:54][MONITOR] Restarting server (server close detected).
[07:59:01][MONITOR] Restarting server (server close detected).
[08:00:06][MONITOR] Restarting server (server close detected).
[08:01:13][MONITOR] Restarting server (server close detected).
[08:02:18][MONITOR] Restarting server (server close detected).
[08:03:25][MONITOR] Restarting server (server close detected).
[08:04:30][MONITOR] Restarting server (server close detected).
[08:05:37][MONITOR] Restarting server (server close detected).
[08:06:42][MONITOR] Restarting server (server close detected).
[08:07:49][MONITOR] Restarting server (server close detected).
[08:08:54][MONITOR] Restarting server (server close detected).
[08:10:01][MONITOR] Restarting server (server close detected).
[08:11:06][MONITOR] Restarting server (server close detected).
[08:12:13][MONITOR] Restarting server (server close detected).
[08:13:18][MONITOR] Restarting server (server close detected).
[08:14:25][MONITOR] Restarting server (server close detected).
[08:15:30][MONITOR] Restarting server (server close detected).
[08:16:37][MONITOR] Restarting server (server close detected).
[08:17:42][MONITOR] Restarting server (server close detected).
[08:18:49][MONITOR] Restarting server (server close detected).
[08:19:54][MONITOR] Restarting server (server close detected).
[08:21:01][MONITOR] Restarting server (server close detected).
[08:22:06][MONITOR] Restarting server (server close detected).
[08:23:12][MONITOR] Restarting server (server close detected).
[08:24:18][MONITOR] Restarting server (server close detected).
[08:25:25][MONITOR] Restarting server (server close detected).
[08:26:30][MONITOR] Restarting server (server close detected).
[08:27:37][MONITOR] Restarting server (server close detected).
[08:28:42][MONITOR] Restarting server (server close detected).
[08:29:49][MONITOR] Restarting server (server close detected).
[08:30:55][MONITOR] Restarting server (server close detected).
[08:32:01][MONITOR] Restarting server (server close detected).
[08:33:08][MONITOR] Restarting server (server close detected).
[08:34:13][MONITOR] Restarting server (server close detected).
[08:35:20][MONITOR] Restarting server (server close detected).
[08:36:26][MONITOR] Restarting server (server close detected).
[08:37:33][MONITOR] Restarting server (server close detected).
[08:38:38][MONITOR] Restarting server (server close detected).
[08:39:45][MONITOR] Restarting server (server close detected).
[08:40:50][MONITOR] Restarting server (server close detected).
[08:41:57][MONITOR] Restarting server (server close detected).
[08:43:02][MONITOR] Restarting server (server close detected).
[08:44:09][MONITOR] Restarting server (server close detected).
[08:45:14][MONITOR] Restarting server (server close detected).
[08:46:21][MONITOR] Restarting server (server close detected).
[08:47:26][MONITOR] Restarting server (server close detected).
[08:48:33][MONITOR] Restarting server (server close detected).
[08:49:38][MONITOR] Restarting server (server close detected).
[08:50:45][MONITOR] Restarting server (server close detected).
[08:51:50][MONITOR] Restarting server (server close detected).
[08:52:57][MONITOR] Restarting server (server close detected).
[08:54:02][MONITOR] Restarting server (server close detected).
[08:55:09][MONITOR] Restarting server (server close detected).
[08:56:14][MONITOR] Restarting server (server close detected).
[08:57:21][MONITOR] Restarting server (server close detected).
[08:58:26][MONITOR] Restarting server (server close detected).
[08:59:33][MONITOR] Restarting server (server close detected).
[09:00:38][MONITOR] Restarting server (server close detected).
[09:01:45][MONITOR] Restarting server (server close detected).
[09:02:50][MONITOR] Restarting server (server close detected).
[09:03:57][MONITOR] Restarting server (server close detected).
[09:05:02][MONITOR] Restarting server (server close detected).
[09:06:09][MONITOR] Restarting server (server close detected).
[09:07:15][MONITOR] Restarting server (server close detected).
[09:08:21][MONITOR] Restarting server (server close detected).
[09:09:28][MONITOR] Restarting server (server close detected).
[09:10:33][MONITOR] Restarting server (server close detected).
[09:11:40][MONITOR] Restarting server (server close detected).
[09:12:45][MONITOR] Restarting server (server close detected).
[09:13:52][MONITOR] Restarting server (server close detected).
[09:14:57][MONITOR] Restarting server (server close detected).
[09:16:04][MONITOR] Restarting server (server close detected).
[09:17:09][MONITOR] Restarting server (server close detected).
[09:18:16][MONITOR] Restarting server (server close detected).
[09:19:21][MONITOR] Restarting server (server close detected).
[09:20:28][MONITOR] Restarting server (server close detected).
[09:21:33][MONITOR] Restarting server (server close detected).
[09:22:40][MONITOR] Restarting server (server close detected).
[09:23:45][MONITOR] Restarting server (server close detected).
[09:24:52][MONITOR] Restarting server (server close detected).
[09:25:57][MONITOR] Restarting server (server close detected).
[09:27:04][MONITOR] Restarting server (server close detected).
[09:28:09][MONITOR] Restarting server (server close detected).
[09:29:16][MONITOR] Restarting server (server close detected).
[09:30:21][MONITOR] Restarting server (server close detected).
[09:31:28][MONITOR] Restarting server (server close detected).
[09:32:33][MONITOR] Restarting server (server close detected).
[09:33:40][MONITOR] Restarting server (server close detected).
[09:34:45][MONITOR] Restarting server (server close detected).
[09:35:52][MONITOR] Restarting server (server close detected).
[09:36:57][MONITOR] Restarting server (server close detected).
[09:38:04][MONITOR] Restarting server (server close detected).
[09:39:09][MONITOR] Restarting server (server close detected).
[09:40:16][MONITOR] Restarting server (server close detected).
[09:41:21][MONITOR] Restarting server (server close detected).
[09:42:28][MONITOR] Restarting server (server close detected).
[09:43:33][MONITOR] Restarting server (server close detected).
[09:44:40][MONITOR] Restarting server (server close detected).
[09:45:45][MONITOR] Restarting server (server close detected).
[09:46:52][MONITOR] Restarting server (server close detected).
[09:47:57][MONITOR] Restarting server (server close detected).
[09:49:04][MONITOR] Restarting server (server close detected).
[09:50:09][MONITOR] Restarting server (server close detected).
[09:51:16][MONITOR] Restarting server (server close detected).
[09:52:21][MONITOR] Restarting server (server close detected).
[09:53:28][MONITOR] Restarting server (server close detected).
[09:54:33][MONITOR] Restarting server (server close detected).
[09:55:40][MONITOR] Restarting server (server close detected).
[09:56:45][MONITOR] Restarting server (server close detected).
[09:57:51][MONITOR] Restarting server (server close detected).
[09:58:58][MONITOR] Restarting server (server close detected).
[10:00:03][MONITOR] Restarting server (server close detected).
[10:01:10][MONITOR] Restarting server (server close detected).
[10:02:15][MONITOR] Restarting server (server close detected).
[10:03:22][MONITOR] Restarting server (server close detected).
[10:04:27][MONITOR] Restarting server (server close detected).
[10:05:34][MONITOR] Restarting server (server close detected).
[10:06:39][MONITOR] Restarting server (server close detected).
[10:07:46][MONITOR] Restarting server (server close detected).
[10:08:51][MONITOR] Restarting server (server close detected).
[10:09:58][MONITOR] Restarting server (server close detected).
[10:11:04][MONITOR] Restarting server (server close detected).
[10:12:10][MONITOR] Restarting server (server close detected).
[10:13:17][MONITOR] Restarting server (server close detected).
[10:14:22][MONITOR] Restarting server (server close detected).
[10:15:29][MONITOR] Restarting server (server close detected).
[10:16:34][MONITOR] Restarting server (server close detected).
[10:17:41][MONITOR] Restarting server (server close detected).
[10:18:46][MONITOR] Restarting server (server close detected).
[10:19:53][MONITOR] Restarting server (server close detected).
[10:20:58][MONITOR] Restarting server (server close detected).
[10:22:05][MONITOR] Restarting server (server close detected).
[10:23:10][MONITOR] Restarting server (server close detected).
[10:24:17][MONITOR] Restarting server (server close detected).
[10:25:22][MONITOR] Restarting server (server close detected).
[10:26:29][MONITOR] Restarting server (server close detected).
[10:27:34][MONITOR] Restarting server (server close detected).
[10:28:41][MONITOR] Restarting server (server close detected).
[10:29:46][MONITOR] Restarting server (server close detected).
[10:30:53][MONITOR] Restarting server (server close detected).
[10:31:58][MONITOR] Restarting server (server close detected).
[10:33:05][MONITOR] Restarting server (server close detected).
[10:34:10][MONITOR] Restarting server (server close detected).
[10:35:17][MONITOR] Restarting server (server close detected).
[10:36:22][MONITOR] Restarting server (server close detected).
[10:37:29][MONITOR] Restarting server (server close detected).
[10:38:34][MONITOR] Restarting server (server close detected).
[10:39:41][MONITOR] Restarting server (server close detected).
[10:40:46][MONITOR] Restarting server (server close detected).
[10:41:53][MONITOR] Restarting server (server close detected).
[10:42:58][MONITOR] Restarting server (server close detected).
[10:44:05][MONITOR] Restarting server (server close detected).
[10:45:10][MONITOR] Restarting server (server close detected).
[10:46:17][MONITOR] Restarting server (server close detected).
[10:47:22][MONITOR] Restarting server (server close detected).
[10:48:29][MONITOR] Restarting server (server close detected).
[10:49:34][MONITOR] Restarting server (server close detected).
[10:50:41][MONITOR] Restarting server (server close detected).
[10:51:46][MONITOR] Restarting server (server close detected).
[10:52:53][MONITOR] Restarting server (server close detected).
[10:53:58][MONITOR] Restarting server (server close detected).
[10:55:05][MONITOR] Restarting server (server close detected).
[10:56:10][MONITOR] Restarting server (server close detected).
[10:57:17][MONITOR] Restarting server (server close detected).
[10:58:22][MONITOR] Restarting server (server close detected).
[10:59:29][MONITOR] Restarting server (server close detected).
[11:00:34][MONITOR] Restarting server (server close detected).
[11:01:40][MONITOR] Restarting server (server close detected).
[11:02:47][MONITOR] Restarting server (server close detected).
[11:03:52][MONITOR] Restarting server (server close detected).
[11:04:59][MONITOR] Restarting server (server close detected).
[11:06:04][MONITOR] Restarting server (server close detected).
[11:07:11][MONITOR] Restarting server (server close detected).
[11:08:16][MONITOR] Restarting server (server close detected).
[11:09:23][MONITOR] Restarting server (server close detected).
[11:10:28][MONITOR] Restarting server (server close detected).
[11:11:35][MONITOR] Restarting server (server close detected).
[11:12:40][MONITOR] Restarting server (server close detected).
[11:13:47][MONITOR] Restarting server (server close detected).
[11:14:52][MONITOR] Restarting server (server close detected).
[11:15:59][MONITOR] Restarting server (server close detected).
[11:17:04][MONITOR] Restarting server (server close detected).
[11:18:11][MONITOR] Restarting server (server close detected).
[11:19:16][MONITOR] Restarting server (server close detected).
[11:20:23][MONITOR] Restarting server (server close detected).
[11:21:28][MONITOR] Restarting server (server close detected).
[11:22:35][MONITOR] Restarting server (server close detected).
[11:23:40][MONITOR] Restarting server (server close detected).
[11:24:47][MONITOR] Restarting server (server close detected).
[11:25:52][MONITOR] Restarting server (server close detected).
[11:26:59][MONITOR] Restarting server (server close detected).
[11:28:04][MONITOR] Restarting server (server close detected).
[11:29:11][MONITOR] Restarting server (server close detected).
[11:30:16][MONITOR] Restarting server (server close detected).
[11:31:23][MONITOR] Restarting server (server close detected).
[11:32:28][MONITOR] Restarting server (server close detected).
[11:33:35][MONITOR] Restarting server (server close detected).
[11:34:40][MONITOR] Restarting server (server close detected).
[11:35:47][MONITOR] Restarting server (server close detected).
[11:36:52][MONITOR] Restarting server (server close detected).
[11:37:59][MONITOR] Restarting server (server close detected).
[11:39:04][MONITOR] Restarting server (server close detected).
[11:40:11][MONITOR] Restarting server (server close detected).
[11:41:16][MONITOR] Restarting server (server close detected).
[11:42:23][MONITOR] Restarting server (server close detected).
[11:43:28][MONITOR] Restarting server (server close detected).
[11:44:35][MONITOR] Restarting server (server close detected).
[11:45:40][MONITOR] Restarting server (server close detected).
[11:46:47][MONITOR] Restarting server (server close detected).
[11:47:52][MONITOR] Restarting server (server close detected).
[11:48:59][MONITOR] Restarting server (server close detected).
[11:50:04][MONITOR] Restarting server (server close detected).
[11:51:11][MONITOR] Restarting server (server close detected).
[11:52:16][MONITOR] Restarting server (server close detected).
[11:53:23][MONITOR] Restarting server (server close detected).
[11:54:28][MONITOR] Restarting server (server close detected).
[11:55:35][MONITOR] Restarting server (server close detected).
[11:56:40][MONITOR] Restarting server (server close detected).
[11:57:47][MONITOR] Restarting server (server close detected).
[11:58:52][MONITOR] Restarting server (server close detected).
[11:59:59][MONITOR] Restarting server (server close detected).

================================================================
======== txAdmin v7.1.0 atop fxserver 8052 Starting - 6/19/2024, 12:00:17 PM
================================================================
[12:01:18][MONITOR] Restarting server (server close detected).
[12:02:23][MONITOR] Restarting server (server close detected).
[12:03:30][MONITOR] Restarting server (server close detected).
[12:04:35][MONITOR] Restarting server (server close detected).
[12:05:41][MONITOR] Restarting server (server close detected).
[12:06:48][MONITOR] Restarting server (server close detected).
[12:07:53][MONITOR] Restarting server (server close detected).
[12:09:00][MONITOR] Restarting server (server close detected).
[12:10:05][MONITOR] Restarting server (server close detected).
[12:11:12][MONITOR] Restarting server (server close detected).
[12:12:17][MONITOR] Restarting server (server close detected).
[12:13:24][MONITOR] Restarting server (server close detected).
[12:14:29][MONITOR] Restarting server (server close detected).
[12:15:36][MONITOR] Restarting server (server close detected).
[12:16:41][MONITOR] Restarting server (server close detected).
[12:17:48][MONITOR] Restarting server (server close detected).
[12:18:53][MONITOR] Restarting server (server close detected).
[12:20:00][MONITOR] Restarting server (server close detected).
[12:21:05][MONITOR] Restarting server (server close detected).
[12:22:12][MONITOR] Restarting server (server close detected).
[12:23:17][MONITOR] Restarting server (server close detected).
[12:24:24][MONITOR] Restarting server (server close detected).
[12:25:29][MONITOR] Restarting server (server close detected).
[12:26:36][MONITOR] Restarting server (server close detected).
[12:27:41][MONITOR] Restarting server (server close detected).
[12:28:48][MONITOR] Restarting server (server close detected).
[12:29:53][MONITOR] Restarting server (server close detected).
[12:31:00][MONITOR] Restarting server (server close detected).
[12:32:05][MONITOR] Restarting server (server close detected).
[12:33:12][MONITOR] Restarting server (server close detected).
[12:34:17][MONITOR] Restarting server (server close detected).
[12:35:24][MONITOR] Restarting server (server close detected).
[12:36:29][MONITOR] Restarting server (server close detected).
[12:37:36][MONITOR] Restarting server (server close detected).
[12:38:41][MONITOR] Restarting server (server close detected).
[12:39:48][MONITOR] Restarting server (server close detected).
[12:40:53][MONITOR] Restarting server (server close detected).
[12:42:00][MONITOR] Restarting server (server close detected).
[12:43:05][MONITOR] Restarting server (server close detected).
[12:44:12][MONITOR] Restarting server (server close detected).
[12:45:17][MONITOR] Restarting server (server close detected).
[12:46:24][MONITOR] Restarting server (server close detected).
[12:47:29][MONITOR] Restarting server (server close detected).
[12:48:36][MONITOR] Restarting server (server close detected).
[12:49:41][MONITOR] Restarting server (server close detected).
[12:50:48][MONITOR] Restarting server (server close detected).
[12:51:53][MONITOR] Restarting server (server close detected).
[12:53:00][MONITOR] Restarting server (server close detected).
[12:54:05][MONITOR] Restarting server (server close detected).
[12:55:12][MONITOR] Restarting server (server close detected).
[12:56:17][MONITOR] Restarting server (server close detected).
[12:57:24][MONITOR] Restarting server (server close detected).
[12:58:29][MONITOR] Restarting server (server close detected).
[12:59:36][MONITOR] Restarting server (server close detected).
[13:00:41][MONITOR] Restarting server (server close detected).
[13:01:48][MONITOR] Restarting server (server close detected).
[13:02:53][MONITOR] Restarting server (server close detected).
[13:04:00][MONITOR] Restarting server (server close detected).
[13:05:05][MONITOR] Restarting server (server close detected).
[13:06:12][MONITOR] Restarting server (server close detected).
[13:07:17][MONITOR] Restarting server (server close detected).
[13:08:24][MONITOR] Restarting server (server close detected).
[13:09:29][MONITOR] Restarting server (server close detected).
[13:10:36][MONITOR] Restarting server (server close detected).
[13:11:41][MONITOR] Restarting server (server close detected).
[13:12:48][MONITOR] Restarting server (server close detected).
[13:13:53][MONITOR] Restarting server (server close detected).
[13:15:00][MONITOR] Restarting server (server close detected).
[13:16:05][MONITOR] Restarting server (server close detected).
[13:17:12][MONITOR] Restarting server (server close detected).
[13:18:17][MONITOR] Restarting server (server close detected).
[13:19:24][MONITOR] Restarting server (server close detected).
[13:20:29][MONITOR] Restarting server (server close detected).
[13:21:36][MONITOR] Restarting server (server close detected).
[13:22:41][MONITOR] Restarting server (server close detected).
[13:23:48][MONITOR] Restarting server (server close detected).
[13:24:53][MONITOR] Restarting server (server close detected).
[13:26:00][MONITOR] Restarting server (server close detected).
[13:27:05][MONITOR] Restarting server (server close detected).
[13:28:12][MONITOR] Restarting server (server close detected).
[13:29:17][MONITOR] Restarting server (server close detected).
[13:30:24][MONITOR] Restarting server (server close detected).
[13:31:29][MONITOR] Restarting server (server close detected).
[13:32:36][MONITOR] Restarting server (server close detected).
[13:33:41][MONITOR] Restarting server (server close detected).
[13:34:48][MONITOR] Restarting server (server close detected).
[13:35:53][MONITOR] Restarting server (server close detected).
[13:37:00][MONITOR] Restarting server (server close detected).
[13:38:05][MONITOR] Restarting server (server close detected).
[13:39:12][MONITOR] Restarting server (server close detected).
[13:40:17][MONITOR] Restarting server (server close detected).
[13:41:24][MONITOR] Restarting server (server close detected).
[13:42:29][MONITOR] Restarting server (server close detected).
[13:43:36][MONITOR] Restarting server (server close detected).
[13:44:41][MONITOR] Restarting server (server close detected).
[13:45:48][MONITOR] Restarting server (server close detected).
[13:46:53][MONITOR] Restarting server (server close detected).
[13:48:00][MONITOR] Restarting server (server close detected).
[13:49:05][MONITOR] Restarting server (server close detected).
[13:50:12][MONITOR] Restarting server (server close detected).
[13:51:17][MONITOR] Restarting server (server close detected).
[13:52:24][MONITOR] Restarting server (server close detected).
[13:53:29][MONITOR] Restarting server (server close detected).
[13:54:36][MONITOR] Restarting server (server close detected).
[13:55:41][MONITOR] Restarting server (server close detected).
[13:56:48][MONITOR] Restarting server (server close detected).
[13:57:53][MONITOR] Restarting server (server close detected).
[13:59:00][MONITOR] Restarting server (server close detected).
[14:00:05][MONITOR] Restarting server (server close detected).
[14:01:12][MONITOR] Restarting server (server close detected).
[14:02:17][MONITOR] Restarting server (server close detected).
[14:03:24][MONITOR] Restarting server (server close detected).
[14:04:29][MONITOR] Restarting server (server close detected).
[14:05:36][MONITOR] Restarting server (server close detected).
[14:06:41][MONITOR] Restarting server (server close detected).
[14:07:48][MONITOR] Restarting server (server close detected).
[14:08:53][MONITOR] Restarting server (server close detected).
[14:10:00][MONITOR] Restarting server (server close detected).
[14:11:05][MONITOR] Restarting server (server close detected).
[14:12:12][MONITOR] Restarting server (server close detected).
[14:13:17][MONITOR] Restarting server (server close detected).
[14:14:24][MONITOR] Restarting server (server close detected).
[14:15:29][MONITOR] Restarting server (server close detected).
[14:16:36][MONITOR] Restarting server (server close detected).
[14:17:41][MONITOR] Restarting server (server close detected).
[14:18:48][MONITOR] Restarting server (server close detected).
[14:19:53][MONITOR] Restarting server (server close detected).
[14:21:00][MONITOR] Restarting server (server close detected).
[14:22:05][MONITOR] Restarting server (server close detected).
[14:23:12][MONITOR] Restarting server (server close detected).
[14:24:17][MONITOR] Restarting server (server close detected).
[14:25:24][MONITOR] Restarting server (server close detected).
[14:26:29][MONITOR] Restarting server (server close detected).
[14:27:36][MONITOR] Restarting server (server close detected).
[14:28:41][MONITOR] Restarting server (server close detected).
[14:29:48][MONITOR] Restarting server (server close detected).
[14:30:53][MONITOR] Restarting server (server close detected).
[14:32:00][MONITOR] Restarting server (server close detected).
[14:33:05][MONITOR] Restarting server (server close detected).
[14:34:12][MONITOR] Restarting server (server close detected).
[14:35:17][MONITOR] Restarting server (server close detected).
[14:36:24][MONITOR] Restarting server (server close detected).
[14:37:29][MONITOR] Restarting server (server close detected).
[14:38:36][MONITOR] Restarting server (server close detected).
[14:39:41][MONITOR] Restarting server (server close detected).
[14:40:48][MONITOR] Restarting server (server close detected).
[14:41:53][MONITOR] Restarting server (server close detected).
[14:43:00][MONITOR] Restarting server (server close detected).
[14:44:05][MONITOR] Restarting server (server close detected).
[14:45:12][MONITOR] Restarting server (server close detected).
[14:46:17][MONITOR] Restarting server (server close detected).
[14:47:24][MONITOR] Restarting server (server close detected).
[14:48:29][MONITOR] Restarting server (server close detected).
[14:49:36][MONITOR] Restarting server (server close detected).
[14:50:41][MONITOR] Restarting server (server close detected).
[14:51:48][MONITOR] Restarting server (server close detected).
[14:52:53][MONITOR] Restarting server (server close detected).
[14:54:00][MONITOR] Restarting server (server close detected).
[14:55:05][MONITOR] Restarting server (server close detected).
[14:56:12][MONITOR] Restarting server (server close detected).
[14:57:17][MONITOR] Restarting server (server close detected).
[14:58:24][MONITOR] Restarting server (server close detected).
[14:59:29][MONITOR] Restarting server (server close detected).
[15:00:36][MONITOR] Restarting server (server close detected).
[15:01:41][MONITOR] Restarting server (server close detected).
[15:02:48][MONITOR] Restarting server (server close detected).
[15:03:53][MONITOR] Restarting server (server close detected).
[15:05:00][MONITOR] Restarting server (server close detected).
[15:06:05][MONITOR] Restarting server (server close detected).
[15:07:12][MONITOR] Restarting server (server close detected).
[15:08:17][MONITOR] Restarting server (server close detected).
[15:09:24][MONITOR] Restarting server (server close detected).
[15:10:31][MONITOR] Restarting server (server close detected).
[15:11:36][MONITOR] Restarting server (server close detected).
[15:12:43][MONITOR] Restarting server (server close detected).
[15:13:48][MONITOR] Restarting server (server close detected).
[15:14:55][MONITOR] Restarting server (server close detected).
[15:16:00][MONITOR] Restarting server (server close detected).
[15:17:07][MONITOR] Restarting server (server close detected).
[15:18:12][MONITOR] Restarting server (server close detected).
[15:19:19][MONITOR] Restarting server (server close detected).
[15:20:24][MONITOR] Restarting server (server close detected).
[15:21:31][MONITOR] Restarting server (server close detected).
[15:22:36][MONITOR] Restarting server (server close detected).
[15:23:43][MONITOR] Restarting server (server close detected).
[15:24:48][MONITOR] Restarting server (server close detected).
[15:25:55][MONITOR] Restarting server (server close detected).
[15:27:00][MONITOR] Restarting server (server close detected).
[15:28:07][MONITOR] Restarting server (server close detected).
[15:29:12][MONITOR] Restarting server (server close detected).
[15:30:19][MONITOR] Restarting server (server close detected).
[15:31:24][MONITOR] Restarting server (server close detected).
[15:32:31][MONITOR] Restarting server (server close detected).
[15:33:36][MONITOR] Restarting server (server close detected).
[15:34:43][MONITOR] Restarting server (server close detected).
[15:35:48][MONITOR] Restarting server (server close detected).
[15:36:55][MONITOR] Restarting server (server close detected).
[15:38:00][MONITOR] Restarting server (server close detected).
[15:39:07][MONITOR] Restarting server (server close detected).
[15:40:12][MONITOR] Restarting server (server close detected).
[15:41:19][MONITOR] Restarting server (server close detected).
[15:42:24][MONITOR] Restarting server (server close detected).
[15:43:31][MONITOR] Restarting server (server close detected).
[15:44:36][MONITOR] Restarting server (server close detected).
[15:45:43][MONITOR] Restarting server (server close detected).
[15:46:48][MONITOR] Restarting server (server close detected).
[15:47:55][MONITOR] Restarting server (server close detected).
[15:49:02][MONITOR] Restarting server (server close detected).
[15:50:07][MONITOR] Restarting server (server close detected).
[15:51:14][MONITOR] Restarting server (server close detected).
[15:52:19][MONITOR] Restarting server (server close detected).
[15:53:26][MONITOR] Restarting server (server close detected).
[15:54:31][MONITOR] Restarting server (server close detected).
[15:55:38][MONITOR] Restarting server (server close detected).
[15:56:43][MONITOR] Restarting server (server close detected).
[15:57:50][MONITOR] Restarting server (server close detected).
[15:58:55][MONITOR] Restarting server (server close detected).
[16:00:02][MONITOR] Restarting server (server close detected).
[16:01:07][MONITOR] Restarting server (server close detected).
[16:02:14][MONITOR] Restarting server (server close detected).
[16:03:19][MONITOR] Restarting server (server close detected).
[16:04:26][MONITOR] Restarting server (server close detected).
[16:05:31][MONITOR] Restarting server (server close detected).
[16:06:38][MONITOR] Restarting server (server close detected).
[16:07:43][MONITOR] Restarting server (server close detected).
[16:08:50][MONITOR] Restarting server (server close detected).
[16:09:55][MONITOR] Restarting server (server close detected).
[16:11:02][MONITOR] Restarting server (server close detected).
[16:12:07][MONITOR] Restarting server (server close detected).
[16:13:14][MONITOR] Restarting server (server close detected).
[16:14:19][MONITOR] Restarting server (server close detected).
[16:15:26][MONITOR] Restarting server (server close detected).
[16:16:31][MONITOR] Restarting server (server close detected).
[16:17:38][MONITOR] Restarting server (server close detected).
[16:18:43][MONITOR] Restarting server (server close detected).
[16:19:49][MONITOR] Restarting server (server close detected).
[16:20:56][MONITOR] Restarting server (server close detected).
[16:22:01][MONITOR] Restarting server (server close detected).
[16:23:08][MONITOR] Restarting server (server close detected).
[16:24:13][MONITOR] Restarting server (server close detected).
[16:25:20][MONITOR] Restarting server (server close detected).
[16:26:25][MONITOR] Restarting server (server close detected).
[16:27:32][MONITOR] Restarting server (server close detected).
[16:28:37][MONITOR] Restarting server (server close detected).
[16:29:44][MONITOR] Restarting server (server close detected).
[16:30:49][MONITOR] Restarting server (server close detected).
[16:31:56][MONITOR] Restarting server (server close detected).
[16:33:01][MONITOR] Restarting server (server close detected).
[16:34:08][MONITOR] Restarting server (server close detected).
[16:35:13][MONITOR] Restarting server (server close detected).
[16:36:20][MONITOR] Restarting server (server close detected).
[16:37:25][MONITOR] Restarting server (server close detected).
[16:38:32][MONITOR] Restarting server (server close detected).
[16:39:37][MONITOR] Restarting server (server close detected).
[16:40:44][MONITOR] Restarting server (server close detected).
[16:41:49][MONITOR] Restarting server (server close detected).
[16:42:56][MONITOR] Restarting server (server close detected).
[16:44:01][MONITOR] Restarting server (server close detected).
[16:45:08][MONITOR] Restarting server (server close detected).
[16:46:13][MONITOR] Restarting server (server close detected).
[16:47:20][MONITOR] Restarting server (server close detected).
[16:48:27][MONITOR] Restarting server (server close detected).
[16:49:32][MONITOR] Restarting server (server close detected).
[16:50:39][MONITOR] Restarting server (server close detected).
[16:51:44][MONITOR] Restarting server (server close detected).
[16:52:51][MONITOR] Restarting server (server close detected).
[16:53:56][MONITOR] Restarting server (server close detected).
[16:55:03][MONITOR] Restarting server (server close detected).
[16:56:08][MONITOR] Restarting server (server close detected).
[16:57:15][MONITOR] Restarting server (server close detected).
[16:58:20][MONITOR] Restarting server (server close detected).
[16:59:27][MONITOR] Restarting server (server close detected).
[17:00:32][MONITOR] Restarting server (server close detected).
[17:01:39][MONITOR] Restarting server (server close detected).
[17:02:44][MONITOR] Restarting server (server close detected).
[17:03:51][MONITOR] Restarting server (server close detected).
[17:04:56][MONITOR] Restarting server (server close detected).
[17:06:03][MONITOR] Restarting server (server close detected).
[17:07:08][MONITOR] Restarting server (server close detected).
[17:08:15][MONITOR] Restarting server (server close detected).
[17:09:20][MONITOR] Restarting server (server close detected).
[17:10:27][MONITOR] Restarting server (server close detected).
[17:11:32][MONITOR] Restarting server (server close detected).
[17:12:39][MONITOR] Restarting server (server close detected).
[17:13:44][MONITOR] Restarting server (server close detected).
[17:14:51][MONITOR] Restarting server (server close detected).
[17:15:56][MONITOR] Restarting server (server close detected).
[17:17:03][MONITOR] Restarting server (server close detected).
[17:18:10][MONITOR] Restarting server (server close detected).
[17:19:15][MONITOR] Restarting server (server close detected).
[17:20:22][MONITOR] Restarting server (server close detected).
[17:21:27][MONITOR] Restarting server (server close detected).
[17:22:34][MONITOR] Restarting server (server close detected).
[17:23:39][MONITOR] Restarting server (server close detected).
[17:24:46][MONITOR] Restarting server (server close detected).
[17:25:51][MONITOR] Restarting server (server close detected).
[17:26:58][MONITOR] Restarting server (server close detected).
[17:28:03][MONITOR] Restarting server (server close detected).
[17:29:10][MONITOR] Restarting server (server close detected).
[17:30:15][MONITOR] Restarting server (server close detected).
[17:31:22][MONITOR] Restarting server (server close detected).
[17:32:27][MONITOR] Restarting server (server close detected).
[17:33:34][MONITOR] Restarting server (server close detected).
[17:34:39][MONITOR] Restarting server (server close detected).
[17:35:46][MONITOR] Restarting server (server close detected).
[17:36:51][MONITOR] Restarting server (server close detected).
[17:37:58][MONITOR] Restarting server (server close detected).
[17:39:03][MONITOR] Restarting server (server close detected).
[17:40:10][MONITOR] Restarting server (server close detected).
[17:41:16][MONITOR] Restarting server (server close detected).
[17:42:21][MONITOR] Restarting server (server close detected).
[17:43:28][MONITOR] Restarting server (server close detected).
[17:44:33][MONITOR] Restarting server (server close detected).
[17:45:40][MONITOR] Restarting server (server close detected).
[17:46:45][MONITOR] Restarting server (server close detected).
[17:47:52][MONITOR] Restarting server (server close detected).
[17:48:57][MONITOR] Restarting server (server close detected).
[17:50:04][MONITOR] Restarting server (server close detected).
[17:51:09][MONITOR] Restarting server (server close detected).
[17:52:16][MONITOR] Restarting server (server close detected).
[17:53:21][MONITOR] Restarting server (server close detected).
[17:54:28][MONITOR] Restarting server (server close detected).
[17:55:33][MONITOR] Restarting server (server close detected).
[17:56:40][MONITOR] Restarting server (server close detected).
[17:57:45][MONITOR] Restarting server (server close detected).
[17:58:52][MONITOR] Restarting server (server close detected).
[17:59:57][MONITOR] Restarting server (server close detected).

================================================================
======== txAdmin v7.1.0 atop fxserver 8052 Starting - 6/19/2024, 6:00:17 PM
================================================================
[18:01:17][MONITOR] Restarting server (server close detected).
[18:02:22][MONITOR] Restarting server (server close detected).
[18:03:29][MONITOR] Restarting server (server close detected).
[18:04:34][MONITOR] Restarting server (server close detected).
[18:05:40][MONITOR] Restarting server (server close detected).
[18:06:47][MONITOR] Restarting server (server close detected).
[18:07:52][MONITOR] Restarting server (server close detected).
[18:08:59][MONITOR] Restarting server (server close detected).
[18:10:04][MONITOR] Restarting server (server close detected).
[18:11:11][MONITOR] Restarting server (server close detected).
[18:12:16][MONITOR] Restarting server (server close detected).
[18:13:22][MONITOR] Restarting server (server close detected).
[18:14:29][MONITOR] Restarting server (server close detected).
[18:15:34][MONITOR] Restarting server (server close detected).
[18:16:41][MONITOR] Restarting server (server close detected).
[18:17:46][MONITOR] Restarting server (server close detected).
[18:18:53][MONITOR] Restarting server (server close detected).
[18:19:58][MONITOR] Restarting server (server close detected).
[18:21:05][MONITOR] Restarting server (server close detected).
[18:22:10][MONITOR] Restarting server (server close detected).
[18:23:17][MONITOR] Restarting server (server close detected).
[18:24:23][MONITOR] Restarting server (server close detected).
[18:25:28][MONITOR] Restarting server (server close detected).
[18:26:35][MONITOR] Restarting server (server close detected).
[18:27:40][MONITOR] Restarting server (server close detected).
[18:28:47][MONITOR] Restarting server (server close detected).
[18:29:52][MONITOR] Restarting server (server close detected).
[18:30:59][MONITOR] Restarting server (server close detected).
[18:32:04][MONITOR] Restarting server (server close detected).
[18:33:11][MONITOR] Restarting server (server close detected).
[18:34:16][MONITOR] Restarting server (server close detected).
[18:35:23][MONITOR] Restarting server (server close detected).
[18:36:28][MONITOR] Restarting server (server close detected).
[18:37:35][MONITOR] Restarting server (server close detected).
[18:38:40][MONITOR] Restarting server (server close detected).
[18:39:47][MONITOR] Restarting server (server close detected).
[18:40:52][MONITOR] Restarting server (server close detected).
[18:41:59][MONITOR] Restarting server (server close detected).
[18:43:05][MONITOR] Restarting server (server close detected).
[18:44:10][MONITOR] Restarting server (server close detected).
[18:45:17][MONITOR] Restarting server (server close detected).
[18:46:22][MONITOR] Restarting server (server close detected).
[18:47:29][MONITOR] Restarting server (server close detected).
[18:48:34][MONITOR] Restarting server (server close detected).
[18:49:41][MONITOR] Restarting server (server close detected).
[18:50:46][MONITOR] Restarting server (server close detected).
[18:51:53][MONITOR] Restarting server (server close detected).
[18:52:58][MONITOR] Restarting server (server close detected).
[18:54:05][MONITOR] Restarting server (server close detected).
[18:55:10][MONITOR] Restarting server (server close detected).
[18:56:17][MONITOR] Restarting server (server close detected).
[18:57:22][MONITOR] Restarting server (server close detected).
[18:58:29][MONITOR] Restarting server (server close detected).
[18:59:34][MONITOR] Restarting server (server close detected).
[19:00:40][MONITOR] Restarting server (server close detected).
[19:01:47][MONITOR] Restarting server (server close detected).
[19:02:52][MONITOR] Restarting server (server close detected).
[19:03:59][MONITOR] Restarting server (server close detected).
[19:05:04][MONITOR] Restarting server (server close detected).
[19:06:11][MONITOR] Restarting server (server close detected).
[19:07:16][MONITOR] Restarting server (server close detected).
[19:08:23][MONITOR] Restarting server (server close detected).
[19:09:28][MONITOR] Restarting server (server close detected).
[19:10:35][MONITOR] Restarting server (server close detected).
[19:11:40][MONITOR] Restarting server (server close detected).
[19:12:46][MONITOR] Restarting server (server close detected).
[19:13:53][MONITOR] Restarting server (server close detected).
[19:14:58][MONITOR] Restarting server (server close detected).
[19:16:05][MONITOR] Restarting server (server close detected).
[19:17:10][MONITOR] Restarting server (server close detected).
[19:18:17][MONITOR] Restarting server (server close detected).
[19:19:22][MONITOR] Restarting server (server close detected).
[19:20:29][MONITOR] Restarting server (server close detected).
[19:21:34][MONITOR] Restarting server (server close detected).
[19:22:41][MONITOR] Restarting server (server close detected).
[19:23:48][MONITOR] Restarting server (server close detected).
[19:24:53][MONITOR] Restarting server (server close detected).
[19:26:00][MONITOR] Restarting server (server close detected).
[19:27:05][MONITOR] Restarting server (server close detected).
[19:28:12][MONITOR] Restarting server (server close detected).
[19:29:17][MONITOR] Restarting server (server close detected).
[19:30:24][MONITOR] Restarting server (server close detected).
[19:31:29][MONITOR] Restarting server (server close detected).
[19:32:36][MONITOR] Restarting server (server close detected).
[19:33:41][MONITOR] Restarting server (server close detected).
[19:34:48][MONITOR] Restarting server (server close detected).
[19:35:54][MONITOR] Restarting server (server close detected).
[19:36:59][MONITOR] Restarting server (server close detected).
[19:38:06][MONITOR] Restarting server (server close detected).
[19:39:11][MONITOR] Restarting server (server close detected).
[19:40:18][MONITOR] Restarting server (server close detected).
[19:41:23][MONITOR] Restarting server (server close detected).
[19:42:30][MONITOR] Restarting server (server close detected).
[19:43:35][MONITOR] Restarting server (server close detected).
[19:44:42][MONITOR] Restarting server (server close detected).
[19:45:47][MONITOR] Restarting server (server close detected).
[19:46:54][MONITOR] Restarting server (server close detected).
[19:48:00][MONITOR] Restarting server (server close detected).
[19:49:05][MONITOR] Restarting server (server close detected).
[19:50:12][MONITOR] Restarting server (server close detected).
[19:51:17][MONITOR] Restarting server (server close detected).
[19:52:24][MONITOR] Restarting server (server close detected).
[19:53:29][MONITOR] Restarting server (server close detected).
[19:54:36][MONITOR] Restarting server (server close detected).
[19:55:42][MONITOR] Restarting server (server close detected).
[19:56:47][MONITOR] Restarting server (server close detected).
[19:57:54][MONITOR] Restarting server (server close detected).
[19:58:59][MONITOR] Restarting server (server close detected).
[20:00:06][MONITOR] Restarting server (server close detected).
[20:01:11][MONITOR] Restarting server (server close detected).
[20:02:18][MONITOR] Restarting server (server close detected).
[20:03:24][MONITOR] Restarting server (server close detected).
[20:04:29][MONITOR] Restarting server (server close detected).
[20:05:36][MONITOR] Restarting server (server close detected).
[20:06:41][MONITOR] Restarting server (server close detected).
[20:07:48][MONITOR] Restarting server (server close detected).
[20:08:53][MONITOR] Restarting server (server close detected).
[20:10:00][MONITOR] Restarting server (server close detected).
[20:11:05][MONITOR] Restarting server (server close detected).
[20:12:12][MONITOR] Restarting server (server close detected).
[20:13:17][MONITOR] Restarting server (server close detected).
[20:14:24][MONITOR] Restarting server (server close detected).
[20:15:29][MONITOR] Restarting server (server close detected).
[20:16:36][MONITOR] Restarting server (server close detected).
[20:17:42][MONITOR] Restarting server (server close detected).
[20:18:47][MONITOR] Restarting server (server close detected).
[20:19:54][MONITOR] Restarting server (server close detected).
[20:20:59][MONITOR] Restarting server (server close detected).
[20:22:06][MONITOR] Restarting server (server close detected).
[20:23:11][MONITOR] Restarting server (server close detected).
[20:24:18][MONITOR] Restarting server (server close detected).
[20:25:23][MONITOR] Restarting server (server close detected).
[20:26:30][MONITOR] Restarting server (server close detected).
[20:27:35][MONITOR] Restarting server (server close detected).
[20:28:42][MONITOR] Restarting server (server close detected).
[20:29:47][MONITOR] Restarting server (server close detected).
[20:30:54][MONITOR] Restarting server (server close detected).
[20:31:59][MONITOR] Restarting server (server close detected).
[20:33:06][MONITOR] Restarting server (server close detected).
[20:34:11][MONITOR] Restarting server (server close detected).
[20:35:18][MONITOR] Restarting server (server close detected).
[20:36:23][MONITOR] Restarting server (server close detected).
[20:37:30][MONITOR] Restarting server (server close detected).
[20:38:35][MONITOR] Restarting server (server close detected).
[20:39:42][MONITOR] Restarting server (server close detected).
[20:40:47][MONITOR] Restarting server (server close detected).
[20:41:54][MONITOR] Restarting server (server close detected).
[20:42:59][MONITOR] Restarting server (server close detected).
[20:44:06][MONITOR] Restarting server (server close detected).
[20:45:11][MONITOR] Restarting server (server close detected).
[20:46:18][MONITOR] Restarting server (server close detected).
[20:47:23][MONITOR] Restarting server (server close detected).
[20:48:30][MONITOR] Restarting server (server close detected).
[20:49:37][MONITOR] Restarting server (server close detected).
[20:50:42][MONITOR] Restarting server (server close detected).
[20:51:49][MONITOR] Restarting server (server close detected).
[20:52:54][MONITOR] Restarting server (server close detected).
[20:54:01][MONITOR] Restarting server (server close detected).
[20:55:06][MONITOR] Restarting server (server close detected).
[20:56:13][MONITOR] Restarting server (server close detected).
[20:57:18][MONITOR] Restarting server (server close detected).
[20:58:25][MONITOR] Restarting server (server close detected).
[20:59:30][MONITOR] Restarting server (server close detected).
[21:00:37][MONITOR] Restarting server (server close detected).
[21:01:42][MONITOR] Restarting server (server close detected).
[21:02:49][MONITOR] Restarting server (server close detected).
[21:03:54][MONITOR] Restarting server (server close detected).
[21:05:01][MONITOR] Restarting server (server close detected).
[21:06:06][MONITOR] Restarting server (server close detected).
[21:07:13][MONITOR] Restarting server (server close detected).
[21:08:18][MONITOR] Restarting server (server close detected).
[21:09:25][MONITOR] Restarting server (server close detected).
[21:10:30][MONITOR] Restarting server (server close detected).
[21:11:37][MONITOR] Restarting server (server close detected).
[21:12:42][MONITOR] Restarting server (server close detected).
[21:13:48][MONITOR] Restarting server (server close detected).
[21:14:55][MONITOR] Restarting server (server close detected).
[21:16:00][MONITOR] Restarting server (server close detected).
[21:17:07][MONITOR] Restarting server (server close detected).
[21:18:12][MONITOR] Restarting server (server close detected).
[21:19:19][MONITOR] Restarting server (server close detected).
[21:20:24][MONITOR] Restarting server (server close detected).
[21:21:31][MONITOR] Restarting server (server close detected).
[21:22:36][MONITOR] Restarting server (server close detected).
[21:23:43][MONITOR] Restarting server (server close detected).
[21:24:48][MONITOR] Restarting server (server close detected).
[21:25:55][MONITOR] Restarting server (server close detected).
[21:27:00][MONITOR] Restarting server (server close detected).
[21:28:07][MONITOR] Restarting server (server close detected).
[21:29:12][MONITOR] Restarting server (server close detected).
[21:30:19][MONITOR] Restarting server (server close detected).
[21:31:24][MONITOR] Restarting server (server close detected).
[21:32:31][MONITOR] Restarting server (server close detected).
[21:33:36][MONITOR] Restarting server (server close detected).
[21:34:43][MONITOR] Restarting server (server close detected).
[21:35:48][MONITOR] Restarting server (server close detected).
[21:36:55][MONITOR] Restarting server (server close detected).
[21:38:00][MONITOR] Restarting server (server close detected).
[21:39:07][MONITOR] Restarting server (server close detected).
[21:40:12][MONITOR] Restarting server (server close detected).
[21:41:19][MONITOR] Restarting server (server close detected).
[21:42:24][MONITOR] Restarting server (server close detected).
[21:43:31][MONITOR] Restarting server (server close detected).
[21:44:36][MONITOR] Restarting server (server close detected).
[21:45:43][MONITOR] Restarting server (server close detected).
[21:46:48][MONITOR] Restarting server (server close detected).
[21:47:54][MONITOR] Restarting server (server close detected).
[21:49:01][MONITOR] Restarting server (server close detected).
[21:50:06][MONITOR] Restarting server (server close detected).
[21:51:13][MONITOR] Restarting server (server close detected).
[21:52:18][MONITOR] Restarting server (server close detected).
[21:53:25][MONITOR] Restarting server (server close detected).
[21:54:30][MONITOR] Restarting server (server close detected).
[21:55:37][MONITOR] Restarting server (server close detected).
[21:56:42][MONITOR] Restarting server (server close detected).
[21:57:49][MONITOR] Restarting server (server close detected).
[21:58:54][MONITOR] Restarting server (server close detected).
[22:00:01][MONITOR] Restarting server (server close detected).
[22:01:06][MONITOR] Restarting server (server close detected).
[22:02:13][MONITOR] Restarting server (server close detected).
[22:03:18][MONITOR] Restarting server (server close detected).
[22:04:25][MONITOR] Restarting server (server close detected).
[22:05:30][MONITOR] Restarting server (server close detected).
[22:06:37][MONITOR] Restarting server (server close detected).
[22:07:42][MONITOR] Restarting server (server close detected).
[22:08:49][MONITOR] Restarting server (server close detected).
[22:09:54][MONITOR] Restarting server (server close detected).
[22:11:01][MONITOR] Restarting server (server close detected).
[22:12:06][MONITOR] Restarting server (server close detected).
[22:13:13][MONITOR] Restarting server (server close detected).
[22:14:18][MONITOR] Restarting server (server close detected).
[22:15:25][MONITOR] Restarting server (server close detected).
[22:16:30][MONITOR] Restarting server (server close detected).
[22:17:37][MONITOR] Restarting server (server close detected).
[22:18:42][MONITOR] Restarting server (server close detected).
[22:19:49][MONITOR] Restarting server (server close detected).
[22:20:54][MONITOR] Restarting server (server close detected).
[22:22:01][MONITOR] Restarting server (server close detected).
[22:23:06][MONITOR] Restarting server (server close detected).
[22:24:13][MONITOR] Restarting server (server close detected).
[22:25:18][MONITOR] Restarting server (server close detected).
[22:26:25][MONITOR] Restarting server (server close detected).
[22:27:30][MONITOR] Restarting server (server close detected).
[22:28:37][MONITOR] Restarting server (server close detected).
[22:29:42][MONITOR] Restarting server (server close detected).
[22:30:49][MONITOR] Restarting server (server close detected).
[22:31:54][MONITOR] Restarting server (server close detected).
[22:33:01][MONITOR] Restarting server (server close detected).
[22:34:06][MONITOR] Restarting server (server close detected).
[22:35:13][MONITOR] Restarting server (server close detected).
[22:36:18][MONITOR] Restarting server (server close detected).
[22:37:25][MONITOR] Restarting server (server close detected).
[22:38:30][MONITOR] Restarting server (server close detected).
[22:39:37][MONITOR] Restarting server (server close detected).
[22:40:42][MONITOR] Restarting server (server close detected).
[22:41:49][MONITOR] Restarting server (server close detected).
[22:42:54][MONITOR] Restarting server (server close detected).
[22:44:01][MONITOR] Restarting server (server close detected).
[22:45:06][MONITOR] Restarting server (server close detected).
[22:46:13][MONITOR] Restarting server (server close detected).
[22:47:18][MONITOR] Restarting server (server close detected).
[22:48:25][MONITOR] Restarting server (server close detected).
[22:49:30][MONITOR] Restarting server (server close detected).
[22:50:37][MONITOR] Restarting server (server close detected).
[22:51:42][MONITOR] Restarting server (server close detected).
[22:52:49][MONITOR] Restarting server (server close detected).
[22:53:54][MONITOR] Restarting server (server close detected).
[22:55:01][MONITOR] Restarting server (server close detected).
[22:56:06][MONITOR] Restarting server (server close detected).
[22:57:13][MONITOR] Restarting server (server close detected).
[22:58:18][MONITOR] Restarting server (server close detected).
[22:59:25][MONITOR] Restarting server (server close detected).
[23:00:30][MONITOR] Restarting server (server close detected).
[23:01:37][MONITOR] Restarting server (server close detected).
[23:02:42][MONITOR] Restarting server (server close detected).
[23:03:49][MONITOR] Restarting server (server close detected).
[23:04:54][MONITOR] Restarting server (server close detected).
[23:06:01][MONITOR] Restarting server (server close detected).
[23:07:06][MONITOR] Restarting server (server close detected).
[23:08:13][MONITOR] Restarting server (server close detected).
[23:09:18][MONITOR] Restarting server (server close detected).
[23:10:25][MONITOR] Restarting server (server close detected).
[23:11:30][MONITOR] Restarting server (server close detected).
[23:12:37][MONITOR] Restarting server (server close detected).
[23:13:42][MONITOR] Restarting server (server close detected).
[23:14:49][MONITOR] Restarting server (server close detected).
[23:15:54][MONITOR] Restarting server (server close detected).
[23:17:01][MONITOR] Restarting server (server close detected).
[23:18:06][MONITOR] Restarting server (server close detected).
[23:19:13][MONITOR] Restarting server (server close detected).
[23:20:18][MONITOR] Restarting server (server close detected).
[23:21:25][MONITOR] Restarting server (server close detected).
[23:22:30][MONITOR] Restarting server (server close detected).
[23:23:37][MONITOR] Restarting server (server close detected).
[23:24:44][MONITOR] Restarting server (server close detected).
[23:25:49][MONITOR] Restarting server (server close detected).
[23:26:56][MONITOR] Restarting server (server close detected).
[23:28:01][MONITOR] Restarting server (server close detected).
[23:29:08][MONITOR] Restarting server (server close detected).
[23:30:13][MONITOR] Restarting server (server close detected).
[23:31:20][MONITOR] Restarting server (server close detected).
[23:32:25][MONITOR] Restarting server (server close detected).
[23:33:32][MONITOR] Restarting server (server close detected).
[23:34:37][MONITOR] Restarting server (server close detected).
[23:35:44][MONITOR] Restarting server (server close detected).
[23:36:49][MONITOR] Restarting server (server close detected).
[23:37:56][MONITOR] Restarting server (server close detected).
[23:39:01][MONITOR] Restarting server (server close detected).
[23:40:08][MONITOR] Restarting server (server close detected).
[23:41:13][MONITOR] Restarting server (server close detected).
[23:42:20][MONITOR] Restarting server (server close detected).
[23:43:25][MONITOR] Restarting server (server close detected).
[23:44:32][MONITOR] Restarting server (server close detected).
[23:45:37][MONITOR] Restarting server (server close detected).
[23:46:44][MONITOR] Restarting server (server close detected).
[23:47:49][MONITOR] Restarting server (server close detected).
[23:48:56][MONITOR] Restarting server (server close detected).
[23:50:01][MONITOR] Restarting server (server close detected).
[23:51:08][MONITOR] Restarting server (server close detected).
[23:52:13][MONITOR] Restarting server (server close detected).
[23:53:20][MONITOR] Restarting server (server close detected).
[23:54:25][MONITOR] Restarting server (server close detected).
[23:55:32][MONITOR] Restarting server (server close detected).
[23:56:37][MONITOR] Restarting server (server close detected).
[23:57:43][MONITOR] Restarting server (server close detected).
[23:58:50][MONITOR] Restarting server (server close detected).
[23:59:55][MONITOR] Restarting server (server close detected).
