
================================================================
======== txAdmin v7.1.0 atop fxserver 8052 Starting - 7/14/2024, 12:00:18 AM
================================================================

================================================================
======== Log Rotated - 7/14/2024, 12:00:18 AM                   
================================================================

================================================================
======== txAdmin v7.1.0 atop fxserver 8052 Starting - 7/14/2024, 6:00:15 AM
================================================================

================================================================
======== txAdmin v7.1.0 atop fxserver 8052 Starting - 7/14/2024, 11:25:41 AM
================================================================
[11:25:48][jamie] logged in from 88.159.244.69 via cfxre
[11:26:10][jamie] Changing Player Manager settings.
[11:26:33][jamie] Changing Player Manager settings.
[11:26:35][jamie] Changing Player Manager settings.

================================================================
======== txAdmin v7.1.0 atop fxserver 8052 Starting - 7/14/2024, 11:41:42 AM
================================================================
[11:42:53][jamie] logged in from 88.159.244.69 via cfxre
[11:46:02][jamie] executed "RESTART SERVER"
[11:53:47][jamie] executed "RESTART SERVER"

================================================================
======== txAdmin v7.1.0 atop fxserver 8052 Starting - 7/14/2024, 11:54:02 AM
================================================================
[11:58:00][jamie] logged in from 88.159.244.69 via cfxre
[12:00:02][SCHEDULER] Restarting server (scheduled restart at 12:00).

================================================================
======== txAdmin v7.1.0 atop fxserver 8052 Starting - 7/14/2024, 12:00:16 PM
================================================================
[12:11:17][jamie] logged in from 88.159.244.69 via cfxre
[12:11:19][jamie] executed "RESTART SERVER"
[12:15:21][matthijs] logged in from 89.99.67.196 via cfxre
[12:15:28][matthijs] executed "ensure "frp-cardealer""

================================================================
======== txAdmin v7.1.0 atop fxserver 8052 Starting - 7/14/2024, 12:16:58 PM
================================================================

================================================================
======== txAdmin v7.1.0 atop fxserver 8052 Starting - 7/14/2024, 12:17:29 PM
================================================================
[12:19:09][jamie] logged in from 88.159.244.69 via cfxre
[12:22:23][matthijs] logged in from 89.99.67.196 via cfxre
[12:22:27][matthijs] executed "ensure "politievoertuigen""
[12:22:29][jamie] executed "RESTART SERVER"

================================================================
======== txAdmin v7.1.0 atop fxserver 8052 Starting - 7/14/2024, 12:22:45 PM
================================================================
[12:31:54][jamie] logged in from 88.159.244.69 via cfxre

================================================================
======== txAdmin v7.1.0 atop fxserver 8052 Starting - 7/14/2024, 12:32:04 PM
================================================================

================================================================
======== txAdmin v7.1.0 atop fxserver 8052 Starting - 7/14/2024, 12:33:40 PM
================================================================
[12:51:35][jamie] logged in from 88.159.244.69 via cfxre
[12:51:38][jamie] executed "RESTART SERVER"
[14:26:37][jamie] executed "RESTART SERVER"
[14:35:12][jamie] executed "RESTART SERVER"

================================================================
======== txAdmin v7.1.0 atop fxserver 8052 Starting - 7/14/2024, 6:00:17 PM
================================================================

================================================================
======== txAdmin v7.1.0 atop fxserver 8052 Starting - 7/14/2024, 8:33:52 PM
================================================================
