
================================================================
======== txAdmin v7.1.0 atop fxserver 8052 Starting - 6/27/2024, 12:00:16 AM
================================================================

================================================================
======== Log Rotated - 6/27/2024, 12:00:16 AM                   
================================================================

================================================================
======== txAdmin v7.1.0 atop fxserver 8052 Starting - 6/27/2024, 6:00:18 AM
================================================================

================================================================
======== txAdmin v7.1.0 atop fxserver 8052 Starting - 6/27/2024, 12:00:17 PM
================================================================

================================================================
======== txAdmin v7.1.0 atop fxserver 8052 Starting - 6/27/2024, 6:00:16 PM
================================================================
[23:19:11][jamie] logged in from 88.159.244.69 via cfxre
[23:20:19][jamie] executed "setgroup 1 admin"
[23:21:17][jamie] executed "ensure "GeenNPC""
[23:21:21][jamie] executed "stop "GeenNPC""
[23:26:37][jamie] executed "ensure "GeenNPC""
[23:27:05][jamie] executed "fg unban 1"
