================================================================
======== Log Rotated - 11/2/2024, 12:00:00 AM                   
================================================================
[00:25:13][tweekant6] Banned player Sharifamdr: combatloggen
[00:25:24][tweekant6] Warned player Sharifamdr: combatloggen
[00:29:02][anass] Revoked ban id BE7R-LGFL from Vaag
[00:32:45][anass] Revoked ban id B9RP-TX5T from Zyxster
[00:43:34][tweekant6] Warned player Huhuhu: Artikel 5.1: Random Death Match
[01:08:23][tweekant6] Warned player Ik zie je ook!!: Artikel 4.2: Vehicle Deathmatch
[01:18:50][tweekant6] Warned player DoorCrosser: Artikel 7.1 Ongepast taalgebruik
[01:30:26][tweekant6] Warned player ThijmenVuurtje: Artikel 4.2: Vehicle Deathmatch
[01:42:01][tweekant6] Warned player Hunterzz: Artikel 4.2: Vehicle Deathmatch
[02:26:25][tweekant6] Warned player Magomed: Artikel 3.1: NVOL
[03:13:34][niels] Banned player jekent het wel: combatloggen | inv clear + taken
[03:27:08][niels] Revoked ban id BZ5A-NNFK from jekent het wel
[06:00:25][SCHEDULER] Restarting server (scheduled restart at 06:00).
[12:21:20][mimi] Banned player Muis S: Combatloggen tijdens staffzaak + schelden met hedendaagse Ziektes
[12:31:56][rv6765] Banned player ferrejansens: Hacken + spoofen. Doei he
[12:43:26][polishexpert] Revoked ban id BT5F-WALH from Oussim0174
[12:49:27][Santi] executed "fg check 1056"
[12:49:30][Santi] executed "fg unban 1056"
[12:49:50][Santi] executed "fg unban 1070"
[12:49:59][Santi] executed "fg check 1096"
[12:50:12][Santi] executed "fg check 782"
[12:50:39][Santi] executed "fg unban 782"
[13:07:23][Jamie] logged in from 88.159.244.69 via cfxre
[13:07:42][Jamie] executed "fg reload"
[13:07:43][polishexpert] Banned player mocro_fietsendief: Artikel 2.8: Combatloggen
[13:26:05][matissedz] Banned player eet me bal: Hacken: ESP en Aimbot gebruiken ( ban van rick!)
[13:26:43][polishexpert] Banned player eet me bal: Artikel 1.1: Gebruik Cheats/Externe Software
[14:00:04][matthijs] logged in from 89.99.67.196 via cfxre
[14:01:33][lrpseppe] Banned player Barrie AK: combatloggen|ticket aanmaken voor unban +inv clear
[14:01:45][matthijs] executed "restart lrp-inleveren"
[14:06:27][matthijs] executed "restart lrp-inleveren"
[14:07:44][matthijs] executed "restart lrp-inleveren"
[14:11:51][niels] Revoked ban id BJGJ-4E4U from Barrie AK
[14:12:32][matthijs] executed "checkmoney"
[14:23:31][matthijs] executed "checkmoney"
[14:23:32][matthijs] executed "restart lrp-inleveren"
[14:33:18][matthijs] executed "giverefund steam:11000013ea61ff7 money 1200000"
[14:35:03][LRPYoko] Revoked ban id B2N9-VZ82 from Gqkko
[14:36:15][matthijs] executed "check"
[14:40:32][matissedz] Kicked OutlawSnr: Reloggen
[14:45:35][LRPYoko] Revoked ban id B6QL-738S from NET EEN RAKETT IN STIJGG
[14:50:10][devious] logged in from 62.45.65.55 via cfxre
[14:51:01][devious] executed "setjob 48 kmar 1"
[14:51:20][devious] executed "setjob 48 kmar 2"
[14:51:21][LRPYoko] Banned player BOXED BY Taha32: Artiekel 2.8 - combatloggen
[14:51:24][devious] executed "setjob 48 kmar 3"
[14:53:50][LRPYoko] Revoked ban id BTKP-PATD from BOXED BY Taha32
[14:55:16][mimi] Banned player DoorCrosser: Combatloggen na dat je bent aangehouden Melden in ticket voor Inv wipe + Taken
[15:15:38][LRPYoko] Banned player Lowkey: Artikel 7.1 Ongepast taalgebruik - Voordoen als staff & praten over illegale bedoelingen
[15:47:02][okana] Sending announcement: Carwipe in 1 min.
[15:50:02][okana] Sending announcement: Als je hulp nodig hebt maar gerust een /report aan
[16:13:23][polishexpert] Kicked John Wick: naam aanpassen in porto
[16:16:18][LRPYoko] Revoked ban id B878-FTGY from Lowkey
[16:16:22][LRPYoko] Banned player Lowkey: Artikel 7.1 Ongepast taalgebruik - Voordoen als staff & praten over illegale bedoelingen
[17:23:46][lrpcasper] Revoked ban id B6FK-2VBG from [WSK] Zaza
[17:57:08][lrprico] Revoked ban id BPWG-KE4R from [SW] Tyler
[18:00:44][SCHEDULER] Restarting server (scheduled restart at 18:00).
[18:03:44][Jamie] executed "fg check 1116"
[18:04:20][Jamie] executed "fg unban 1116"
[18:17:06][tweekant6] Warned player Franky21002: Artikel 5.1: Random Death Match
[18:44:36][tinosan] logged in from 77.160.116.36 via cfxre
[18:55:52][tweekant6] Banned player je bent niet hem: Artikel 2.8: Combatloggen (Ban + inv wipe)
[19:05:31][mimi] Banned player zaka_2kl: Combatloggen Melden in ticket voor Invwipe
[19:30:28][niels] Sending announcement: Iedereen die mee doet aan het event, Graag om 19:45 verzamelen op het vliegveld van eiland.
[19:40:44][niels] Sending announcement: Als je een tp nodig hebt voor het event maak even een reportje aan met daarin "tp event"
[19:48:27][Sunless] executed "giverefund steam:110000151d3813b cash 1200000"
[19:59:25][devious] Kicked 𝕋: doe maar uit
[20:10:46][niels] Sending announcement: Het event is begonnen jullie mogen gaan schieten.
[20:22:24][niels] Sending announcement: iedereen moet pushen naar de villa
[20:23:15][devious] DM to Lincio: Excuus!
[20:36:34][devious] Banned player ietjes te groff!!: Combatloggen morgen na banwipe krijg je clearinv + 150 taken
[20:43:55][jorn] logged in from 31.151.159.115 via cfxre
[20:45:00][jorn] executed "giveitem 116 money 1000000"
[20:57:48][Hector] Banned player Rune: Artikel 2.8: Combatloggen | Artikel 3.1: NVOL | AK inleveren/Inv wipe + 150 taken
[21:04:22][lrpseppe] Banned player remivanhoutte015: combatloggen/ticket maken voor unban +taken
[22:00:50][tweekant6] Warned player Blobvis: Artikel 3.1: NVOL
[22:29:53][Tijnn2708] logged in from 84.80.106.96 via cfxre
[22:30:08][Tijnn2708] Sending announcement: groetjes naar jamie
[22:30:12][Tijnn2708] executed "STOP SERVER"
[22:30:30][Hector] logged in from 31.151.210.81 via cfxre
