
================================================================
======== txAdmin v7.1.0 atop fxserver 8052 Starting - 5/16/2024, 12:00:15 AM
================================================================

================================================================
======== Log Rotated - 5/16/2024, 12:00:15 AM                   
================================================================

================================================================
======== txAdmin v7.1.0 atop fxserver 8052 Starting - 5/16/2024, 6:00:18 AM
================================================================
[08:45:50][jamie] logged in from 88.159.244.69 via cfxre

================================================================
======== txAdmin v7.1.0 atop fxserver 8052 Starting - 5/16/2024, 12:00:17 PM
================================================================
[14:28:22][rvhdccianhogendijk] logged in from 83.87.186.82 via password
[15:14:13][nielstaghi2] logged in from 84.84.4.101 via password
[15:48:10][jesse] logged in from 84.82.187.23 via password
[17:08:42][jesse] Warned player [32] Jarno de Laat: Artikel 9 | Schelden/beledigen van spelers of staff leden
[17:10:09][jesse] Warned player [22] HassanB: Artikel 9 | Schelden met kkr [Milann] (5 euro aan kika doneren voor unban)
[17:10:53][jesse] Banned player HassanB: Artikel 9 | Schelden met kkr [millann] (5 euro doneren aan kika voor unban)
[17:11:06][rvhdccianhogendijk] Revoked warn id WPXV-HXHZ from HassanB
[17:22:04][jaybully] Revoked ban id BPQX-BPEW from stxcs
[17:52:49][hugodejong] Banned player maartendeboer13: melden in ticket combatlog
[17:54:20][hugodejong] Banned player maartendeboer13: combatlog melden in ticket

================================================================
======== txAdmin v7.1.0 atop fxserver 8052 Starting - 5/16/2024, 6:00:16 PM
================================================================
[18:43:27][milann] Warned player [27] Ryan: Schelden
[18:57:11][matthijs] logged in from 89.99.67.196 via cfxre
[18:57:23][matthijs] Banned player [TBR] Romano!!: cheats - gum
[18:57:41][matthijs] executed "wipe b1d372db53b45991b01c8ff438f6e1b17c81aa5c"
[19:11:21][jaybully] Banned player snoop dogg: cheats - ticket maken
[19:19:26][matthijs] Banned player lammert: nvol - melden in ticket (clip al gezien / refund)
[19:20:37][jesse] logged in from 84.82.187.23 via password
[19:21:07][jesse] executed "reply 29 heb jij iemand gebanned via anticheat?"
[19:23:15][matthijs] executed "checkmoney"
[19:23:18][matthijs] executed "checkappa"
[19:23:57][matthijs] executed "checkappa"
[19:27:24][milann] Banned player Lorenzoo: Combatlogg, toegeven dat je nvol doet wanneer je wilt. Geen intentie tot RP
[19:27:54][matthijs] Banned player Jeroen P.: melden in ticket
[19:28:23][fahraw] Banned player Milann: RDM en daarna schuld volledig willen leggen bij anderen.
[19:30:11][jesse] executed "giverefund steam:11000014ccc8344 WEAPON_SMITHWESSON 1"
[19:30:18][jesse] executed "giverefund steam:11000014ccc8344 at_smithwesson_clip_extended 1"
[19:31:21][jesse] executed "giverefund steam:11000014ccc8344 WEAPON_ASSAULTRIFLE_MK2 1"
[19:33:08][matthijs] executed "checkautos"
[19:33:12][matthijs] executed "checkauto"
[19:33:41][matthijs] executed "checkmoney"
[19:34:04][matthijs] executed "checkvehicles"
[19:34:21][jaybully] Banned player aiden_k0314: VDM
[19:34:21][jaybully] Banned player aiden_k0314: VDM
[19:34:25][matthijs] executed "checkmoney"
[19:35:48][matthijs] executed "check 0db93be51f99ade72912a9a3d1bef4844fb5a8d1"
[19:53:31][sunnless] Sending announcement: 10 minuten voordat de eerste foto in het event kanaal komt! De eerste die op de locatie is zal het geld bedrag ontvangen!
[19:56:21][matthijs] executed "check 0db93be51f99ade72912a9a3d1bef4844fb5a8d1"
[19:56:31][Tijntjuh] logged in from 84.80.106.96 via cfxre
[19:56:32][matthijs] executed "checkmoney"
[19:56:35][matthijs] executed "checkmoney 10"
[19:56:49][Tijntjuh] executed "checkmoney 3000000"
[19:56:53][matthijs] executed "checkmoney 5000000"
[19:57:42][matthijs] Banned player Fixxzy: cheats - meldne in ticket (geld)
[19:57:57][matthijs] Banned player ItsDevCrxzy: cheats - meldne in ticket (geld)
[19:57:59][sunnless] Sending announcement: 3 minuten tot de eerste foto. alvast succes! Zodra er een foto in het kanaal word geplaatst komt er een mededeling
[20:00:25][sunnless] Sending announcement: Eerste foto staat erin
[20:02:40][sunnless] Sending announcement: eerste is gevonden 2de staat erin
[20:04:57][sunnless] Sending announcement: onthoud dat ze steeds moeilijker worden. voor als je het nu makkelijk vind
[20:05:35][sunnless] Sending announcement: gevonden! volgende komt zo
[20:05:59][sunnless] Sending announcement: 3de foto staat in events
[20:08:10][sunnless] Sending announcement: 3de is gevonden. nu zal er een minuutje er tussen zitten
[20:08:46][sunnless] Sending announcement: Over minuut komt de volgende
[20:10:22][sunnless] Sending announcement: foto 4 staat erin
[20:10:52][sunnless] Sending announcement: foto 4 is gevonden
[20:12:16][sunnless] Sending announcement: over minuutje komt de volgende. Ze worden nu moeilijker
[20:13:05][degangster] Warned player [89] Kareltjuh: nvol
[20:14:40][sunnless] Sending announcement: volgende staat erin! bij deze moet je tevoet bij mij staan
[20:16:37][sunnless] Sending announcement: hij is gevonden! Vanaf nu worden ze echt meoilijk cind ik persoonlijk!
[20:16:51][matthijs] Sending announcement: voor jou is alles moeilijk
[20:17:33][sunnless] Sending announcement: 1 minuut voordat de volgende komt!
[20:18:06][jesse] Revoked ban id BY6F-B6AD from Milann
[20:19:36][sunnless] Sending announcement: volgende staat erin!
[20:21:16][sunnless] Sending announcement: Gevonden!
[20:21:29][sunnless] Sending announcement: 1 minuut voor volgende
[20:22:20][matthijs] Editing user 'nielstaghi'.
[20:22:42][matthijs] Editing user 'nielstaghi'.
[20:23:42][sunnless] Sending announcement: foto 7 staat erin! eenalaatste
[20:24:06][matthijs] executed "cfx_tebexwrapper:addCoins steam:11000015ab3aaaf 30 limboland"
[20:24:55][sunnless] Sending announcement: gevonden!
[20:25:00][matthijs] executed "cfx_tebexwrapper:addCoins steam:110000133c7f273 5 limboland"
[20:25:09][sunnless] Sending announcement: aller laatste kom zometeen! Succes daarmee :)
[20:25:19][matthijs] executed "cfx_tebexwrapper:addCoins steam:110000133c7f273 3000005 limboland"
[20:26:47][sunnless] Sending announcement: laatste staat erin! Als deze niet gevonden word! worden er tips gegeven!
[20:28:46][matthijs] Sending announcement: airdropje om t event af te sluiten, eerst ff bedanken in #complimenten natuurlijk
[20:28:51][sunnless] Sending announcement: bro.... tryhard heef hem al gevonden ggs
[20:29:22][sunnless] Sending announcement: volgende keer zal ik het wel moeilijker maken jullie no lifen blijkbaar
[20:29:31][matthijs] Sending announcement: #topg matthijs in complimenten voor airdrop :PP
[20:29:49][sunnless] Sending announcement: je krijgt 100 taken als je mathijs compliment geeft inplaats van mij'
[20:29:57][matthijs] Sending announcement: jij krijgt demote
[20:30:12][matthijs] Sending announcement: np pookies
[20:34:03][nielstaghi2] logged in from 84.84.4.101 via password
[20:34:11][nielstaghi2] Revoked ban id BXR6-D396 from Xyrox 070
[21:07:07][milann] Banned player Xyrox 070: Massa VDM, Iloveyou baby
[21:07:09][milann] Banned player Xyrox 070: Massa VDM, Iloveyou baby
[21:39:23][milann] Banned player Loren: combatlogg, ticket maken om inv in te leveren. TAV: Soeba
[21:39:49][milann] Banned player schepensdre: combatlogg
[21:40:21][milann] Banned player Ghostt: MASSA RDMm, was leuk je gekent te hebben
[22:01:53][jaybully] Banned player gangshit 12: Combatlog - Melden in ticket
[22:24:38][jaybully] Banned player Vlaanderenterugvanons: schelden met hedendaagse ziektes [ 5 euro doneren aan kika voor unban ]
