
================================================================
======== txAdmin v7.1.0 atop fxserver 8052 Starting - 6/6/2024, 12:00:15 AM
================================================================

================================================================
======== Log Rotated - 6/6/2024, 12:00:15 AM                    
================================================================

================================================================
======== txAdmin v7.1.0 atop fxserver 8052 Starting - 6/6/2024, 6:00:15 AM
================================================================
[09:47:00][matthijs] logged in from 89.99.67.196 via cfxre

================================================================
======== txAdmin v7.1.0 atop fxserver 8052 Starting - 6/6/2024, 12:00:15 PM
================================================================
[14:23:45][matthijs] logged in from 89.99.67.196 via cfxre
[14:49:53][matthijs] executed "RESTART SERVER"
[14:58:09][matthijs] executed "RESTART SERVER"
[15:10:02][matthijs] executed "RESTART SERVER"
[15:40:43][matthijs] executed "RESTART SERVER"
[15:45:30][matthijs] Sending announcement: kom call
[15:45:51][matthijs] Sending announcement: call
[15:45:53][gayniggapornleaked] Sending announcement: moet zo weg
[15:45:57][matthijs] Sending announcement: zwarte

================================================================
======== txAdmin v7.1.0 atop fxserver 8052 Starting - 6/6/2024, 6:00:18 PM
================================================================
[23:00:51][jamie] logged in from 88.159.244.69 via cfxre
[23:00:56][jamie] executed "setgroup 2 admin"
