
================================================================
======== txAdmin v7.1.0 atop fxserver 8052 Starting - 7/2/2024, 12:00:18 AM
================================================================

================================================================
======== Log Rotated - 7/2/2024, 12:00:18 AM                    
================================================================

================================================================
======== txAdmin v7.1.0 atop fxserver 8052 Starting - 7/2/2024, 6:00:16 AM
================================================================

================================================================
======== txAdmin v7.1.0 atop fxserver 8052 Starting - 7/2/2024, 10:40:16 AM
================================================================
[10:40:54][jamie] logged in from 88.159.244.69 via cfxre
[10:44:45][matthijs] logged in from 89.99.67.196 via cfxre
[10:50:07][matthijs] executed "RESTART SERVER"
[11:14:55][matthijs] executed "RESTART SERVER"

================================================================
======== txAdmin v7.1.0 atop fxserver 8052 Starting - 7/2/2024, 12:00:15 PM
================================================================

================================================================
======== txAdmin v7.1.0 atop fxserver 8052 Starting - 7/2/2024, 1:44:20 PM
================================================================
[13:50:48][matthijs] logged in from 185.76.10.79 via cfxre
[14:42:44][matthijs] Sending announcement: restart
[14:42:55][matthijs] Sending announcement: unmute kk neger
[14:42:57][matthijs] Sending announcement: ik ga restarten
[14:43:19][matthijs] Sending announcement: ??
[14:43:23][jamie] Sending announcement: wacht
[14:44:33][matthijs] executed "RESTART SERVER"
[15:32:42][jamie] logged in from 88.159.244.69 via cfxre

================================================================
======== txAdmin v7.1.0 atop fxserver 8052 Starting - 7/2/2024, 6:00:17 PM
================================================================
[23:36:20][jamie] logged in from 88.159.244.69 via cfxre
[23:41:44][jamie] executed "RESTART SERVER"
