
================================================================
======== txAdmin v7.2.2 atop fxserver 8965 Starting - 7/18/2024, 12:00:18 AM
================================================================

================================================================
======== Log Rotated - 7/18/2024, 12:00:18 AM                   
================================================================

================================================================
======== txAdmin v7.2.2 atop fxserver 8965 Starting - 7/18/2024, 1:12:31 AM
================================================================
[01:13:15][Tijnn2708] logged in from 84.80.106.96 via cfxre
[01:14:40][Tijnn2708] Approved whitelist request from [LRP] Tijn#0.
[01:14:51][Tijnn2708] Changing own identifiers.
[01:20:41][Tijnn2708] executed "setgroup 1 superadmin"

================================================================
======== txAdmin v7.2.2 atop fxserver 8965 Starting - 7/18/2024, 6:00:18 AM
================================================================
[10:18:40][Tijnn2708] logged in from 84.80.106.96 via cfxre
[10:19:04][Tijnn2708] executed "fg unban 1"
[11:00:14][jamie] logged in from 88.159.244.69 via cfxre
[11:02:01][jamie] Changing Player Manager settings.
[11:02:02][jamie] Changing Player Manager settings.
[11:03:19][jamie] Changing discordBot settings.
[11:16:37][Tijnn2708] DM to #Alakzam Borik: NIGGER

================================================================
======== txAdmin v7.2.2 atop fxserver 8965 Starting - 7/18/2024, 12:00:16 PM
================================================================

================================================================
======== txAdmin v7.2.2 atop fxserver 8965 Starting - 7/18/2024, 12:09:58 PM
================================================================
[12:57:03][jamie] logged in from 88.159.244.69 via cfxre
[12:57:22][jamie] executed "fg unban 1"

================================================================
======== txAdmin v7.2.2 atop fxserver 8965 Starting - 7/18/2024, 1:32:47 PM
================================================================
[13:33:06][jamie] logged in from 88.159.244.69 via cfxre
[13:33:19][Sunnless] logged in from 80.56.196.94 via cfxre

================================================================
======== txAdmin v7.2.2 atop fxserver 8965 Starting - 7/18/2024, 1:42:06 PM
================================================================
[13:46:56][Sunnless] logged in from 80.56.196.94 via cfxre
[13:56:59][Sunnless] Banned player lx0101: rdm
[13:57:13][jamie] Kicked #Sunnless: Test
[13:57:30][jamie] Revoked ban id B6SZ-CSMF from lx0101
[13:57:31][Sunnless] Revoked ban id B6SZ-CSMF from lx0101
[13:57:32][Tijnn2708] logged in from 84.80.106.96 via cfxre
[14:01:57][jamie] logged in from 88.159.244.69 via cfxre
[14:01:59][jamie] executed "RESTART SERVER"
[14:04:13][jamie] executed "fg unban 1"
[14:11:15][Tijnn2708] DM to #Sunnless: NIGGEGEREGEGEGEGGS
[14:11:23][Tijnn2708] Sending announcement: NIGGER

================================================================
======== txAdmin v7.2.2 atop fxserver 8965 Starting - 7/18/2024, 2:13:47 PM
================================================================
[14:22:46][Sunnless] logged in from 80.56.196.94 via cfxre
[14:23:05][Sunnless] executed "fg unban 1"
[14:37:25][jamie] logged in from 88.159.244.69 via cfxre
[14:37:28][jamie] executed "fg safe-events install"
[14:47:45][jamie] executed "wipe"

================================================================
======== txAdmin v7.2.2 atop fxserver 8965 Starting - 7/18/2024, 2:48:48 PM
================================================================

================================================================
======== txAdmin v7.2.2 atop fxserver 8965 Starting - 7/18/2024, 2:50:52 PM
================================================================
[14:58:32][jamie] logged in from 88.159.244.69 via cfxre
[14:58:40][jamie] Approved whitelist request from [LRP] Brian B.#0.
[14:58:41][jamie] Removed whitelist approval from license:3dd8d68ad25645fe1651d140da77c345a374655e.
[14:58:41][jamie] Removed whitelist approval from license:ca184c3d30be4d85e4b2d837a9f8f370878f2636.
[14:58:57][jamie] Changing Player Manager settings.
[14:58:59][jamie] Changing Player Manager settings.

================================================================
======== txAdmin v7.2.2 atop fxserver 8965 Starting - 7/18/2024, 3:01:53 PM
================================================================
[15:01:58][jamie] logged in from 88.159.244.69 via cfxre
[15:32:36][Sunnless] Sending announcement: Heel erg bedankt aan iedereen die momenteel aan het spelen is. We hopen vanavond aantal politie agenten te hebben. voor nu als bedankje kan iedereen /bonus doen. als een bedankje voor jullie support!
[15:34:00][jamie] Adding admin 'brian'.
[15:35:13][brian] Changing own password.
[15:35:16][brian] Changing own identifiers.
[16:01:09][brian] Warned player [17] Stinna020: Laat die Auto maar even staan. Je mag geen overheidsvoertuigen stelen
[17:37:13][ice] Added whitelist approval for [LRP] Ice#0.

================================================================
======== txAdmin v7.2.2 atop fxserver 8965 Starting - 7/18/2024, 6:00:17 PM
================================================================
[18:01:05][jamie] logged in from 88.159.244.69 via cfxre
[18:06:40][jamie] executed "setgroup 7 hogerop"
[18:34:10][ice] logged in from 109.36.151.235 via cfxre
[18:39:21][ice] logged in from 84.106.152.99 via cfxre
[19:01:42][ice] DM to #Sunnless: Undemp jezelf is
[19:02:55][ice] executed "ensure "frp-staffdienst""
[19:03:05][ice] executed "ensure "eup-stream""
[19:03:20][ice] executed "ensure "frp-staffdienst""
[19:32:13][jamie] executed "ensure "vms_hud""
[19:40:56][ice] DM to #!Jamie: Kan jij even 2 tellen wachtkamer komen
[19:59:57][jamie] executed "giverefund steam:1100001493249e2 weapon_baretta_m9a3 1"
[20:00:06][jamie] executed "giverefund steam:1100001493249e2 ammo-pistol 100"
[20:00:12][jamie] executed "giverefund steam:1100001493249e2 radio 1"
[20:01:24][jamie] executed "giverefund steam:1100001493249e2 WEAPON_FM1_M9A3 1"
[20:19:58][jamie] executed "giverefund steam:1100001493249e2 WEAPON_FM1_M9A3 1"
[20:19:59][jamie] executed "giverefund steam:1100001493249e2 radio 1"
[20:20:00][jamie] executed "giverefund steam:1100001493249e2 ammo-pistol 100"
[20:20:07][Sunnless] Warned player [1] Will kluivert: vdm
[20:44:20][Sunnless] Banned player ata van kokhuis: cheats
[21:08:19][ice] Adding admin 'miauw'.
[21:09:54][miauw] Changing own password.
[22:44:27][ice] Adding admin 'Chamo.V'.
[22:45:48][ice] executed "ensure "frp-staffdienst""
[22:52:55][jamie] Editing user 'Chamo.V'.
[22:53:16][jamie] Editing user 'ice'.
[22:53:23][jamie] Editing user 'Chamo.V'.
[22:53:41][jamie] Editing user 'bilalwahib'.
[22:53:53][jamie] Editing user 'miauw'.
[22:54:28][jamie] Adding admin 'minxrr'.
[22:57:55][Chamo.V] Changing own password.
[23:25:02][jamie] Banned player Bruno Pineapple: Artikel XX | Melden in ticket Combatloggen
[23:36:41][Chamo.V] Banned player WWsem_040: Artikel 1.1: Gebruik Cheats/Externe Software
