
================================================================
======== txAdmin v7.1.0 atop fxserver 8052 Starting - 6/28/2024, 12:00:17 AM
================================================================

================================================================
======== Log Rotated - 6/28/2024, 12:00:17 AM                   
================================================================
[00:01:17][MONITOR] Restarting server (server close detected).
[00:02:24][MONITOR] Restarting server (server close detected).
[00:03:29][MONITOR] Restarting server (server close detected).
[00:04:36][MONITOR] Restarting server (server close detected).
[00:05:41][MONITOR] Restarting server (server close detected).
[00:06:47][MONITOR] Restarting server (server close detected).
[00:07:54][MONITOR] Restarting server (server close detected).
[00:08:59][MONITOR] Restarting server (server close detected).
[00:10:06][MONITOR] Restarting server (server close detected).
[00:11:11][MONITOR] Restarting server (server close detected).
[00:12:18][MONITOR] Restarting server (server close detected).
[00:13:23][MONITOR] Restarting server (server close detected).
[00:14:30][MONITOR] Restarting server (server close detected).
[00:15:35][MONITOR] Restarting server (server close detected).
[00:16:41][MONITOR] Restarting server (server close detected).
[00:17:48][MONITOR] Restarting server (server close detected).
[00:18:53][MONITOR] Restarting server (server close detected).
[00:20:00][MONITOR] Restarting server (server close detected).
[00:21:05][MONITOR] Restarting server (server close detected).
[00:22:12][MONITOR] Restarting server (server close detected).
[00:23:17][MONITOR] Restarting server (server close detected).
[00:24:24][MONITOR] Restarting server (server close detected).
[00:25:29][MONITOR] Restarting server (server close detected).
[00:26:35][MONITOR] Restarting server (server close detected).
[00:27:42][MONITOR] Restarting server (server close detected).
[00:28:47][MONITOR] Restarting server (server close detected).
[00:29:54][MONITOR] Restarting server (server close detected).
[00:30:59][MONITOR] Restarting server (server close detected).
[00:32:06][MONITOR] Restarting server (server close detected).
[00:33:11][MONITOR] Restarting server (server close detected).
[00:34:18][MONITOR] Restarting server (server close detected).
[00:35:24][MONITOR] Restarting server (server close detected).
[00:36:29][MONITOR] Restarting server (server close detected).
[00:37:36][MONITOR] Restarting server (server close detected).
[00:38:41][MONITOR] Restarting server (server close detected).
[00:39:48][MONITOR] Restarting server (server close detected).
[00:40:53][MONITOR] Restarting server (server close detected).
[00:42:00][MONITOR] Restarting server (server close detected).
[00:43:05][MONITOR] Restarting server (server close detected).
[00:44:11][MONITOR] Restarting server (server close detected).
[00:45:18][MONITOR] Restarting server (server close detected).
[00:46:23][MONITOR] Restarting server (server close detected).
[00:47:30][MONITOR] Restarting server (server close detected).
[00:48:35][MONITOR] Restarting server (server close detected).
[00:49:42][MONITOR] Restarting server (server close detected).
[00:50:47][MONITOR] Restarting server (server close detected).
[00:51:54][MONITOR] Restarting server (server close detected).
[00:53:00][MONITOR] Restarting server (server close detected).
[00:54:06][MONITOR] Restarting server (server close detected).
[00:55:13][MONITOR] Restarting server (server close detected).
[00:56:18][MONITOR] Restarting server (server close detected).
[00:57:25][MONITOR] Restarting server (server close detected).
[00:58:30][MONITOR] Restarting server (server close detected).
[00:59:37][MONITOR] Restarting server (server close detected).
[01:00:42][MONITOR] Restarting server (server close detected).
[01:01:49][MONITOR] Restarting server (server close detected).
[01:02:55][MONITOR] Restarting server (server close detected).
[01:04:01][MONITOR] Restarting server (server close detected).
[01:05:08][MONITOR] Restarting server (server close detected).
[01:06:13][MONITOR] Restarting server (server close detected).
[01:07:20][MONITOR] Restarting server (server close detected).
[01:08:25][MONITOR] Restarting server (server close detected).
[01:09:32][MONITOR] Restarting server (server close detected).
[01:10:37][MONITOR] Restarting server (server close detected).
[01:11:43][MONITOR] Restarting server (server close detected).
[01:12:50][MONITOR] Restarting server (server close detected).
[01:13:55][MONITOR] Restarting server (server close detected).
[01:15:02][MONITOR] Restarting server (server close detected).
[01:16:07][MONITOR] Restarting server (server close detected).
[01:17:14][MONITOR] Restarting server (server close detected).
[01:18:19][MONITOR] Restarting server (server close detected).
[01:19:25][MONITOR] Restarting server (server close detected).
[01:20:32][MONITOR] Restarting server (server close detected).
[01:21:37][MONITOR] Restarting server (server close detected).
[01:22:44][MONITOR] Restarting server (server close detected).
[01:23:49][MONITOR] Restarting server (server close detected).
[01:24:56][MONITOR] Restarting server (server close detected).
[01:26:01][MONITOR] Restarting server (server close detected).
[01:27:08][MONITOR] Restarting server (server close detected).
[01:28:14][MONITOR] Restarting server (server close detected).
[01:29:19][MONITOR] Restarting server (server close detected).
[01:30:26][MONITOR] Restarting server (server close detected).
[01:31:31][MONITOR] Restarting server (server close detected).
[01:32:38][MONITOR] Restarting server (server close detected).
[01:33:43][MONITOR] Restarting server (server close detected).
[01:34:49][MONITOR] Restarting server (server close detected).
[01:35:56][MONITOR] Restarting server (server close detected).
[01:37:01][MONITOR] Restarting server (server close detected).
[01:38:08][MONITOR] Restarting server (server close detected).
[01:39:13][MONITOR] Restarting server (server close detected).
[01:40:20][MONITOR] Restarting server (server close detected).
[01:41:25][MONITOR] Restarting server (server close detected).
[01:42:31][MONITOR] Restarting server (server close detected).
[01:43:38][MONITOR] Restarting server (server close detected).
[01:44:43][MONITOR] Restarting server (server close detected).
[01:45:50][MONITOR] Restarting server (server close detected).
[01:46:55][MONITOR] Restarting server (server close detected).
[01:48:02][MONITOR] Restarting server (server close detected).
[01:49:07][MONITOR] Restarting server (server close detected).
[01:50:13][MONITOR] Restarting server (server close detected).
[01:51:20][MONITOR] Restarting server (server close detected).
[01:52:25][MONITOR] Restarting server (server close detected).
[01:53:32][MONITOR] Restarting server (server close detected).
[01:54:37][MONITOR] Restarting server (server close detected).
[01:55:44][MONITOR] Restarting server (server close detected).
[01:56:50][MONITOR] Restarting server (server close detected).
[01:57:55][MONITOR] Restarting server (server close detected).
[01:59:02][MONITOR] Restarting server (server close detected).
[02:00:07][MONITOR] Restarting server (server close detected).
[02:01:14][MONITOR] Restarting server (server close detected).
[02:02:19][MONITOR] Restarting server (server close detected).
[02:03:26][MONITOR] Restarting server (server close detected).
[02:04:32][MONITOR] Restarting server (server close detected).
[02:05:38][MONITOR] Restarting server (server close detected).
[02:06:45][MONITOR] Restarting server (server close detected).
[02:07:50][MONITOR] Restarting server (server close detected).
[02:08:57][MONITOR] Restarting server (server close detected).
[02:10:02][MONITOR] Restarting server (server close detected).
[02:11:09][MONITOR] Restarting server (server close detected).
[02:12:15][MONITOR] Restarting server (server close detected).
[02:13:21][MONITOR] Restarting server (server close detected).
[02:14:28][MONITOR] Restarting server (server close detected).
[02:15:33][MONITOR] Restarting server (server close detected).
[02:16:40][MONITOR] Restarting server (server close detected).
[02:17:45][MONITOR] Restarting server (server close detected).
[02:18:52][MONITOR] Restarting server (server close detected).
[02:19:58][MONITOR] Restarting server (server close detected).
[02:21:03][MONITOR] Restarting server (server close detected).
[02:22:10][MONITOR] Restarting server (server close detected).
[02:23:15][MONITOR] Restarting server (server close detected).
[02:24:22][MONITOR] Restarting server (server close detected).
[02:25:27][MONITOR] Restarting server (server close detected).
[02:26:34][MONITOR] Restarting server (server close detected).
[02:27:40][MONITOR] Restarting server (server close detected).
[02:28:45][MONITOR] Restarting server (server close detected).
[02:29:52][MONITOR] Restarting server (server close detected).
[02:30:57][MONITOR] Restarting server (server close detected).
[02:32:04][MONITOR] Restarting server (server close detected).
[02:33:09][MONITOR] Restarting server (server close detected).
[02:34:16][MONITOR] Restarting server (server close detected).
[02:35:22][MONITOR] Restarting server (server close detected).
[02:36:27][MONITOR] Restarting server (server close detected).
[02:37:34][MONITOR] Restarting server (server close detected).
[02:38:39][MONITOR] Restarting server (server close detected).
[02:39:46][MONITOR] Restarting server (server close detected).
[02:40:51][MONITOR] Restarting server (server close detected).
[02:41:58][MONITOR] Restarting server (server close detected).
[02:43:03][MONITOR] Restarting server (server close detected).
[02:44:09][MONITOR] Restarting server (server close detected).
[02:45:16][MONITOR] Restarting server (server close detected).
[02:46:21][MONITOR] Restarting server (server close detected).
[02:47:28][MONITOR] Restarting server (server close detected).
[02:48:33][MONITOR] Restarting server (server close detected).
[02:49:40][MONITOR] Restarting server (server close detected).
[02:50:45][MONITOR] Restarting server (server close detected).
[02:51:52][MONITOR] Restarting server (server close detected).
[02:52:58][MONITOR] Restarting server (server close detected).
[02:54:03][MONITOR] Restarting server (server close detected).
[02:55:10][MONITOR] Restarting server (server close detected).
[02:56:15][MONITOR] Restarting server (server close detected).
[02:57:22][MONITOR] Restarting server (server close detected).
[02:58:27][MONITOR] Restarting server (server close detected).
[02:59:34][MONITOR] Restarting server (server close detected).
[03:00:40][MONITOR] Restarting server (server close detected).
[03:01:46][MONITOR] Restarting server (server close detected).
[03:02:53][MONITOR] Restarting server (server close detected).
[03:03:58][MONITOR] Restarting server (server close detected).
[03:05:05][MONITOR] Restarting server (server close detected).
[03:06:10][MONITOR] Restarting server (server close detected).
[03:07:17][MONITOR] Restarting server (server close detected).
[03:08:22][MONITOR] Restarting server (server close detected).
[03:09:29][MONITOR] Restarting server (server close detected).
[03:10:35][MONITOR] Restarting server (server close detected).
[03:11:41][MONITOR] Restarting server (server close detected).
[03:12:48][MONITOR] Restarting server (server close detected).
[03:13:53][MONITOR] Restarting server (server close detected).
[03:15:00][MONITOR] Restarting server (server close detected).
[03:16:05][MONITOR] Restarting server (server close detected).
[03:17:12][MONITOR] Restarting server (server close detected).
[03:18:17][MONITOR] Restarting server (server close detected).
[03:19:23][MONITOR] Restarting server (server close detected).
[03:20:30][MONITOR] Restarting server (server close detected).
[03:21:35][MONITOR] Restarting server (server close detected).
[03:22:42][MONITOR] Restarting server (server close detected).
[03:23:47][MONITOR] Restarting server (server close detected).
[03:24:54][MONITOR] Restarting server (server close detected).
[03:25:59][MONITOR] Restarting server (server close detected).
[03:27:05][MONITOR] Restarting server (server close detected).
[03:28:12][MONITOR] Restarting server (server close detected).
[03:29:17][MONITOR] Restarting server (server close detected).
[03:30:24][MONITOR] Restarting server (server close detected).
[03:31:29][MONITOR] Restarting server (server close detected).
[03:32:36][MONITOR] Restarting server (server close detected).
[03:33:41][MONITOR] Restarting server (server close detected).
[03:34:48][MONITOR] Restarting server (server close detected).
[03:35:54][MONITOR] Restarting server (server close detected).
[03:36:59][MONITOR] Restarting server (server close detected).
[03:38:06][MONITOR] Restarting server (server close detected).
[03:39:11][MONITOR] Restarting server (server close detected).
[03:40:18][MONITOR] Restarting server (server close detected).
[03:41:23][MONITOR] Restarting server (server close detected).
[03:42:30][MONITOR] Restarting server (server close detected).
[03:43:36][MONITOR] Restarting server (server close detected).
[03:44:42][MONITOR] Restarting server (server close detected).
[03:45:49][MONITOR] Restarting server (server close detected).
[03:46:54][MONITOR] Restarting server (server close detected).
[03:48:01][MONITOR] Restarting server (server close detected).
[03:49:06][MONITOR] Restarting server (server close detected).
[03:50:13][MONITOR] Restarting server (server close detected).
[03:51:18][MONITOR] Restarting server (server close detected).
[03:52:24][MONITOR] Restarting server (server close detected).
[03:53:31][MONITOR] Restarting server (server close detected).
[03:54:36][MONITOR] Restarting server (server close detected).
[03:55:43][MONITOR] Restarting server (server close detected).
[03:56:48][MONITOR] Restarting server (server close detected).
[03:57:55][MONITOR] Restarting server (server close detected).
[03:59:00][MONITOR] Restarting server (server close detected).
[04:00:07][MONITOR] Restarting server (server close detected).
[04:01:13][MONITOR] Restarting server (server close detected).
[04:02:18][MONITOR] Restarting server (server close detected).
[04:03:25][MONITOR] Restarting server (server close detected).
[04:04:30][MONITOR] Restarting server (server close detected).
[04:05:37][MONITOR] Restarting server (server close detected).
[04:06:42][MONITOR] Restarting server (server close detected).
[04:07:49][MONITOR] Restarting server (server close detected).
[04:08:55][MONITOR] Restarting server (server close detected).
[04:10:01][MONITOR] Restarting server (server close detected).
[04:11:08][MONITOR] Restarting server (server close detected).
[04:12:13][MONITOR] Restarting server (server close detected).
[04:13:20][MONITOR] Restarting server (server close detected).
[04:14:25][MONITOR] Restarting server (server close detected).
[04:15:32][MONITOR] Restarting server (server close detected).
[04:16:38][MONITOR] Restarting server (server close detected).
[04:17:43][MONITOR] Restarting server (server close detected).
[04:18:50][MONITOR] Restarting server (server close detected).
[04:19:55][MONITOR] Restarting server (server close detected).
[04:21:02][MONITOR] Restarting server (server close detected).
[04:22:07][MONITOR] Restarting server (server close detected).
[04:23:14][MONITOR] Restarting server (server close detected).
[04:24:20][MONITOR] Restarting server (server close detected).
[04:25:25][MONITOR] Restarting server (server close detected).
[04:26:32][MONITOR] Restarting server (server close detected).
[04:27:37][MONITOR] Restarting server (server close detected).
[04:28:44][MONITOR] Restarting server (server close detected).
[04:29:49][MONITOR] Restarting server (server close detected).
[04:30:56][MONITOR] Restarting server (server close detected).
[04:32:02][MONITOR] Restarting server (server close detected).
[04:33:07][MONITOR] Restarting server (server close detected).
[04:34:14][MONITOR] Restarting server (server close detected).
[04:35:19][MONITOR] Restarting server (server close detected).
[04:36:26][MONITOR] Restarting server (server close detected).
[04:37:31][MONITOR] Restarting server (server close detected).
[04:38:38][MONITOR] Restarting server (server close detected).
[04:39:43][MONITOR] Restarting server (server close detected).
[04:40:49][MONITOR] Restarting server (server close detected).
[04:41:56][MONITOR] Restarting server (server close detected).
[04:43:01][MONITOR] Restarting server (server close detected).
[04:44:08][MONITOR] Restarting server (server close detected).
[04:45:13][MONITOR] Restarting server (server close detected).
[04:46:20][MONITOR] Restarting server (server close detected).
[04:47:26][MONITOR] Restarting server (server close detected).
[04:48:31][MONITOR] Restarting server (server close detected).
[04:49:38][MONITOR] Restarting server (server close detected).
[04:50:43][MONITOR] Restarting server (server close detected).
[04:51:50][MONITOR] Restarting server (server close detected).
[04:52:55][MONITOR] Restarting server (server close detected).
[04:54:02][MONITOR] Restarting server (server close detected).
[04:55:08][MONITOR] Restarting server (server close detected).
[04:56:13][MONITOR] Restarting server (server close detected).
[04:57:20][MONITOR] Restarting server (server close detected).
[04:58:25][MONITOR] Restarting server (server close detected).
[04:59:32][MONITOR] Restarting server (server close detected).
[05:00:37][MONITOR] Restarting server (server close detected).
[05:01:44][MONITOR] Restarting server (server close detected).
[05:02:50][MONITOR] Restarting server (server close detected).
[05:03:56][MONITOR] Restarting server (server close detected).
[05:05:03][MONITOR] Restarting server (server close detected).
[05:06:08][MONITOR] Restarting server (server close detected).
[05:07:15][MONITOR] Restarting server (server close detected).
[05:08:20][MONITOR] Restarting server (server close detected).
[05:09:27][MONITOR] Restarting server (server close detected).
[05:10:32][MONITOR] Restarting server (server close detected).
[05:11:39][MONITOR] Restarting server (server close detected).
[05:12:45][MONITOR] Restarting server (server close detected).
[05:13:51][MONITOR] Restarting server (server close detected).
[05:14:58][MONITOR] Restarting server (server close detected).
[05:16:03][MONITOR] Restarting server (server close detected).
[05:17:10][MONITOR] Restarting server (server close detected).
[05:18:15][MONITOR] Restarting server (server close detected).
[05:19:22][MONITOR] Restarting server (server close detected).
[05:20:27][MONITOR] Restarting server (server close detected).
[05:21:34][MONITOR] Restarting server (server close detected).
[05:22:39][MONITOR] Restarting server (server close detected).
[05:23:46][MONITOR] Restarting server (server close detected).
[05:24:52][MONITOR] Restarting server (server close detected).
[05:25:57][MONITOR] Restarting server (server close detected).
[05:27:04][MONITOR] Restarting server (server close detected).
[05:28:09][MONITOR] Restarting server (server close detected).
[05:29:16][MONITOR] Restarting server (server close detected).
[05:30:21][MONITOR] Restarting server (server close detected).
[05:31:28][MONITOR] Restarting server (server close detected).
[05:32:34][MONITOR] Restarting server (server close detected).
[05:33:39][MONITOR] Restarting server (server close detected).
[05:34:46][MONITOR] Restarting server (server close detected).
[05:35:51][MONITOR] Restarting server (server close detected).
[05:36:58][MONITOR] Restarting server (server close detected).
[05:38:03][MONITOR] Restarting server (server close detected).
[05:39:10][MONITOR] Restarting server (server close detected).
[05:40:16][MONITOR] Restarting server (server close detected).
[05:41:21][MONITOR] Restarting server (server close detected).
[05:42:28][MONITOR] Restarting server (server close detected).
[05:43:33][MONITOR] Restarting server (server close detected).
[05:44:40][MONITOR] Restarting server (server close detected).
[05:45:45][MONITOR] Restarting server (server close detected).
[05:46:52][MONITOR] Restarting server (server close detected).
[05:47:57][MONITOR] Restarting server (server close detected).
[05:49:03][MONITOR] Restarting server (server close detected).
[05:50:10][MONITOR] Restarting server (server close detected).
[05:51:15][MONITOR] Restarting server (server close detected).
[05:52:22][MONITOR] Restarting server (server close detected).
[05:53:27][MONITOR] Restarting server (server close detected).
[05:54:34][MONITOR] Restarting server (server close detected).
[05:55:39][MONITOR] Restarting server (server close detected).
[05:56:46][MONITOR] Restarting server (server close detected).
[05:57:52][MONITOR] Restarting server (server close detected).
[05:58:57][MONITOR] Restarting server (server close detected).
[06:00:04][MONITOR] Restarting server (server close detected).

================================================================
======== txAdmin v7.1.0 atop fxserver 8052 Starting - 6/28/2024, 6:00:16 AM
================================================================
[06:01:16][MONITOR] Restarting server (server close detected).
[06:02:23][MONITOR] Restarting server (server close detected).
[06:03:28][MONITOR] Restarting server (server close detected).
[06:04:35][MONITOR] Restarting server (server close detected).
[06:05:40][MONITOR] Restarting server (server close detected).
[06:06:47][MONITOR] Restarting server (server close detected).
[06:07:52][MONITOR] Restarting server (server close detected).
[06:08:58][MONITOR] Restarting server (server close detected).
[06:10:05][MONITOR] Restarting server (server close detected).
[06:11:10][MONITOR] Restarting server (server close detected).
[06:12:17][MONITOR] Restarting server (server close detected).
[06:13:22][MONITOR] Restarting server (server close detected).
[06:14:29][MONITOR] Restarting server (server close detected).
[06:15:34][MONITOR] Restarting server (server close detected).
[06:16:41][MONITOR] Restarting server (server close detected).
[06:17:46][MONITOR] Restarting server (server close detected).
[06:18:52][MONITOR] Restarting server (server close detected).
[06:19:59][MONITOR] Restarting server (server close detected).
[06:21:04][MONITOR] Restarting server (server close detected).
[06:22:11][MONITOR] Restarting server (server close detected).
[06:23:16][MONITOR] Restarting server (server close detected).
[06:24:23][MONITOR] Restarting server (server close detected).
[06:25:28][MONITOR] Restarting server (server close detected).
[06:26:35][MONITOR] Restarting server (server close detected).
[06:27:41][MONITOR] Restarting server (server close detected).
[06:28:46][MONITOR] Restarting server (server close detected).
[06:29:53][MONITOR] Restarting server (server close detected).
[06:30:58][MONITOR] Restarting server (server close detected).
[06:32:05][MONITOR] Restarting server (server close detected).
[06:33:10][MONITOR] Restarting server (server close detected).
[06:34:17][MONITOR] Restarting server (server close detected).
[06:35:22][MONITOR] Restarting server (server close detected).
[06:36:29][MONITOR] Restarting server (server close detected).
[06:37:35][MONITOR] Restarting server (server close detected).
[06:38:40][MONITOR] Restarting server (server close detected).
[06:39:47][MONITOR] Restarting server (server close detected).
[06:40:52][MONITOR] Restarting server (server close detected).
[06:41:59][MONITOR] Restarting server (server close detected).
[06:43:04][MONITOR] Restarting server (server close detected).
[06:44:11][MONITOR] Restarting server (server close detected).
[06:45:16][MONITOR] Restarting server (server close detected).
[06:46:23][MONITOR] Restarting server (server close detected).
[06:47:28][MONITOR] Restarting server (server close detected).
[06:48:35][MONITOR] Restarting server (server close detected).
[06:49:41][MONITOR] Restarting server (server close detected).
[06:50:46][MONITOR] Restarting server (server close detected).
[06:51:53][MONITOR] Restarting server (server close detected).
[06:52:58][MONITOR] Restarting server (server close detected).
[06:54:05][MONITOR] Restarting server (server close detected).
[06:55:10][MONITOR] Restarting server (server close detected).
[06:56:17][MONITOR] Restarting server (server close detected).
[06:57:22][MONITOR] Restarting server (server close detected).
[06:58:29][MONITOR] Restarting server (server close detected).
[06:59:34][MONITOR] Restarting server (server close detected).
[07:00:41][MONITOR] Restarting server (server close detected).
[07:01:47][MONITOR] Restarting server (server close detected).
[07:02:52][MONITOR] Restarting server (server close detected).
[07:03:59][MONITOR] Restarting server (server close detected).
[07:05:04][MONITOR] Restarting server (server close detected).
[07:06:11][MONITOR] Restarting server (server close detected).
[07:07:16][MONITOR] Restarting server (server close detected).
[07:08:23][MONITOR] Restarting server (server close detected).
[07:09:28][MONITOR] Restarting server (server close detected).
[07:10:35][MONITOR] Restarting server (server close detected).
[07:11:41][MONITOR] Restarting server (server close detected).
[07:12:46][MONITOR] Restarting server (server close detected).
[07:13:53][MONITOR] Restarting server (server close detected).
[07:14:58][MONITOR] Restarting server (server close detected).
[07:16:05][MONITOR] Restarting server (server close detected).
[07:17:10][MONITOR] Restarting server (server close detected).
[07:18:17][MONITOR] Restarting server (server close detected).
[07:19:22][MONITOR] Restarting server (server close detected).
[07:20:29][MONITOR] Restarting server (server close detected).
[07:21:34][MONITOR] Restarting server (server close detected).
[07:22:41][MONITOR] Restarting server (server close detected).
[07:23:47][MONITOR] Restarting server (server close detected).
[07:24:52][MONITOR] Restarting server (server close detected).
[07:25:59][MONITOR] Restarting server (server close detected).
[07:27:04][MONITOR] Restarting server (server close detected).
[07:28:11][MONITOR] Restarting server (server close detected).
[07:29:16][MONITOR] Restarting server (server close detected).
[07:30:23][MONITOR] Restarting server (server close detected).
[07:31:28][MONITOR] Restarting server (server close detected).
[07:32:35][MONITOR] Restarting server (server close detected).
[07:33:40][MONITOR] Restarting server (server close detected).
[07:34:47][MONITOR] Restarting server (server close detected).
[07:35:53][MONITOR] Restarting server (server close detected).
[07:36:59][MONITOR] Restarting server (server close detected).
[07:38:06][MONITOR] Restarting server (server close detected).
[07:39:11][MONITOR] Restarting server (server close detected).
[07:40:18][MONITOR] Restarting server (server close detected).
[07:41:23][MONITOR] Restarting server (server close detected).
[07:42:30][MONITOR] Restarting server (server close detected).
[07:43:35][MONITOR] Restarting server (server close detected).
[07:44:42][MONITOR] Restarting server (server close detected).
[07:45:48][MONITOR] Restarting server (server close detected).
[07:46:54][MONITOR] Restarting server (server close detected).
[07:48:01][MONITOR] Restarting server (server close detected).
[07:49:06][MONITOR] Restarting server (server close detected).
[07:50:13][MONITOR] Restarting server (server close detected).
[07:51:18][MONITOR] Restarting server (server close detected).
[07:52:25][MONITOR] Restarting server (server close detected).
[07:53:30][MONITOR] Restarting server (server close detected).
[07:54:37][MONITOR] Restarting server (server close detected).
[07:55:43][MONITOR] Restarting server (server close detected).
[07:56:49][MONITOR] Restarting server (server close detected).
[07:57:56][MONITOR] Restarting server (server close detected).
[07:59:01][MONITOR] Restarting server (server close detected).
[08:00:08][MONITOR] Restarting server (server close detected).
[08:01:13][MONITOR] Restarting server (server close detected).
[08:02:20][MONITOR] Restarting server (server close detected).
[08:03:25][MONITOR] Restarting server (server close detected).
[08:04:32][MONITOR] Restarting server (server close detected).
[08:05:37][MONITOR] Restarting server (server close detected).
[08:06:43][MONITOR] Restarting server (server close detected).
[08:07:50][MONITOR] Restarting server (server close detected).
[08:08:55][MONITOR] Restarting server (server close detected).
[08:10:02][MONITOR] Restarting server (server close detected).
[08:11:07][MONITOR] Restarting server (server close detected).
[08:12:14][MONITOR] Restarting server (server close detected).
[08:13:19][MONITOR] Restarting server (server close detected).
[08:14:26][MONITOR] Restarting server (server close detected).
[08:15:32][MONITOR] Restarting server (server close detected).
[08:16:37][MONITOR] Restarting server (server close detected).
[08:17:44][MONITOR] Restarting server (server close detected).
[08:18:49][MONITOR] Restarting server (server close detected).
[08:19:56][MONITOR] Restarting server (server close detected).
[08:21:01][MONITOR] Restarting server (server close detected).
[08:22:08][MONITOR] Restarting server (server close detected).
[08:23:13][MONITOR] Restarting server (server close detected).
[08:24:20][MONITOR] Restarting server (server close detected).
[08:25:26][MONITOR] Restarting server (server close detected).
[08:26:31][MONITOR] Restarting server (server close detected).
[08:27:38][MONITOR] Restarting server (server close detected).
[08:28:43][MONITOR] Restarting server (server close detected).
[08:29:50][MONITOR] Restarting server (server close detected).
[08:30:55][MONITOR] Restarting server (server close detected).
[08:32:02][MONITOR] Restarting server (server close detected).
[08:33:07][MONITOR] Restarting server (server close detected).
[08:34:14][MONITOR] Restarting server (server close detected).
[08:35:20][MONITOR] Restarting server (server close detected).
[08:36:25][MONITOR] Restarting server (server close detected).
[08:37:32][MONITOR] Restarting server (server close detected).
[08:38:37][MONITOR] Restarting server (server close detected).
[08:39:44][MONITOR] Restarting server (server close detected).
[08:40:49][MONITOR] Restarting server (server close detected).
[08:41:56][MONITOR] Restarting server (server close detected).
[08:43:01][MONITOR] Restarting server (server close detected).
[08:44:07][MONITOR] Restarting server (server close detected).
[08:45:14][MONITOR] Restarting server (server close detected).
[08:46:19][MONITOR] Restarting server (server close detected).
[08:47:26][MONITOR] Restarting server (server close detected).
[08:48:31][MONITOR] Restarting server (server close detected).
[08:49:38][MONITOR] Restarting server (server close detected).
[08:50:43][MONITOR] Restarting server (server close detected).
[08:51:50][MONITOR] Restarting server (server close detected).
[08:52:55][MONITOR] Restarting server (server close detected).
[08:54:01][MONITOR] Restarting server (server close detected).
[08:55:08][MONITOR] Restarting server (server close detected).
[08:56:13][MONITOR] Restarting server (server close detected).
[08:57:20][MONITOR] Restarting server (server close detected).
[08:58:25][MONITOR] Restarting server (server close detected).
[08:59:32][MONITOR] Restarting server (server close detected).
[09:00:37][MONITOR] Restarting server (server close detected).
[09:01:44][MONITOR] Restarting server (server close detected).
[09:02:50][MONITOR] Restarting server (server close detected).
[09:03:56][MONITOR] Restarting server (server close detected).
[09:05:03][MONITOR] Restarting server (server close detected).
[09:06:08][MONITOR] Restarting server (server close detected).
[09:07:15][MONITOR] Restarting server (server close detected).
[09:08:20][MONITOR] Restarting server (server close detected).
[09:09:27][MONITOR] Restarting server (server close detected).
[09:10:32][MONITOR] Restarting server (server close detected).
[09:11:39][MONITOR] Restarting server (server close detected).
[09:12:44][MONITOR] Restarting server (server close detected).
[09:13:51][MONITOR] Restarting server (server close detected).
[09:14:56][MONITOR] Restarting server (server close detected).
[09:16:02][MONITOR] Restarting server (server close detected).
[09:17:09][MONITOR] Restarting server (server close detected).
[09:18:14][MONITOR] Restarting server (server close detected).
[09:19:21][MONITOR] Restarting server (server close detected).
[09:20:26][MONITOR] Restarting server (server close detected).
[09:21:33][MONITOR] Restarting server (server close detected).
[09:22:38][MONITOR] Restarting server (server close detected).
[09:23:45][MONITOR] Restarting server (server close detected).
[09:24:50][MONITOR] Restarting server (server close detected).
[09:25:56][MONITOR] Restarting server (server close detected).
[09:27:03][MONITOR] Restarting server (server close detected).
[09:28:08][MONITOR] Restarting server (server close detected).
[09:29:15][MONITOR] Restarting server (server close detected).
[09:30:20][MONITOR] Restarting server (server close detected).
[09:31:27][MONITOR] Restarting server (server close detected).
[09:32:32][MONITOR] Restarting server (server close detected).
[09:33:39][MONITOR] Restarting server (server close detected).
[09:34:44][MONITOR] Restarting server (server close detected).
[09:35:51][MONITOR] Restarting server (server close detected).
[09:36:57][MONITOR] Restarting server (server close detected).
[09:38:02][MONITOR] Restarting server (server close detected).
[09:39:09][MONITOR] Restarting server (server close detected).
[09:40:14][MONITOR] Restarting server (server close detected).
[09:41:21][MONITOR] Restarting server (server close detected).
[09:42:26][MONITOR] Restarting server (server close detected).
[09:43:33][MONITOR] Restarting server (server close detected).
[09:44:38][MONITOR] Restarting server (server close detected).
[09:45:45][MONITOR] Restarting server (server close detected).
[09:46:50][MONITOR] Restarting server (server close detected).
[09:47:56][MONITOR] Restarting server (server close detected).
[09:49:03][MONITOR] Restarting server (server close detected).
[09:50:08][MONITOR] Restarting server (server close detected).
[09:51:15][MONITOR] Restarting server (server close detected).
[09:52:20][MONITOR] Restarting server (server close detected).
[09:53:27][MONITOR] Restarting server (server close detected).
[09:54:32][MONITOR] Restarting server (server close detected).
[09:55:39][MONITOR] Restarting server (server close detected).
[09:56:45][MONITOR] Restarting server (server close detected).
[09:57:51][MONITOR] Restarting server (server close detected).
[09:58:58][MONITOR] Restarting server (server close detected).
[10:00:03][MONITOR] Restarting server (server close detected).
[10:01:10][MONITOR] Restarting server (server close detected).
[10:02:15][MONITOR] Restarting server (server close detected).
[10:03:22][MONITOR] Restarting server (server close detected).
[10:04:27][MONITOR] Restarting server (server close detected).
[10:05:34][MONITOR] Restarting server (server close detected).
[10:06:40][MONITOR] Restarting server (server close detected).
[10:07:45][MONITOR] Restarting server (server close detected).
[10:08:52][MONITOR] Restarting server (server close detected).
[10:09:57][MONITOR] Restarting server (server close detected).
[10:11:04][MONITOR] Restarting server (server close detected).
[10:12:09][MONITOR] Restarting server (server close detected).
[10:13:16][MONITOR] Restarting server (server close detected).
[10:14:21][MONITOR] Restarting server (server close detected).
[10:15:28][MONITOR] Restarting server (server close detected).
[10:16:34][MONITOR] Restarting server (server close detected).
[10:17:39][MONITOR] Restarting server (server close detected).
[10:18:46][MONITOR] Restarting server (server close detected).
[10:19:51][MONITOR] Restarting server (server close detected).
[10:20:58][MONITOR] Restarting server (server close detected).
[10:22:03][MONITOR] Restarting server (server close detected).
[10:23:10][MONITOR] Restarting server (server close detected).
[10:24:15][MONITOR] Restarting server (server close detected).
[10:25:22][MONITOR] Restarting server (server close detected).
[10:26:27][MONITOR] Restarting server (server close detected).
[10:27:33][MONITOR] Restarting server (server close detected).
[10:28:40][MONITOR] Restarting server (server close detected).
[10:29:45][MONITOR] Restarting server (server close detected).
[10:30:52][MONITOR] Restarting server (server close detected).
[10:31:57][MONITOR] Restarting server (server close detected).
[10:33:04][MONITOR] Restarting server (server close detected).
[10:34:09][MONITOR] Restarting server (server close detected).
[10:35:16][MONITOR] Restarting server (server close detected).
[10:36:21][MONITOR] Restarting server (server close detected).
[10:37:28][MONITOR] Restarting server (server close detected).
[10:38:33][MONITOR] Restarting server (server close detected).
[10:39:39][MONITOR] Restarting server (server close detected).
[10:40:46][MONITOR] Restarting server (server close detected).
[10:41:51][MONITOR] Restarting server (server close detected).
[10:42:58][MONITOR] Restarting server (server close detected).
[10:44:03][MONITOR] Restarting server (server close detected).
[10:45:10][MONITOR] Restarting server (server close detected).
[10:46:15][MONITOR] Restarting server (server close detected).
[10:47:22][MONITOR] Restarting server (server close detected).
[10:48:27][MONITOR] Restarting server (server close detected).
[10:49:34][MONITOR] Restarting server (server close detected).
[10:50:39][MONITOR] Restarting server (server close detected).
[10:51:45][MONITOR] Restarting server (server close detected).
[10:52:52][MONITOR] Restarting server (server close detected).
[10:53:57][MONITOR] Restarting server (server close detected).
[10:55:04][MONITOR] Restarting server (server close detected).
[10:56:09][MONITOR] Restarting server (server close detected).
[10:57:16][MONITOR] Restarting server (server close detected).
[10:58:21][MONITOR] Restarting server (server close detected).
[10:59:28][MONITOR] Restarting server (server close detected).
[11:00:34][MONITOR] Restarting server (server close detected).
[11:01:40][MONITOR] Restarting server (server close detected).
[11:02:47][MONITOR] Restarting server (server close detected).
[11:03:52][MONITOR] Restarting server (server close detected).
[11:04:59][MONITOR] Restarting server (server close detected).
[11:06:04][MONITOR] Restarting server (server close detected).
[11:07:11][MONITOR] Restarting server (server close detected).
[11:08:16][MONITOR] Restarting server (server close detected).
[11:09:23][MONITOR] Restarting server (server close detected).
[11:10:28][MONITOR] Restarting server (server close detected).
[11:11:35][MONITOR] Restarting server (server close detected).
[11:12:41][MONITOR] Restarting server (server close detected).
[11:13:46][MONITOR] Restarting server (server close detected).
[11:14:53][MONITOR] Restarting server (server close detected).
[11:15:58][MONITOR] Restarting server (server close detected).
[11:17:05][MONITOR] Restarting server (server close detected).
[11:18:10][MONITOR] Restarting server (server close detected).
[11:19:17][MONITOR] Restarting server (server close detected).
[11:20:22][MONITOR] Restarting server (server close detected).
[11:21:29][MONITOR] Restarting server (server close detected).
[11:22:35][MONITOR] Restarting server (server close detected).
[11:23:40][MONITOR] Restarting server (server close detected).
[11:24:47][MONITOR] Restarting server (server close detected).
[11:25:52][MONITOR] Restarting server (server close detected).
[11:26:59][MONITOR] Restarting server (server close detected).
[11:28:04][MONITOR] Restarting server (server close detected).
[11:29:11][MONITOR] Restarting server (server close detected).
[11:30:17][MONITOR] Restarting server (server close detected).
[11:31:22][MONITOR] Restarting server (server close detected).
[11:32:29][MONITOR] Restarting server (server close detected).
[11:33:34][MONITOR] Restarting server (server close detected).
[11:34:41][MONITOR] Restarting server (server close detected).
[11:35:46][MONITOR] Restarting server (server close detected).
[11:36:52][MONITOR] Restarting server (server close detected).
[11:37:59][MONITOR] Restarting server (server close detected).
[11:39:04][MONITOR] Restarting server (server close detected).
[11:40:11][MONITOR] Restarting server (server close detected).
[11:41:16][MONITOR] Restarting server (server close detected).
[11:42:23][MONITOR] Restarting server (server close detected).
[11:43:28][MONITOR] Restarting server (server close detected).
[11:44:34][MONITOR] Restarting server (server close detected).
[11:45:41][MONITOR] Restarting server (server close detected).
[11:46:46][MONITOR] Restarting server (server close detected).
[11:47:53][MONITOR] Restarting server (server close detected).
[11:48:58][MONITOR] Restarting server (server close detected).
[11:50:05][MONITOR] Restarting server (server close detected).
[11:51:10][MONITOR] Restarting server (server close detected).
[11:52:17][MONITOR] Restarting server (server close detected).
[11:53:23][MONITOR] Restarting server (server close detected).
[11:54:29][MONITOR] Restarting server (server close detected).
[11:55:36][MONITOR] Restarting server (server close detected).
[11:56:41][MONITOR] Restarting server (server close detected).
[11:57:48][MONITOR] Restarting server (server close detected).
[11:58:53][MONITOR] Restarting server (server close detected).
[12:00:00][MONITOR] Restarting server (server close detected).

================================================================
======== txAdmin v7.1.0 atop fxserver 8052 Starting - 6/28/2024, 12:00:17 PM
================================================================
[12:01:17][MONITOR] Restarting server (server close detected).
[12:02:22][MONITOR] Restarting server (server close detected).
[12:03:29][MONITOR] Restarting server (server close detected).
[12:04:34][MONITOR] Restarting server (server close detected).
[12:05:41][MONITOR] Restarting server (server close detected).
[12:06:46][MONITOR] Restarting server (server close detected).
[12:07:53][MONITOR] Restarting server (server close detected).
[12:08:58][MONITOR] Restarting server (server close detected).
[12:10:04][MONITOR] Restarting server (server close detected).
[12:11:11][MONITOR] Restarting server (server close detected).
[12:12:16][MONITOR] Restarting server (server close detected).
[12:13:23][MONITOR] Restarting server (server close detected).
[12:14:28][MONITOR] Restarting server (server close detected).
[12:15:35][MONITOR] Restarting server (server close detected).
[12:16:40][MONITOR] Restarting server (server close detected).
[12:17:47][MONITOR] Restarting server (server close detected).
[12:18:52][MONITOR] Restarting server (server close detected).
[12:19:59][MONITOR] Restarting server (server close detected).
[12:21:05][MONITOR] Restarting server (server close detected).
[12:22:11][MONITOR] Restarting server (server close detected).
[12:23:18][MONITOR] Restarting server (server close detected).
[12:24:23][MONITOR] Restarting server (server close detected).
[12:25:30][MONITOR] Restarting server (server close detected).
[12:26:35][MONITOR] Restarting server (server close detected).
[12:27:42][MONITOR] Restarting server (server close detected).
[12:28:47][MONITOR] Restarting server (server close detected).
[12:29:54][MONITOR] Restarting server (server close detected).
[12:30:59][MONITOR] Restarting server (server close detected).
[12:32:05][MONITOR] Restarting server (server close detected).
[12:33:12][MONITOR] Restarting server (server close detected).
[12:34:17][MONITOR] Restarting server (server close detected).
[12:35:24][MONITOR] Restarting server (server close detected).
[12:36:29][MONITOR] Restarting server (server close detected).
[12:37:36][MONITOR] Restarting server (server close detected).
[12:38:41][MONITOR] Restarting server (server close detected).
[12:39:48][MONITOR] Restarting server (server close detected).
[12:40:54][MONITOR] Restarting server (server close detected).
[12:42:00][MONITOR] Restarting server (server close detected).
[12:43:07][MONITOR] Restarting server (server close detected).
[12:44:12][MONITOR] Restarting server (server close detected).
[12:45:19][MONITOR] Restarting server (server close detected).
[12:46:24][MONITOR] Restarting server (server close detected).
[12:47:31][MONITOR] Restarting server (server close detected).
[12:48:36][MONITOR] Restarting server (server close detected).
[12:49:43][MONITOR] Restarting server (server close detected).
[12:50:48][MONITOR] Restarting server (server close detected).
[12:51:54][MONITOR] Restarting server (server close detected).
[12:53:01][MONITOR] Restarting server (server close detected).
[12:54:06][MONITOR] Restarting server (server close detected).
[12:55:13][MONITOR] Restarting server (server close detected).
[12:56:18][MONITOR] Restarting server (server close detected).
[12:57:25][MONITOR] Restarting server (server close detected).
[12:58:30][MONITOR] Restarting server (server close detected).
[12:59:37][MONITOR] Restarting server (server close detected).
[13:00:42][MONITOR] Restarting server (server close detected).
[13:01:49][MONITOR] Restarting server (server close detected).
[13:02:54][MONITOR] Restarting server (server close detected).
[13:04:01][MONITOR] Restarting server (server close detected).
[13:05:06][MONITOR] Restarting server (server close detected).
[13:06:12][MONITOR] Restarting server (server close detected).
[13:07:19][MONITOR] Restarting server (server close detected).
[13:08:24][MONITOR] Restarting server (server close detected).
[13:09:31][MONITOR] Restarting server (server close detected).
[13:10:36][MONITOR] Restarting server (server close detected).
[13:11:43][MONITOR] Restarting server (server close detected).
[13:12:48][MONITOR] Restarting server (server close detected).
[13:13:55][MONITOR] Restarting server (server close detected).
[13:15:00][MONITOR] Restarting server (server close detected).
[13:16:07][MONITOR] Restarting server (server close detected).
[13:17:13][MONITOR] Restarting server (server close detected).
[13:18:18][MONITOR] Restarting server (server close detected).
[13:19:25][MONITOR] Restarting server (server close detected).
[13:20:30][MONITOR] Restarting server (server close detected).
[13:21:37][MONITOR] Restarting server (server close detected).
[13:22:42][MONITOR] Restarting server (server close detected).
[13:23:49][MONITOR] Restarting server (server close detected).
[13:24:54][MONITOR] Restarting server (server close detected).
[13:26:01][MONITOR] Restarting server (server close detected).
[13:27:06][MONITOR] Restarting server (server close detected).
[13:28:12][MONITOR] Restarting server (server close detected).
[13:29:19][MONITOR] Restarting server (server close detected).
[13:30:24][MONITOR] Restarting server (server close detected).
[13:31:31][MONITOR] Restarting server (server close detected).
[13:32:36][MONITOR] Restarting server (server close detected).
[13:33:43][MONITOR] Restarting server (server close detected).
[13:34:48][MONITOR] Restarting server (server close detected).
[13:35:55][MONITOR] Restarting server (server close detected).
[13:37:01][MONITOR] Restarting server (server close detected).
[13:38:06][MONITOR] Restarting server (server close detected).
[13:39:13][MONITOR] Restarting server (server close detected).
[13:40:18][MONITOR] Restarting server (server close detected).
[13:41:25][MONITOR] Restarting server (server close detected).
[13:42:30][MONITOR] Restarting server (server close detected).
[13:43:37][MONITOR] Restarting server (server close detected).
[13:44:42][MONITOR] Restarting server (server close detected).
[13:45:49][MONITOR] Restarting server (server close detected).
[13:46:55][MONITOR] Restarting server (server close detected).
[13:48:00][MONITOR] Restarting server (server close detected).
[13:49:07][MONITOR] Restarting server (server close detected).
[13:50:12][MONITOR] Restarting server (server close detected).
[13:51:19][MONITOR] Restarting server (server close detected).
[13:52:24][MONITOR] Restarting server (server close detected).
[13:53:31][MONITOR] Restarting server (server close detected).
[13:54:36][MONITOR] Restarting server (server close detected).
[13:55:43][MONITOR] Restarting server (server close detected).
[13:56:49][MONITOR] Restarting server (server close detected).
[13:57:54][MONITOR] Restarting server (server close detected).
[13:59:01][MONITOR] Restarting server (server close detected).
[14:00:06][MONITOR] Restarting server (server close detected).
[14:01:13][MONITOR] Restarting server (server close detected).
[14:02:18][MONITOR] Restarting server (server close detected).
[14:03:25][MONITOR] Restarting server (server close detected).
[14:04:30][MONITOR] Restarting server (server close detected).
[14:05:37][MONITOR] Restarting server (server close detected).
[14:06:42][MONITOR] Restarting server (server close detected).
[14:07:48][MONITOR] Restarting server (server close detected).
[14:08:55][MONITOR] Restarting server (server close detected).
[14:10:00][MONITOR] Restarting server (server close detected).
[14:11:07][MONITOR] Restarting server (server close detected).
[14:12:12][MONITOR] Restarting server (server close detected).
[14:13:19][MONITOR] Restarting server (server close detected).
[14:14:24][MONITOR] Restarting server (server close detected).
[14:15:31][MONITOR] Restarting server (server close detected).
[14:16:36][MONITOR] Restarting server (server close detected).
[14:17:43][MONITOR] Restarting server (server close detected).
[14:18:49][MONITOR] Restarting server (server close detected).
[14:19:55][MONITOR] Restarting server (server close detected).
[14:21:02][MONITOR] Restarting server (server close detected).
[14:22:07][MONITOR] Restarting server (server close detected).
[14:23:14][MONITOR] Restarting server (server close detected).
[14:24:19][MONITOR] Restarting server (server close detected).
[14:25:26][MONITOR] Restarting server (server close detected).
[14:26:31][MONITOR] Restarting server (server close detected).
[14:27:38][MONITOR] Restarting server (server close detected).
[14:28:43][MONITOR] Restarting server (server close detected).
[14:29:50][MONITOR] Restarting server (server close detected).
[14:30:56][MONITOR] Restarting server (server close detected).
[14:32:02][MONITOR] Restarting server (server close detected).
[14:33:09][MONITOR] Restarting server (server close detected).
[14:34:14][MONITOR] Restarting server (server close detected).
[14:35:21][MONITOR] Restarting server (server close detected).
[14:36:26][MONITOR] Restarting server (server close detected).
[14:37:33][MONITOR] Restarting server (server close detected).
[14:38:38][MONITOR] Restarting server (server close detected).
[14:39:45][MONITOR] Restarting server (server close detected).
[14:40:50][MONITOR] Restarting server (server close detected).
[14:41:57][MONITOR] Restarting server (server close detected).
[14:43:03][MONITOR] Restarting server (server close detected).
[14:44:09][MONITOR] Restarting server (server close detected).
[14:45:16][MONITOR] Restarting server (server close detected).
[14:46:21][MONITOR] Restarting server (server close detected).
[14:47:28][MONITOR] Restarting server (server close detected).
[14:48:33][MONITOR] Restarting server (server close detected).
[14:49:40][MONITOR] Restarting server (server close detected).
[14:50:45][MONITOR] Restarting server (server close detected).
[14:51:52][MONITOR] Restarting server (server close detected).
[14:52:57][MONITOR] Restarting server (server close detected).
[14:54:03][MONITOR] Restarting server (server close detected).
[14:55:10][MONITOR] Restarting server (server close detected).
[14:56:15][MONITOR] Restarting server (server close detected).
[14:57:22][MONITOR] Restarting server (server close detected).
[14:58:27][MONITOR] Restarting server (server close detected).
[14:59:34][MONITOR] Restarting server (server close detected).
[15:00:39][MONITOR] Restarting server (server close detected).
[15:01:46][MONITOR] Restarting server (server close detected).
[15:02:51][MONITOR] Restarting server (server close detected).
[15:03:58][MONITOR] Restarting server (server close detected).
[15:05:03][MONITOR] Restarting server (server close detected).
[15:06:10][MONITOR] Restarting server (server close detected).
[15:07:16][MONITOR] Restarting server (server close detected).
[15:08:21][MONITOR] Restarting server (server close detected).
[15:09:28][MONITOR] Restarting server (server close detected).
[15:10:33][MONITOR] Restarting server (server close detected).
[15:11:40][MONITOR] Restarting server (server close detected).
[15:12:45][MONITOR] Restarting server (server close detected).
[15:13:52][MONITOR] Restarting server (server close detected).
[15:14:57][MONITOR] Restarting server (server close detected).
[15:16:04][MONITOR] Restarting server (server close detected).
[15:17:09][MONITOR] Restarting server (server close detected).
[15:18:16][MONITOR] Restarting server (server close detected).
[15:19:21][MONITOR] Restarting server (server close detected).
[15:20:28][MONITOR] Restarting server (server close detected).
[15:21:34][MONITOR] Restarting server (server close detected).
[15:22:39][MONITOR] Restarting server (server close detected).
[15:23:46][MONITOR] Restarting server (server close detected).
[15:24:51][MONITOR] Restarting server (server close detected).
[15:25:58][MONITOR] Restarting server (server close detected).
[15:27:03][MONITOR] Restarting server (server close detected).
[15:28:10][MONITOR] Restarting server (server close detected).
[15:29:15][MONITOR] Restarting server (server close detected).
[15:30:22][MONITOR] Restarting server (server close detected).
[15:31:27][MONITOR] Restarting server (server close detected).
[15:32:34][MONITOR] Restarting server (server close detected).
[15:33:40][MONITOR] Restarting server (server close detected).
[15:34:46][MONITOR] Restarting server (server close detected).
[15:35:53][MONITOR] Restarting server (server close detected).
[15:36:58][MONITOR] Restarting server (server close detected).
[15:38:05][MONITOR] Restarting server (server close detected).
[15:39:10][MONITOR] Restarting server (server close detected).
[15:40:17][MONITOR] Restarting server (server close detected).
[15:41:22][MONITOR] Restarting server (server close detected).
[15:42:29][MONITOR] Restarting server (server close detected).
[15:43:34][MONITOR] Restarting server (server close detected).
[15:44:41][MONITOR] Restarting server (server close detected).
[15:45:46][MONITOR] Restarting server (server close detected).
[15:46:52][MONITOR] Restarting server (server close detected).
[15:47:59][MONITOR] Restarting server (server close detected).
[15:49:04][MONITOR] Restarting server (server close detected).
[15:50:11][MONITOR] Restarting server (server close detected).
[15:51:16][MONITOR] Restarting server (server close detected).
[15:52:23][MONITOR] Restarting server (server close detected).
[15:53:28][MONITOR] Restarting server (server close detected).
[15:54:35][MONITOR] Restarting server (server close detected).
[15:55:40][MONITOR] Restarting server (server close detected).
[15:56:47][MONITOR] Restarting server (server close detected).
[15:57:52][MONITOR] Restarting server (server close detected).
[15:58:59][MONITOR] Restarting server (server close detected).
[16:00:04][MONITOR] Restarting server (server close detected).
[16:01:11][MONITOR] Restarting server (server close detected).
[16:02:17][MONITOR] Restarting server (server close detected).
[16:03:23][MONITOR] Restarting server (server close detected).
[16:04:30][MONITOR] Restarting server (server close detected).
[16:05:35][MONITOR] Restarting server (server close detected).
[16:06:42][MONITOR] Restarting server (server close detected).
[16:07:47][MONITOR] Restarting server (server close detected).
[16:08:54][MONITOR] Restarting server (server close detected).
[16:09:59][MONITOR] Restarting server (server close detected).
[16:11:06][MONITOR] Restarting server (server close detected).
[16:12:11][MONITOR] Restarting server (server close detected).
[16:13:18][MONITOR] Restarting server (server close detected).
[16:14:23][MONITOR] Restarting server (server close detected).
[16:15:30][MONITOR] Restarting server (server close detected).
[16:16:35][MONITOR] Restarting server (server close detected).
[16:17:41][MONITOR] Restarting server (server close detected).
[16:18:48][MONITOR] Restarting server (server close detected).
[16:19:53][MONITOR] Restarting server (server close detected).
[16:21:00][MONITOR] Restarting server (server close detected).
[16:22:05][MONITOR] Restarting server (server close detected).
[16:23:12][MONITOR] Restarting server (server close detected).
[16:24:17][MONITOR] Restarting server (server close detected).
[16:25:24][MONITOR] Restarting server (server close detected).
[16:26:29][MONITOR] Restarting server (server close detected).
[16:27:36][MONITOR] Restarting server (server close detected).
[16:28:41][MONITOR] Restarting server (server close detected).
[16:29:48][MONITOR] Restarting server (server close detected).
[16:30:53][MONITOR] Restarting server (server close detected).
[16:32:00][MONITOR] Restarting server (server close detected).
[16:33:05][MONITOR] Restarting server (server close detected).
[16:34:11][MONITOR] Restarting server (server close detected).
[16:35:18][MONITOR] Restarting server (server close detected).
[16:36:23][MONITOR] Restarting server (server close detected).
[16:37:30][MONITOR] Restarting server (server close detected).
[16:38:35][MONITOR] Restarting server (server close detected).
[16:39:42][MONITOR] Restarting server (server close detected).
[16:40:47][MONITOR] Restarting server (server close detected).
[16:41:54][MONITOR] Restarting server (server close detected).
[16:42:59][MONITOR] Restarting server (server close detected).
[16:44:06][MONITOR] Restarting server (server close detected).
[16:45:11][MONITOR] Restarting server (server close detected).
[16:46:18][MONITOR] Restarting server (server close detected).
[16:47:24][MONITOR] Restarting server (server close detected).
[16:48:29][MONITOR] Restarting server (server close detected).
[16:49:36][MONITOR] Restarting server (server close detected).
[16:50:41][MONITOR] Restarting server (server close detected).
[16:51:48][MONITOR] Restarting server (server close detected).
[16:52:53][MONITOR] Restarting server (server close detected).
[16:54:00][MONITOR] Restarting server (server close detected).
[16:55:05][MONITOR] Restarting server (server close detected).
[16:56:12][MONITOR] Restarting server (server close detected).
[16:57:17][MONITOR] Restarting server (server close detected).
[16:58:23][MONITOR] Restarting server (server close detected).
[16:59:30][MONITOR] Restarting server (server close detected).
[17:00:35][MONITOR] Restarting server (server close detected).
[17:01:42][MONITOR] Restarting server (server close detected).
[17:02:47][MONITOR] Restarting server (server close detected).
[17:03:54][MONITOR] Restarting server (server close detected).
[17:04:59][MONITOR] Restarting server (server close detected).
[17:06:06][MONITOR] Restarting server (server close detected).
[17:07:11][MONITOR] Restarting server (server close detected).
[17:08:18][MONITOR] Restarting server (server close detected).
[17:09:23][MONITOR] Restarting server (server close detected).
[17:10:30][MONITOR] Restarting server (server close detected).
[17:11:36][MONITOR] Restarting server (server close detected).
[17:12:41][MONITOR] Restarting server (server close detected).
[17:13:48][MONITOR] Restarting server (server close detected).
[17:14:53][MONITOR] Restarting server (server close detected).
[17:16:00][MONITOR] Restarting server (server close detected).
[17:17:05][MONITOR] Restarting server (server close detected).
[17:18:12][MONITOR] Restarting server (server close detected).
[17:19:17][MONITOR] Restarting server (server close detected).
[17:20:24][MONITOR] Restarting server (server close detected).
[17:21:30][MONITOR] Restarting server (server close detected).
[17:22:35][MONITOR] Restarting server (server close detected).
[17:23:42][MONITOR] Restarting server (server close detected).
[17:24:47][MONITOR] Restarting server (server close detected).
[17:25:54][MONITOR] Restarting server (server close detected).
[17:26:59][MONITOR] Restarting server (server close detected).
[17:28:06][MONITOR] Restarting server (server close detected).
[17:29:11][MONITOR] Restarting server (server close detected).
[17:30:18][MONITOR] Restarting server (server close detected).
[17:31:23][MONITOR] Restarting server (server close detected).
[17:32:29][MONITOR] Restarting server (server close detected).
[17:33:36][MONITOR] Restarting server (server close detected).
[17:34:41][MONITOR] Restarting server (server close detected).
[17:35:48][MONITOR] Restarting server (server close detected).
[17:36:53][MONITOR] Restarting server (server close detected).
[17:38:00][MONITOR] Restarting server (server close detected).
[17:39:05][MONITOR] Restarting server (server close detected).
[17:40:12][MONITOR] Restarting server (server close detected).
[17:41:17][MONITOR] Restarting server (server close detected).
[17:42:24][MONITOR] Restarting server (server close detected).
[17:43:29][MONITOR] Restarting server (server close detected).
[17:44:36][MONITOR] Restarting server (server close detected).
[17:45:42][MONITOR] Restarting server (server close detected).
[17:46:48][MONITOR] Restarting server (server close detected).
[17:47:55][MONITOR] Restarting server (server close detected).
[17:49:00][MONITOR] Restarting server (server close detected).
[17:50:07][MONITOR] Restarting server (server close detected).
[17:51:12][MONITOR] Restarting server (server close detected).
[17:52:19][MONITOR] Restarting server (server close detected).
[17:53:24][MONITOR] Restarting server (server close detected).
[17:54:31][MONITOR] Restarting server (server close detected).
[17:55:36][MONITOR] Restarting server (server close detected).
[17:56:43][MONITOR] Restarting server (server close detected).
[17:57:48][MONITOR] Restarting server (server close detected).
[17:58:55][MONITOR] Restarting server (server close detected).
[18:00:00][MONITOR] Restarting server (server close detected).

================================================================
======== txAdmin v7.1.0 atop fxserver 8052 Starting - 6/28/2024, 6:00:17 PM
================================================================
[18:01:18][MONITOR] Restarting server (server close detected).
[18:02:23][MONITOR] Restarting server (server close detected).
[18:03:30][MONITOR] Restarting server (server close detected).
[18:04:35][MONITOR] Restarting server (server close detected).
[18:05:42][MONITOR] Restarting server (server close detected).
[18:06:47][MONITOR] Restarting server (server close detected).
[18:07:54][MONITOR] Restarting server (server close detected).
[18:08:59][MONITOR] Restarting server (server close detected).
[18:10:06][MONITOR] Restarting server (server close detected).
[18:11:11][MONITOR] Restarting server (server close detected).
[18:12:18][MONITOR] Restarting server (server close detected).
[18:13:23][MONITOR] Restarting server (server close detected).
[18:14:30][MONITOR] Restarting server (server close detected).
[18:15:35][MONITOR] Restarting server (server close detected).
[18:16:42][MONITOR] Restarting server (server close detected).
[18:17:47][MONITOR] Restarting server (server close detected).
[18:18:54][MONITOR] Restarting server (server close detected).
[18:19:59][MONITOR] Restarting server (server close detected).
[18:21:06][MONITOR] Restarting server (server close detected).
[18:22:12][MONITOR] Restarting server (server close detected).
[18:23:17][MONITOR] Restarting server (server close detected).
[18:24:24][MONITOR] Restarting server (server close detected).
[18:25:29][MONITOR] Restarting server (server close detected).
[18:26:36][MONITOR] Restarting server (server close detected).
[18:27:41][MONITOR] Restarting server (server close detected).
[18:28:48][MONITOR] Restarting server (server close detected).
[18:29:53][MONITOR] Restarting server (server close detected).
[18:31:00][MONITOR] Restarting server (server close detected).
[18:32:05][MONITOR] Restarting server (server close detected).
[18:33:12][MONITOR] Restarting server (server close detected).
[18:34:17][MONITOR] Restarting server (server close detected).
[18:35:24][MONITOR] Restarting server (server close detected).
[18:36:30][MONITOR] Restarting server (server close detected).
[18:37:35][MONITOR] Restarting server (server close detected).
[18:38:42][MONITOR] Restarting server (server close detected).
[18:39:47][MONITOR] Restarting server (server close detected).
[18:40:54][MONITOR] Restarting server (server close detected).
[18:41:59][MONITOR] Restarting server (server close detected).
[18:43:06][MONITOR] Restarting server (server close detected).
[18:44:11][MONITOR] Restarting server (server close detected).
[18:45:18][MONITOR] Restarting server (server close detected).
[18:46:23][MONITOR] Restarting server (server close detected).
[18:47:29][MONITOR] Restarting server (server close detected).
[18:48:36][MONITOR] Restarting server (server close detected).
[18:49:41][MONITOR] Restarting server (server close detected).
[18:50:48][MONITOR] Restarting server (server close detected).
[18:51:53][MONITOR] Restarting server (server close detected).
[18:53:00][MONITOR] Restarting server (server close detected).
[18:54:05][MONITOR] Restarting server (server close detected).
[18:55:12][MONITOR] Restarting server (server close detected).
[18:56:17][MONITOR] Restarting server (server close detected).
[18:57:24][MONITOR] Restarting server (server close detected).
[18:58:29][MONITOR] Restarting server (server close detected).
[18:59:35][MONITOR] Restarting server (server close detected).
[19:00:42][MONITOR] Restarting server (server close detected).
[19:01:47][MONITOR] Restarting server (server close detected).
[19:02:54][MONITOR] Restarting server (server close detected).
[19:03:59][MONITOR] Restarting server (server close detected).
[19:05:06][MONITOR] Restarting server (server close detected).
[19:06:11][MONITOR] Restarting server (server close detected).
[19:07:18][MONITOR] Restarting server (server close detected).
[19:08:23][MONITOR] Restarting server (server close detected).
[19:09:29][MONITOR] Restarting server (server close detected).
[19:10:36][MONITOR] Restarting server (server close detected).
[19:11:41][MONITOR] Restarting server (server close detected).
[19:12:48][MONITOR] Restarting server (server close detected).
[19:13:53][MONITOR] Restarting server (server close detected).
[19:15:00][MONITOR] Restarting server (server close detected).
[19:16:05][MONITOR] Restarting server (server close detected).
[19:17:12][MONITOR] Restarting server (server close detected).
[19:18:17][MONITOR] Restarting server (server close detected).
[19:19:24][MONITOR] Restarting server (server close detected).
[19:20:30][MONITOR] Restarting server (server close detected).
[19:21:35][MONITOR] Restarting server (server close detected).
[19:22:42][MONITOR] Restarting server (server close detected).
[19:23:47][MONITOR] Restarting server (server close detected).
[19:24:54][MONITOR] Restarting server (server close detected).
[19:25:59][MONITOR] Restarting server (server close detected).
[19:27:06][MONITOR] Restarting server (server close detected).
[19:28:12][MONITOR] Restarting server (server close detected).
[19:29:17][MONITOR] Restarting server (server close detected).
[19:30:24][MONITOR] Restarting server (server close detected).
[19:31:29][MONITOR] Restarting server (server close detected).
[19:32:36][MONITOR] Restarting server (server close detected).
[19:33:41][MONITOR] Restarting server (server close detected).
[19:34:48][MONITOR] Restarting server (server close detected).
[19:35:53][MONITOR] Restarting server (server close detected).
[19:37:00][MONITOR] Restarting server (server close detected).
[19:38:06][MONITOR] Restarting server (server close detected).
[19:39:12][MONITOR] Restarting server (server close detected).
[19:40:19][MONITOR] Restarting server (server close detected).
[19:41:24][MONITOR] Restarting server (server close detected).
[19:42:31][MONITOR] Restarting server (server close detected).
[19:43:36][MONITOR] Restarting server (server close detected).
[19:44:43][MONITOR] Restarting server (server close detected).
[19:45:48][MONITOR] Restarting server (server close detected).
[19:46:55][MONITOR] Restarting server (server close detected).
[19:48:00][MONITOR] Restarting server (server close detected).
[19:49:07][MONITOR] Restarting server (server close detected).
[19:50:13][MONITOR] Restarting server (server close detected).
[19:51:19][MONITOR] Restarting server (server close detected).
[19:52:26][MONITOR] Restarting server (server close detected).
[19:53:31][MONITOR] Restarting server (server close detected).
[19:54:38][MONITOR] Restarting server (server close detected).
[19:55:43][MONITOR] Restarting server (server close detected).
[19:56:50][MONITOR] Restarting server (server close detected).
[19:57:55][MONITOR] Restarting server (server close detected).
[19:59:02][MONITOR] Restarting server (server close detected).
[20:00:07][MONITOR] Restarting server (server close detected).
[20:01:14][MONITOR] Restarting server (server close detected).
[20:02:19][MONITOR] Restarting server (server close detected).
[20:03:26][MONITOR] Restarting server (server close detected).
[20:04:32][MONITOR] Restarting server (server close detected).
[20:05:37][MONITOR] Restarting server (server close detected).
[20:06:44][MONITOR] Restarting server (server close detected).
[20:07:49][MONITOR] Restarting server (server close detected).
[20:08:56][MONITOR] Restarting server (server close detected).
[20:10:01][MONITOR] Restarting server (server close detected).
[20:11:08][MONITOR] Restarting server (server close detected).
[20:12:13][MONITOR] Restarting server (server close detected).
[20:13:20][MONITOR] Restarting server (server close detected).
[20:14:25][MONITOR] Restarting server (server close detected).
[20:15:32][MONITOR] Restarting server (server close detected).
[20:16:37][MONITOR] Restarting server (server close detected).
[20:17:44][MONITOR] Restarting server (server close detected).
[20:18:50][MONITOR] Restarting server (server close detected).
[20:19:55][MONITOR] Restarting server (server close detected).
[20:21:02][MONITOR] Restarting server (server close detected).
[20:22:07][MONITOR] Restarting server (server close detected).
[20:23:14][MONITOR] Restarting server (server close detected).
[20:24:19][MONITOR] Restarting server (server close detected).
[20:25:26][MONITOR] Restarting server (server close detected).
[20:26:31][MONITOR] Restarting server (server close detected).
[20:27:38][MONITOR] Restarting server (server close detected).
[20:28:43][MONITOR] Restarting server (server close detected).
[20:29:50][MONITOR] Restarting server (server close detected).
[20:30:55][MONITOR] Restarting server (server close detected).
[20:32:02][MONITOR] Restarting server (server close detected).
[20:33:08][MONITOR] Restarting server (server close detected).
[20:34:13][MONITOR] Restarting server (server close detected).
[20:35:20][MONITOR] Restarting server (server close detected).
[20:36:25][MONITOR] Restarting server (server close detected).
[20:37:32][MONITOR] Restarting server (server close detected).
[20:38:37][MONITOR] Restarting server (server close detected).
[20:39:44][MONITOR] Restarting server (server close detected).
[20:40:49][MONITOR] Restarting server (server close detected).
[20:41:56][MONITOR] Restarting server (server close detected).
[20:43:01][MONITOR] Restarting server (server close detected).
[20:44:07][MONITOR] Restarting server (server close detected).
[20:45:14][MONITOR] Restarting server (server close detected).
[20:46:19][MONITOR] Restarting server (server close detected).
[20:47:26][MONITOR] Restarting server (server close detected).
[20:48:31][MONITOR] Restarting server (server close detected).
[20:49:38][MONITOR] Restarting server (server close detected).
[20:50:43][MONITOR] Restarting server (server close detected).
[20:51:50][MONITOR] Restarting server (server close detected).
[20:52:55][MONITOR] Restarting server (server close detected).
[20:54:02][MONITOR] Restarting server (server close detected).
[20:55:08][MONITOR] Restarting server (server close detected).
[20:56:14][MONITOR] Restarting server (server close detected).
[20:57:21][MONITOR] Restarting server (server close detected).
[20:58:26][MONITOR] Restarting server (server close detected).
[20:59:33][MONITOR] Restarting server (server close detected).
[21:00:38][MONITOR] Restarting server (server close detected).
[21:01:45][MONITOR] Restarting server (server close detected).
[21:02:50][MONITOR] Restarting server (server close detected).
[21:03:57][MONITOR] Restarting server (server close detected).
[21:05:02][MONITOR] Restarting server (server close detected).
[21:06:08][MONITOR] Restarting server (server close detected).
[21:07:15][MONITOR] Restarting server (server close detected).
[21:08:20][MONITOR] Restarting server (server close detected).
[21:09:27][MONITOR] Restarting server (server close detected).
[21:10:32][MONITOR] Restarting server (server close detected).
[21:11:39][MONITOR] Restarting server (server close detected).
[21:12:44][MONITOR] Restarting server (server close detected).
[21:13:51][MONITOR] Restarting server (server close detected).
[21:14:56][MONITOR] Restarting server (server close detected).
[21:16:03][MONITOR] Restarting server (server close detected).
[21:17:08][MONITOR] Restarting server (server close detected).
[21:18:15][MONITOR] Restarting server (server close detected).
[21:19:20][MONITOR] Restarting server (server close detected).
[21:20:27][MONITOR] Restarting server (server close detected).
[21:21:32][MONITOR] Restarting server (server close detected).
[21:22:39][MONITOR] Restarting server (server close detected).
[21:23:45][MONITOR] Restarting server (server close detected).
[21:24:51][MONITOR] Restarting server (server close detected).
[21:25:58][MONITOR] Restarting server (server close detected).
[21:27:03][MONITOR] Restarting server (server close detected).
[21:28:10][MONITOR] Restarting server (server close detected).
[21:29:15][MONITOR] Restarting server (server close detected).
[21:30:22][MONITOR] Restarting server (server close detected).
[21:31:27][MONITOR] Restarting server (server close detected).
[21:32:34][MONITOR] Restarting server (server close detected).
[21:33:39][MONITOR] Restarting server (server close detected).
[21:34:46][MONITOR] Restarting server (server close detected).
[21:35:52][MONITOR] Restarting server (server close detected).
[21:36:58][MONITOR] Restarting server (server close detected).
[21:38:05][MONITOR] Restarting server (server close detected).
[21:39:10][MONITOR] Restarting server (server close detected).
[21:40:17][MONITOR] Restarting server (server close detected).
[21:41:22][MONITOR] Restarting server (server close detected).
[21:42:29][MONITOR] Restarting server (server close detected).
[21:43:34][MONITOR] Restarting server (server close detected).
[21:44:41][MONITOR] Restarting server (server close detected).
[21:45:46][MONITOR] Restarting server (server close detected).
[21:46:52][MONITOR] Restarting server (server close detected).
[21:47:59][MONITOR] Restarting server (server close detected).
[21:49:04][MONITOR] Restarting server (server close detected).
[21:50:11][MONITOR] Restarting server (server close detected).
[21:51:16][MONITOR] Restarting server (server close detected).
[21:52:23][MONITOR] Restarting server (server close detected).
[21:53:28][MONITOR] Restarting server (server close detected).
[21:54:35][MONITOR] Restarting server (server close detected).
[21:55:40][MONITOR] Restarting server (server close detected).
[21:56:47][MONITOR] Restarting server (server close detected).
[21:57:52][MONITOR] Restarting server (server close detected).
[21:58:59][MONITOR] Restarting server (server close detected).
[22:00:04][MONITOR] Restarting server (server close detected).
[22:01:11][MONITOR] Restarting server (server close detected).
[22:02:16][MONITOR] Restarting server (server close detected).
[22:03:23][MONITOR] Restarting server (server close detected).
[22:04:28][MONITOR] Restarting server (server close detected).
[22:05:35][MONITOR] Restarting server (server close detected).
[22:06:40][MONITOR] Restarting server (server close detected).
[22:07:46][MONITOR] Restarting server (server close detected).
[22:08:53][MONITOR] Restarting server (server close detected).
[22:09:58][MONITOR] Restarting server (server close detected).
[22:11:05][MONITOR] Restarting server (server close detected).
[22:12:10][MONITOR] Restarting server (server close detected).
[22:13:17][MONITOR] Restarting server (server close detected).
[22:14:22][MONITOR] Restarting server (server close detected).
[22:15:29][MONITOR] Restarting server (server close detected).
[22:16:34][MONITOR] Restarting server (server close detected).
[22:17:41][MONITOR] Restarting server (server close detected).
[22:18:46][MONITOR] Restarting server (server close detected).
[22:19:53][MONITOR] Restarting server (server close detected).
[22:20:58][MONITOR] Restarting server (server close detected).
[22:22:05][MONITOR] Restarting server (server close detected).
[22:23:10][MONITOR] Restarting server (server close detected).
[22:24:17][MONITOR] Restarting server (server close detected).
[22:25:22][MONITOR] Restarting server (server close detected).
[22:26:28][MONITOR] Restarting server (server close detected).
[22:27:35][MONITOR] Restarting server (server close detected).
[22:28:40][MONITOR] Restarting server (server close detected).
[22:29:47][MONITOR] Restarting server (server close detected).
[22:30:52][MONITOR] Restarting server (server close detected).
[22:31:59][MONITOR] Restarting server (server close detected).
[22:33:04][MONITOR] Restarting server (server close detected).
[22:34:11][MONITOR] Restarting server (server close detected).
[22:35:16][MONITOR] Restarting server (server close detected).
[22:36:23][MONITOR] Restarting server (server close detected).
[22:37:28][MONITOR] Restarting server (server close detected).
[22:38:35][MONITOR] Restarting server (server close detected).
[22:39:40][MONITOR] Restarting server (server close detected).
[22:40:47][MONITOR] Restarting server (server close detected).
[22:41:52][MONITOR] Restarting server (server close detected).
[22:42:59][MONITOR] Restarting server (server close detected).
[22:44:04][MONITOR] Restarting server (server close detected).
[22:45:11][MONITOR] Restarting server (server close detected).
[22:46:16][MONITOR] Restarting server (server close detected).
[22:47:23][MONITOR] Restarting server (server close detected).
[22:48:28][MONITOR] Restarting server (server close detected).
[22:49:34][MONITOR] Restarting server (server close detected).
[22:50:41][MONITOR] Restarting server (server close detected).
[22:51:46][MONITOR] Restarting server (server close detected).
[22:52:53][MONITOR] Restarting server (server close detected).
[22:53:58][MONITOR] Restarting server (server close detected).
[22:55:05][MONITOR] Restarting server (server close detected).
[22:56:10][MONITOR] Restarting server (server close detected).
[22:57:17][MONITOR] Restarting server (server close detected).
[22:58:22][MONITOR] Restarting server (server close detected).
[22:59:29][MONITOR] Restarting server (server close detected).
[23:00:34][MONITOR] Restarting server (server close detected).
[23:01:41][MONITOR] Restarting server (server close detected).
[23:02:46][MONITOR] Restarting server (server close detected).
[23:03:53][MONITOR] Restarting server (server close detected).
[23:04:58][MONITOR] Restarting server (server close detected).
[23:06:05][MONITOR] Restarting server (server close detected).
[23:07:10][MONITOR] Restarting server (server close detected).
[23:08:16][MONITOR] Restarting server (server close detected).
[23:09:23][MONITOR] Restarting server (server close detected).
[23:10:28][MONITOR] Restarting server (server close detected).
[23:11:35][MONITOR] Restarting server (server close detected).
[23:12:40][MONITOR] Restarting server (server close detected).
[23:13:47][MONITOR] Restarting server (server close detected).
[23:14:52][MONITOR] Restarting server (server close detected).
[23:15:59][MONITOR] Restarting server (server close detected).
[23:17:04][MONITOR] Restarting server (server close detected).
[23:18:11][MONITOR] Restarting server (server close detected).
[23:19:16][MONITOR] Restarting server (server close detected).
[23:20:23][MONITOR] Restarting server (server close detected).
[23:21:28][MONITOR] Restarting server (server close detected).
[23:22:35][MONITOR] Restarting server (server close detected).
[23:23:41][MONITOR] Restarting server (server close detected).
[23:24:46][MONITOR] Restarting server (server close detected).
[23:25:53][MONITOR] Restarting server (server close detected).
[23:26:58][MONITOR] Restarting server (server close detected).
[23:28:05][MONITOR] Restarting server (server close detected).
[23:29:10][MONITOR] Restarting server (server close detected).
[23:30:17][MONITOR] Restarting server (server close detected).
[23:31:22][MONITOR] Restarting server (server close detected).
[23:32:29][MONITOR] Restarting server (server close detected).
[23:33:34][MONITOR] Restarting server (server close detected).
[23:34:41][MONITOR] Restarting server (server close detected).
[23:35:46][MONITOR] Restarting server (server close detected).
[23:36:53][MONITOR] Restarting server (server close detected).
[23:37:59][MONITOR] Restarting server (server close detected).
[23:39:05][MONITOR] Restarting server (server close detected).
[23:40:12][MONITOR] Restarting server (server close detected).
[23:41:17][MONITOR] Restarting server (server close detected).
[23:42:24][MONITOR] Restarting server (server close detected).
[23:43:29][MONITOR] Restarting server (server close detected).
[23:44:36][MONITOR] Restarting server (server close detected).
[23:45:41][MONITOR] Restarting server (server close detected).
[23:46:48][MONITOR] Restarting server (server close detected).
[23:47:53][MONITOR] Restarting server (server close detected).
[23:49:00][MONITOR] Restarting server (server close detected).
[23:50:05][MONITOR] Restarting server (server close detected).
[23:51:12][MONITOR] Restarting server (server close detected).
[23:52:17][MONITOR] Restarting server (server close detected).
[23:53:24][MONITOR] Restarting server (server close detected).
[23:54:29][MONITOR] Restarting server (server close detected).
[23:55:35][MONITOR] Restarting server (server close detected).
[23:56:42][MONITOR] Restarting server (server close detected).
[23:57:47][MONITOR] Restarting server (server close detected).
[23:58:54][MONITOR] Restarting server (server close detected).
[23:59:59][MONITOR] Restarting server (server close detected).
