
================================================================
======== txAdmin v7.1.0 atop fxserver 8052 Starting - 5/19/2024, 12:00:17 AM
================================================================

================================================================
======== Log Rotated - 5/19/2024, 12:00:17 AM                   
================================================================
[00:08:07][Sam] Warned player [1] stiffa: rdm
[00:09:16][jaybully] Sending announcement: eventje voor mini ak in #events op discord :P
[00:11:07][sunnless] Kicked #FN: gedraag
[00:11:08][jaybully] Sending announcement: volgende loca komt zo!
[00:13:23][Sam] Revoked warn id WCBS-BTMK from stiffa
[00:16:35][jaybully] Sending announcement: volgende staat in #events
[00:19:35][jaybully] Sending announcement: ik ben al gevonden! volgende prijs is de grootste!
[00:25:56][Sam] Banned player Thomas: NVOL + COMBATLOG | Melden in ticket!
[00:31:02][Sam] Kicked #topspitsgeen9: safe
[00:31:33][Sam] Banned player topspitsgeen9: Constantly falling aanzetten bij anderse spelers | Cheats
[00:33:04][jaybully] Sending announcement: laatste staat in #events
[00:38:54][jaybully] Sending announcement: aller laatste in #events!
[00:43:19][jaybully] Sending announcement: willen jullie een hint? grote prijs als je me vind!
[00:44:24][jaybully] Sending announcement: ik ben gevonden!
[00:47:07][jaybully] Sending announcement: nog een kleintje voor aangevraagd, #events
[00:48:48][jaybully] Sending announcement: tip gestuurd in #events!
[00:56:33][jaybully] Sending announcement: id 15 mag komende 20 minuten niet geript worden, alleen als hij eerst op jou schiet!
[01:28:52][jaybully] executed "clearofflineinv steam:11000013f62d0c9"
[01:28:55][jaybully] executed "clearoffinv steam:11000013f62d0c9"
[01:29:26][jaybully] executed "clearoffinv fivem:13971910"
[01:29:28][jaybully] executed "checkappa"
[01:29:57][jaybully] executed "check"
[01:30:13][jaybully] executed "check steam:1100001065a7539"
[01:33:12][jaybully] executed "checkreports"
[02:11:40][jaybully] executed "gangjobs"
[02:11:42][jaybully] executed "gang"
[02:18:56][jaybully] executed "check steam:110000145d12bd8"
[02:19:02][jaybully] executed "checkappa"

================================================================
======== txAdmin v7.1.0 atop fxserver 8052 Starting - 5/19/2024, 6:00:17 AM
================================================================

================================================================
======== txAdmin v7.1.0 atop fxserver 8052 Starting - 5/19/2024, 12:00:18 PM
================================================================
[12:41:52][notfietsendief] Warned player [2] mo: artikel 26 meta-gaming
[12:41:59][notfietsendief] Warned player [6] Raymond: artikel 26 meta-gaming
[13:14:22][sunnless] executed "combatlogboete 2fe1038ad3d70c881475aecaa046b6baa5e8c4a5"
[13:14:23][sunnless] executed "combatlogboete 2fe1038ad3d70c881475aecaa046b6baa5e8c4a5"
[13:14:23][sunnless] executed "combatlogboete 2fe1038ad3d70c881475aecaa046b6baa5e8c4a5"
[13:14:24][sunnless] executed "combatlogboete 2fe1038ad3d70c881475aecaa046b6baa5e8c4a5"
[13:14:24][sunnless] executed "combatlogboete 2fe1038ad3d70c881475aecaa046b6baa5e8c4a5"
[13:15:47][sunnless] executed "combatlogboete 2fe1038ad3d70c881475aecaa046b6baa5e8c4a5"
[13:15:48][sunnless] executed "combatlogboete 2fe1038ad3d70c881475aecaa046b6baa5e8c4a5"
[13:15:48][sunnless] executed "combatlogboete 2fe1038ad3d70c881475aecaa046b6baa5e8c4a5"
[13:16:16][jaybully] Revoked ban id BGSA-GKCZ from appelflapje
[13:17:32][jaybully] executed "clearoffinv steam:11000014c39d877"
[13:17:43][jaybully] executed "clearoffinv 1 steam:11000014c39d877"
[13:17:47][jaybully] executed "clearoffinv steam:11000014c39d877"
[13:17:53][jaybully] executed "clearinv steam:11000014c39d877"
[13:21:09][sunnless] Banned player kalebatsbak: Combatloggen maak maar ticket aan. je doet het 2 keer achterelkaar dus maak maar 200 woorden motivatie voor unban
[13:29:07][sunnless] Warned player [23] Ryan: Combat pack is niet toegestaan. je ziet geen bosjes etc
[13:31:48][jaybully] executed "clearoffinv 2fe1038ad3d70c881475aecaa046b6baa5e8c4a5"
[13:35:24][jaybully] executed "giverefund steam:110000149fffdda weapon_meos45 1"
[13:35:33][jaybully] executed "giverefund steam:110000149fffdda ammo-45 150"
[13:36:36][jaybully] executed "checkreports"
[13:39:54][fahraw] Warned player [9] Luca: RailRP (situatie met politie)
[13:41:35][jamie] logged in from 88.159.244.69 via cfxre
[13:47:41][jamie] executed "setgroup 32 beheerteam"
[13:57:19][jaybully] executed "cfx_tebexwrapper:addCoins steam:1100001582810df 30 limboland"
[13:57:55][jaybully] executed "cfx_tebexwrapper:addCoins steam:110000164fbf0a2 323412121412344324320 limboland"
[13:58:04][jaybully] executed "cfx_tebexwrapper:addCoins steam:110000164fbf0a2 3234121214123 limboland"
[13:58:13][jaybully] executed "cfx_tebexwrapper:addCoins steam:110000164fbf0a2 32341212 limboland"
[14:05:13][jaybully] executed "crate"
[14:05:18][jaybully] executed "crate"
[14:08:40][jaybully] executed "giverefund steam:110000164f5cc71 weapon_pistolmk2 1"
[14:10:35][milann] Warned player [42] empty name: rdm
[14:10:45][milann] Warned player [43] kk rasict: rdm
[14:10:53][milann] Warned player [45] Boenkie: rdm
[14:39:25][milann] Banned player ruhanna: Cheats, gum
[14:43:11][sunnless] Banned player bumba: Mensen uitschelden + combatloggen als politie roleplay wilt aangaan
[14:50:58][sunnless] Warned player [63] Ryan: met kkr schelden in /me
[14:52:49][sunnless] Banned player ZTM Henkie: Opzettelijke vdm
[15:42:38][jaybully] Banned player Wassim Kalashj: combatlog & schelden met hedendaagse ziektes
[16:04:19][jaybully] Revoked ban id BVR4-YHMC from HassanB
[17:53:06][jesse] logged in from 84.82.187.23 via password

================================================================
======== txAdmin v7.1.0 atop fxserver 8052 Starting - 5/19/2024, 6:00:18 PM
================================================================
[18:00:23][jesse] logged in from 84.82.187.23 via password
[18:41:28][lilfish] Warned player [2] de gangster: kikker
[20:04:55][jaybully] executed "checkreports"
[20:24:16][jaybully] executed "checkreports"
[20:28:50][jaybully] Sending announcement: report maken voor tp naar t event
[20:32:19][jaybully] Sending announcement: prijzen gepost in #events kanaal
[20:35:08][jaybully] Sending announcement: Jullie mogen verstoppen!
[20:39:04][jaybully] Sending announcement: 30 secondes dan starten we!
[20:40:48][jaybully] Sending announcement: we beginnen!
[20:41:48][jaybully] Sending announcement: emote abuse krijg je taken!
[20:42:19][jaybully] Sending announcement: /e sleep is wel toegestaan
[20:47:54][jaybully] Sending announcement: dit is een beetje moeilijk, er komt een nieuwe zoeker bij...
[21:56:02][jaybully] Banned player Joshuaaa38: combatlog - ticket maken
[22:07:54][jaybully] Banned player kleine.gg: combatlog
[00:00:28][SCHEDULER] Restarting server (scheduled restart at 00:00).
[01:17:03][mats] DM to #Rixco: Lekker witwassen he jij. Ik had daarjuist hetzelde idee hahahah

================================================================
======== txAdmin v7.1.0 atop fxserver 8052 Starting - 5/20/2024, 6:02:19 AM
================================================================
[10:59:56][jamie] logged in from 88.159.244.69 via cfxre
[11:00:01][jamie] executed "clearinv 1"

================================================================
======== txAdmin v7.1.0 atop fxserver 8052 Starting - 5/20/2024, 12:01:22 PM
================================================================
[12:13:04][jamie] logged in from 88.159.244.69 via cfxre
[12:13:09][jamie] executed "checkappa"
[12:13:16][jamie] executed "checkappa"
[14:04:55][jesse] logged in from 84.82.187.23 via password
[15:01:10][jaybully] executed "check 2588c33b3af4fdc554494f0b34ea75b40564de4a"
[15:38:02][lilfish] Warned player [59] stxcs: me headset oplader ben ik kwijt ff zoeken
[16:57:43][jamie] logged in from 88.159.244.69 via cfxre
[16:59:27][jamie] Deleting user 'degangster'.
[17:24:35][jamie] executed "setjob2 102 dsi 4"

================================================================
======== txAdmin v7.1.0 atop fxserver 8052 Starting - 5/20/2024, 6:03:30 PM
================================================================
[18:06:08][helios] logged in from 83.84.156.149 via password
[18:08:18][helios] executed "giverefund steam:11000015aeb5d12 WEAPON_MP5 1 ammo-9 402"
[19:17:49][lilfish] Kicked #Silvan: cheater
[19:19:09][matthijs] logged in from 89.99.67.196 via cfxre
[19:19:15][matthijs] Scheduling server restart at 19:30
[19:20:51][jaybully] Sending announcement: cheater gebanned
[19:21:14][jaybully] Sending announcement: nog een reviveall gdn
[19:28:00][jaybully] Sending announcement: iedereen mag stoppen met schieten
[19:29:52][jaybully] Sending announcement: volgende die schiet als je staff bent krijg je demote en speler ban
[19:30:32][SCHEDULER] Restarting server (scheduled restart at 19:30).
[19:39:54][jaybully] executed "giverefund 57898fd8cfc6956e2af7230a1bd3bd3de9ef5c4a weapon_m1911 2"
[19:40:01][jaybully] executed "giverefund 57898fd8cfc6956e2af7230a1bd3bd3de9ef5c4a weapon_pistol_mk2 1"
[19:40:05][jaybully] executed "check 57898fd8cfc6956e2af7230a1bd3bd3de9ef5c4a"
[19:40:19][jaybully] executed "checkappa"
[19:40:28][jaybully] executed "check f147e020bfbd6d40214cfed54b4c414cea4fd05c"
[19:40:40][jaybully] executed "check a11a9ccc476eda11fc720af7cfb4e3e5e6038857"
[19:41:00][jaybully] executed "fg ban a11a9ccc476eda11fc720af7cfb4e3e5e6038857"
[19:41:59][jaybully] Banned <license:a11a9ccc476eda11fc720af7cfb4e3e5e6038857>: 40 mil in je appa - ticket maken
[19:43:13][jaybully] executed "giverefund steam:1100001582810df weapon_m1911 2"
[19:43:30][jaybully] executed "giverefund steam:1100001582810df weapon_pistol_mk2 1"
[19:43:37][jaybully] executed "giverefund steam:1100001582810df ammo-9 5000"
[19:45:03][jaybully] DM to #xande: soeba ontslaan van politie als je wilt
[19:45:10][jaybully] DM to #xande: niet geschikt voor de baan.
[19:45:49][jaybully] DM to #xande: ben je bezig? anders tp ik je
[20:15:47][jesse] logged in from 84.82.187.23 via password
[20:31:36][jaybully] Sending announcement: reports kunnen nu gemaakt worden!
[20:34:16][jaybully] Sending announcement: kijk #events! Heel belangrijk
[20:34:44][jaybully] Sending announcement: allemaal in een lijn voor de rode staan
[20:36:42][jaybully] Sending announcement: elke report ff gelosed. als je niet bent tp'd maak nog een report
[20:39:19][jaybully] Sending announcement: pistols bij de rode!
[20:40:59][jaybully] Sending announcement: portos bij de rode
[20:41:56][jaybully] Sending announcement: iedereen handen omhoog als je ready bent!
[20:42:54][jaybully] Sending announcement: Iedereen report voor tp naar eiland & AUB ANDERE STAFF OOK MEEHELPEN!
[20:45:38][jaybully] Sending announcement: alle teams bij elkaar staan!
[20:46:41][jaybully] Sending announcement: outlaw
[20:49:45][jaybully] Sending announcement: iedereen instappen!
[20:50:27][jaybully] Sending announcement: allemaal terug naar vliegveld!
[20:51:25][jaybully] Sending announcement: allemaal instappen! niet rijden
[20:52:41][jaybully] Sending announcement: jullie mogen allemaal beginnen met rijden!
[20:54:11][jaybully] Sending announcement: Jullie mogen schieten!
[20:54:47][jaybully] Sending announcement: eerste circel komt zo in #events!
[20:56:50][jaybully] Sending announcement: eerste circel is gestuurd!
[20:59:48][jaybully] Sending announcement: Tweede cirkel in #events!
[21:01:13][jaybully] Sending announcement: 2 Cheaters gebanned, Mensen dood door hun worden gerevived!
[21:05:25][jaybully] Sending announcement: Circel In #events
[21:07:21][jaybully] Sending announcement: Jullie krijen tot 21:10 om te verplaatsen naar de circel!
[21:13:54][jaybully] Sending announcement: laatste circel gepost, zie ik je niet dan ga je automatisch dood!
[21:18:59][jaybully] Sending announcement: Levnde teams, Kleine, Xande, Vluchteling
[21:19:05][jaybully] Sending announcement: en ik natuurlijk
[21:20:28][jaybully] Sending announcement: 6 mensen
[21:21:18][jaybully] Sending announcement: top 3 spelers zijn nu aan het vechten!
[21:23:02][jaybully] Sending announcement: 2v2!
[21:23:40][jaybully] Sending announcement: Ghost tegen ricket en Xande!
[21:24:34][jaybully] Sending announcement: Jullie hebben nog 2 minuten voor dit event eindigd, anders geen winnaar!
[21:25:00][jaybully] Sending announcement: Xande en Ricket hebben gewonnen!
[21:35:41][jaybully] Warned player [50] Marcell: Combat pack
[21:45:37][jaybully] Kicked #Marcell: combat pack, Hou t uit je files.
[21:51:52][jaybully] executed "giverefund steam:110000159c14efb weapon_mp5 1"
[21:52:05][jaybully] executed "giverefund steam:110000159c14efb ammo-9 200"
[21:52:32][jaybully] executed "weather clear"
[21:52:44][jaybully] executed "time night"
[21:52:47][jaybully] executed "time day"
[21:52:50][jaybully] executed "time night"
[21:52:53][jaybully] executed "time sleep"
[21:54:16][jaybully] executed "checkreports"
[22:16:58][sunnless] Revoked ban id B5VZ-UVHE from Lorenzoo
[22:17:02][sunnless] Revoked ban id BHWM-6VAH from Lorenzoo
[22:33:39][sunnless] Sending announcement: tis beetje rustig in stad merk ik. zullen we ff een ak weggeven? maak report aan als je dat zou willen
[22:34:30][sunnless] Sending announcement: ik maak zo foto. op die plek drop ik een ak op de grond. als je de locatie vind mag je hem houden. ik zal tips geven als  niemand hem vind
[22:37:10][sunnless] Sending announcement: foto staat in event kanaal!
[22:38:07][sunnless] Sending announcement: ik zal tips geven als het te lang duurt btw
[22:40:38][sunnless] Sending announcement: nog 5 min dan gooi ik een tip
[22:41:24][sunnless] Sending announcement: alvast een kleine tip het is in de villa wijk want er is 1 iemand die daar niet is....
[22:42:58][sunnless] Sending announcement: tip staat in event kanaal
[22:43:50][sunnless] Sending announcement: kleine uitleg erbij. Als je de hele villa wijk pakt is het in de villa wijk ergens aan de linker kant van mijn marker. dus er niet recht naast kan ook 1km links ervan zijn
[22:45:26][sunnless] Sending announcement: duidelijkere uitleg staat in event kanaal. was beetje onduidelijk
[22:46:03][sunnless] Sending announcement: iedereen krijgt revive lorenzo stop met schieten
[22:47:09][sunnless] Sending announcement: ak is gedespawned zie ik. maak maar report aan als je op de goede plek staat
[22:48:44][sunnless] Sending announcement: ik heb wel een mooi uitzicht daar. ( kijk event kanaal )
[22:50:09][sunnless] Sending announcement: tip let op de vlag die weggegeven is in de foto. als je daar langs rijd geeft die het heel makkelijk weg
[22:51:25][sunnless] Sending announcement: vanaf het huis als ik recht naat voren kijk. heb ik mooi uitzicht op de golfbaan
[22:52:54][sunnless] Sending announcement: ik zie dat iemand heeel warm is
[22:52:58][sunnless] Sending announcement: gevonden!
[22:53:41][sunnless] Sending announcement: je mag diegen met de ak niet rippen btw als je dat doet krijg je taken
[22:56:49][sunnless] Sending announcement: we gaan er nog een doen! dit word de laaste. als je nu op de goede plek bent krijg je een auto naar keuze uit de cardealer!
[22:58:11][sunnless] Sending announcement: deze gaat echt heel lastig worden!
[22:58:53][sunnless] Sending announcement: foto staat in events kanaal!
[23:00:37][sunnless] Sending announcement: bij deze ga ik niet teveel tips van de omgeving geven je moet echt de specifieke plek vinden
[23:02:35][sunnless] Sending announcement: eerste tip, het is NIET in stabcity
[23:02:58][sunnless] Sending announcement: er zitten 2 mensen redelijk in de buurt
[23:04:26][sunnless] Sending announcement: op het moment zit snow ( id 87 ) het dichtsbij. attans zat want hij heeft al bewogen
[23:04:48][sunnless] Sending announcement: ik zeg niet hoe dichtbij mss heel dicht bij mss ver weg maar hij zit het dichtsbij
[23:06:30][sunnless] Sending announcement: nieuwe foto. staat in event kanaal. de locatie kan je zien op de foto
[23:08:01][sunnless] Sending announcement: de locatie is NIET in dit gebied!!!! het gebied staat in event kanaal
[23:09:17][sunnless] Sending announcement: jongens kijk events kanaal. jullie zoeken in het gebied waar hij NIET zit
[23:11:51][sunnless] Sending announcement: als ik de omgeving laat zien van het gebied weet iedereen het binnen 1 sec. de locatie is dus op een zeer herkenbare plek van gta storymode
[23:12:49][sunnless] Sending announcement: oh mijn god. de vorige winaar doet het weer. hij is gevonden
[23:14:10][sunnless] Sending announcement: iedereen bedankt voor het meedoen! Mss morgen weer! hopelijk zijn jullie beetje bezig geweest. Geniet nog ff van je avond
[23:18:56][sunnless] Sending announcement: voor de mensen die het wouden weten. de locatie waar de laatste foto was staat in events kanaal
