
================================================================
======== txAdmin v7.1.0 atop fxserver 8052 Starting - 7/4/2024, 12:00:16 AM
================================================================

================================================================
======== Log Rotated - 7/4/2024, 12:00:16 AM                    
================================================================

================================================================
======== txAdmin v7.1.0 atop fxserver 8052 Starting - 7/4/2024, 6:00:18 AM
================================================================

================================================================
======== txAdmin v7.1.0 atop fxserver 8052 Starting - 7/4/2024, 10:46:44 AM
================================================================
[11:04:55][matthijs] logged in from 89.99.67.196 via cfxre
[11:04:57][matthijs] executed "refresh"
[11:30:17][jamie] logged in from 88.159.244.69 via cfxre
[11:32:18][jamie] executed "RESTART SERVER"
[11:48:10][matthijs] executed "refresh"
[11:48:17][matthijs] executed "refresh"
[11:48:43][matthijs] executed "refresh"
[11:54:41][matthijs] executed "refresh"
[11:54:49][matthijs] executed "stop "jtm-grotebankovsss""

================================================================
======== txAdmin v7.1.0 atop fxserver 8052 Starting - 7/4/2024, 12:00:17 PM
================================================================
[13:56:44][matthijs] logged in from 89.99.67.196 via cfxre
[13:56:50][matthijs] executed "refresh"

================================================================
======== txAdmin v7.1.0 atop fxserver 8052 Starting - 7/4/2024, 2:50:32 PM
================================================================
[15:45:57][jamie] logged in from 88.159.244.69 via cfxre
[15:46:03][jamie] executed "RESTART SERVER"
