
================================================================
======== txAdmin v7.1.0 atop fxserver 8052 Starting - 7/9/2024, 12:00:17 AM
================================================================

================================================================
======== Log Rotated - 7/9/2024, 12:00:17 AM                    
================================================================

================================================================
======== txAdmin v7.1.0 atop fxserver 8052 Starting - 7/9/2024, 6:00:17 AM
================================================================
[10:21:33][matthijs] logged in from 89.99.67.196 via cfxre
[10:21:38][matthijs] executed "stop "polo_selldrugs""
[10:21:56][matthijs] executed "stop "erp-selltonpc-single""

================================================================
======== txAdmin v7.1.0 atop fxserver 8052 Starting - 7/9/2024, 10:30:49 AM
================================================================
[10:38:11][matthijs] logged in from 89.99.67.196 via cfxre

================================================================
======== txAdmin v7.1.0 atop fxserver 8052 Starting - 7/9/2024, 12:00:18 PM
================================================================
[12:04:11][matthijs] logged in from 89.99.67.196 via cfxre

================================================================
======== txAdmin v7.1.0 atop fxserver 8052 Starting - 7/9/2024, 12:24:29 PM
================================================================
[12:24:33][matthijs] logged in from 89.99.67.196 via cfxre
[15:00:15][matthijs] executed "stop "erp-selltonpc-single""
[15:41:36][matthijs] executed "stop "polo_selldrugs""

================================================================
======== txAdmin v7.1.0 atop fxserver 8052 Starting - 7/9/2024, 6:00:16 PM
================================================================
[19:28:39][Sunnless] Warned player [1] Matthijs: negertje negertje aan de wand. neger kijk mijn hand
[19:29:02][Sunnless] Warned player [1] Matthijs: you shall never leave the red screen bruvv
[19:29:12][Sunnless] Warned player [1] Matthijs: mag niet mathijs
[19:29:34][Sunnless] Revoked warn id W97W-C4DS from Matthijs
[19:29:36][Sunnless] Revoked warn id WF8W-UL4D from Matthijs
[19:29:36][Sunnless] Revoked warn id WZJY-2DH8 from Matthijs
[19:29:37][Sunnless] Revoked warn id WVLN-NRQX from Matthijs
