================================================================
======== Log Rotated - 10/26/2024, 12:00:00 AM                  
================================================================
[00:08:00][lowie] Kicked Franky21002: f6 abuse
[00:16:49][jonko] Revoked ban id BRFC-W1PT from [LRP] qr
[00:38:16][Jamie] executed "fg unban 857"
[00:54:19][yanoo] Adding admin 'LRPNoxim'.
[01:41:27][romano] Banned player Rick: Artikel 2.8: Combatloggen + inv wipe
[02:24:37][yanoo] Sending announcement: welke politie agent ga mij een miljoen celstraf geven ;o
[02:28:30][jxck] Kicked peter: Kloter , Yanoo zal je nog vervolgen met sancties
[06:00:02][SCHEDULER] Restarting server (scheduled restart at 06:00).
[08:52:36][devious] executed "fg unban 861"
[12:00:55][Sunless] executed "giverefund steam:110000151d3813b cash 2000000"
[12:15:21][lrpcasper] Warned player Naroj007: Artikel 6.4: Stem vervormers
[12:24:14][lrpcasper] Revoked warn id WQXJ-MR42 from Naroj007
[12:34:42][lrprico] Banned player [SW] Tyler: Artikel 2.8: Artikel Combatloggen (Ban + Taken)
[12:51:12][lowie] Revoked ban id B79Z-FCPN from Wilde Westen
[13:09:55][mimi] Banned player Rayan | O.R. MC: Combatloggen + RDM | Ontslag Als kmar!
[13:13:36][lrpjayden] Banned player .gg: Combatloggen Melden in ticket voor inventory wipe
[13:17:32][lrpjayden] Banned player DoorCrosser: Combatloggen Melden in ticket voor inventory wipe
[13:19:30][veh] Banned player Fredo: combat loggen nadat je gepakt word door de politie, Graag een ticket aanmaken voor taken en inv clear.
[13:26:10][lrpjayden] Revoked ban id BA1N-68EL from Fredo
[13:26:15][lrpjayden] Revoked ban id BPUJ-Y3ZJ from DoorCrosser
[13:33:51][lowie] Banned player Progamer: Combatlogge maak ticket aan voor inv wipen + taken
[13:42:24][Jamie] executed "restart lrp-inleveren"
[13:44:10][matthijs] logged in from 89.99.67.196 via cfxre
[13:44:16][Sunless] Sending announcement: Vip cardealer autos kunnen nu ook ingeleverd worden. ( heeft nog geen haast er komt nog een mededeling over waneer je moet opschieten met inleveren )
[13:45:18][stille] Banned player Geertzoon08: Combatlog wapens inleveren plus taken
[13:45:59][stille] Banned player Brxm: combatlog wapen inleveren plus taken
[14:05:17][kivo] Banned player Sii: Combatloggen - Ticket aanmaken voor clear inv + 150 taken!
[15:31:08][devious] executed "fg unban 130"
[15:42:45][veh] Banned player MIKE: combat loggen in staffzaak, nvol. Alles inleveren dat je in je auto had en je inv + taken
[15:48:40][veh] Revoked ban id BZA5-U6JN from MIKE
[15:51:46][stille] Banned player mo6241832: Combatloggen ticket maken wapen inleveren + taken
[15:52:05][stille] Banned player karim34ak: Combatlog Wapen inleveren + taken
[15:54:59][lrpseppe] Banned player [QR] Ryan: cheats pc check melden in ticket
[15:57:32][Jamie] Revoked ban id B9FJ-VVKG from kees
[16:00:02][lrpseppe] Banned player Thibau: combatloggen| ticket maken voor unban + taken
[16:00:41][stille] Banned player Bob: Ticket maken voor 150 taken
[16:03:55][Sunless] logged in from 185.65.134.190 via cfxre
[16:04:51][Sunless] Banned player [LRP] qr: Leaven tijdens een pc check
[16:23:06][Jamie] Revoked ban id BWTG-6PQR from kees
[16:42:36][devious] Editing user 'mimi'.
[16:42:42][devious] Editing user 'matissedz'.
[16:42:52][devious] Editing user 'lrprico'.
[16:44:38][devious] executed "fg unban 852"
[16:51:52][Sunless] executed "fg check license:86804f59a9c374be2d8040e20302df91e13ed000"
[16:55:51][stille] Banned player DoorCrosser: Combatloggen ticket voor taken
[17:22:21][tinosan] executed "fg check 191"
[17:45:53][matthijs] executed "fg unban 865"
[18:00:21][SCHEDULER] Restarting server (scheduled restart at 18:00).
[19:34:07][lrpjayden] Warned player Goat: Artikel 5.1: Random Death Match
[19:37:14][polorminty21] Banned player okkskjokk: Artikel 4.2  Vehicle Deathmatch ( 150 taken )
[19:47:47][lrpjayden] Banned player Jimmy fufu: melden in ticket
[20:04:10][matissedz] Banned player Jaimy CCF: Combatloggen: Maak maar ene ticket aan om je wapen in te leveren!
[20:09:08][lrpjayden] Warned player 26.: Artikel 3.1: NVOL
[20:11:41][lrpjayden] Revoked warn id WH25-U6ME from 26.
[20:14:27][Sunless] Deleting user 'lrpjonko'.
[20:15:08][Sunless] Revoked ban id B636-RBPL from [LRP] qr
[20:15:26][Sunless] Banned player [LRP] qr: Leaven tijdens een pc check
[20:16:07][Sunless] executed "setofflinegroup a99f4959f2147a79f43024af6f29e1f7c2b3c37b user"
[20:17:54][matissedz] Banned player Zinterclaesss: Corruptie Plegen als agent,Maak een hogerop ticket aan voor een Wipe!
[20:43:03][yanoo] Revoked ban id B57M-PVHQ from Jaimy CCF
[21:29:58][lrpseppe] Banned player wildaduncan1996: cheats
[21:33:39][lrpjayden] Banned player M.: cheats
[21:35:41][lrpjayden] Warned player Franky21002: Artikel 4.2: Vehicle Deathmatch
[21:41:11][tinosan] Banned player mocro_fietsendief: Gang leden rippen zonder reden + Combatloggen
[21:45:28][devious] DM to Mystic: hou je een beetje chill aI?
[21:47:24][polorminty21] Banned player bULLET: Artikel 7.1 - Ongepast taalgebruik ( 150 taken )
[21:54:42][polorminty21] Revoked ban id B7LF-8EGB from okkskjokk
[21:59:08][devious] logged in from 62.45.65.55 via cfxre
[22:01:05][devious] executed "clearinv 298"
[22:19:10][lrpyounes] Warned player Elmo: Artikel 4.2: Vehicle Deathmatch
[22:19:13][lrpyounes] Set notes for 74eccf4d766bd144f374c37ae1057418e34f936f
[22:28:40][matissedz] Banned player BSC0788: Het Scammen voor Voertuigen is niet toegestaan: Ticket maken om de 470k in te lerveren!
[22:48:18][lrpyounes] Revoked ban id B9C2-NHH1 from Bob
[23:12:34][romano] logged in from 31.151.210.81 via cfxre
[23:13:33][romano] Revoked ban id BZMW-ES28 from M.
[23:14:40][lrpyounes] Warned player Sky: Artikel 5.1: Random Death Match
[23:23:23][lrpyounes] Revoked ban id B7R9-GRLD from DoorCrosser
[23:42:22][Jamie] logged in from 193.32.249.172 via cfxre
[23:57:42][lrprico] Banned player uobuviz: VDM + Ongepast Taalgebruik (je mag ff ticket maken)
[00:02:23][lrpyounes] Banned player TK_Walker: Artikel 2.8: Combatloggen ticket maken voor unban +spullen inleveren
[00:03:11][lrpyounes] Banned player Gqkko: Combatloggen Melden in ticket voor unban +spullen inleveren
[00:09:36][lrpyounes] Revoked ban id BPZA-JVB9 from TK_Walker
[00:11:05][rv6765] Banned player TK_Capybara @Enardo.gg: Combatloggen | Taken voor 2x VDM, 1x FAILRP + inv wipe. Melden in ticket!
[00:22:15][yanoo] executed "fg check 864"
[00:24:54][yanoo] executed "fg unban 864"
[00:40:32][lrpyounes] Banned player Ismail: Artikel 2.8: Combatloggen ticket maken voor 200 taken
[00:41:19][romano] Set notes for 40f05f3afac04c6a83cc322e460aa72e40d36aa7
[00:46:55][yanoo] logged in from 87.65.146.142 via cfxre
[00:47:02][yanoo] executed "fg unban 869"
[01:18:39][yanoo] Revoked ban id B6VS-S7D2 from karim34ak
[01:18:54][yanoo] Revoked ban id BYXC-81A7 from mo6241832
[01:36:08][Santi] Sending announcement: cijfer 1-100, eerste die hem raad met /twt krijgt 250 K ingame!
[01:36:24][yanoo] Sending announcement: 52?
[01:37:23][Santi] Sending announcement: Stop maar weer, heb hem voorbij zien komen ik ga kijken wie de eerste was!
[01:39:02][Santi] Sending announcement: goeie getal was 49, wat betekent dat id 566 heeft gewonnen!
[02:06:39][Santi] logged in from 95.99.130.114 via cfxre
[02:07:09][Santi] executed "taakstraf 552 150 Schelden met hededaagse ziektes."
[02:28:02][yanoo] Banned player mootje appie: Artikel 7.1 Ongepast taalgebruik  | Schelden met hedendaagse ziektes - Ban uitzitten
[02:41:38][romano] Banned <steam:110000141edb17d>: Combatlog | Ticket aanmaken + Pistol inleveren.
[02:54:10][romano] Banned player Zyxster: Artikel 7.2 Haat veroorzakend/toxic gedrag | Staffleden uitschelden | Toestemming Yanoo
[02:12:18][yanoo] Revoked ban id BUWR-4J5R from Zyxster
[02:41:27][yanoo] Sending announcement: personen op lsd pluk mogen zich gaan gedragen.
[06:00:41][SCHEDULER] Restarting server (scheduled restart at 06:00).
[07:58:22][tinosan] logged in from 77.160.116.36 via cfxre
[07:58:32][tinosan] executed "fg unban 875"
[08:50:30][tinosan] executed "fg unban 874"
[10:07:01][devious] Banned player Jimmy fufu: Kloten + misbruik maken van je F6 police job
[10:09:38][tinosan] Banned player boazpasveer: Combatloggen internet eruit trekken is niet zo slim jongen
[11:33:45][romano] Banned player NietTurnenmaatje: Combatlog terwijl je beentjes bent | Wapen inleveren
[11:48:21][romano] Banned player NietTurnenmaatje: Combatlog terwijl je beentjes bent | Wapen inleveren
[12:02:01][Jamie] executed "fg reload"
[12:07:16][rv6765] DM to Rapper boef: zet je auto eens stil
[12:48:55][lrpyounes] Banned player GG man: Combatloggen Melden in ticket voor spullen in leveren +200 taken
[13:20:13][lrpyounes] Banned player stabday: niet handig he kerel groetjes tinosan
[13:28:17][rv6765] Banned player Lil Doekoe: Combatloggen | INV wipe + taken. Melden in ticket!
[13:38:58][rv6765] DM to rayantdv: Nee
[13:52:52][rv6765] Revoked ban id BFQE-8VQS from Lil Doekoe
[13:55:21][matissedz] Banned player kaslkdkds: NVOL, Het weglopen van een mes die naast je staat is niet toegsestaan! Ticket Maken voor taken
[13:58:00][matissedz] Revoked ban id B1KW-NEEF from BSC0788
[14:13:44][matissedz] Revoked ban id BCDW-2TRQ from D4
[14:14:47][yanoo] executed "giverefund 1188991168122470524  WEAPON_AGC 2"
[14:15:32][yanoo] executed "giverefund 755139110640943144 WEAPON_AKS74U 1"
[14:16:13][yanoo] executed "giverefund 1200915843027042536 WEAPON_SIG 1"
[14:17:02][yanoo] executed "giverefund 1116002534809673839  WEAPON_FM1_M9A3 1"
[14:18:09][yanoo] executed "giverefund  896127825579495434 WEAPON_FM1_M9A3 1 M9A3 Suppressor 1"
[14:19:03][yanoo] executed "giverefund 896127825579495434  WEAPON_FM1_M9A3 1"
[14:20:00][yanoo] executed "giverefund  883090311998492683 WEAPON_FM1_M9A3 2"
[14:20:54][matissedz] Banned player L0wie: FAIL RP, Na crash uitstappen en verder schieten: Ticket maken voor AK in te leveren+Taken
[14:21:40][yanoo] executed "giverefund  755139110640943144 WEAPON_FM1_M9A3  1 M9A3 Suppressor 1"
[14:22:27][yanoo] executed "giverefund 896127825579495434 WEAPON_HKUMP  1"
[14:23:48][yanoo] executed "giverefund  920042217337401375 WEAPON_SAWNOFFSHOTGUN 1"
[15:48:10][Sunless] logged in from 84.85.10.24 via cfxre
[15:53:05][yanoo] executed "giverefund 1212456987292602380 WEAPON_FM1_M9A3 2 WEAPON_HKUMP 1"
[15:54:25][yanoo] executed "giverefund 1212456987292602380 WEAPON_HKUMP 1"
[16:32:31][rv6765] Revoked ban id BZ1T-JHJ4 from L0wie
[16:33:17][mimi] Banned player Zifeyy: Combatloggen | wapen inleveren in ticket + taken
[17:26:03][lrpseppe] Banned player timo.vandaal: comatloggen/ticket aanmaken voor unban+taken
[17:35:06][jorn] Banned player [SNTS] Ach1e: GUM SCHELDEN MET ZIETES
[17:42:26][lowie] Warned player Boktor: Artikel 4.2 vehicle deathmatch
[17:43:02][Sunless] executed "clearoffinv license:679655ff2e6f9c834124c8e3e848ecb104723d51"
[17:43:17][Sunless] executed "clearoffinv 679655ff2e6f9c834124c8e3e848ecb104723d51"
[17:45:16][Sunless] executed "fg unban 882"
[17:49:26][rv6765] Sending announcement: Hacker is gebanned, als je voertuigen aan je lichaam heb geplakt gelieve zsm te rejoinen.
[17:53:59][Sunless] executed "giverefund steam:110000111673022 cash 12000"
[17:54:29][Sunless] executed "giverefund steam:110000111673022 cash 1200"
[18:00:01][SCHEDULER] Restarting server (scheduled restart at 18:00).
[18:10:30][yanoo] executed "fg check 886"
[18:10:37][yanoo] executed "fg unban 886"
[18:23:19][mimi] Banned player Turkk Kaper.: Combatloggen als je in shootout zit
[18:28:59][Jamie] Banned player ANYLVL.COM: Cheats GUM | Jamie
[18:29:08][Jamie] executed "wipe 08f984ef2ebd0ebd002517b321b873df606c2bd2"
[18:48:01][Santi] Banned player [WSK] laewri: Niet meer welkom in Limburg BLACKLISTED
[19:17:57][lrpjayden] Warned player LucioOnTop: Artikel 4.2: Vehicle Deathmatch
[19:26:42][patrick] DM to Jaimy CCF: join ff discord call
[19:27:36][patrick] executed "giverefund steam:11000013ea61ff7 WEAPON_FM1_M9A3 2"
[19:28:34][patrick] executed "giverefund steam:11000013ea61ff7 WEAPON_MACHETE 1"
[19:28:53][patrick] executed "giverefund steam:11000013ea61ff7 WEAPON_MINISMG 1"
[19:29:07][patrick] executed "giverefund steam:11000013ea61ff7 WEAPON_AK74_1 1"
[19:29:11][patrick] executed "giverefund steam:11000013ea61ff7 WEAPON_AK74_1 1"
[19:29:46][patrick] executed "giverefund steam:11000013ea61ff7 ak74_scope_07 2"
[19:30:05][patrick] executed "giverefund steam:11000013ea61ff7 ak74_muz_07 2"
[19:30:15][patrick] executed "giverefund steam:11000013ea61ff7 ak74_mag_09 2"
[19:32:33][patrick] executed "giverefund steam:11000013ea61ff7 ammo-rifle 300"
[19:33:39][patrick] executed "giverefund 1100001114a2312 cash 70000000"
[19:37:43][polorminty21] Kicked RektByAaron: afk
[19:38:16][lrpjayden] Warned player wood_kel: Artikel 2.2: Powergaming
[19:38:37][lrpjayden] Warned player achmed: Artikel 2.2: Powergaming
[19:48:31][veh] Banned player Piet Piraat: combat loggen (je mag je inv inleveren in een ticket plus wat er in je rode durango zit + taken)
[19:50:44][veh] Revoked ban id B8L5-1RBY from Piet Piraat
[19:51:51][patrick] DM to [LRP] Yanoo: moet normaal bij OWC worden aangevraagd
[19:52:08][yanoo] DM to [LRP] Patrick: ik ben owc
[19:52:26][patrick] DM to [LRP] Yanoo: super nice
[19:52:36][yanoo] DM to [LRP] Patrick: kom even assisteren
[20:03:55][lrpjayden] Banned player Wilde Westen: Combatloggen + Nvol + RDM
[20:24:39][yanoo] Revoked ban id BNB4-CFNT from Rick
[20:37:49][polorminty21] Revoked ban id BKAG-7U1B from bULLET
[20:38:49][yanoo] DM to block defender Wolfzz 如果你: even uitstappen.
[20:46:34][Jamie] Banned player Naroj007: Cheats GUM | Jamie
[20:46:45][fovop200] Banned player BelgiumLion: Combatloggen maak maar ticket voor unbann
[20:48:53][fovop200] Banned player Ali.: Combatloggen maak maar ticker voor unbann
[21:04:21][lrpjayden] Banned player KEREL CHEATS UIT!!!: melden in ticket voor wapen(s) in te leveren
[21:04:29][Jamie] Banned player henkie t: Cheats melden in ticket met clip [Scenario sandy] | Jamie
[21:09:03][Sunless] executed "setjob 401 sinaloa 7"
[21:09:06][Sunless] executed "setjob 401 sinaloa 8"
[21:09:37][Sunless] executed "setjob 401 cjng 4"
[21:11:30][Jamie] Revoked ban id B14K-5AWA from Naroj007
[21:24:51][rv6765] DM to KIEKESOEP: ging perongeluk!
[21:34:38][Jamie] Banned player BelgiumLion: cheats [skript.gg] gebruik maken van silent aimbot GUM | Jamie
[21:34:44][Jamie] executed "wipe b6396e6fa8372c2591defc76d68e79ed1a8fbea7"
[21:48:02][lrpjayden] Revoked ban id BLGH-FERE from KEREL CHEATS UIT!!!
[21:54:26][fovop200] Revoked ban id B47H-G3M7 from Zifeyy
[22:01:48][veh] Banned player DoorCrosser: In pm me "k**ker moeder uitschelden" je mag je ff gaan gedragen
[22:02:12][veh] Revoked ban id B1KL-BL54 from DoorCrosser
[22:02:26][veh] Banned player DoorCrosser: In pm me "k**ker moeder uitschelden" je mag je ff gaan gedragen
[22:09:29][devious] logged in from 62.45.65.55 via cfxre
[22:09:42][devious] executed "fg unban 876"
[22:42:00][Jamie] Revoked ban id BX4Z-WUK1 from peepz
[22:44:32][romano] Banned player Mocro: Combatlog | Ticket aanmaken en wapen inleveren.
[22:59:48][Jamie] logged in from 193.32.249.169 via cfxre
[23:34:23][Jamie] executed "fg objects-ai install"
[23:55:37][kivo] Banned player mich: Combatloggen: Maak maar ticket om je shotgun + ammo in te leveren.
[00:25:01][kivo] Banned player pietje: Combatloggen - Ticket aanmaken voor clear inv + taken!
[00:25:17][kivo] Banned player pietje: Combatloggen - Ticket aanmaken voor clear inv + taken!
[05:07:35][Jamie] logged in from 77.63.117.59 via cfxre
[06:00:21][SCHEDULER] Restarting server (scheduled restart at 06:00).
[07:52:01][tinosan] executed "setgroup 4 owner"
[08:22:50][tinosan] logged in from 77.160.116.36 via cfxre
[08:23:10][tinosan] executed "fg unban 903"
[08:23:17][tinosan] executed "fg unban 902"
[10:07:07][tinosan] executed "setaccountmoney 36 bank 8000000"
[11:33:35][yanoo] logged in from 87.65.146.142 via cfxre
[11:34:58][yanoo] executed "clearoffinv 965676130692636684"
[11:36:17][yanoo] executed "clearoffinv 11000015aa97102"
[12:06:12][tinosan] executed "fg check 913"
[12:06:20][tinosan] executed "fg unban 913"
[12:23:24][tinosan] executed "fg unban 914"
[12:25:31][romano] Banned player Brandweermansam: Combatlog | Ticket aanmaken
[12:38:16][kivo] Banned player Mano.NL🧬: Cheating
[12:38:21][tinosan] Banned player Mano.NL🧬: LOVEEE
[12:44:15][veh] Revoked ban id B93Z-XYJS from mich
[12:46:46][tinosan] executed "fg unban 918"
[12:49:25][veh] Banned player Rick: nvol,combat stashen en stad uit gaan, (had 800 lsd alles al verkocht dus er moet 800 lsd aan waarde van persoon moeten afgenomen worden plus 200 taken)
[12:54:26][veh] Banned player buismuis7: cheats (mod menu), geeft het toe.
[12:57:33][Tijnn2708] logged in from 92.65.254.233 via cfxre
[13:46:15][romano] logged in from 31.151.210.81 via cfxre
[13:49:23][tinosan] executed "fg unban 925"
[13:53:03][yanoo] executed "fg unban 931"
[13:58:51][tinosan] executed "fg unban 934"
[14:06:52][Sunless] executed "fg unban 935"
[14:09:34][devious] executed "fg unban 934"
[14:15:43][matthijs] logged in from 89.99.67.196 via cfxre
[14:27:36][veh] Banned player progangstergamer7433: combat stashen/loggen even een ticket aanmaken om je inv in te leveren. Ook krijg je 150 taken.
[14:45:06][lrpyounes] Banned player jappie l:: 1.1 cheats gevonden bij pc check
[14:45:45][lrpyounes] Set notes for 1d77d32d6fb3a1b9bf24dae9b869090965a7bfac
[14:51:04][lrpyounes] Revoked ban id BMR5-XJA5 from Ismail
[15:22:36][matthijs] executed "fg unban 942"
[15:22:39][matthijs] executed "fg unban 941"
[15:22:42][matthijs] executed "fg unban 940"
[15:22:45][matthijs] executed "fg unban 939"
[15:22:47][matthijs] executed "fg unban 938"
[15:22:50][matthijs] executed "fg unban 937"
[15:22:51][matthijs] executed "fg unban 936"
[15:22:52][matthijs] executed "fg unban 935"
[15:22:53][matthijs] executed "fg unban 934"
[15:22:59][matthijs] executed "fg unban 933"
[15:23:10][matthijs] executed "fg unban 932"
[15:23:11][matthijs] executed "fg unban 931"
[15:23:12][matthijs] executed "fg unban 930"
[15:23:14][matthijs] executed "fg unban 929"
[15:23:16][matthijs] executed "fg unban 928"
[15:23:24][matthijs] executed "fg unban 926"
[15:23:25][matthijs] executed "fg unban 925"
[15:23:27][matthijs] executed "fg unban 924"
[15:23:33][matthijs] executed "fg unban 923"
[15:23:34][matthijs] executed "fg unban 922"
[15:23:35][matthijs] executed "fg unban 921"
[15:23:37][matthijs] executed "fg unban 920"
[15:23:40][matthijs] executed "fg unban 919"
[15:23:42][matthijs] executed "fg unban 918"
[15:23:44][matthijs] executed "fg unban 917"
[15:23:45][matthijs] executed "fg unban 915"
[15:23:47][matthijs] executed "fg unban 916"
[15:24:26][Sunless] executed "fg offlineban bd0e8183167a0f1234b51492f868ae138ace3beb"
[15:24:36][Sunless] executed "fg offlineban License: bd0e8183167a0f1234b51492f868ae138ace3beb"
[15:24:43][Sunless] executed "fg offlineban License:bd0e8183167a0f1234b51492f868ae138ace3beb"
[15:25:00][Sunless] executed "fg offlineban license:bd0e8183167a0f1234b51492f868ae138ace3beb"
[15:30:02][rv6765] Banned player Djustin036: Combatloggen | combatstashen taken + wapen inleveren. Melden in ticket!
[15:37:12][matthijs] executed "fg unban 945"
[15:37:13][matthijs] executed "fg unban 944"
[15:39:06][matthijs] executed "fg unban 942"
[15:39:08][matthijs] executed "fg unban 944"
[15:39:09][matthijs] executed "fg unban 945"
[15:41:53][tinosan] Revoked ban id B3LG-HLB6 from Turkk Kaper.
[15:42:03][tinosan] executed "clearoffinv 25f7f1ebbfc2c72731571581778cfdd624af75f3"
[15:54:37][veh] Banned player Fred K. | La Muerte Cartel: combat loggen | taken + inv wipe. Even melden in een ticket.
[15:58:13][tinosan] Revoked ban id BPBU-2BEL from Rick
[16:07:05][lrpyounes] Warned player Hicham.: Artikel 4.2: Vehicle Deathmatch
[16:10:04][lrpyounes] Warned player r: Artikel 7.1 Ongepast taalgebruik
[16:17:20][tinosan] Revoked ban id BLRG-PK6A from DoorCrosser
[16:21:21][veh] Banned player Zyxster: combat loggen | inv clear (ak inleveren) + taken
[16:23:40][tinosan] Revoked ban id BNAW-SZ1V from Brandweermansam
[16:23:54][tinosan] executed "clearoffinv 5841ecad1822dda930e4fa7fb1a9d312ef8e4226"
[16:39:38][tinosan] Revoked ban id BYZN-79F8 from 𝐂𝐂𝐅 | Dialo
[16:39:48][tinosan] executed "clearoffinv 91fc05b00ec09cebe2fa9fd5cf18d4def364ebd0"
[16:46:42][tinosan] Revoked ban id BHFB-Q45R from false
[16:47:16][tinosan] executed "clearoffinv f71fb22441d5ca224a641478b164638c2802371f"
[16:50:37][tinosan] executed "giverefund 621955342066122753 WEAPON_FM1_M9A3 1"
[16:50:50][tinosan] executed "giverefund 621955342066122753 WEAPON_MINISMG 1"
[16:51:09][tinosan] executed "giverefund 621955342066122753 money 300000"
[16:51:41][tinosan] executed "giverefund 621955342066122753 WEAPON_FM1_M9A3 1"
[16:57:39][yanoo] Adding admin 'rhino'.
[16:58:54][rhino] Changing own password.
[17:08:22][lucky] Banned player Djustin036: Combatlog +NVOL + Ongepast taalgebruik , melden in ticket
[17:28:23][tinosan] executed "clearinv  5aeb722070e214a70cb2942c21b585a12ec0b351"
[17:28:34][tinosan] executed "clearoffinv 5aeb722070e214a70cb2942c21b585a12ec0b351"
[17:28:48][tinosan] Revoked ban id BHRW-N1PD from Zyxster
[17:29:38][tinosan] executed "giverefund 764163918116552734 WEAPON_FM1_M9A3 1"
[17:30:14][tinosan] executed "giverefund 1107733081584054434 WEAPON_FM1_M9A3 2"
[17:30:26][tinosan] executed "giverefund 1107733081584054434 ammo-pistol 322"
[17:30:33][tinosan] executed "giverefund 1107733081584054434 money 400000"
[17:39:07][tinosan] executed "fg unban 625"
[17:54:49][rv6765] Banned player D2: Combatloggen | Melden in ticket!
[17:59:41][rv6765] Banned player MIKE: NVOL taken krijgen na restart, meld je even in ticket en tag Rick
[18:00:38][SCHEDULER] Restarting server (scheduled restart at 18:00).
[18:18:33][lrprico] Banned player pookieontop: NVOL + Ongepast Taalgebruik (Graag melden in ticket)
[18:18:38][stille] Banned player Wood kaper.: Comatlog ticket maken voor unbaqn+ taken
[18:19:18][matthijs] logged in from 89.99.67.196 via cfxre
[18:19:49][matthijs] executed "wipe f1a69606757d99c240f41d59b999daf36915102b"
[18:20:07][yanoo] Banned player fivemrollenspel: Artikel 1.1: Gebruik Cheats/Externe Software  | PC check gehad.
[18:22:54][yanoo] Revoked ban id B4E4-WVQ3 from D2
[18:31:43][tinosan] executed "fg check 962"
[18:31:51][tinosan] executed "fg unban 962"
[18:32:21][tinosan] executed "fg unban 961"
[18:33:37][tinosan] executed "fg check 449"
[18:33:56][tinosan] executed "fg check 965"
[18:34:04][tinosan] executed "fg unban 965"
[18:34:27][tinosan] executed "fg unban 960"
[18:37:24][tinosan] executed "fg check 910"
[18:37:32][stille] Banned player 6eqf2fhol2ay1: gum
[18:37:52][tinosan] executed "fg check 909"
[18:38:13][tinosan] executed "fg check 577"
[18:42:17][rv6765] Revoked ban id BEGR-FBMV from MIKE
[18:55:14][tinosan] Revoked ban id BV9L-XCCD from GG man
[18:55:28][yanoo] executed "fg unban 895"
[18:55:37][matthijs] executed "givecar 1 gt680"
[19:07:39][tinosan] executed "revive 141"
[19:12:04][fovop200] Banned player jessetoren1: -RDM- Iemand dood schieten zonder reden en daarna meteen de stad leaven
[19:27:58][fovop200] Banned player Boss Een Champie Op Een Nika: -Combatloggen- Je mag een  Ticket aanmaken voor 150 taken
[19:34:02][yanoo] executed "fg unban 961"
[19:34:14][yanoo] executed "fg unban 967"
[19:34:29][yanoo] executed "fg unban  968"
[19:34:40][yanoo] executed "fg unban 970"
[19:34:48][yanoo] executed "fg unban  971"
[19:36:44][fovop200] Banned player [NRP] Snuif Duifje: Kloten Maak maar ticket voor een unbann
[20:04:55][rv6765] Revoked ban id B4ZW-RWC1 from TK_Capybara @Enardo.gg
[20:13:33][yanoo] executed "fg unban 974"
[20:19:33][Jamie] executed "ensure "FIVEGUARD""
[20:20:49][polorminty21] Banned player GG man: Artikel 2.8: Combatloggen ( 150 taken )
[20:22:01][Jamie] executed "fg unban 978"
[20:24:16][rv6765] Sending announcement: Beste spelers van Limburg RP, Gelieve de tune shops niet te gebruiken. momenteel heeft onze fiveguard een probleem waardoor je geanticheat banned word. Groetjes Rick!
[20:39:04][tinosan] Revoked ban id B4SZ-9N8Z from Step sister
[20:39:24][tinosan] executed "clearoffinv e64f9efbae97c36e9f7b9327ce10a0b903ab94de"
[21:03:36][tinosan] executed "wipe 047fee7f2c6755fc63542bc43a73a1d598bf6b05"
[21:09:16][tinosan] executed "givecar 290 gt680"
[21:09:42][tinosan] executed "givecar 1 gt680"
[21:11:26][romano] Banned player Niels Goon: Artikel 2.8: Combatloggen | Ticket aanmaken + wapen inleveren
[21:15:19][yanoo] executed "fg unban 977"
[21:28:56][tinosan] Banned player Tonnano: Artikel 5.1: Random Death Match (RDM)
[21:29:03][yanoo] executed "fg unban 984"
[21:29:58][tinosan] Revoked ban id BGBS-QJ9E from Ali.
[21:30:03][tinosan] executed "clearoffinv bfef71ebb6aaec25071be8f226e44c7bca68d787"
[21:32:21][tinosan] executed "clearoffinv c6b6db01489a9509b63a5605067a7f94c5108ff0"
[21:32:28][yanoo] Revoked ban id B5QQ-T5M1 from fivemrollenspel
[21:32:31][tinosan] Revoked ban id B8KK-QC89 from Skipzzy.gg
[21:35:12][tinosan] Revoked ban id BZH1-Y3RE from anaalgeneraal
[21:35:19][tinosan] executed "clearoffinv 9f98f77290731f19ac8b086b38fc068bc480ca6f"
[21:35:49][tinosan] Revoked ban id BLYR-4BHF from boazpasveer
[21:35:58][tinosan] executed "clearoffinv 238cddaee1ffe61d0cde936b7659e3f7a4fc963b"
[21:36:25][tinosan] Revoked ban id BJ5Q-HWK6 from Gqkko
[21:36:32][tinosan] executed "clearoffinv 554ea95424eb12f2bad045d0b3403dbd3486d261"
[21:39:07][tinosan] Revoked ban id BPU2-W5H6 from Souf B.
[21:48:44][tinosan] Revoked ban id B1QV-CKUM from Progamer
[21:48:52][tinosan] executed "clearoffinv bfd3e91777109d05ab9da15b7b67ac9ab60f68da"
[21:51:11][tinosan] Revoked ban id BECN-B9J5 from pietje
[21:51:22][tinosan] executed "clearoffinv 1ec46cd48d813802a186dc58dd9500f4ffa510d7"
[21:51:29][jxck] Banned player Aldin: Vdm en vervolgens combat loggen , niet hier voor RP . Even afkoelen
[22:10:28][rv6765] Banned player [ARV]respect: Combatloggen | melden in ticket!
[22:24:27][romano] Revoked ban id BW8M-BYCP from Niels Goon
[22:31:04][romano] Kicked Niels Goon: Reloggen aub!
[22:34:52][matissedz] Set notes for e1b31fad44ae48a4fd7f1a084a9b618b1ab49cd7
[23:05:52][fovop200] Banned player Anass: Schelden met ziekte maak maar ticket voor unbann +200 taken  + NVOL
[23:14:08][fovop200] Banned player bULLET: -NVOL-RDM-Combatloggen-  Maak maar ticket/ Mini AK inleveren + 200 taken
[23:14:29][fovop200] Revoked ban id B2GT-UQ1L from bULLET
[23:14:47][fovop200] Banned player bULLET: -NVOL-RDM-Combatloggen-  Maak maar ticket/ Mini AK inleveren + 200 taken
[00:38:08][Tijnn2708] logged in from 84.80.106.96 via password
[00:38:11][Tijnn2708] executed "refresh"
[00:38:23][Tijnn2708] Sending announcement: sorry voor diegene die nu crashen: )
[00:38:26][Tijnn2708] executed "ensure FIVEGUARD"
[00:38:56][Tijnn2708] Sending announcement: Oke niemand gecrashed top
[00:39:17][Tijnn2708] Sending announcement: Als het goed is kan je nu weer cardealers en tuneshop gebruiken, mocht je nog steeds gebanned worden tag me ff in bugs aub
[00:45:53][Tijnn2708] executed "giveitem 558 cash 250000"
[00:46:38][Tijnn2708] executed "fg unban 1011"
[00:49:27][Tijnn2708] executed "ensure FIVEGUARD"
[00:49:35][Tijnn2708] executed "fg unban 1012"
[00:49:46][Tijnn2708] Sending announcement: Oke nu is het wel echt gefixed, sorry
[00:49:50][Tijnn2708] executed "fg reload"
[01:38:05][yanoo] executed "giverefund 1100001487169da WEAPON_AKS74U"
[01:39:41][yanoo] executed "giverefund 1100001487169da WEAPON_AKS74U 1"
[01:44:58][yanoo] executed "fg unban 1012"
[02:19:11][yanoo] executed "fg unban 991"
[06:00:56][SCHEDULER] Restarting server (scheduled restart at 06:00).
[09:10:54][tinosan] executed "giverefund 1077883705613373440  WEAPON_FM1_M9A3 2"
[09:11:10][tinosan] executed "giverefund 954027608436277278 WEAPON_FM1_M9A3 1"
[09:11:28][tinosan] executed "giverefund 920042217337401375 WEAPON_FM1_M9A3 1"
[09:11:46][tinosan] executed "giverefund 1086351424776065024 WEAPON_SIG 1"
[09:12:07][tinosan] executed "giverefund 896127825579495434 WEAPON_FM1_M9A3 3"
[09:12:28][tinosan] executed "giverefund 883090311998492683 WEAPON_PISTOL50 1"
[09:12:44][tinosan] executed "giverefund 883090311998492683 WEAPON_FM1_M9A3 1"
[09:12:51][tinosan] executed "giverefund 883090311998492683 ammo-pistol 100"
[09:13:10][tinosan] executed "giverefund 899690263352602645  WEAPON_FM1_M9A3 1"
[09:13:19][tinosan] executed "giverefund 899690263352602645  WEAPON_SAWNOFFSHOTGUN 1"
[09:13:36][tinosan] executed "giverefund 896127825579495434 WEAPON_FM1_M9A3 1"
[09:13:53][tinosan] executed "giverefund 1237842949480513628 WEAPON_FM1_M9A3 1"
[09:14:22][tinosan] executed "giverefund 883090311998492683 WEAPON_FM1_M9A3 1"
[09:14:31][tinosan] executed "giverefund 883090311998492683 WEAPON_SNSPISTOL 1"
[09:14:50][tinosan] executed "giverefund 755139110640943144  WEAPON_FM1_M9A3 1"
[09:14:58][tinosan] executed "giverefund 755139110640943144  WEAPON-SNSPISTOL 1"
[09:15:39][tinosan] executed "giverefund 1043523307695243385 WEAPON_AKS74U 1"
[09:16:02][tinosan] executed "giverefund 1146812433265066015 WEAPON_FM1_M9A3 1"
[09:16:12][tinosan] executed "giverefund 1146812433265066015  WEAPON_MINIUZI  1"
[09:16:19][tinosan] executed "giverefund 1146812433265066015  money 100000"
[09:16:35][tinosan] executed "giverefund 899690263352602645 WEAPON_AKS74U 1"
[09:46:18][tinosan] logged in from 77.160.116.36 via cfxre
[09:46:27][tinosan] executed "REVIVE 13"
[09:53:52][tinosan] Revoked ban id BPGT-QD1A from bULLET
[09:53:58][tinosan] executed "clearoffinv ca2261793e8301ef0d5aa66a1f99dcc6122d7df5"
[11:01:56][veh] Banned player hxmiddd: combat loggen | inv clear + taken
[11:13:14][tinosan] Deleting user 'notfietsendief'.
[11:13:38][tinosan] executed "setofflinegroup 753739d7f670941dd6f4329b0ad37f9ee649db2f"
[11:13:43][tinosan] executed "setofflinegroup 753739d7f670941dd6f4329b0ad37f9ee649db2f user"
[11:13:48][tinosan] executed "setofflinegroup 753739d7f670941dd6f4329b0ad37f9ee649db2f user"
[11:48:29][lrpseppe] Revoked ban id BRJM-VNJ6 from Boss Een Champie Op Een Nika
[11:53:41][veh] Revoked ban id BKZ3-N7AH from hxmiddd
[12:01:56][veh] Banned player Lil Doekoe: nvol (ticket aanmaken voor unban + taken)
[12:15:29][jojesed] Warned player Lowkey: Artikel 3.1: NVOL
[12:29:57][Jamie] logged in from 77.63.109.115 via cfxre
[12:30:08][Jamie] executed "removetaken 68"
[13:19:26][veh] Revoked ban id B9RK-KSH6 from Lil Doekoe
[13:39:53][lrprico] Banned player groffebeukerjijflopper: Artikel 2.8: Combatloggen (Maak maar ticket)
[13:57:06][veh] Banned player Progamer: combat loggen | inv clear + taken
[14:47:20][romano] logged in from 95.97.135.242 via cfxre
[15:27:36][lrpyounes] Warned player papichoeloe: Artikel 4.2: Vehicle Deathmatch
[15:31:59][polorminty21] Banned player RockCourts: Artikel 2.8: Combatloggen + Artikel 4.2: Vehicle Deathmatch ( 150 taken )
[15:33:01][polorminty21] Banned player Jeur: Artikel 2.8: Combatlog - wapens inleveren +( 150 taken )
[15:38:19][lrpyounes] Banned player mikshelby: Combatloggen Melden in ticket voor unban in staffzaak mensen dood schieten +200 taken
[15:42:55][lrpseppe] Banned player Raki: combatloggen| ticket aanmaken voor unban +inv clear+taken
[15:44:41][lrpyounes] Banned player Appie: Artikel 2.9: Geen intentie tot roleplay Artikel 7.1 Ongepast taalgebruik me moeder uitschelden ban uitzitten
[16:10:37][jojesed] Warned player jestandrijver: Artikel 7.1 Ongepast taalgebruik
[16:12:03][romano] logged in from 104.28.30.74 via cfxre
[16:39:36][jorn] Banned player bULLET: schelden met ziektes
[16:48:48][veh] Banned player Floris073: pc check nodig maak een ticket aan
[17:04:27][yanoo] Banned player Kivo: Coruptie als kmar zijnde + ontslag als staff maak unban ticket aan voor je perms en setgroup in te leveren  | Devious
[17:11:00][Jamie] logged in from 80.28.115.68 via cfxre
[17:11:25][Jamie] Banned player Djawed.nl: Scripts leaken als dev zijnde caio
[17:11:33][Jamie] executed "wipe 137bb959a2ad553e50daa04384b2b64e05496a9d"
[17:12:40][Jamie] executed "wipe f7ece99eae21e0586696f24a8dff6df6761ec733"
[17:13:07][Jamie] executed "wipe 6d5a6546e86fb2a881fdf6bd38f33b895bd2c54e"
[17:13:25][Jamie] Deleting user 'txn8280'.
[17:24:28][jorn] Banned player pimsied: COMBATLOG MELDEN IN TICKET
[18:00:15][SCHEDULER] Restarting server (scheduled restart at 18:00).
[18:15:49][yanoo] executed "fg unban 1028"
[18:20:34][mimi] Banned player karim34ak: Combatloggen tijdens dat we lester binnenvallen!
[18:42:39][romano] logged in from 31.151.210.81 via cfxre
[18:45:33][romano] Banned player zwarte koek: Cheats | Ticket aanmaken
[19:06:05][jojesed] Banned player ggsheadie: Artikel 3.1: NVOL - Ticket maken voor unban (150 taken + wapen inleveren)
[19:48:20][jorn] Sending announcement: als je mee wilt doen aan event maak report voor tp
[19:50:31][romano] DM to Jorn2000: Ben 03 geworden, dus heb hoogste rang vgm nodig
[19:50:53][jorn] DM to Romano: zo?
[19:59:46][jorn] Banned player 🧙🏻 Max G.: corruptie als kmar wachtend op accountwipe melden in ticket
[20:01:43][rv6765] Sending announcement: Voor de rest die nog willen aansluiten bij het event, maak even een report met de reden ''Event'' en je zult tp krijgen
[20:11:52][romano] Banned player Malik: NVOL | Ticket aanmaken + Inv Wipe
[20:15:57][rv6765] Sending announcement: GOOOO
[20:19:13][romano] Banned player Cómete mi pelotà: Combatlog | Metagaming | Ticket aanmaken
[20:19:18][rv6765] Sending announcement: eerst volgende via twitter krijgt 75 taken
[20:26:47][rv6765] Sending announcement: GOOOO
[20:42:41][jorn] logged in from 31.151.159.115 via cfxre
[20:43:45][jorn] executed "giveitem 130 money 2000000"
[20:59:08][jorn] executed "giverefund steam:110000149063710 money 750000"
[20:59:37][jorn] executed "giverefund steam:1100001660e2818 money 400000"
[21:02:04][rv6765] Revoked ban id BJFX-6Q3S from [ARV]respect
[21:02:31][jorn] executed "giverefund steam:11000011911af2a money 1000000"
[21:03:16][jorn] executed "giverefund steam:11000015506921d money 1500000"
[21:03:51][jorn] executed "giverefund steam:11000014b67bb7a money 750000"
[22:17:21][rv6765] Banned player 48xgllli: Door blijven gaan, koel maar even af.
[23:17:13][romano] Banned player johan1746: Combatlog | VDM | Ticket aanmaken
[23:32:30][okana] Sending announcement: Als je hulp nodig hebt maak een reports aan. Ticket vragen worden gwn gesloten
[23:46:46][okana] Banned player RADICALE: Wapens inleveren aan Yousef - 1x fully ak - 2 barettas - Melden in ticket
[23:59:36][fovop200] Banned player Jeziethet...: Ticket aanmaken voor unbann (Kloter)
[00:02:41][okana] Sending announcement: Als je hulp nodig hebt maak een report aan we helpen met alle liefde a broeders.
[00:04:14][fovop200] Banned player Midas W: -Combatloggen- Ticket aanmaken voor unbann- +clear inv+ Taken
[00:12:13][yanoo] executed "clear inv 393"
[00:12:36][yanoo] executed "clearinv 393"
[00:16:32][Sunless] logged in from 185.65.134.181 via cfxre
[00:16:36][Sunless] executed "fg unban 1019"
[00:19:15][Sunless] executed "fg unban 1013"
[00:22:26][Sunless] executed "offlinetaken"
[00:22:30][Sunless] executed "geefofflinetaken"
[00:23:14][Sunless] executed "clearoffinv 390460e379ef8e466fbd43cab04b46b7de7fd6d3"
[00:24:08][Sunless] executed "clearoffinv 78cd6fc738c390b67142d231d11abce6f989f3d9"
[00:24:17][Sunless] Revoked ban id BGH7-PG6V from pimsied
[00:26:12][Sunless] executed "clearoffinv fa81d5cf3b956d643c387695133196e98e53f70b"
[00:27:31][Sunless] executed "wipe license:5916d47f91ac2e25ce6e605f44e421dd4c339a97"
[00:27:39][Sunless] executed "wipe 5916d47f91ac2e25ce6e605f44e421dd4c339a97"
[00:27:42][Sunless] executed "wipe 5916d47f91ac2e25ce6e605f44e421dd4c339a97"
[00:27:43][Sunless] executed "wipe 5916d47f91ac2e25ce6e605f44e421dd4c339a97"
[00:27:44][Sunless] executed "wipe 5916d47f91ac2e25ce6e605f44e421dd4c339a97"
[00:29:16][Sunless] executed "clearoffinv 89b3f5953d2ad96a5a49808e28f47f66ed217ffe"
[00:30:02][Sunless] executed "clearoffinv 4f526756aa60f6acc36a5a28c65212cc2c74340a"
[00:32:08][fovop200] Banned player DoorCrosser: -VDM- -melden in ticket-  +200 taken
[00:37:41][yanoo] executed "fg unban 1003"
[00:40:45][tinosan] executed "giveitem 525 weapon_fm1_m9a3"
[00:41:22][yanoo] Revoked ban id BY3A-S179 from Rfissa
[00:54:05][fovop200] Revoked ban id BFH6-7GXW from DoorCrosser
[00:56:44][lrprico] Banned player ∅​3164: Artikel 2.8: Combatloggen (ticket melden)
[01:24:04][yanoo] DM to Niels: wel GG gangleden rippen :)
[01:34:04][fovop200] Revoked ban id BE88-E77V from Midas W
[01:37:46][fovop200] Banned player Soldato: -RDM-Niet mee werken in staff zaak- Kmar rollen innemen Maak maar ticket voor unbann
[05:40:17][yanoo] logged in from 87.65.146.142 via cfxre
[05:42:54][yanoo] executed "fg check 1037"
[05:43:05][yanoo] executed "fg unban 1037"
[06:00:33][SCHEDULER] Restarting server (scheduled restart at 06:00).
[09:24:20][romano] Kicked Romano: niet thuis
[10:01:52][tinosan] executed "setaccountmoney 15 bank 2200000"
[10:02:04][tinosan] executed "setaccountmoney 15 bank 22000000"
[10:16:55][tinosan] logged in from 77.160.116.36 via cfxre
[11:18:00][jojesed] Warned player Naroj007: Artikel 3.1: NVOL
[11:22:53][tinosan] executed "fg check 1037"
[11:23:09][tinosan] executed "fg unban 1037"
[11:40:03][polorminty21] Banned player NET EEN RAKETT IN STIJGG: Artikel 2.8 - Combatlog inventory leegen + 150 taken
[12:40:10][lrpseppe] Warned player hxmiddd: Artikel 4.3: GTA Style Driving
[13:04:33][yanoo] Banned player radicale rollenspeler: Artikel 7.2 Haat veroorzakend/toxic gedrag ( straf categorie 4 )  | Het is niet de bedoeling dat je toxic gedrag vertoond in scenario’s of tegen personen Bedreigen en intimideren word ook niet toegestaan.  Dit geldt ook voor in de discord.
[15:11:43][lrpseppe] Banned player RobbieVanDijkie: cheats
[15:16:36][romano] logged in from 95.97.135.242 via cfxre
[15:34:38][Tijnn2708] Scheduling server restart at +5
[15:39:49][SCHEDULER] Restarting server (scheduled restart at 15:39).
[15:53:21][Sunless] executed "setjob 39 albanesemaffia 7"
[15:53:24][Sunless] executed "setjob 39 albanesemaffia 6"
[15:53:41][Sunless] executed "setjob 39 albanesemaffia 5"
[15:53:43][Sunless] executed "setjob 39 albanesemaffia 2"
[15:53:46][Sunless] executed "setjob 39 albanesemaffia 6"
[15:53:53][Sunless] executed "setjob 39 albanesemaffa 6"
[16:14:11][polorminty21] Revoked ban id BPWA-AQVP from Djustin036
[16:16:13][polorminty21] Revoked ban id BDN5-H7NL from Djustin036
[16:26:09][polorminty21] Revoked ban id BXER-T6L4 from ggsheadie
[16:32:28][yanoo] Revoked ban id BDX7-U7YJ from radicale rollenspeler
[16:55:15][yanoo] executed "clearoffinv 566274400740048916"
[16:56:13][yanoo] executed "clearoffinv 1100001478d8f89"
[16:57:18][yanoo] Revoked ban id BC63-PPX8 from Malik
[16:57:58][yanoo] Revoked ban id BZT8-6YC9 from ∅​3164
[17:07:50][lrpseppe] Revoked ban id B7Q7-2Y5F from Soldato
[17:11:38][yanoo] Revoked ban id BP9Q-S6JY from Thibau
[17:15:46][romano] logged in from 104.28.30.75 via cfxre
[17:24:21][yanoo] executed "giverefund 1107733081584054434 WEAPON_FM1_M9A3 1"
[17:25:03][yanoo] executed "giverefund 1209374339774816266  WEAPON_FM1_M9A3 1"
[17:25:38][yanoo] executed "giverefund :1260522920426471444 WEAPON_FM1_M9A3 1"
[17:26:10][yanoo] executed "giverefund 1013797608428421301 WEAPON_SAWNOFFSHOTGUN 1"
[17:26:43][yanoo] executed "giverefund  883090311998492683  WEAPON_SAWNOFFSHOTGUN 1"
[17:27:20][yanoo] executed "giverefund 633012122326007819  WEAPON_SIG 1"
[17:28:02][yanoo] executed "giverefund 633012122326007819 WEAPON_FM1_M9A3 1"
[17:28:33][yanoo] executed "giverefund  633012122326007819 black_money 108.92"
[17:29:15][yanoo] executed "giverefund  633012122326007819 116 ammo_pistol"
[17:30:01][yanoo] executed "giverefund  899229345598537769 WEAPON_FM1_M9A3 1"
[17:40:10][matthijs] logged in from 89.99.67.196 via cfxre
[17:40:13][matthijs] executed "fg unban 1040"
[17:44:10][yanoo] executed "clearoffinv deebf8bafbee799c21988a85f528a8180b38abd3"
[17:45:26][yanoo] executed "clearoffinv"
[17:46:28][yanoo] executed "clearoffinv licence:deebf8bafbee799c21988a85f528a8180b38abd3"
[17:46:54][yanoo] Revoked ban id B1ML-XV6L from RADICALE
[17:47:05][Sunless] executed "giverefund steam:110000160cdda52 cash 2000000"
[17:50:35][mimi] Banned player mo6241832: Combatloggen terwel je aangehouden bent Melden in ticket
[17:56:02][yanoo] executed "giverefund 110000169ddae97 WEAPON_SAWNOFFSHOTGUN 1"
[18:00:52][SCHEDULER] Restarting server (scheduled restart at 18:00).
[18:00:59][Jamie] logged in from 80.28.115.68 via cfxre
[18:01:31][Jamie] Revoked ban id BX1G-K2RD from bULLET
[18:05:42][Jamie] executed "fg unban 1040"
[18:06:49][Jamie] executed "wipe c157792542ec610d258638ff14bf1a205328e98b"
[18:39:47][lrpseppe] Banned player 26.: combatloggen|ticket aanmaken voor unban +taken
[19:00:00][stille] Banned player Jur: Combatloggen inv inleveren + taken
[19:00:12][tinosan] executed "fg unban 1039"
[19:01:54][veh] Revoked ban id BW1D-VXF3 from 26.
[19:33:50][matthijs] DM to Jorn2000: cALL
[19:42:34][romano] logged in from 31.151.210.81 via cfxre
[19:48:40][jorn] Banned player ggsheadie: combatloggen spelen met een politie wapen melden in ticket
[19:53:35][matthijs] DM to flippie: nigger
[19:55:27][matthijs] DM to flippie: ik ga je wifi kietelen
[19:55:47][matthijs] DM to flippie: zie je nog iets?
[19:55:53][matthijs] DM to flippie: zie je nog iets?
[19:55:56][matthijs] DM to flippie: zie je nog iets?
[19:56:25][matthijs] executed "dm"
[20:02:36][romano] Revoked ban id B9PL-PK3U from Raki
[20:07:13][Sunless] executed "setjob 181 albanesemaffia 7"
[20:07:15][Sunless] executed "setjob 181 albanesemaffia 6"
[20:11:55][veh] Banned player seppevanmeensel53: combat loggen | taken+inv clear
[20:12:27][Sunless] Banned player Plopmonster: Je voordoen als een officiele gang, ( nvol plegen en daarmee een gang zijn naam slecht proberen te maken )
[20:23:16][matthijs] Kicked Jorn2000: .
[20:31:59][Sunless] Warned player Soldato: Mensen afschieten als agent. mensen die je benen schiet alsnog dood proberen te maken terwijl je ze makkelijk kan aanhouden.
[20:48:48][Sunless] Banned player bULLET: cheats ( silent aim detected )
[21:16:26][tinosan] executed "setofflinegroup dd32a676e24f5f644ddc58f4a29cf4f866af4c90 user"
[21:16:39][tinosan] Deleting user 'kivo'.
[21:28:06][lrprico] Banned player Zifeyy: Artikel 2.8: Combatlog (ticket maken)
[21:33:49][Sunless] executed "clearoffinv 0e29deb226a38cf8b7b553f5efd9ba31c4e66926"
[21:40:18][lrprico] Banned player Golfie: Aritkel 4.2: VDM (vehicle death match) + Combatloggen
[21:42:50][rv6765] DM to StayNocha: Als je wilt kan je gewoon uit support en wens ik je nog een fijne avond!
[21:46:30][rv6765] Banned player Sxm: K... server hm? maak maar een ticket met je gedrag.
[21:47:18][yanoo] executed "giverefund 110000154447b2c WEAPON_FM1_M9A3 2"
[21:48:19][Sunless] DM to wood_kel: kan je zo ff uit het scenario rijden?
[21:49:09][yanoo] executed "giverefund 110000154447b2c cash 200000"
[21:50:09][yanoo] executed "giverefund 110000154447b2c WEAPON_AKS74U 1"
[21:51:34][yanoo] executed "giverefund 110000154447b2c WEAPON_AK74_1 1"
[21:55:40][rv6765] Banned player Nasa: Schelden met hedendaagse ziektes in Overheid discord politie, naar staff-leden en het korpsleiding. Maak maar een ticket aan.
[21:58:48][yanoo] Adding admin 'tweekant6'.
[22:01:01][tweekant6] Changing own password.
[22:02:12][tweekant6] Changing own identifiers.
[22:02:36][lrpcasper] Banned player k1n9samy26: Cheats
[22:06:22][yanoo] Banned player freddy heineke: Artikel 7.2 Haat veroorzakend/toxic gedrag | Het is niet de bedoeling dat je toxic gedrag vertoond in scenario’s of tegen personen Bedreigen en intimideren word ook niet toegestaan.  Dit geldt ook voor in de discord.
[22:12:05][Sunless] executed "geefpakket blockbundle 376"
[22:18:19][yanoo] Adding admin 'polishexpert'.
[22:19:12][Sunless] executed "giveitem 376 ammo-rifle 150"
[22:19:21][polishexpert] Changing own password.
[22:19:24][Sunless] executed "giveitem 376 ammo-pistol 100"
[22:21:03][lrpcasper] Revoked ban id BTGX-TX8B from k1n9samy26
[22:22:16][lrpcasper] Banned player k1n9samy26: Artikel 1: Cheats & Exploit
[22:26:02][lrpseppe] Banned player TK_Capybara @Enardo.gg: combatloggen| ticket voor taken
[22:30:02][polishexpert] Banned player Daniboy0441: Combatloggen na shoutout en NVOL (na ban op taken )
[22:30:32][polishexpert] Banned player daanroelofs328: combatloggen (wapen inleveren )
[22:38:17][Jamie] executed "wipe c181ff4f6a7c3a162397a45b5f1b63125c7c7dad"
[22:50:06][tinosan] Deleting user 'veh'.
[22:50:33][tinosan] Adding admin 'niels'.
[22:55:12][lrpyounes] Banned player GeertWilders040: kloten op taken maak wacht maar ban af
[22:55:33][lrpyounes] Banned player General: kloten op taken ban uitzitten
[23:02:23][tinosan] executed "clearoffinv fa81d5cf3b956d643c387695133196e98e53f70b"
[23:02:35][tinosan] Revoked ban id BRRH-BXPD from karim34ak
[23:06:41][niels] Kicked MIKE: test (toestemming)
[23:07:09][niels] Changing own password.
[23:09:32][lrpyounes] Banned player HenkieTheetje: Combatloggen  ban uitzitten
[23:12:22][tinosan] Editing user 'romano'.
[23:12:34][tinosan] Deleting user 'romano'.
[23:14:13][tinosan] Adding admin 'Hector'.
[23:17:30][tinosan] executed "fg check 1014"
[23:31:36][tinosan] executed "fg unban 1046"
[23:32:03][tinosan] executed "fg unban 1044"
[23:32:41][tinosan] executed "fg unban 1041"
[23:33:41][tinosan] executed "fg unban 1014"
[23:34:21][tinosan] DM to Polish_expert: Begin je te gedragen
[23:35:13][tweekant6] Warned player anahit.arakelyan008: fail RP
[23:35:17][Hector] Changing own password.
[23:35:20][Hector] Changing own identifiers.
[23:37:50][tweekant6] Warned player krullenbol: nvol
[23:41:06][tinosan] executed "fg unban 1048"
[00:00:24][tinosan] executed "carwipe"
[00:01:20][tweekant6] Banned player [AH] Amiri: nvol (150 taken + alles inleveren) maak een ticket aan voor unban
[00:01:31][tweekant6] Warned player [AH] Amiri: nvol
[00:28:09][Hector] Banned player Soldato: Kan zich niet gedragen + Inv wipe + Ban uitzitten
[00:39:26][tweekant6] Banned player Straatsoldaat: nvol+schelden met hedendaagse ziektes (200 taken)
[00:39:58][tweekant6] Revoked ban id B38K-171E from Straatsoldaat
[00:41:02][tweekant6] Banned player Straatsoldaat: vdm+schelden met hedendaagse ziektes (200 taken)
[00:43:43][polishexpert] Banned player Jezus: Artikel 4.2: Vehicle Deathmatch unban voor taken
[00:48:21][Hector] Kicked BIG MEAT DUMMY: Fix je microfoon maar eerst even.
[00:50:37][tweekant6] Banned player [WSK] Anton: combatloggen (Ban + inv wipe)
[01:07:38][polishexpert] Banned player Ace La Loca: Artikel 2.8: Combatloggen + inv wipe
[01:07:48][polishexpert] Warned player Ace La Loca: Artikel 2.8: Combatloggen
[01:48:29][polishexpert] Banned player Erenski: Artikel 7.1 Ongepast taalgebruik melden in ticket voor 100 taken
[01:48:33][polishexpert] Warned player Erenski: Artikel 7.1 Ongepast taalgebruik
[02:01:05][tweekant6] Warned player DoorCrosser: rdm
[03:05:11][polishexpert] Warned player Malik: Artikel 2.8: Combatloggen
[03:05:20][polishexpert] Banned player Malik: Artikel 2.8: Combatloggen
[03:48:06][polishexpert] Banned player Certified Rollenspeler.: wapen inleveren onterecht rev gekregen
[04:23:07][polishexpert] Banned player _bankoe: Artikel 7.1 Ongepast taalgebruik - Artikel 3.1: NVOL - Artikel 4.2: Vehicle Deathmatch  - en zegt dat hij gaat spoofen
[04:26:13][polishexpert] Revoked warn id WFLJ-P1LY from Malik
[04:26:16][polishexpert] Revoked ban id BXB3-FFL9 from Malik
[06:00:10][SCHEDULER] Restarting server (scheduled restart at 06:00).
[07:20:25][tinosan] executed "giverefund 1026064924537004043 WEAPON-SNSPISTOL 1"
[07:57:26][tinosan] executed "fg check 1049"
[07:57:45][tinosan] executed "fg unban 1049"
[08:14:21][tinosan] executed "fg check 1048"
[08:14:37][tinosan] executed "fg unban 1048"
[08:15:02][tinosan] Editing user 'polorminty21'.
[08:15:08][tinosan] Deleting user 'polorminty21'.
[08:16:47][tinosan] Adding admin 'LRPYoko'.
[09:57:16][LRPYoko] Changing own password.
[09:57:18][LRPYoko] Changing own identifiers.
[10:04:24][matthijs] executed "fg unban 1049"
[11:46:55][matthijs] executed "setjob 68 albanesemaffia 6"
[11:50:28][LRPYoko] Banned player abeldeflikker: artikel 1.1 Cheats
[12:01:12][yanoo] Kicked Zet je esp uit: Graag steam naam aanpassen.
[12:29:40][tinosan] logged in from 77.160.116.36 via cfxre
[12:43:45][polishexpert] Banned player Fortnitecranker106: Artikel 2.8: Combatloggen - in ticket melden voor mule in te leveren  ( aan perenplukker  )
[12:49:37][polishexpert] Warned player Kaas_Kop: Artikel 4.2: Vehicle Deathmatch
[13:09:01][polishexpert] Revoked ban id B9CF-8JRN from Fortnitecranker106
[13:47:18][Jamie] executed "wipe bb8ab2076eb90339477fc7b987232accef65db94"
[14:18:16][fovop200] Banned player Zyxster: Maak maar ticket wanneer je je kan gedragen (Mijn moeder uitschelden met ziekte) Melden in ticket +200 taken
[14:20:16][polishexpert] Banned player Skiduda: Artikel 2.8: Combatloggen - Artikel 2.9: Geen intentie tot roleplay (ticket maken voor taken )
[14:20:32][polishexpert] Warned player Skiduda: Artikel 2.8: Combatloggen - Artikel 2.9: Geen intentie tot roleplay
[14:21:32][matissedz] Banned player Silly: Combatloggen: Ticket aanmaken om Wapen in te leveren+Taken
[14:29:02][tinosan] executed "fg unban 1051"
[15:17:09][tweekant6] Warned player mathijs: nvol
[15:48:01][tweekant6] Warned player DoorCrosser: Artikel 9.2A Eerlijkheid tegen staff
[16:04:55][Hector] logged in from 217.105.221.106 via cfxre
[16:21:10][Sunless] Banned player 鎌倉 スキヴィディ・シ: cheats ( silent aim detected )
[16:24:36][mimi] Banned player [WSK] lorenzo: Combatloggen na dat je sterft in shootout melden in ticket
[16:24:45][polishexpert] Banned player [WSK] Nouri D.: Artikel 2.8: Combatloggen
[16:28:12][tweekant6] Warned player HenkieTHee2024: rdm
[16:31:12][niels] Banned player HenkieTHee2024: cheats
[16:58:04][yanoo] logged in from 87.65.146.142 via cfxre
[16:58:13][yanoo] executed "fg check 1031"
[17:51:26][lrpcasper] DM to beyonce: iemand vraagt waarom hij taken heeft met reden 2de keer wat moet ik zeggen
[18:00:30][SCHEDULER] Restarting server (scheduled restart at 18:00).
[18:10:52][matthijs] logged in from 89.99.67.196 via cfxre
[18:11:53][yanoo] executed "fg unban 1068"
[18:12:17][yanoo] Sending announcement: De hacker is gebannend. iedereen kan rustig weer verder. veel speel plezier!
[18:12:47][yanoo] executed "fg unban 1070"
[18:15:18][yanoo] Kicked KEREL CHEATS UIT!!!: Steam naam aanpassen.
[18:17:00][yanoo] Sending announcement: Als jullie vragen hebben maak gerust een reportje aan. vragen over refunds worden gesloten.
[18:21:38][yanoo] executed "fg unban 1073"
[18:27:31][Hector] logged in from 172.225.253.128 via cfxre
[18:29:06][Hector] Banned player amyhogan1975: Cheater
[18:30:57][Hector] Banned player Karlot25: Cheater
[18:31:00][fovop200] Banned player jestandrijver: -Combatloggen- Maak maar ticket aan voor unbann+200 taken
[18:31:15][yanoo] executed "fg unban 1067"
[18:38:56][matthijs] logged in from 89.99.67.196 via cfxre
[19:07:18][yanoo] Kicked Zet je esp aan: steam naam aanpassen.
[19:08:15][fovop200] Banned player jordyggs066: -Combatloggen- nadat je benen benen bent / Wapen inleveren +200 taken
[19:08:44][fovop200] Revoked ban id B11W-73SZ from jordyggs066
[19:08:52][fovop200] Banned player jordyggs066: -Combatloggen- nadat je benen benen bent / Wapen inleveren +200 taken
[19:11:33][fovop200] Banned player mathijs: -Combatloggen- Niet mee werkenterwijl je geript word/ maak maar ticket voor unbann +200 taken
[19:12:33][Hector] logged in from 31.151.210.81 via cfxre
[19:13:30][Hector] Revoked ban id BDT2-RWF6 from Karlot25
[19:23:41][lrpcasper] DM to Lowie: er is iemand net gebanned daar ac
[19:32:37][lrpcasper] Banned player ineztackett1960: Cheats
[19:46:44][yanoo] executed "fg unban 1081"
[20:18:46][Sunless] logged in from 80.56.196.94 via cfxre
[20:18:49][Sunless] executed "fg unban 995"
[20:21:17][tweekant6] Warned player Fortnitecranker106: nvol
[20:28:10][Sunless] executed "fg unban 1054"
[20:31:45][tweekant6] Warned player Loknotive: rdm
[20:34:21][Sunless] Banned player TOERKOE: cheaten
[20:45:32][tweekant6] Warned player keano: fail rp
[20:53:18][Jamie] logged in from 31.161.195.233 via cfxre
[20:53:36][Jamie] Sending announcement: V2 Giveaway en sneakpeaks nu live in de discord kijken!!!
[21:00:01][yanoo] executed "clearoffinv:a6b559fd3aec11f18a2c1855a77e973a8331abd8"
[21:00:08][yanoo] executed "clearoffinv a6b559fd3aec11f18a2c1855a77e973a8331abd8"
[21:00:27][yanoo] Revoked ban id BKW2-M47C from Jur
[21:03:59][yanoo] executed "clearoffinv 0ab1da0cc913511d2a0b3ad8d514e56d5b6b6797"
[21:04:14][yanoo] Revoked ban id BGD9-G5RB from Ace La Loca
[21:06:05][yanoo] executed "clearoffinv 281b73b4bf4f88d56f4dec81986bcf2a8ea11c93"
[21:06:21][yanoo] Revoked ban id BG83-6KBU from TK_Capybara @Enardo.gg
[21:08:00][yanoo] executed "fg unban 1059"
[21:09:58][yanoo] executed "giverefund 896127825579495434 WEAPON_FM1_M9A3 5"
[21:13:25][yanoo] executed "giverefund 11000015599deae WEAPON_FM1_M9A3 5"
[21:13:34][Sunless] executed "fg unban 1083"
[21:23:58][yanoo] executed "fg unban 1065"
[21:26:12][yanoo] executed "giverefund 1058007706532847717 WEAPON_MINISMG 1"
[21:34:04][yanoo] executed "fg unban 1092"
[21:37:19][yanoo] executed "fg unban 1089"
[21:37:54][Jamie] logged in from 80.28.115.68 via cfxre
[21:38:21][yanoo] executed "fg unban 1079"
[21:40:56][Santi] logged in from 95.99.130.114 via cfxre
[21:41:00][Santi] executed "fg check 1088"
[21:41:35][Santi] executed "fg check 1066"
[21:42:49][Santi] executed "fg unban 1066"
[21:43:09][Santi] executed "fg check 22"
[21:43:54][Santi] executed "fg check 1087"
[21:44:02][Santi] executed "fg unban 1087"
[21:45:10][Santi] executed "fg check 1050"
[21:45:11][yanoo] executed "fg unban 880"
[21:45:41][yanoo] executed "fg unban 1050"
[21:47:44][yanoo] executed "fg unban 1064"
[21:47:53][Santi] executed "fg check 1052"
[21:48:09][Santi] executed "fg unban 1052"
[21:48:45][polishexpert] Banned player bowe | Sinister Saints: Artikel 2.8: Combatloggen
[21:49:14][Santi] executed "fg check 1081"
[21:49:49][yanoo] executed "Fg unban 1069"
[21:50:28][Santi] executed "fg check 1074"
[21:50:34][Santi] executed "fg unban 1074"
[21:52:51][Sunless] executed "fg unban 1095"
[21:53:32][Santi] executed "fg unban 1063"
[21:53:49][Santi] executed "L bozo"
[21:53:52][Santi] executed "sunless met 1 n"
[21:58:32][yanoo] Sending announcement: als je vragen over dingen hebt, maak gerust een report aan. vragen over refunds worden gesloten.
[21:59:35][tweekant6] Warned player Max Kwark: Artikel 2.6: Copbaiten
[22:39:55][lrpcasper] Revoked ban id BT45-ZQNP from mo6241832
[22:50:34][polishexpert] Warned player R3azi: Artikel 3.1: NVOL
[22:55:06][Hector] Banned player Pepernootmetrijst: cheater
[22:55:16][Hector] Banned player Sic Parvis Magna: cheater
[23:13:06][lowie] Banned player Drone: Massa rdm maak maar ticket in support. (bij taakstraf)
[23:14:36][lrpcasper] Banned player alberto stegen man: Mensen dood shieten op taken en de hele tijd n-word zeggen
[23:14:58][Hector] Revoked ban id BQAF-5QFL from Sic Parvis Magna
[23:15:39][Hector] Banned player Sic Parvis Magna: Politie job abuse | Account wipe
[23:16:33][Hector] Revoked ban id BDME-1E92 from Pepernootmetrijst
[23:16:49][Hector] Banned player Pepernootmetrijst: Politie job abuse | Account wipe
[23:25:46][tweekant6] Warned player Lil Doekoe: nvol
[23:48:03][niels] Banned player Ballieman: combat loggen midden onderhandeling +nvol +kloten als hostage | taken
[23:58:25][Santi] executed "fg check 1082"
[00:00:14][Santi] executed "fg unban 1082"
[00:01:40][Santi] executed "fg check 1086"
[00:02:58][Santi] executed "fg unban 1086"
[00:05:09][Santi] Revoked ban id BPJ2-ZB9F from 🧙🏻 Max G.
[00:17:18][niels] Revoked ban id BLH5-5BR9 from Ballieman
[00:23:34][tweekant6] Banned player Vaag: nvol + combatloggen (200 taken + alles inleveren)
[00:23:42][tweekant6] Warned player Vaag: nvol
[00:24:31][tweekant6] Warned player Vaag: combatloggen
[00:39:34][lowie] Warned player Lincio: Crosshair
[01:05:46][lrprico] Banned player kikadewa: Artikel: 2.8 Combatlog + VDM + Ongepast taalgebruik. ( maak maar ticket aan)
[01:07:18][lrprico] Banned player Bahboe: Artikel: 2.8 Combatlog + VDM  ( maak maar ticket aan)
[02:38:21][niels] Banned player Hans Teeuwen: rdm | toestemming yano
[02:56:48][niels] Revoked ban id B8TE-6XFK from Hans Teeuwen
[02:57:00][yanoo] executed "fg unban 1098"
[03:03:11][polishexpert] Revoked ban id B3AD-467K from Certified Rollenspeler.
[06:00:48][SCHEDULER] Restarting server (scheduled restart at 06:00).
[10:09:34][LRPYoko] Banned player spikytuinema: artiekel 2.8 - Combatloggen ( 150 taken na uban )
[12:29:46][tinosan] logged in from 77.160.116.36 via cfxre
[12:31:06][tinosan] Adding admin 'LRPwolfzz'.
[12:31:17][tinosan] Editing user 'LRPwolfzz'.
[12:31:33][tinosan] executed "setgroup 74 staff"
[12:33:26][LRPwolfzz] Changing own password.
[12:33:28][LRPwolfzz] Changing own identifiers.
[12:34:37][tinosan] executed "fg unban 1099"
[12:40:39][matthijs] executed "giverefund"
[12:40:59][matthijs] executed "giverefund steam:11000016bc6aeef money 1000000"
[12:42:17][matthijs] executed "giverefund steam:11000016bc6aeef money 3000000"
[12:43:20][matthijs] executed "giverefund steam:110000167def017 money 1500000"
[12:46:01][matthijs] executed "giverefund steam:11000015460bd06 money 1500000"
[12:48:27][matthijs] executed "giverefund steam:110000144d03fd8 money 4500000"
[12:53:28][matthijs] executed "giverefund steam:110000148555d19 money 1500000"
[13:12:08][Sunless] executed "setjob 98 albanesemaffia 7"
[13:12:13][Sunless] executed "setjob 98 albanesemaffia 8"
[13:12:27][Sunless] executed "setjob 98 albanesemaffia 8"
[13:12:30][Sunless] executed "setjob 98 albanesemaffia 7"
[13:12:33][Sunless] executed "setjob 98 albanesemaffia 6"
[13:13:13][Sunless] executed "fg unban 738"
[13:16:33][Sunless] executed "setjob 98 unemployed 0"
[13:16:43][Sunless] executed "setjob 93 albanesemaffia 6"
[13:33:55][fovop200] Banned player RADICALE: -Combatloggen- Pistol inleveren +200 taken
[13:36:04][Santi] executed "fg unban 1096"
[13:36:44][Santi] executed "fg unban 1084"
[13:37:32][Santi] executed "fg check 645"
[13:39:14][Santi] executed "clearoffinv 4f526756aa60f6acc36a5a28c65212cc2c74340a"
[13:39:25][Santi] executed "wipe 4f526756aa60f6acc36a5a28c65212cc2c74340a"
[13:39:51][Santi] Revoked ban id BSCA-86T8 from ggsheadie
[13:40:15][Santi] Revoked ban id BTWW-TSWN from mocro_fietsendief
[13:40:18][Santi] executed "clearoffinv c9c5565cd5009cfc46d0d34ddb3b4a9a6dbce195"
[13:40:25][LRPYoko] Banned player Wavey_Jb7: Artiekel 2.8 - ( Combatloggen 150 taken na unban )
[13:41:16][Santi] Revoked ban id BE5S-RH4U from Zinterclaesss
[13:41:19][Santi] executed "wipe 047fee7f2c6755fc63542bc43a73a1d598bf6b05"
[13:42:00][Santi] Revoked ban id BKD6-NVQC from mathijs😎
[13:42:14][Santi] Revoked warn id W6EZ-BX49 from mathijs
[13:43:05][Santi] executed "clearoffinv da6a59af011914374279e473862d31d15aa7e8e6"
[13:44:18][Santi] executed "clearoffinv bc146cfc92c31f46a903465e082fdf692ef0ff4b"
[13:46:39][LRPYoko] Revoked ban id BHNL-LTW6 from mathijs
[13:56:58][Sunless] executed "fg unban 1100"
[13:57:06][Santi] executed "clearoffinv 2536479c41e50feca565454fedc3a7b0382e287a"
[14:01:58][LRPYoko] Revoked ban id BTB8-SN8Y from jestandrijver
[14:11:38][lrprico] Revoked ban id BGGR-5MKC from jordyggs066
[14:13:08][Santi] executed "fg check 1100"
[14:25:42][devious] logged in from 62.45.65.55 via cfxre
[14:26:10][devious] executed "fg unban 843"
[14:31:40][lrpyounes] Banned player anahit.arakelyan008: combatloggen terwel je in staffzaak zit ticket maken voor taken liegen tegen staff voertuig gebruik
[14:38:13][polishexpert] Warned player Naroj007: Artikel 5.1: Random Death Match
[14:38:46][matthijs] executed "refresh"
[14:38:56][matthijs] executed "ensure "esx_juwelleryrobbery""
[14:39:00][matthijs] executed "ensure "esx_vangelico_robbery""
[14:52:24][devious] Warned player mo6241832: Het verstoren van een RP scenario
[14:53:25][devious] DM to John Wick: kut mic van je
[14:55:37][Jamie] Sending announcement: #sneakpeaks #giveaways Allemaal joinen en reageren!!
[14:58:00][Santi] DM to bl4CK_lu1g3: HAHAHAH kan gebeuren
[15:23:22][patrick] executed "giverefund 1100001114a2312 WEAPON_HKUMP 2"
[15:23:30][patrick] executed "giverefund 1100001114a2312 ammo-smg 300"
[15:23:32][matthijs] executed "offlinetaakstraf"
[15:24:25][matthijs] executed "offlinetaakstraf"
[15:24:35][jorn] executed "offlinetaakstraf license:12e707067c39f174a123dd1df0701c52a4bc3c02 70 NVOL"
[15:38:56][Santi] DM to John Wick: heb hem ook voor je geboost als het goed is
[15:48:53][polishexpert] Warned player #banditcampCS.PROcobaltlab.tech: Artikel 4.2: Vehicle Deathmatch
[15:56:13][polishexpert] Warned player ELHANK21: Artikel 7.1 Ongepast taalgebruik
[15:57:44][Santi] Kicked John Wick: reloggen
[16:41:50][rv6765] Banned player Rxze Tampon: Quitten tijdens staffzaak, melden ticket. Wapen inleveren + gesprek.
[17:26:51][devious] executed "giverefund 920042217337401375 WEAPON_SIG 1"
[17:27:10][devious] executed "giverefund 954027608436277278 WEAPON_FM1_M9A3`1"
[17:27:17][devious] executed "giverefund 954027608436277278 WEAPON_FM1_M9A3 1"
[17:27:33][devious] executed "giverefund 883090311998492683 WEAPON_FM1_M9A3 1"
[17:27:42][devious] executed "giverefund 759074634845913189 WEAPON_FM1_M9A3 3"
[17:28:01][devious] executed "giverefund  759074634845913189 WEAPON_SAWNOFFSHOTGUN 1"
[17:28:12][devious] executed "giverefund 1160868000098947083 WEAPON_HKUMP 1"
[17:28:52][devious] executed "giverefund 896127825579495434 WEAPON_AKS74U 1"
[17:29:08][devious] executed "giverefund 621955342066122753 WEAPON_FM1_M9A3 1"
[17:30:28][devious] executed "giverefund 621955342066122753 WEAPON_FM1_M9A3 1"
[17:31:21][devious] executed "giverefund 993611158898610276 WEAPON_AKS74U 2"
[17:46:47][fovop200] Banned player jestandrijver: -Combatloggen- Maak maar ticket voor unbann- +200 taken
[18:00:06][SCHEDULER] Restarting server (scheduled restart at 18:00).
[18:20:06][Santi] DM to Polish_expert: gedraag je even met dat brandweer pak...
[18:28:38][tweekant6] Banned player AltijdMartin: cheater
[18:38:16][lrpseppe] Banned player boazpasveer: combatloggen/ ticket aanmaken voor unban +inv clear
[18:41:16][lrpseppe] Banned player boazpasveer: cheats
[18:45:38][jojesed] Banned player [WSK] Zaza: Artikel 4.2: Vehicle Deathmatch + Combatloggen (Na 2 min uitloggen) - Maak maar ticket voor unban (200 taken)
[19:03:19][LRPYoko] Banned player Gqkko: Artiekel 2.8 - Combatloggen ( 150 taken )
[19:05:14][Santi] Banned player yolohacking: Artikel 1 - Cheats & exploits // Hacken
[19:53:28][devious] executed "fg unban 1097"
[19:59:06][lrpjayden] Warned player A > Joeyy: Artikel 4.2: Vehicle Deathmatch
[20:20:43][polishexpert] Banned player Cake: Artikel 4.2: Vehicle Deathmatch - Artikel 2.9: Geen intentie tot roleplay- (melden in ticket)
[20:23:41][tinosan] executed "fg unban 1104"
[20:49:51][LRPwolfzz] Banned player lexuz2k: Artikel 2.8: Combatloggen - ticket maken - 150 taken
[21:03:06][Sunless] logged in from 80.56.196.94 via cfxre
[21:05:03][LRPwolfzz] Warned player Damian: Artikel 3.1: NVOL
[21:12:48][Tijnn2708] DM to Devious: cod?
[22:12:04][Hector] logged in from 31.151.210.81 via cfxre
[22:18:28][Santi] logged in from 193.32.249.173 via cfxre
[22:41:49][tinosan] executed "fg unban 1107"
[22:42:29][tweekant6] Warned player Casablanco: Artikel 5.1: Random Death Match
[22:42:57][tinosan] DM to Wela: Begin maar in je pm te rea kutje
[22:45:52][Sunless] Editing user 'tinosan'.
[22:46:15][tinosan] DM to flippie: BRo wat doen jullie zo emo
[22:46:38][tinosan] DM to flippie: Heb geen zin in yanoooo
[22:47:09][Sunless] Editing user 'tinosan'.
[22:52:02][polishexpert] Banned player Oussim0174: Artikel 2.8: Combatloggen
[22:54:33][polishexpert] Warned player Oussim0174: Artikel 2.8: Combatloggen
[23:20:44][lowie] Banned player Peter Gillis: Artikel 2.8: Combatloggen, maak maar ticket
[23:28:19][Tijnn2708] executed "RESTART SERVER"
[23:33:53][Santi] executed "revive 190"
[23:33:54][Santi] executed "revive 19"
[23:36:09][yanoo] logged in from 87.65.146.142 via cfxre
[23:36:58][yanoo] Editing user 'tinosan'.
[23:55:47][Sunless] executed "fg unban 1111"
